2023-07-03 03:00:11.285 [info] [Info  - 3:00:11 AM] (34716) Pylance language server 2023.6.40 (pyright 3f84540e) starting
2023-07-03 03:00:11.297 [info] [Info  - 3:00:11 AM] (34716) Server root directory: /home/ec2-user/.vscode-server/extensions/ms-python.vscode-pylance-2023.6.40/dist
2023-07-03 03:00:11.298 [info] [Info  - 3:00:11 AM] (34716) Starting service instance "ec2-user"
2023-07-03 03:00:11.460 [info] [Info  - 3:00:11 AM] (34716) Setting pythonPath for service "ec2-user": "/usr/bin/python3"
2023-07-03 03:00:11.467 [info] [Warn  - 3:00:11 AM] (34716) stubPath /home/ec2-user/typings is not a valid directory.
2023-07-03 03:00:11.539 [info] [Info  - 3:00:11 AM] (34716) Assuming Python version 3.9
2023-07-03 03:00:11.867 [info] [Info  - 3:00:11 AM] (34716) Found 4 source files
2023-07-03 03:00:13.577 [info] [Info  - 3:00:13 AM] (34716) Background analysis(1) root directory: /home/ec2-user/.vscode-server/extensions/ms-python.vscode-pylance-2023.6.40/dist
2023-07-03 03:00:13.578 [info] [Info  - 3:00:13 AM] (34716) Background analysis(1) started
2023-07-03 03:00:14.329 [info] [Info  - 3:00:14 AM] (34716) Indexer background runner(2) root directory: /home/ec2-user/.vscode-server/extensions/ms-python.vscode-pylance-2023.6.40/dist (index)
2023-07-03 03:00:14.329 [info] [Info  - 3:00:14 AM] (34716) Indexing(2) started
2023-07-03 03:00:17.180 [info] [Info  - 3:00:17 AM] (34716) [IDX(2)] Long operation: scan packages /home/ec2-user (2778ms)
2023-07-03 03:00:17.180 [info] [Info  - 3:00:17 AM] (34716) scanned(2) 93 files over 1 exec env
2023-07-03 03:00:17.637 [info] [Info  - 3:00:17 AM] (34716) indexed(2) 68 files over 1 exec env
2023-07-03 03:00:17.704 [info] [Info  - 3:00:17 AM] (34716) Indexing finished(2).
2023-07-03 03:00:24.082 [info] [Info  - 3:00:24 AM] (34716) [BG(1)] Long operation: checking: /home/ec2-user/flaskr/views.py (9010ms)
2023-07-03 03:00:24.083 [info] [Info  - 3:00:24 AM] (34716) [BG(1)] Long operation: analyzing: /home/ec2-user/flaskr/views.py (10236ms)
2023-07-03 03:21:30.833 [info] [Info  - 3:21:30 AM] (34716) Found 3 source files
2023-07-03 03:21:36.604 [info] [Info  - 3:21:36 AM] (34716) [BG(1)] Long operation: checking: /home/ec2-user/flaskr/views.py (5298ms)
2023-07-03 03:21:36.604 [info] [Info  - 3:21:36 AM] (34716) [BG(1)] Long operation: analyzing: /home/ec2-user/flaskr/views.py (5637ms)
2023-07-03 03:24:48.019 [info] [Info  - 3:24:47 AM] Connection to server got closed. Server will restart.
2023-07-03 03:24:49.207 [info] [Info  - 3:24:49 AM] (37966) Pylance language server 2023.6.40 (pyright 3f84540e) starting
2023-07-03 03:24:49.207 [info] [Info  - 3:24:49 AM] (37966) Server root directory: /home/ec2-user/.vscode-server/extensions/ms-python.vscode-pylance-2023.6.40/dist
2023-07-03 03:24:49.236 [info] [Info  - 3:24:49 AM] (37966) Starting service instance "ec2-user"
2023-07-03 03:24:49.330 [info] [Info  - 3:24:49 AM] (37966) Setting pythonPath for service "ec2-user": "/usr/bin/python3"
2023-07-03 03:24:49.335 [info] [Warn  - 3:24:49 AM] (37966) stubPath /home/ec2-user/typings is not a valid directory.
2023-07-03 03:24:49.580 [info] [Info  - 3:24:49 AM] (37966) Assuming Python version 3.9
2023-07-03 03:24:49.954 [info] [Info  - 3:24:49 AM] (37966) Found 3 source files
2023-07-03 03:24:52.113 [info] [Info  - 3:24:52 AM] (37966) Background analysis(1) root directory: /home/ec2-user/.vscode-server/extensions/ms-python.vscode-pylance-2023.6.40/dist
2023-07-03 03:24:52.115 [info] [Info  - 3:24:52 AM] (37966) Background analysis(1) started
2023-07-03 03:24:53.032 [info] [Info  - 3:24:53 AM] (37966) Indexer background runner(2) root directory: /home/ec2-user/.vscode-server/extensions/ms-python.vscode-pylance-2023.6.40/dist (index)
2023-07-03 03:24:53.032 [info] [Info  - 3:24:53 AM] (37966) Indexing(2) started
2023-07-03 03:24:56.936 [info] [Info  - 3:24:56 AM] (37966) [IDX(2)] Long operation: scan packages /home/ec2-user (3892ms)
2023-07-03 03:24:56.936 [info] [Info  - 3:24:56 AM] (37966) scanned(2) 93 files over 1 exec env
2023-07-03 03:24:57.464 [info] [Info  - 3:24:57 AM] (37966) indexed(2) 68 files over 1 exec env
2023-07-03 03:24:57.508 [info] [Info  - 3:24:57 AM] (37966) Indexing finished(2).
2023-07-03 03:25:04.827 [info] [Info  - 3:25:04 AM] (37966) [BG(1)] Long operation: checking: /home/ec2-user/flaskr/views.py (10944ms)
2023-07-03 03:25:04.828 [info] [Info  - 3:25:04 AM] (37966) [BG(1)] Long operation: analyzing: /home/ec2-user/flaskr/views.py (12586ms)
2023-07-03 03:35:07.112 [info] [Info  - 3:35:07 AM] Connection to server got closed. Server will restart.
2023-07-03 03:35:08.409 [info] [Info  - 3:35:08 AM] (38970) Pylance language server 2023.6.40 (pyright 3f84540e) starting
2023-07-03 03:35:08.409 [info] [Info  - 3:35:08 AM] (38970) Server root directory: /home/ec2-user/.vscode-server/extensions/ms-python.vscode-pylance-2023.6.40/dist
2023-07-03 03:35:08.433 [info] [Info  - 3:35:08 AM] (38970) Starting service instance "ec2-user"
2023-07-03 03:35:08.527 [info] [Info  - 3:35:08 AM] (38970) Setting pythonPath for service "ec2-user": "/usr/bin/python3"
2023-07-03 03:35:08.535 [info] [Warn  - 3:35:08 AM] (38970) stubPath /home/ec2-user/typings is not a valid directory.
2023-07-03 03:35:08.746 [info] [Info  - 3:35:08 AM] (38970) Assuming Python version 3.9
2023-07-03 03:35:09.132 [info] [Info  - 3:35:09 AM] (38970) Found 3 source files
2023-07-03 03:35:11.218 [info] [Info  - 3:35:11 AM] (38970) Background analysis(1) root directory: /home/ec2-user/.vscode-server/extensions/ms-python.vscode-pylance-2023.6.40/dist
2023-07-03 03:35:11.224 [info] [Info  - 3:35:11 AM] (38970) Background analysis(1) started
2023-07-03 03:35:12.075 [info] [Info  - 3:35:12 AM] (38970) Indexer background runner(2) root directory: /home/ec2-user/.vscode-server/extensions/ms-python.vscode-pylance-2023.6.40/dist (index)
2023-07-03 03:35:12.076 [info] [Info  - 3:35:12 AM] (38970) Indexing(2) started
2023-07-03 03:35:15.907 [info] [Info  - 3:35:15 AM] (38970) [IDX(2)] Long operation: scan packages /home/ec2-user (3766ms)
2023-07-03 03:35:15.907 [info] [Info  - 3:35:15 AM] (38970) scanned(2) 93 files over 1 exec env
2023-07-03 03:35:16.422 [info] [Info  - 3:35:16 AM] (38970) indexed(2) 68 files over 1 exec env
2023-07-03 03:35:16.523 [info] [Info  - 3:35:16 AM] (38970) Indexing finished(2).
2023-07-03 03:35:23.838 [info] [Info  - 3:35:23 AM] (38970) [BG(1)] Long operation: checking: /home/ec2-user/flaskr/views.py (10882ms)
2023-07-03 03:35:23.839 [info] [Info  - 3:35:23 AM] (38970) [BG(1)] Long operation: analyzing: /home/ec2-user/flaskr/views.py (12433ms)
