2023-07-04 09:26:14.027 [info] Log level: Info
2023-07-04 09:26:14.027 [info] Validating found git in: "git"
2023-07-04 09:26:14.027 [info] Using git "2.40.1" from "git"
2023-07-04 09:26:14.027 [info] > git rev-parse --show-toplevel [72ms]
2023-07-04 09:26:14.027 [info] > git rev-parse --git-dir --git-common-dir [13ms]
2023-07-04 09:26:14.027 [info] Open repository: /home/ec2-user
2023-07-04 09:26:14.027 [info] > git rev-parse --show-toplevel [20ms]
2023-07-04 09:26:14.027 [info] > git config --get commit.template [22ms]
2023-07-04 09:26:14.027 [info] > git rev-parse --show-toplevel [28ms]
2023-07-04 09:26:14.027 [info] > git for-each-ref --format=%(refname)%00%(upstream:short)%00%(objectname)%00%(upstream:track)%00%(upstream:remotename)%00%(upstream:remoteref) refs/heads/master refs/remotes/master [28ms]
2023-07-04 09:26:14.027 [info] > git rev-parse --show-toplevel [26ms]
2023-07-04 09:26:14.027 [info] > git rev-parse --show-toplevel [73ms]
2023-07-04 09:26:14.027 [info] > git rev-parse --show-toplevel [20ms]
2023-07-04 09:26:14.027 [info] > git rev-parse --show-toplevel [18ms]
2023-07-04 09:26:14.027 [info] > git status -z -uall [331ms]
2023-07-04 09:26:14.027 [info] > git rev-parse --show-toplevel [175ms]
2023-07-04 09:26:14.027 [info] > git rev-parse --show-toplevel [29ms]
2023-07-04 09:26:14.027 [info] > git rev-parse --show-toplevel [185ms]
2023-07-04 09:26:14.027 [info] > git config --get commit.template [221ms]
2023-07-04 09:26:14.027 [info] > git rev-parse --show-toplevel [46ms]
2023-07-04 09:26:14.027 [info] > git for-each-ref --format=%(refname)%00%(upstream:short)%00%(objectname)%00%(upstream:track)%00%(upstream:remotename)%00%(upstream:remoteref) refs/heads/master refs/remotes/master [18ms]
2023-07-04 09:26:14.089 [info] > git status -z -uall [174ms]
2023-07-04 09:26:14.389 [info] > git check-ignore -v -z --stdin [131ms]
2023-07-04 09:26:14.427 [info] > git ls-files --stage -- /home/ec2-user/flaskr/views.py [13ms]
2023-07-04 09:26:14.436 [info] > git show --textconv :flaskr/views.py [28ms]
2023-07-04 09:26:14.437 [info] > git cat-file -s ae6f2cd433522cf724dce5e60f78eb1677c41034 [4ms]
2023-07-04 09:26:16.088 [info] > git config --get commit.template [31ms]
2023-07-04 09:26:16.129 [info] > git for-each-ref --format=%(refname)%00%(upstream:short)%00%(objectname)%00%(upstream:track)%00%(upstream:remotename)%00%(upstream:remoteref) refs/heads/master refs/remotes/master [31ms]
2023-07-04 09:26:16.326 [info] > git status -z -uall [186ms]
2023-07-04 09:26:21.388 [info] > git config --get commit.template [24ms]
2023-07-04 09:26:21.392 [info] > git for-each-ref --format=%(refname)%00%(upstream:short)%00%(objectname)%00%(upstream:track)%00%(upstream:remotename)%00%(upstream:remoteref) refs/heads/master refs/remotes/master [5ms]
2023-07-04 09:26:21.698 [info] > git status -z -uall [281ms]
2023-07-04 09:26:30.294 [info] > git config --get commit.template [20ms]
2023-07-04 09:26:30.304 [info] > git for-each-ref --format=%(refname)%00%(upstream:short)%00%(objectname)%00%(upstream:track)%00%(upstream:remotename)%00%(upstream:remoteref) refs/heads/master refs/remotes/master [14ms]
2023-07-04 09:26:30.506 [info] > git status -z -uall [192ms]
2023-07-04 09:26:35.598 [info] > git config --get commit.template [52ms]
2023-07-04 09:26:35.604 [info] > git for-each-ref --format=%(refname)%00%(upstream:short)%00%(objectname)%00%(upstream:track)%00%(upstream:remotename)%00%(upstream:remoteref) refs/heads/master refs/remotes/master [32ms]
2023-07-04 09:26:35.796 [info] > git status -z -uall [178ms]
2023-07-04 09:26:40.837 [info] > git config --get commit.template [6ms]
2023-07-04 09:26:40.839 [info] > git for-each-ref --format=%(refname)%00%(upstream:short)%00%(objectname)%00%(upstream:track)%00%(upstream:remotename)%00%(upstream:remoteref) refs/heads/master refs/remotes/master [3ms]
2023-07-04 09:26:40.921 [info] > git status -z -uall [78ms]
2023-07-04 09:26:45.943 [info] > git config --get commit.template [6ms]
2023-07-04 09:26:45.945 [info] > git for-each-ref --format=%(refname)%00%(upstream:short)%00%(objectname)%00%(upstream:track)%00%(upstream:remotename)%00%(upstream:remoteref) refs/heads/master refs/remotes/master [3ms]
2023-07-04 09:26:46.028 [info] > git status -z -uall [80ms]
2023-07-04 09:26:51.053 [info] > git config --get commit.template [6ms]
2023-07-04 09:26:51.055 [info] > git for-each-ref --format=%(refname)%00%(upstream:short)%00%(objectname)%00%(upstream:track)%00%(upstream:remotename)%00%(upstream:remoteref) refs/heads/master refs/remotes/master [4ms]
2023-07-04 09:26:51.137 [info] > git status -z -uall [78ms]
2023-07-04 09:26:56.166 [info] > git config --get commit.template [6ms]
2023-07-04 09:26:56.168 [info] > git for-each-ref --format=%(refname)%00%(upstream:short)%00%(objectname)%00%(upstream:track)%00%(upstream:remotename)%00%(upstream:remoteref) refs/heads/master refs/remotes/master [3ms]
2023-07-04 09:26:56.254 [info] > git status -z -uall [81ms]
2023-07-04 09:27:01.291 [info] > git config --get commit.template [6ms]
2023-07-04 09:27:01.293 [info] > git for-each-ref --format=%(refname)%00%(upstream:short)%00%(objectname)%00%(upstream:track)%00%(upstream:remotename)%00%(upstream:remoteref) refs/heads/master refs/remotes/master [3ms]
2023-07-04 09:27:01.375 [info] > git status -z -uall [78ms]
2023-07-04 09:27:06.412 [info] > git config --get commit.template [6ms]
2023-07-04 09:27:06.414 [info] > git for-each-ref --format=%(refname)%00%(upstream:short)%00%(objectname)%00%(upstream:track)%00%(upstream:remotename)%00%(upstream:remoteref) refs/heads/master refs/remotes/master [2ms]
2023-07-04 09:27:06.499 [info] > git status -z -uall [81ms]
2023-07-04 09:27:11.523 [info] > git config --get commit.template [6ms]
2023-07-04 09:27:11.525 [info] > git for-each-ref --format=%(refname)%00%(upstream:short)%00%(objectname)%00%(upstream:track)%00%(upstream:remotename)%00%(upstream:remoteref) refs/heads/master refs/remotes/master [2ms]
2023-07-04 09:27:11.609 [info] > git status -z -uall [81ms]
2023-07-04 09:27:16.634 [info] > git config --get commit.template [6ms]
2023-07-04 09:27:16.636 [info] > git for-each-ref --format=%(refname)%00%(upstream:short)%00%(objectname)%00%(upstream:track)%00%(upstream:remotename)%00%(upstream:remoteref) refs/heads/master refs/remotes/master [2ms]
2023-07-04 09:27:16.721 [info] > git status -z -uall [81ms]
2023-07-04 09:27:21.752 [info] > git config --get commit.template [5ms]
2023-07-04 09:27:21.753 [info] > git for-each-ref --format=%(refname)%00%(upstream:short)%00%(objectname)%00%(upstream:track)%00%(upstream:remotename)%00%(upstream:remoteref) refs/heads/master refs/remotes/master [2ms]
2023-07-04 09:27:21.834 [info] > git status -z -uall [77ms]
2023-07-04 09:27:26.859 [info] > git config --get commit.template [7ms]
2023-07-04 09:27:26.861 [info] > git for-each-ref --format=%(refname)%00%(upstream:short)%00%(objectname)%00%(upstream:track)%00%(upstream:remotename)%00%(upstream:remoteref) refs/heads/master refs/remotes/master [2ms]
2023-07-04 09:27:26.945 [info] > git status -z -uall [80ms]
2023-07-04 09:27:31.968 [info] > git config --get commit.template [6ms]
2023-07-04 09:27:31.970 [info] > git for-each-ref --format=%(refname)%00%(upstream:short)%00%(objectname)%00%(upstream:track)%00%(upstream:remotename)%00%(upstream:remoteref) refs/heads/master refs/remotes/master [3ms]
2023-07-04 09:27:32.058 [info] > git status -z -uall [85ms]
2023-07-04 09:27:37.081 [info] > git config --get commit.template [6ms]
2023-07-04 09:27:37.083 [info] > git for-each-ref --format=%(refname)%00%(upstream:short)%00%(objectname)%00%(upstream:track)%00%(upstream:remotename)%00%(upstream:remoteref) refs/heads/master refs/remotes/master [3ms]
2023-07-04 09:27:37.166 [info] > git status -z -uall [79ms]
2023-07-04 09:27:42.189 [info] > git config --get commit.template [6ms]
2023-07-04 09:27:42.190 [info] > git for-each-ref --format=%(refname)%00%(upstream:short)%00%(objectname)%00%(upstream:track)%00%(upstream:remotename)%00%(upstream:remoteref) refs/heads/master refs/remotes/master [2ms]
2023-07-04 09:27:42.273 [info] > git status -z -uall [79ms]
2023-07-04 09:27:47.309 [info] > git config --get commit.template [6ms]
2023-07-04 09:27:47.311 [info] > git for-each-ref --format=%(refname)%00%(upstream:short)%00%(objectname)%00%(upstream:track)%00%(upstream:remotename)%00%(upstream:remoteref) refs/heads/master refs/remotes/master [3ms]
2023-07-04 09:27:47.394 [info] > git status -z -uall [79ms]
2023-07-04 09:27:52.421 [info] > git config --get commit.template [8ms]
2023-07-04 09:27:52.424 [info] > git for-each-ref --format=%(refname)%00%(upstream:short)%00%(objectname)%00%(upstream:track)%00%(upstream:remotename)%00%(upstream:remoteref) refs/heads/master refs/remotes/master [4ms]
2023-07-04 09:27:52.553 [info] > git status -z -uall [123ms]
2023-07-04 09:28:28.066 [info] > git config --get commit.template [6ms]
2023-07-04 09:28:28.068 [info] > git for-each-ref --format=%(refname)%00%(upstream:short)%00%(objectname)%00%(upstream:track)%00%(upstream:remotename)%00%(upstream:remoteref) refs/heads/master refs/remotes/master [3ms]
2023-07-04 09:28:28.155 [info] > git status -z -uall [84ms]
2023-07-04 09:28:33.177 [info] > git config --get commit.template [6ms]
2023-07-04 09:28:33.179 [info] > git for-each-ref --format=%(refname)%00%(upstream:short)%00%(objectname)%00%(upstream:track)%00%(upstream:remotename)%00%(upstream:remoteref) refs/heads/master refs/remotes/master [2ms]
2023-07-04 09:28:33.261 [info] > git status -z -uall [78ms]
2023-07-04 09:28:49.583 [info] > git config --get commit.template [6ms]
2023-07-04 09:28:49.585 [info] > git for-each-ref --format=%(refname)%00%(upstream:short)%00%(objectname)%00%(upstream:track)%00%(upstream:remotename)%00%(upstream:remoteref) refs/heads/master refs/remotes/master [3ms]
2023-07-04 09:28:49.671 [info] > git status -z -uall [83ms]
2023-07-04 09:28:54.735 [info] > git for-each-ref --format=%(refname)%00%(upstream:short)%00%(objectname)%00%(upstream:track)%00%(upstream:remotename)%00%(upstream:remoteref) refs/heads/master refs/remotes/master [1ms]
2023-07-04 09:28:54.736 [info] > git config --get commit.template [47ms]
2023-07-04 09:28:54.880 [info] > git status -z -uall [138ms]
2023-07-04 09:28:59.900 [info] > git config --get commit.template [6ms]
2023-07-04 09:28:59.902 [info] > git for-each-ref --format=%(refname)%00%(upstream:short)%00%(objectname)%00%(upstream:track)%00%(upstream:remotename)%00%(upstream:remoteref) refs/heads/master refs/remotes/master [3ms]
2023-07-04 09:28:59.986 [info] > git status -z -uall [80ms]
2023-07-04 09:29:05.010 [info] > git config --get commit.template [8ms]
2023-07-04 09:29:05.012 [info] > git for-each-ref --format=%(refname)%00%(upstream:short)%00%(objectname)%00%(upstream:track)%00%(upstream:remotename)%00%(upstream:remoteref) refs/heads/master refs/remotes/master [3ms]
2023-07-04 09:29:05.094 [info] > git status -z -uall [78ms]
2023-07-04 09:29:09.023 [info] > git show --textconv :.bash_history [18ms]
2023-07-04 09:29:09.028 [info] > git ls-files --stage -- /home/ec2-user/.bash_history [17ms]
2023-07-04 09:29:09.037 [info] > git cat-file -s 79c2b85a527c9e919d494dba864ed6f0de6e16f2 [4ms]
2023-07-04 09:29:10.126 [info] > git config --get commit.template [10ms]
2023-07-04 09:29:10.128 [info] > git for-each-ref --format=%(refname)%00%(upstream:short)%00%(objectname)%00%(upstream:track)%00%(upstream:remotename)%00%(upstream:remoteref) refs/heads/master refs/remotes/master [3ms]
2023-07-04 09:29:10.212 [info] > git status -z -uall [80ms]
2023-07-04 09:29:15.256 [info] > git config --get commit.template [19ms]
2023-07-04 09:29:15.258 [info] > git for-each-ref --format=%(refname)%00%(upstream:short)%00%(objectname)%00%(upstream:track)%00%(upstream:remotename)%00%(upstream:remoteref) refs/heads/master refs/remotes/master [2ms]
2023-07-04 09:29:15.338 [info] > git status -z -uall [76ms]
2023-07-04 09:29:51.230 [info] > git config --get commit.template [6ms]
2023-07-04 09:29:51.232 [info] > git for-each-ref --format=%(refname)%00%(upstream:short)%00%(objectname)%00%(upstream:track)%00%(upstream:remotename)%00%(upstream:remoteref) refs/heads/master refs/remotes/master [3ms]
2023-07-04 09:29:51.317 [info] > git status -z -uall [79ms]
2023-07-04 09:29:56.341 [info] > git config --get commit.template [6ms]
2023-07-04 09:29:56.342 [info] > git for-each-ref --format=%(refname)%00%(upstream:short)%00%(objectname)%00%(upstream:track)%00%(upstream:remotename)%00%(upstream:remoteref) refs/heads/master refs/remotes/master [2ms]
2023-07-04 09:29:56.442 [info] > git status -z -uall [84ms]
2023-07-04 09:30:01.463 [info] > git config --get commit.template [5ms]
2023-07-04 09:30:01.464 [info] > git for-each-ref --format=%(refname)%00%(upstream:short)%00%(objectname)%00%(upstream:track)%00%(upstream:remotename)%00%(upstream:remoteref) refs/heads/master refs/remotes/master [2ms]
2023-07-04 09:30:01.550 [info] > git status -z -uall [81ms]
2023-07-04 09:30:06.576 [info] > git config --get commit.template [6ms]
2023-07-04 09:30:06.578 [info] > git for-each-ref --format=%(refname)%00%(upstream:short)%00%(objectname)%00%(upstream:track)%00%(upstream:remotename)%00%(upstream:remoteref) refs/heads/master refs/remotes/master [3ms]
2023-07-04 09:30:06.659 [info] > git status -z -uall [78ms]
2023-07-04 09:30:11.331 [info] > git check-ignore -v -z --stdin [6ms]
2023-07-04 09:30:11.683 [info] > git config --get commit.template [6ms]
2023-07-04 09:30:11.685 [info] > git for-each-ref --format=%(refname)%00%(upstream:short)%00%(objectname)%00%(upstream:track)%00%(upstream:remotename)%00%(upstream:remoteref) refs/heads/master refs/remotes/master [3ms]
2023-07-04 09:30:11.765 [info] > git status -z -uall [76ms]
2023-07-04 09:30:16.791 [info] > git config --get commit.template [6ms]
2023-07-04 09:30:16.793 [info] > git for-each-ref --format=%(refname)%00%(upstream:short)%00%(objectname)%00%(upstream:track)%00%(upstream:remotename)%00%(upstream:remoteref) refs/heads/master refs/remotes/master [3ms]
2023-07-04 09:30:16.875 [info] > git status -z -uall [78ms]
2023-07-04 09:30:19.696 [info] > git check-ignore -v -z --stdin [7ms]
2023-07-04 09:30:21.863 [info] > git check-ignore -v -z --stdin [6ms]
2023-07-04 09:30:21.898 [info] > git config --get commit.template [6ms]
2023-07-04 09:30:21.900 [info] > git for-each-ref --format=%(refname)%00%(upstream:short)%00%(objectname)%00%(upstream:track)%00%(upstream:remotename)%00%(upstream:remoteref) refs/heads/master refs/remotes/master [3ms]
2023-07-04 09:30:21.981 [info] > git status -z -uall [77ms]
2023-07-04 09:30:27.003 [info] > git config --get commit.template [6ms]
2023-07-04 09:30:27.005 [info] > git for-each-ref --format=%(refname)%00%(upstream:short)%00%(objectname)%00%(upstream:track)%00%(upstream:remotename)%00%(upstream:remoteref) refs/heads/master refs/remotes/master [3ms]
2023-07-04 09:30:27.088 [info] > git status -z -uall [79ms]
2023-07-04 09:30:31.099 [info] > git check-ignore -v -z --stdin [6ms]
2023-07-04 09:30:32.110 [info] > git config --get commit.template [6ms]
2023-07-04 09:30:32.112 [info] > git for-each-ref --format=%(refname)%00%(upstream:short)%00%(objectname)%00%(upstream:track)%00%(upstream:remotename)%00%(upstream:remoteref) refs/heads/master refs/remotes/master [3ms]
2023-07-04 09:30:32.194 [info] > git status -z -uall [78ms]
2023-07-04 09:30:37.216 [info] > git config --get commit.template [6ms]
2023-07-04 09:30:37.218 [info] > git for-each-ref --format=%(refname)%00%(upstream:short)%00%(objectname)%00%(upstream:track)%00%(upstream:remotename)%00%(upstream:remoteref) refs/heads/master refs/remotes/master [3ms]
2023-07-04 09:30:37.298 [info] > git status -z -uall [77ms]
2023-07-04 09:30:42.321 [info] > git config --get commit.template [6ms]
2023-07-04 09:30:42.323 [info] > git for-each-ref --format=%(refname)%00%(upstream:short)%00%(objectname)%00%(upstream:track)%00%(upstream:remotename)%00%(upstream:remoteref) refs/heads/master refs/remotes/master [3ms]
2023-07-04 09:30:42.403 [info] > git status -z -uall [77ms]
2023-07-04 09:30:47.423 [info] > git config --get commit.template [6ms]
2023-07-04 09:30:47.425 [info] > git for-each-ref --format=%(refname)%00%(upstream:short)%00%(objectname)%00%(upstream:track)%00%(upstream:remotename)%00%(upstream:remoteref) refs/heads/master refs/remotes/master [3ms]
2023-07-04 09:30:47.506 [info] > git status -z -uall [77ms]
2023-07-04 09:31:31.558 [info] > git config --get commit.template [6ms]
2023-07-04 09:31:31.559 [info] > git for-each-ref --format=%(refname)%00%(upstream:short)%00%(objectname)%00%(upstream:track)%00%(upstream:remotename)%00%(upstream:remoteref) refs/heads/master refs/remotes/master [2ms]
2023-07-04 09:31:31.643 [info] > git status -z -uall [80ms]
2023-07-04 09:31:36.665 [info] > git config --get commit.template [7ms]
2023-07-04 09:31:36.667 [info] > git for-each-ref --format=%(refname)%00%(upstream:short)%00%(objectname)%00%(upstream:track)%00%(upstream:remotename)%00%(upstream:remoteref) refs/heads/master refs/remotes/master [3ms]
2023-07-04 09:31:36.751 [info] > git status -z -uall [79ms]
2023-07-04 09:31:41.772 [info] > git config --get commit.template [6ms]
2023-07-04 09:31:41.774 [info] > git for-each-ref --format=%(refname)%00%(upstream:short)%00%(objectname)%00%(upstream:track)%00%(upstream:remotename)%00%(upstream:remoteref) refs/heads/master refs/remotes/master [2ms]
2023-07-04 09:31:41.858 [info] > git status -z -uall [80ms]
2023-07-04 09:31:46.882 [info] > git config --get commit.template [7ms]
2023-07-04 09:31:46.884 [info] > git for-each-ref --format=%(refname)%00%(upstream:short)%00%(objectname)%00%(upstream:track)%00%(upstream:remotename)%00%(upstream:remoteref) refs/heads/master refs/remotes/master [3ms]
2023-07-04 09:31:46.966 [info] > git status -z -uall [78ms]
2023-07-04 09:32:52.062 [info] > git config --get commit.template [6ms]
2023-07-04 09:32:52.064 [info] > git for-each-ref --format=%(refname)%00%(upstream:short)%00%(objectname)%00%(upstream:track)%00%(upstream:remotename)%00%(upstream:remoteref) refs/heads/master refs/remotes/master [2ms]
2023-07-04 09:32:52.143 [info] > git status -z -uall [75ms]
2023-07-04 09:32:57.174 [info] > git config --get commit.template [7ms]
2023-07-04 09:32:57.176 [info] > git for-each-ref --format=%(refname)%00%(upstream:short)%00%(objectname)%00%(upstream:track)%00%(upstream:remotename)%00%(upstream:remoteref) refs/heads/master refs/remotes/master [4ms]
2023-07-04 09:32:57.258 [info] > git status -z -uall [78ms]
2023-07-04 09:33:02.282 [info] > git config --get commit.template [6ms]
2023-07-04 09:33:02.284 [info] > git for-each-ref --format=%(refname)%00%(upstream:short)%00%(objectname)%00%(upstream:track)%00%(upstream:remotename)%00%(upstream:remoteref) refs/heads/master refs/remotes/master [3ms]
2023-07-04 09:33:02.366 [info] > git status -z -uall [78ms]
2023-07-04 09:33:15.250 [info] > git config --get commit.template [5ms]
2023-07-04 09:33:15.252 [info] > git for-each-ref --format=%(refname)%00%(upstream:short)%00%(objectname)%00%(upstream:track)%00%(upstream:remotename)%00%(upstream:remoteref) refs/heads/master refs/remotes/master [3ms]
2023-07-04 09:33:15.337 [info] > git status -z -uall [82ms]
2023-07-04 09:33:22.975 [info] > git config --get commit.template [5ms]
2023-07-04 09:33:22.977 [info] > git for-each-ref --format=%(refname)%00%(upstream:short)%00%(objectname)%00%(upstream:track)%00%(upstream:remotename)%00%(upstream:remoteref) refs/heads/master refs/remotes/master [2ms]
2023-07-04 09:33:23.059 [info] > git status -z -uall [78ms]
2023-07-04 09:33:28.082 [info] > git config --get commit.template [6ms]
2023-07-04 09:33:28.084 [info] > git for-each-ref --format=%(refname)%00%(upstream:short)%00%(objectname)%00%(upstream:track)%00%(upstream:remotename)%00%(upstream:remoteref) refs/heads/master refs/remotes/master [3ms]
2023-07-04 09:33:28.166 [info] > git status -z -uall [78ms]
2023-07-04 09:33:33.188 [info] > git config --get commit.template [7ms]
2023-07-04 09:33:33.190 [info] > git for-each-ref --format=%(refname)%00%(upstream:short)%00%(objectname)%00%(upstream:track)%00%(upstream:remotename)%00%(upstream:remoteref) refs/heads/master refs/remotes/master [3ms]
2023-07-04 09:33:33.272 [info] > git status -z -uall [77ms]
2023-07-04 09:33:38.294 [info] > git config --get commit.template [5ms]
2023-07-04 09:33:38.296 [info] > git for-each-ref --format=%(refname)%00%(upstream:short)%00%(objectname)%00%(upstream:track)%00%(upstream:remotename)%00%(upstream:remoteref) refs/heads/master refs/remotes/master [2ms]
2023-07-04 09:33:38.381 [info] > git status -z -uall [80ms]
2023-07-04 09:33:43.403 [info] > git config --get commit.template [6ms]
2023-07-04 09:33:43.405 [info] > git for-each-ref --format=%(refname)%00%(upstream:short)%00%(objectname)%00%(upstream:track)%00%(upstream:remotename)%00%(upstream:remoteref) refs/heads/master refs/remotes/master [3ms]
2023-07-04 09:33:43.485 [info] > git status -z -uall [77ms]
2023-07-04 09:33:48.507 [info] > git config --get commit.template [5ms]
2023-07-04 09:33:48.509 [info] > git for-each-ref --format=%(refname)%00%(upstream:short)%00%(objectname)%00%(upstream:track)%00%(upstream:remotename)%00%(upstream:remoteref) refs/heads/master refs/remotes/master [2ms]
2023-07-04 09:33:48.591 [info] > git status -z -uall [79ms]
2023-07-04 09:33:53.611 [info] > git config --get commit.template [7ms]
2023-07-04 09:33:53.613 [info] > git for-each-ref --format=%(refname)%00%(upstream:short)%00%(objectname)%00%(upstream:track)%00%(upstream:remotename)%00%(upstream:remoteref) refs/heads/master refs/remotes/master [3ms]
2023-07-04 09:33:53.693 [info] > git status -z -uall [77ms]
2023-07-04 09:33:58.714 [info] > git config --get commit.template [7ms]
2023-07-04 09:33:58.716 [info] > git for-each-ref --format=%(refname)%00%(upstream:short)%00%(objectname)%00%(upstream:track)%00%(upstream:remotename)%00%(upstream:remoteref) refs/heads/master refs/remotes/master [3ms]
2023-07-04 09:33:58.797 [info] > git status -z -uall [78ms]
2023-07-04 09:34:03.817 [info] > git config --get commit.template [6ms]
2023-07-04 09:34:03.819 [info] > git for-each-ref --format=%(refname)%00%(upstream:short)%00%(objectname)%00%(upstream:track)%00%(upstream:remotename)%00%(upstream:remoteref) refs/heads/master refs/remotes/master [2ms]
2023-07-04 09:34:03.900 [info] > git status -z -uall [77ms]
2023-07-04 09:34:18.792 [info] > git config --get commit.template [6ms]
2023-07-04 09:34:18.794 [info] > git for-each-ref --format=%(refname)%00%(upstream:short)%00%(objectname)%00%(upstream:track)%00%(upstream:remotename)%00%(upstream:remoteref) refs/heads/master refs/remotes/master [3ms]
2023-07-04 09:34:18.876 [info] > git status -z -uall [79ms]
2023-07-04 09:34:31.210 [info] > git config --get commit.template [5ms]
2023-07-04 09:34:31.212 [info] > git for-each-ref --format=%(refname)%00%(upstream:short)%00%(objectname)%00%(upstream:track)%00%(upstream:remotename)%00%(upstream:remoteref) refs/heads/master refs/remotes/master [2ms]
2023-07-04 09:34:31.292 [info] > git status -z -uall [76ms]
2023-07-04 09:34:37.454 [info] > git config --get commit.template [6ms]
2023-07-04 09:34:37.456 [info] > git for-each-ref --format=%(refname)%00%(upstream:short)%00%(objectname)%00%(upstream:track)%00%(upstream:remotename)%00%(upstream:remoteref) refs/heads/master refs/remotes/master [3ms]
2023-07-04 09:34:37.540 [info] > git status -z -uall [80ms]
2023-07-04 09:34:42.562 [info] > git config --get commit.template [6ms]
2023-07-04 09:34:42.564 [info] > git for-each-ref --format=%(refname)%00%(upstream:short)%00%(objectname)%00%(upstream:track)%00%(upstream:remotename)%00%(upstream:remoteref) refs/heads/master refs/remotes/master [3ms]
2023-07-04 09:34:42.644 [info] > git status -z -uall [77ms]
2023-07-04 09:35:03.813 [info] > git config --get commit.template [6ms]
2023-07-04 09:35:03.815 [info] > git for-each-ref --format=%(refname)%00%(upstream:short)%00%(objectname)%00%(upstream:track)%00%(upstream:remotename)%00%(upstream:remoteref) refs/heads/master refs/remotes/master [5ms]
2023-07-04 09:35:03.896 [info] > git status -z -uall [77ms]
2023-07-04 09:35:08.917 [info] > git config --get commit.template [6ms]
2023-07-04 09:35:08.919 [info] > git for-each-ref --format=%(refname)%00%(upstream:short)%00%(objectname)%00%(upstream:track)%00%(upstream:remotename)%00%(upstream:remoteref) refs/heads/master refs/remotes/master [3ms]
2023-07-04 09:35:09.008 [info] > git status -z -uall [85ms]
2023-07-04 09:35:14.032 [info] > git config --get commit.template [6ms]
2023-07-04 09:35:14.034 [info] > git for-each-ref --format=%(refname)%00%(upstream:short)%00%(objectname)%00%(upstream:track)%00%(upstream:remotename)%00%(upstream:remoteref) refs/heads/master refs/remotes/master [3ms]
2023-07-04 09:35:14.116 [info] > git status -z -uall [78ms]
2023-07-04 09:35:19.137 [info] > git config --get commit.template [6ms]
2023-07-04 09:35:19.139 [info] > git for-each-ref --format=%(refname)%00%(upstream:short)%00%(objectname)%00%(upstream:track)%00%(upstream:remotename)%00%(upstream:remoteref) refs/heads/master refs/remotes/master [3ms]
2023-07-04 09:35:19.222 [info] > git status -z -uall [80ms]
2023-07-04 09:35:24.245 [info] > git config --get commit.template [6ms]
2023-07-04 09:35:24.248 [info] > git for-each-ref --format=%(refname)%00%(upstream:short)%00%(objectname)%00%(upstream:track)%00%(upstream:remotename)%00%(upstream:remoteref) refs/heads/master refs/remotes/master [4ms]
2023-07-04 09:35:24.330 [info] > git status -z -uall [77ms]
2023-07-04 09:35:29.360 [info] > git config --get commit.template [5ms]
2023-07-04 09:35:29.362 [info] > git for-each-ref --format=%(refname)%00%(upstream:short)%00%(objectname)%00%(upstream:track)%00%(upstream:remotename)%00%(upstream:remoteref) refs/heads/master refs/remotes/master [3ms]
2023-07-04 09:35:29.449 [info] > git status -z -uall [83ms]
2023-07-04 09:35:34.469 [info] > git config --get commit.template [5ms]
2023-07-04 09:35:34.470 [info] > git for-each-ref --format=%(refname)%00%(upstream:short)%00%(objectname)%00%(upstream:track)%00%(upstream:remotename)%00%(upstream:remoteref) refs/heads/master refs/remotes/master [2ms]
2023-07-04 09:35:34.550 [info] > git status -z -uall [76ms]
2023-07-04 09:35:39.571 [info] > git config --get commit.template [6ms]
2023-07-04 09:35:39.574 [info] > git for-each-ref --format=%(refname)%00%(upstream:short)%00%(objectname)%00%(upstream:track)%00%(upstream:remotename)%00%(upstream:remoteref) refs/heads/master refs/remotes/master [3ms]
2023-07-04 09:35:39.657 [info] > git status -z -uall [79ms]
2023-07-04 09:35:44.678 [info] > git config --get commit.template [6ms]
2023-07-04 09:35:44.680 [info] > git for-each-ref --format=%(refname)%00%(upstream:short)%00%(objectname)%00%(upstream:track)%00%(upstream:remotename)%00%(upstream:remoteref) refs/heads/master refs/remotes/master [3ms]
2023-07-04 09:35:44.762 [info] > git status -z -uall [78ms]
2023-07-04 09:35:49.782 [info] > git config --get commit.template [5ms]
2023-07-04 09:35:49.783 [info] > git for-each-ref --format=%(refname)%00%(upstream:short)%00%(objectname)%00%(upstream:track)%00%(upstream:remotename)%00%(upstream:remoteref) refs/heads/master refs/remotes/master [2ms]
2023-07-04 09:35:49.863 [info] > git status -z -uall [76ms]
2023-07-04 09:36:09.751 [info] > git config --get commit.template [6ms]
2023-07-04 09:36:09.753 [info] > git for-each-ref --format=%(refname)%00%(upstream:short)%00%(objectname)%00%(upstream:track)%00%(upstream:remotename)%00%(upstream:remoteref) refs/heads/master refs/remotes/master [3ms]
2023-07-04 09:36:09.836 [info] > git status -z -uall [80ms]
2023-07-04 09:36:14.858 [info] > git config --get commit.template [6ms]
2023-07-04 09:36:14.860 [info] > git for-each-ref --format=%(refname)%00%(upstream:short)%00%(objectname)%00%(upstream:track)%00%(upstream:remotename)%00%(upstream:remoteref) refs/heads/master refs/remotes/master [3ms]
2023-07-04 09:36:14.940 [info] > git status -z -uall [76ms]
2023-07-04 09:36:30.391 [info] > git config --get commit.template [6ms]
2023-07-04 09:36:30.393 [info] > git for-each-ref --format=%(refname)%00%(upstream:short)%00%(objectname)%00%(upstream:track)%00%(upstream:remotename)%00%(upstream:remoteref) refs/heads/master refs/remotes/master [3ms]
2023-07-04 09:36:30.475 [info] > git status -z -uall [78ms]
2023-07-04 09:36:35.496 [info] > git config --get commit.template [6ms]
2023-07-04 09:36:35.499 [info] > git for-each-ref --format=%(refname)%00%(upstream:short)%00%(objectname)%00%(upstream:track)%00%(upstream:remotename)%00%(upstream:remoteref) refs/heads/master refs/remotes/master [2ms]
2023-07-04 09:36:35.581 [info] > git status -z -uall [78ms]
2023-07-04 09:36:40.602 [info] > git config --get commit.template [5ms]
2023-07-04 09:36:40.604 [info] > git for-each-ref --format=%(refname)%00%(upstream:short)%00%(objectname)%00%(upstream:track)%00%(upstream:remotename)%00%(upstream:remoteref) refs/heads/master refs/remotes/master [2ms]
2023-07-04 09:36:40.683 [info] > git status -z -uall [75ms]
2023-07-04 09:37:47.938 [info] > git config --get commit.template [5ms]
2023-07-04 09:37:47.940 [info] > git for-each-ref --format=%(refname)%00%(upstream:short)%00%(objectname)%00%(upstream:track)%00%(upstream:remotename)%00%(upstream:remoteref) refs/heads/master refs/remotes/master [3ms]
2023-07-04 09:37:48.022 [info] > git status -z -uall [79ms]
2023-07-04 09:37:53.044 [info] > git config --get commit.template [6ms]
2023-07-04 09:37:53.046 [info] > git for-each-ref --format=%(refname)%00%(upstream:short)%00%(objectname)%00%(upstream:track)%00%(upstream:remotename)%00%(upstream:remoteref) refs/heads/master refs/remotes/master [3ms]
2023-07-04 09:37:53.128 [info] > git status -z -uall [78ms]
2023-07-04 09:37:59.175 [info] > git config --get commit.template [6ms]
2023-07-04 09:37:59.177 [info] > git for-each-ref --format=%(refname)%00%(upstream:short)%00%(objectname)%00%(upstream:track)%00%(upstream:remotename)%00%(upstream:remoteref) refs/heads/master refs/remotes/master [3ms]
2023-07-04 09:37:59.258 [info] > git status -z -uall [78ms]
2023-07-04 09:38:05.639 [info] > git config --get commit.template [6ms]
2023-07-04 09:38:05.642 [info] > git for-each-ref --format=%(refname)%00%(upstream:short)%00%(objectname)%00%(upstream:track)%00%(upstream:remotename)%00%(upstream:remoteref) refs/heads/master refs/remotes/master [4ms]
2023-07-04 09:38:05.722 [info] > git status -z -uall [77ms]
2023-07-04 09:38:10.745 [info] > git config --get commit.template [6ms]
2023-07-04 09:38:10.747 [info] > git for-each-ref --format=%(refname)%00%(upstream:short)%00%(objectname)%00%(upstream:track)%00%(upstream:remotename)%00%(upstream:remoteref) refs/heads/master refs/remotes/master [3ms]
2023-07-04 09:38:10.831 [info] > git status -z -uall [81ms]
2023-07-04 09:38:15.853 [info] > git config --get commit.template [6ms]
2023-07-04 09:38:15.855 [info] > git for-each-ref --format=%(refname)%00%(upstream:short)%00%(objectname)%00%(upstream:track)%00%(upstream:remotename)%00%(upstream:remoteref) refs/heads/master refs/remotes/master [2ms]
2023-07-04 09:38:15.939 [info] > git status -z -uall [80ms]
2023-07-04 09:38:31.386 [info] > git config --get commit.template [5ms]
2023-07-04 09:38:31.388 [info] > git for-each-ref --format=%(refname)%00%(upstream:short)%00%(objectname)%00%(upstream:track)%00%(upstream:remotename)%00%(upstream:remoteref) refs/heads/master refs/remotes/master [2ms]
2023-07-04 09:38:31.470 [info] > git status -z -uall [78ms]
2023-07-04 09:38:36.494 [info] > git config --get commit.template [6ms]
2023-07-04 09:38:36.496 [info] > git for-each-ref --format=%(refname)%00%(upstream:short)%00%(objectname)%00%(upstream:track)%00%(upstream:remotename)%00%(upstream:remoteref) refs/heads/master refs/remotes/master [3ms]
2023-07-04 09:38:36.578 [info] > git status -z -uall [79ms]
2023-07-04 09:38:44.915 [info] > git config --get commit.template [5ms]
2023-07-04 09:38:44.917 [info] > git for-each-ref --format=%(refname)%00%(upstream:short)%00%(objectname)%00%(upstream:track)%00%(upstream:remotename)%00%(upstream:remoteref) refs/heads/master refs/remotes/master [2ms]
2023-07-04 09:38:44.996 [info] > git status -z -uall [75ms]
2023-07-04 09:38:47.222 [info] > git check-ignore -v -z --stdin [6ms]
2023-07-04 09:38:50.019 [info] > git config --get commit.template [6ms]
2023-07-04 09:38:50.021 [info] > git for-each-ref --format=%(refname)%00%(upstream:short)%00%(objectname)%00%(upstream:track)%00%(upstream:remotename)%00%(upstream:remoteref) refs/heads/master refs/remotes/master [2ms]
2023-07-04 09:38:50.103 [info] > git status -z -uall [77ms]
2023-07-04 09:38:55.124 [info] > git config --get commit.template [6ms]
2023-07-04 09:38:55.126 [info] > git for-each-ref --format=%(refname)%00%(upstream:short)%00%(objectname)%00%(upstream:track)%00%(upstream:remotename)%00%(upstream:remoteref) refs/heads/master refs/remotes/master [3ms]
2023-07-04 09:38:55.209 [info] > git status -z -uall [78ms]
2023-07-04 09:42:56.872 [info] > git config --get commit.template [6ms]
2023-07-04 09:42:56.874 [info] > git for-each-ref --format=%(refname)%00%(upstream:short)%00%(objectname)%00%(upstream:track)%00%(upstream:remotename)%00%(upstream:remoteref) refs/heads/master refs/remotes/master [3ms]
2023-07-04 09:42:56.962 [info] > git status -z -uall [85ms]
2023-07-04 09:43:01.993 [info] > git config --get commit.template [8ms]
2023-07-04 09:43:01.994 [info] > git for-each-ref --format=%(refname)%00%(upstream:short)%00%(objectname)%00%(upstream:track)%00%(upstream:remotename)%00%(upstream:remoteref) refs/heads/master refs/remotes/master [5ms]
2023-07-04 09:43:02.076 [info] > git status -z -uall [77ms]
2023-07-04 09:45:54.622 [info] > git config --get commit.template [6ms]
2023-07-04 09:45:54.624 [info] > git for-each-ref --format=%(refname)%00%(upstream:short)%00%(objectname)%00%(upstream:track)%00%(upstream:remotename)%00%(upstream:remoteref) refs/heads/master refs/remotes/master [3ms]
2023-07-04 09:45:54.704 [info] > git status -z -uall [77ms]
2023-07-04 09:45:59.727 [info] > git config --get commit.template [6ms]
2023-07-04 09:45:59.729 [info] > git for-each-ref --format=%(refname)%00%(upstream:short)%00%(objectname)%00%(upstream:track)%00%(upstream:remotename)%00%(upstream:remoteref) refs/heads/master refs/remotes/master [3ms]
2023-07-04 09:45:59.812 [info] > git status -z -uall [79ms]
2023-07-04 09:46:00.301 [info] > git check-ignore -v -z --stdin [5ms]
2023-07-04 09:46:04.835 [info] > git config --get commit.template [5ms]
2023-07-04 09:46:04.836 [info] > git for-each-ref --format=%(refname)%00%(upstream:short)%00%(objectname)%00%(upstream:track)%00%(upstream:remotename)%00%(upstream:remoteref) refs/heads/master refs/remotes/master [2ms]
2023-07-04 09:46:04.918 [info] > git status -z -uall [78ms]
2023-07-04 09:46:05.915 [info] > git show --textconv :instance/sns [14ms]
2023-07-04 09:46:05.917 [info] > git ls-files --stage -- /home/ec2-user/instance/sns [8ms]
2023-07-04 09:46:09.939 [info] > git config --get commit.template [6ms]
2023-07-04 09:46:09.941 [info] > git for-each-ref --format=%(refname)%00%(upstream:short)%00%(objectname)%00%(upstream:track)%00%(upstream:remotename)%00%(upstream:remoteref) refs/heads/master refs/remotes/master [2ms]
2023-07-04 09:46:10.024 [info] > git status -z -uall [78ms]
2023-07-04 09:46:15.045 [info] > git config --get commit.template [6ms]
2023-07-04 09:46:15.047 [info] > git for-each-ref --format=%(refname)%00%(upstream:short)%00%(objectname)%00%(upstream:track)%00%(upstream:remotename)%00%(upstream:remoteref) refs/heads/master refs/remotes/master [3ms]
2023-07-04 09:46:15.129 [info] > git status -z -uall [78ms]
2023-07-04 09:46:20.152 [info] > git config --get commit.template [5ms]
2023-07-04 09:46:20.154 [info] > git for-each-ref --format=%(refname)%00%(upstream:short)%00%(objectname)%00%(upstream:track)%00%(upstream:remotename)%00%(upstream:remoteref) refs/heads/master refs/remotes/master [2ms]
2023-07-04 09:46:20.235 [info] > git status -z -uall [77ms]
2023-07-04 09:46:28.372 [info] > git config --get commit.template [7ms]
2023-07-04 09:46:28.374 [info] > git for-each-ref --format=%(refname)%00%(upstream:short)%00%(objectname)%00%(upstream:track)%00%(upstream:remotename)%00%(upstream:remoteref) refs/heads/master refs/remotes/master [4ms]
2023-07-04 09:46:28.459 [info] > git status -z -uall [81ms]
2023-07-04 09:46:33.482 [info] > git config --get commit.template [6ms]
2023-07-04 09:46:33.484 [info] > git for-each-ref --format=%(refname)%00%(upstream:short)%00%(objectname)%00%(upstream:track)%00%(upstream:remotename)%00%(upstream:remoteref) refs/heads/master refs/remotes/master [3ms]
2023-07-04 09:46:33.564 [info] > git status -z -uall [77ms]
2023-07-04 09:46:40.888 [info] > git config --get commit.template [6ms]
2023-07-04 09:46:40.890 [info] > git for-each-ref --format=%(refname)%00%(upstream:short)%00%(objectname)%00%(upstream:track)%00%(upstream:remotename)%00%(upstream:remoteref) refs/heads/master refs/remotes/master [3ms]
2023-07-04 09:46:40.969 [info] > git status -z -uall [76ms]
2023-07-04 09:46:44.408 [info] > git check-ignore -v -z --stdin [7ms]
2023-07-04 09:46:45.583 [info] > git show --textconv :flaskr/templates/home.html [25ms]
2023-07-04 09:46:45.587 [info] > git ls-files --stage -- /home/ec2-user/flaskr/templates/home.html [21ms]
2023-07-04 09:46:45.595 [info] > git cat-file -s c26559154f8dc873bdef981975d25c14a9289031 [2ms]
2023-07-04 09:46:46.004 [info] > git config --get commit.template [13ms]
2023-07-04 09:46:46.013 [info] > git for-each-ref --format=%(refname)%00%(upstream:short)%00%(objectname)%00%(upstream:track)%00%(upstream:remotename)%00%(upstream:remoteref) refs/heads/master refs/remotes/master [12ms]
2023-07-04 09:46:46.300 [info] > git status -z -uall [281ms]
2023-07-04 09:46:51.343 [info] > git config --get commit.template [10ms]
2023-07-04 09:46:51.344 [info] > git for-each-ref --format=%(refname)%00%(upstream:short)%00%(objectname)%00%(upstream:track)%00%(upstream:remotename)%00%(upstream:remoteref) refs/heads/master refs/remotes/master [7ms]
2023-07-04 09:46:51.521 [info] > git status -z -uall [173ms]
2023-07-04 09:46:56.548 [info] > git config --get commit.template [6ms]
2023-07-04 09:46:56.550 [info] > git for-each-ref --format=%(refname)%00%(upstream:short)%00%(objectname)%00%(upstream:track)%00%(upstream:remotename)%00%(upstream:remoteref) refs/heads/master refs/remotes/master [2ms]
2023-07-04 09:46:56.632 [info] > git status -z -uall [77ms]
2023-07-04 09:47:02.539 [info] > git config --get commit.template [5ms]
2023-07-04 09:47:02.541 [info] > git for-each-ref --format=%(refname)%00%(upstream:short)%00%(objectname)%00%(upstream:track)%00%(upstream:remotename)%00%(upstream:remoteref) refs/heads/master refs/remotes/master [3ms]
2023-07-04 09:47:02.621 [info] > git status -z -uall [77ms]
2023-07-04 09:47:07.643 [info] > git config --get commit.template [6ms]
2023-07-04 09:47:07.645 [info] > git for-each-ref --format=%(refname)%00%(upstream:short)%00%(objectname)%00%(upstream:track)%00%(upstream:remotename)%00%(upstream:remoteref) refs/heads/master refs/remotes/master [2ms]
2023-07-04 09:47:07.732 [info] > git status -z -uall [83ms]
2023-07-04 09:48:50.150 [info] > git config --get commit.template [8ms]
2023-07-04 09:48:50.152 [info] > git for-each-ref --format=%(refname)%00%(upstream:short)%00%(objectname)%00%(upstream:track)%00%(upstream:remotename)%00%(upstream:remoteref) refs/heads/master refs/remotes/master [5ms]
2023-07-04 09:48:50.257 [info] > git status -z -uall [100ms]
2023-07-04 09:48:55.287 [info] > git config --get commit.template [6ms]
2023-07-04 09:48:55.289 [info] > git for-each-ref --format=%(refname)%00%(upstream:short)%00%(objectname)%00%(upstream:track)%00%(upstream:remotename)%00%(upstream:remoteref) refs/heads/master refs/remotes/master [2ms]
2023-07-04 09:48:55.394 [info] > git status -z -uall [100ms]
2023-07-04 09:49:00.421 [info] > git config --get commit.template [12ms]
2023-07-04 09:49:00.423 [info] > git for-each-ref --format=%(refname)%00%(upstream:short)%00%(objectname)%00%(upstream:track)%00%(upstream:remotename)%00%(upstream:remoteref) refs/heads/master refs/remotes/master [9ms]
2023-07-04 09:49:00.505 [info] > git status -z -uall [79ms]
2023-07-04 09:49:05.526 [info] > git config --get commit.template [5ms]
2023-07-04 09:49:05.528 [info] > git for-each-ref --format=%(refname)%00%(upstream:short)%00%(objectname)%00%(upstream:track)%00%(upstream:remotename)%00%(upstream:remoteref) refs/heads/master refs/remotes/master [3ms]
2023-07-04 09:49:05.609 [info] > git status -z -uall [77ms]
2023-07-04 09:49:10.630 [info] > git config --get commit.template [6ms]
2023-07-04 09:49:10.632 [info] > git for-each-ref --format=%(refname)%00%(upstream:short)%00%(objectname)%00%(upstream:track)%00%(upstream:remotename)%00%(upstream:remoteref) refs/heads/master refs/remotes/master [3ms]
2023-07-04 09:49:10.721 [info] > git status -z -uall [86ms]
2023-07-04 09:49:15.743 [info] > git config --get commit.template [6ms]
2023-07-04 09:49:15.744 [info] > git for-each-ref --format=%(refname)%00%(upstream:short)%00%(objectname)%00%(upstream:track)%00%(upstream:remotename)%00%(upstream:remoteref) refs/heads/master refs/remotes/master [2ms]
2023-07-04 09:49:15.829 [info] > git status -z -uall [81ms]
2023-07-04 09:49:20.850 [info] > git config --get commit.template [6ms]
2023-07-04 09:49:20.852 [info] > git for-each-ref --format=%(refname)%00%(upstream:short)%00%(objectname)%00%(upstream:track)%00%(upstream:remotename)%00%(upstream:remoteref) refs/heads/master refs/remotes/master [3ms]
2023-07-04 09:49:20.936 [info] > git status -z -uall [81ms]
2023-07-04 09:49:25.959 [info] > git config --get commit.template [5ms]
2023-07-04 09:49:25.960 [info] > git for-each-ref --format=%(refname)%00%(upstream:short)%00%(objectname)%00%(upstream:track)%00%(upstream:remotename)%00%(upstream:remoteref) refs/heads/master refs/remotes/master [2ms]
2023-07-04 09:49:26.043 [info] > git status -z -uall [79ms]
2023-07-04 09:50:10.755 [info] > git config --get commit.template [6ms]
2023-07-04 09:50:10.758 [info] > git for-each-ref --format=%(refname)%00%(upstream:short)%00%(objectname)%00%(upstream:track)%00%(upstream:remotename)%00%(upstream:remoteref) refs/heads/master refs/remotes/master [4ms]
2023-07-04 09:50:10.866 [info] > git status -z -uall [105ms]
2023-07-04 09:50:15.891 [info] > git config --get commit.template [6ms]
2023-07-04 09:50:15.893 [info] > git for-each-ref --format=%(refname)%00%(upstream:short)%00%(objectname)%00%(upstream:track)%00%(upstream:remotename)%00%(upstream:remoteref) refs/heads/master refs/remotes/master [3ms]
2023-07-04 09:50:15.994 [info] > git status -z -uall [97ms]
2023-07-04 09:50:21.018 [info] > git config --get commit.template [6ms]
2023-07-04 09:50:21.020 [info] > git for-each-ref --format=%(refname)%00%(upstream:short)%00%(objectname)%00%(upstream:track)%00%(upstream:remotename)%00%(upstream:remoteref) refs/heads/master refs/remotes/master [3ms]
2023-07-04 09:50:21.104 [info] > git status -z -uall [80ms]
2023-07-04 09:50:26.126 [info] > git config --get commit.template [6ms]
2023-07-04 09:50:26.128 [info] > git for-each-ref --format=%(refname)%00%(upstream:short)%00%(objectname)%00%(upstream:track)%00%(upstream:remotename)%00%(upstream:remoteref) refs/heads/master refs/remotes/master [3ms]
2023-07-04 09:50:26.210 [info] > git status -z -uall [78ms]
2023-07-04 09:50:31.231 [info] > git config --get commit.template [6ms]
2023-07-04 09:50:31.233 [info] > git for-each-ref --format=%(refname)%00%(upstream:short)%00%(objectname)%00%(upstream:track)%00%(upstream:remotename)%00%(upstream:remoteref) refs/heads/master refs/remotes/master [3ms]
2023-07-04 09:50:31.315 [info] > git status -z -uall [78ms]
2023-07-04 09:50:36.338 [info] > git config --get commit.template [6ms]
2023-07-04 09:50:36.340 [info] > git for-each-ref --format=%(refname)%00%(upstream:short)%00%(objectname)%00%(upstream:track)%00%(upstream:remotename)%00%(upstream:remoteref) refs/heads/master refs/remotes/master [3ms]
2023-07-04 09:50:36.422 [info] > git status -z -uall [79ms]
2023-07-04 09:50:41.443 [info] > git config --get commit.template [6ms]
2023-07-04 09:50:41.445 [info] > git for-each-ref --format=%(refname)%00%(upstream:short)%00%(objectname)%00%(upstream:track)%00%(upstream:remotename)%00%(upstream:remoteref) refs/heads/master refs/remotes/master [3ms]
2023-07-04 09:50:41.528 [info] > git status -z -uall [79ms]
2023-07-04 09:50:46.551 [info] > git config --get commit.template [6ms]
2023-07-04 09:50:46.553 [info] > git for-each-ref --format=%(refname)%00%(upstream:short)%00%(objectname)%00%(upstream:track)%00%(upstream:remotename)%00%(upstream:remoteref) refs/heads/master refs/remotes/master [2ms]
2023-07-04 09:50:46.635 [info] > git status -z -uall [78ms]
2023-07-04 09:50:51.665 [info] > git config --get commit.template [5ms]
2023-07-04 09:50:51.667 [info] > git for-each-ref --format=%(refname)%00%(upstream:short)%00%(objectname)%00%(upstream:track)%00%(upstream:remotename)%00%(upstream:remoteref) refs/heads/master refs/remotes/master [3ms]
2023-07-04 09:50:51.749 [info] > git status -z -uall [79ms]
2023-07-04 09:50:56.769 [info] > git config --get commit.template [6ms]
2023-07-04 09:50:56.771 [info] > git for-each-ref --format=%(refname)%00%(upstream:short)%00%(objectname)%00%(upstream:track)%00%(upstream:remotename)%00%(upstream:remoteref) refs/heads/master refs/remotes/master [2ms]
2023-07-04 09:50:56.868 [info] > git status -z -uall [91ms]
2023-07-04 09:51:01.890 [info] > git config --get commit.template [7ms]
2023-07-04 09:51:01.892 [info] > git for-each-ref --format=%(refname)%00%(upstream:short)%00%(objectname)%00%(upstream:track)%00%(upstream:remotename)%00%(upstream:remoteref) refs/heads/master refs/remotes/master [3ms]
2023-07-04 09:51:01.975 [info] > git status -z -uall [79ms]
2023-07-04 09:51:07.009 [info] > git config --get commit.template [18ms]
2023-07-04 09:51:07.022 [info] > git for-each-ref --format=%(refname)%00%(upstream:short)%00%(objectname)%00%(upstream:track)%00%(upstream:remotename)%00%(upstream:remoteref) refs/heads/master refs/remotes/master [13ms]
2023-07-04 09:51:07.270 [info] > git status -z -uall [238ms]
2023-07-04 09:51:12.305 [info] > git config --get commit.template [6ms]
2023-07-04 09:51:12.307 [info] > git for-each-ref --format=%(refname)%00%(upstream:short)%00%(objectname)%00%(upstream:track)%00%(upstream:remotename)%00%(upstream:remoteref) refs/heads/master refs/remotes/master [3ms]
2023-07-04 09:51:12.390 [info] > git status -z -uall [80ms]
2023-07-04 09:52:01.406 [info] > git config --get commit.template [6ms]
2023-07-04 09:52:01.408 [info] > git for-each-ref --format=%(refname)%00%(upstream:short)%00%(objectname)%00%(upstream:track)%00%(upstream:remotename)%00%(upstream:remoteref) refs/heads/master refs/remotes/master [3ms]
2023-07-04 09:52:01.490 [info] > git status -z -uall [79ms]
2023-07-04 09:52:06.514 [info] > git config --get commit.template [6ms]
2023-07-04 09:52:06.516 [info] > git for-each-ref --format=%(refname)%00%(upstream:short)%00%(objectname)%00%(upstream:track)%00%(upstream:remotename)%00%(upstream:remoteref) refs/heads/master refs/remotes/master [3ms]
2023-07-04 09:52:06.601 [info] > git status -z -uall [81ms]
2023-07-04 09:52:11.628 [info] > git config --get commit.template [10ms]
2023-07-04 09:52:11.632 [info] > git for-each-ref --format=%(refname)%00%(upstream:short)%00%(objectname)%00%(upstream:track)%00%(upstream:remotename)%00%(upstream:remoteref) refs/heads/master refs/remotes/master [4ms]
2023-07-04 09:52:11.715 [info] > git status -z -uall [79ms]
2023-07-04 09:52:16.736 [info] > git config --get commit.template [6ms]
2023-07-04 09:52:16.738 [info] > git for-each-ref --format=%(refname)%00%(upstream:short)%00%(objectname)%00%(upstream:track)%00%(upstream:remotename)%00%(upstream:remoteref) refs/heads/master refs/remotes/master [2ms]
2023-07-04 09:52:16.948 [info] > git status -z -uall [206ms]
2023-07-04 09:52:21.982 [info] > git config --get commit.template [11ms]
2023-07-04 09:52:21.984 [info] > git for-each-ref --format=%(refname)%00%(upstream:short)%00%(objectname)%00%(upstream:track)%00%(upstream:remotename)%00%(upstream:remoteref) refs/heads/master refs/remotes/master [9ms]
2023-07-04 09:52:22.065 [info] > git status -z -uall [78ms]
2023-07-04 09:52:32.120 [info] > git config --get commit.template [5ms]
2023-07-04 09:52:32.122 [info] > git for-each-ref --format=%(refname)%00%(upstream:short)%00%(objectname)%00%(upstream:track)%00%(upstream:remotename)%00%(upstream:remoteref) refs/heads/master refs/remotes/master [2ms]
2023-07-04 09:52:32.202 [info] > git status -z -uall [76ms]
2023-07-04 09:52:37.224 [info] > git config --get commit.template [6ms]
2023-07-04 09:52:37.227 [info] > git for-each-ref --format=%(refname)%00%(upstream:short)%00%(objectname)%00%(upstream:track)%00%(upstream:remotename)%00%(upstream:remoteref) refs/heads/master refs/remotes/master [3ms]
2023-07-04 09:52:37.325 [info] > git status -z -uall [92ms]
2023-07-04 09:53:27.942 [info] > git config --get commit.template [11ms]
2023-07-04 09:53:27.944 [info] > git for-each-ref --format=%(refname)%00%(upstream:short)%00%(objectname)%00%(upstream:track)%00%(upstream:remotename)%00%(upstream:remoteref) refs/heads/master refs/remotes/master [7ms]
2023-07-04 09:53:28.034 [info] > git status -z -uall [85ms]
2023-07-04 09:53:33.056 [info] > git config --get commit.template [6ms]
2023-07-04 09:53:33.058 [info] > git for-each-ref --format=%(refname)%00%(upstream:short)%00%(objectname)%00%(upstream:track)%00%(upstream:remotename)%00%(upstream:remoteref) refs/heads/master refs/remotes/master [2ms]
2023-07-04 09:53:33.145 [info] > git status -z -uall [82ms]
2023-07-04 09:53:38.167 [info] > git config --get commit.template [6ms]
2023-07-04 09:53:38.169 [info] > git for-each-ref --format=%(refname)%00%(upstream:short)%00%(objectname)%00%(upstream:track)%00%(upstream:remotename)%00%(upstream:remoteref) refs/heads/master refs/remotes/master [3ms]
2023-07-04 09:53:38.253 [info] > git status -z -uall [80ms]
2023-07-04 09:53:43.274 [info] > git config --get commit.template [6ms]
2023-07-04 09:53:43.276 [info] > git for-each-ref --format=%(refname)%00%(upstream:short)%00%(objectname)%00%(upstream:track)%00%(upstream:remotename)%00%(upstream:remoteref) refs/heads/master refs/remotes/master [3ms]
2023-07-04 09:53:43.358 [info] > git status -z -uall [78ms]
2023-07-04 09:53:48.380 [info] > git config --get commit.template [6ms]
2023-07-04 09:53:48.382 [info] > git for-each-ref --format=%(refname)%00%(upstream:short)%00%(objectname)%00%(upstream:track)%00%(upstream:remotename)%00%(upstream:remoteref) refs/heads/master refs/remotes/master [3ms]
2023-07-04 09:53:48.465 [info] > git status -z -uall [80ms]
2023-07-04 09:53:55.834 [info] > git config --get commit.template [6ms]
2023-07-04 09:53:55.836 [info] > git for-each-ref --format=%(refname)%00%(upstream:short)%00%(objectname)%00%(upstream:track)%00%(upstream:remotename)%00%(upstream:remoteref) refs/heads/master refs/remotes/master [3ms]
2023-07-04 09:53:55.918 [info] > git status -z -uall [79ms]
2023-07-04 09:54:00.948 [info] > git config --get commit.template [12ms]
2023-07-04 09:54:00.951 [info] > git for-each-ref --format=%(refname)%00%(upstream:short)%00%(objectname)%00%(upstream:track)%00%(upstream:remotename)%00%(upstream:remoteref) refs/heads/master refs/remotes/master [3ms]
2023-07-04 09:54:01.076 [info] > git status -z -uall [120ms]
2023-07-04 09:55:08.402 [info] > git config --get commit.template [32ms]
2023-07-04 09:55:08.405 [info] > git for-each-ref --format=%(refname)%00%(upstream:short)%00%(objectname)%00%(upstream:track)%00%(upstream:remotename)%00%(upstream:remoteref) refs/heads/master refs/remotes/master [29ms]
2023-07-04 09:55:08.648 [info] > git status -z -uall [238ms]
2023-07-04 09:55:13.674 [info] > git config --get commit.template [9ms]
2023-07-04 09:55:13.676 [info] > git for-each-ref --format=%(refname)%00%(upstream:short)%00%(objectname)%00%(upstream:track)%00%(upstream:remotename)%00%(upstream:remoteref) refs/heads/master refs/remotes/master [7ms]
2023-07-04 09:55:13.776 [info] > git status -z -uall [97ms]
2023-07-04 09:55:18.798 [info] > git config --get commit.template [6ms]
2023-07-04 09:55:18.801 [info] > git for-each-ref --format=%(refname)%00%(upstream:short)%00%(objectname)%00%(upstream:track)%00%(upstream:remotename)%00%(upstream:remoteref) refs/heads/master refs/remotes/master [3ms]
2023-07-04 09:55:18.885 [info] > git status -z -uall [81ms]
2023-07-04 09:55:23.907 [info] > git config --get commit.template [6ms]
2023-07-04 09:55:23.910 [info] > git for-each-ref --format=%(refname)%00%(upstream:short)%00%(objectname)%00%(upstream:track)%00%(upstream:remotename)%00%(upstream:remoteref) refs/heads/master refs/remotes/master [4ms]
2023-07-04 09:55:23.998 [info] > git status -z -uall [84ms]
2023-07-04 09:55:29.021 [info] > git config --get commit.template [6ms]
2023-07-04 09:55:29.026 [info] > git for-each-ref --format=%(refname)%00%(upstream:short)%00%(objectname)%00%(upstream:track)%00%(upstream:remotename)%00%(upstream:remoteref) refs/heads/master refs/remotes/master [6ms]
2023-07-04 09:55:29.109 [info] > git status -z -uall [78ms]
2023-07-04 09:55:34.131 [info] > git config --get commit.template [6ms]
2023-07-04 09:55:34.133 [info] > git for-each-ref --format=%(refname)%00%(upstream:short)%00%(objectname)%00%(upstream:track)%00%(upstream:remotename)%00%(upstream:remoteref) refs/heads/master refs/remotes/master [3ms]
2023-07-04 09:55:34.303 [info] > git status -z -uall [167ms]
2023-07-04 09:55:39.325 [info] > git config --get commit.template [7ms]
2023-07-04 09:55:39.327 [info] > git for-each-ref --format=%(refname)%00%(upstream:short)%00%(objectname)%00%(upstream:track)%00%(upstream:remotename)%00%(upstream:remoteref) refs/heads/master refs/remotes/master [5ms]
2023-07-04 09:55:39.410 [info] > git status -z -uall [80ms]
2023-07-04 09:55:44.438 [info] > git config --get commit.template [7ms]
2023-07-04 09:55:44.440 [info] > git for-each-ref --format=%(refname)%00%(upstream:short)%00%(objectname)%00%(upstream:track)%00%(upstream:remotename)%00%(upstream:remoteref) refs/heads/master refs/remotes/master [3ms]
2023-07-04 09:55:44.525 [info] > git status -z -uall [81ms]
2023-07-04 09:55:49.548 [info] > git config --get commit.template [7ms]
2023-07-04 09:55:49.550 [info] > git for-each-ref --format=%(refname)%00%(upstream:short)%00%(objectname)%00%(upstream:track)%00%(upstream:remotename)%00%(upstream:remoteref) refs/heads/master refs/remotes/master [3ms]
2023-07-04 09:55:49.634 [info] > git status -z -uall [80ms]
2023-07-04 10:00:22.170 [info] > git config --get commit.template [40ms]
2023-07-04 10:00:22.177 [info] > git for-each-ref --format=%(refname)%00%(upstream:short)%00%(objectname)%00%(upstream:track)%00%(upstream:remotename)%00%(upstream:remoteref) refs/heads/master refs/remotes/master [45ms]
2023-07-04 10:00:22.472 [info] > git status -z -uall [290ms]
2023-07-04 10:00:27.518 [info] > git config --get commit.template [18ms]
2023-07-04 10:00:27.520 [info] > git for-each-ref --format=%(refname)%00%(upstream:short)%00%(objectname)%00%(upstream:track)%00%(upstream:remotename)%00%(upstream:remoteref) refs/heads/master refs/remotes/master [15ms]
2023-07-04 10:00:27.635 [info] > git status -z -uall [111ms]
2023-07-04 10:00:32.658 [info] > git config --get commit.template [6ms]
2023-07-04 10:00:32.660 [info] > git for-each-ref --format=%(refname)%00%(upstream:short)%00%(objectname)%00%(upstream:track)%00%(upstream:remotename)%00%(upstream:remoteref) refs/heads/master refs/remotes/master [2ms]
2023-07-04 10:00:32.743 [info] > git status -z -uall [79ms]
2023-07-04 10:00:37.764 [info] > git config --get commit.template [6ms]
2023-07-04 10:00:37.766 [info] > git for-each-ref --format=%(refname)%00%(upstream:short)%00%(objectname)%00%(upstream:track)%00%(upstream:remotename)%00%(upstream:remoteref) refs/heads/master refs/remotes/master [3ms]
2023-07-04 10:00:37.851 [info] > git status -z -uall [81ms]
2023-07-04 10:00:42.883 [info] > git config --get commit.template [7ms]
2023-07-04 10:00:42.885 [info] > git for-each-ref --format=%(refname)%00%(upstream:short)%00%(objectname)%00%(upstream:track)%00%(upstream:remotename)%00%(upstream:remoteref) refs/heads/master refs/remotes/master [3ms]
2023-07-04 10:00:42.971 [info] > git status -z -uall [80ms]
2023-07-04 10:00:47.992 [info] > git config --get commit.template [6ms]
2023-07-04 10:00:47.994 [info] > git for-each-ref --format=%(refname)%00%(upstream:short)%00%(objectname)%00%(upstream:track)%00%(upstream:remotename)%00%(upstream:remoteref) refs/heads/master refs/remotes/master [2ms]
2023-07-04 10:00:48.078 [info] > git status -z -uall [80ms]
2023-07-04 10:00:53.107 [info] > git config --get commit.template [7ms]
2023-07-04 10:00:53.109 [info] > git for-each-ref --format=%(refname)%00%(upstream:short)%00%(objectname)%00%(upstream:track)%00%(upstream:remotename)%00%(upstream:remoteref) refs/heads/master refs/remotes/master [4ms]
2023-07-04 10:00:53.194 [info] > git status -z -uall [81ms]
2023-07-04 10:00:58.216 [info] > git config --get commit.template [6ms]
2023-07-04 10:00:58.221 [info] > git for-each-ref --format=%(refname)%00%(upstream:short)%00%(objectname)%00%(upstream:track)%00%(upstream:remotename)%00%(upstream:remoteref) refs/heads/master refs/remotes/master [6ms]
2023-07-04 10:00:58.305 [info] > git status -z -uall [80ms]
2023-07-04 10:01:03.327 [info] > git config --get commit.template [6ms]
2023-07-04 10:01:03.329 [info] > git for-each-ref --format=%(refname)%00%(upstream:short)%00%(objectname)%00%(upstream:track)%00%(upstream:remotename)%00%(upstream:remoteref) refs/heads/master refs/remotes/master [3ms]
2023-07-04 10:01:03.415 [info] > git status -z -uall [81ms]
2023-07-04 10:01:08.436 [info] > git config --get commit.template [6ms]
2023-07-04 10:01:08.438 [info] > git for-each-ref --format=%(refname)%00%(upstream:short)%00%(objectname)%00%(upstream:track)%00%(upstream:remotename)%00%(upstream:remoteref) refs/heads/master refs/remotes/master [2ms]
2023-07-04 10:01:08.528 [info] > git status -z -uall [85ms]
2023-07-04 10:01:15.124 [info] > git config --get commit.template [6ms]
2023-07-04 10:01:15.127 [info] > git for-each-ref --format=%(refname)%00%(upstream:short)%00%(objectname)%00%(upstream:track)%00%(upstream:remotename)%00%(upstream:remoteref) refs/heads/master refs/remotes/master [3ms]
2023-07-04 10:01:15.210 [info] > git status -z -uall [80ms]
2023-07-04 10:01:20.230 [info] > git config --get commit.template [6ms]
2023-07-04 10:01:20.232 [info] > git for-each-ref --format=%(refname)%00%(upstream:short)%00%(objectname)%00%(upstream:track)%00%(upstream:remotename)%00%(upstream:remoteref) refs/heads/master refs/remotes/master [3ms]
2023-07-04 10:01:20.315 [info] > git status -z -uall [79ms]
2023-07-04 10:01:25.335 [info] > git config --get commit.template [6ms]
2023-07-04 10:01:25.337 [info] > git for-each-ref --format=%(refname)%00%(upstream:short)%00%(objectname)%00%(upstream:track)%00%(upstream:remotename)%00%(upstream:remoteref) refs/heads/master refs/remotes/master [3ms]
2023-07-04 10:01:25.421 [info] > git status -z -uall [80ms]
2023-07-04 10:01:30.443 [info] > git config --get commit.template [7ms]
2023-07-04 10:01:30.445 [info] > git for-each-ref --format=%(refname)%00%(upstream:short)%00%(objectname)%00%(upstream:track)%00%(upstream:remotename)%00%(upstream:remoteref) refs/heads/master refs/remotes/master [3ms]
2023-07-04 10:01:30.527 [info] > git status -z -uall [78ms]
2023-07-04 10:01:35.547 [info] > git config --get commit.template [5ms]
2023-07-04 10:01:35.548 [info] > git for-each-ref --format=%(refname)%00%(upstream:short)%00%(objectname)%00%(upstream:track)%00%(upstream:remotename)%00%(upstream:remoteref) refs/heads/master refs/remotes/master [2ms]
2023-07-04 10:01:35.630 [info] > git status -z -uall [78ms]
2023-07-04 10:01:45.951 [info] > git config --get commit.template [6ms]
2023-07-04 10:01:45.953 [info] > git for-each-ref --format=%(refname)%00%(upstream:short)%00%(objectname)%00%(upstream:track)%00%(upstream:remotename)%00%(upstream:remoteref) refs/heads/master refs/remotes/master [3ms]
2023-07-04 10:01:46.037 [info] > git status -z -uall [79ms]
2023-07-04 10:01:51.059 [info] > git config --get commit.template [6ms]
2023-07-04 10:01:51.060 [info] > git for-each-ref --format=%(refname)%00%(upstream:short)%00%(objectname)%00%(upstream:track)%00%(upstream:remotename)%00%(upstream:remoteref) refs/heads/master refs/remotes/master [2ms]
2023-07-04 10:01:51.144 [info] > git status -z -uall [80ms]
2023-07-04 10:01:56.181 [info] > git config --get commit.template [6ms]
2023-07-04 10:01:56.183 [info] > git for-each-ref --format=%(refname)%00%(upstream:short)%00%(objectname)%00%(upstream:track)%00%(upstream:remotename)%00%(upstream:remoteref) refs/heads/master refs/remotes/master [3ms]
2023-07-04 10:01:56.285 [info] > git status -z -uall [97ms]
2023-07-04 10:03:15.751 [info] > git config --get commit.template [17ms]
2023-07-04 10:03:15.757 [info] > git for-each-ref --format=%(refname)%00%(upstream:short)%00%(objectname)%00%(upstream:track)%00%(upstream:remotename)%00%(upstream:remoteref) refs/heads/master refs/remotes/master [17ms]
2023-07-04 10:03:16.021 [info] > git status -z -uall [259ms]
2023-07-04 10:03:21.074 [info] > git config --get commit.template [13ms]
2023-07-04 10:03:21.075 [info] > git for-each-ref --format=%(refname)%00%(upstream:short)%00%(objectname)%00%(upstream:track)%00%(upstream:remotename)%00%(upstream:remoteref) refs/heads/master refs/remotes/master [10ms]
2023-07-04 10:03:21.211 [info] > git status -z -uall [129ms]
2023-07-04 10:04:17.855 [info] > git config --get commit.template [7ms]
2023-07-04 10:04:17.858 [info] > git for-each-ref --format=%(refname)%00%(upstream:short)%00%(objectname)%00%(upstream:track)%00%(upstream:remotename)%00%(upstream:remoteref) refs/heads/master refs/remotes/master [4ms]
2023-07-04 10:04:18.031 [info] > git status -z -uall [170ms]
2023-07-04 10:04:23.068 [info] > git config --get commit.template [11ms]
2023-07-04 10:04:23.071 [info] > git for-each-ref --format=%(refname)%00%(upstream:short)%00%(objectname)%00%(upstream:track)%00%(upstream:remotename)%00%(upstream:remoteref) refs/heads/master refs/remotes/master [4ms]
2023-07-04 10:04:23.172 [info] > git status -z -uall [97ms]
2023-07-04 10:04:28.198 [info] > git config --get commit.template [7ms]
2023-07-04 10:04:28.205 [info] > git for-each-ref --format=%(refname)%00%(upstream:short)%00%(objectname)%00%(upstream:track)%00%(upstream:remotename)%00%(upstream:remoteref) refs/heads/master refs/remotes/master [3ms]
2023-07-04 10:04:28.287 [info] > git status -z -uall [78ms]
2023-07-04 10:04:34.039 [info] > git config --get commit.template [6ms]
2023-07-04 10:04:34.041 [info] > git for-each-ref --format=%(refname)%00%(upstream:short)%00%(objectname)%00%(upstream:track)%00%(upstream:remotename)%00%(upstream:remoteref) refs/heads/master refs/remotes/master [2ms]
2023-07-04 10:04:34.125 [info] > git status -z -uall [80ms]
2023-07-04 10:04:39.149 [info] > git config --get commit.template [6ms]
2023-07-04 10:04:39.151 [info] > git for-each-ref --format=%(refname)%00%(upstream:short)%00%(objectname)%00%(upstream:track)%00%(upstream:remotename)%00%(upstream:remoteref) refs/heads/master refs/remotes/master [3ms]
2023-07-04 10:04:39.236 [info] > git status -z -uall [79ms]
2023-07-04 10:04:44.263 [info] > git config --get commit.template [8ms]
2023-07-04 10:04:44.265 [info] > git for-each-ref --format=%(refname)%00%(upstream:short)%00%(objectname)%00%(upstream:track)%00%(upstream:remotename)%00%(upstream:remoteref) refs/heads/master refs/remotes/master [3ms]
2023-07-04 10:04:44.418 [info] > git status -z -uall [149ms]
2023-07-04 10:09:08.377 [info] > git config --get commit.template [48ms]
2023-07-04 10:09:08.386 [info] > git for-each-ref --format=%(refname)%00%(upstream:short)%00%(objectname)%00%(upstream:track)%00%(upstream:remotename)%00%(upstream:remoteref) refs/heads/master refs/remotes/master [51ms]
2023-07-04 10:09:08.665 [info] > git status -z -uall [274ms]
2023-07-04 10:09:13.707 [info] > git config --get commit.template [14ms]
2023-07-04 10:09:13.709 [info] > git for-each-ref --format=%(refname)%00%(upstream:short)%00%(objectname)%00%(upstream:track)%00%(upstream:remotename)%00%(upstream:remoteref) refs/heads/master refs/remotes/master [11ms]
2023-07-04 10:09:13.831 [info] > git status -z -uall [118ms]
2023-07-04 10:09:14.246 [info] > git show --textconv :flaskr/templates/message.html [23ms]
2023-07-04 10:09:14.248 [info] > git ls-files --stage -- /home/ec2-user/flaskr/templates/message.html [20ms]
2023-07-04 10:09:14.257 [info] > git cat-file -s a9644406493d9c0abfe2922b1124d6e8fdab3b3c [4ms]
2023-07-04 10:09:17.542 [info] > git show --textconv :flaskr/templates/setting.html [9ms]
2023-07-04 10:09:17.548 [info] > git ls-files --stage -- /home/ec2-user/flaskr/templates/setting.html [6ms]
2023-07-04 10:09:17.554 [info] > git cat-file -s 7c1db617718c6ff1c9f44db91dc74def0a68f1ec [1ms]
2023-07-04 10:09:18.860 [info] > git config --get commit.template [5ms]
2023-07-04 10:09:18.862 [info] > git for-each-ref --format=%(refname)%00%(upstream:short)%00%(objectname)%00%(upstream:track)%00%(upstream:remotename)%00%(upstream:remoteref) refs/heads/master refs/remotes/master [2ms]
2023-07-04 10:09:18.944 [info] > git status -z -uall [78ms]
2023-07-04 10:09:22.381 [info] > git show --textconv :flaskr/models.py [33ms]
2023-07-04 10:09:22.391 [info] > git ls-files --stage -- /home/ec2-user/flaskr/models.py [30ms]
2023-07-04 10:09:22.424 [info] > git cat-file -s 55c43d396ff712f79c87a396b911288c2af5a5d4 [16ms]
2023-07-04 10:09:23.976 [info] > git config --get commit.template [13ms]
2023-07-04 10:09:23.978 [info] > git for-each-ref --format=%(refname)%00%(upstream:short)%00%(objectname)%00%(upstream:track)%00%(upstream:remotename)%00%(upstream:remoteref) refs/heads/master refs/remotes/master [11ms]
2023-07-04 10:09:24.204 [info] > git status -z -uall [222ms]
2023-07-04 10:09:29.228 [info] > git config --get commit.template [6ms]
2023-07-04 10:09:29.230 [info] > git for-each-ref --format=%(refname)%00%(upstream:short)%00%(objectname)%00%(upstream:track)%00%(upstream:remotename)%00%(upstream:remoteref) refs/heads/master refs/remotes/master [2ms]
2023-07-04 10:09:29.443 [info] > git status -z -uall [208ms]
2023-07-04 10:09:34.483 [info] > git config --get commit.template [17ms]
2023-07-04 10:09:34.490 [info] > git for-each-ref --format=%(refname)%00%(upstream:short)%00%(objectname)%00%(upstream:track)%00%(upstream:remotename)%00%(upstream:remoteref) refs/heads/master refs/remotes/master [19ms]
2023-07-04 10:09:34.957 [info] > git status -z -uall [456ms]
2023-07-04 10:09:40.070 [info] > git config --get commit.template [42ms]
2023-07-04 10:09:40.072 [info] > git for-each-ref --format=%(refname)%00%(upstream:short)%00%(objectname)%00%(upstream:track)%00%(upstream:remotename)%00%(upstream:remoteref) refs/heads/master refs/remotes/master [41ms]
2023-07-04 10:09:40.482 [info] > git status -z -uall [402ms]
2023-07-04 10:09:45.548 [info] > git config --get commit.template [27ms]
2023-07-04 10:09:45.549 [info] > git for-each-ref --format=%(refname)%00%(upstream:short)%00%(objectname)%00%(upstream:track)%00%(upstream:remotename)%00%(upstream:remoteref) refs/heads/master refs/remotes/master [23ms]
2023-07-04 10:09:46.006 [info] > git status -z -uall [447ms]
2023-07-04 10:09:51.130 [info] > git config --get commit.template [39ms]
2023-07-04 10:09:51.137 [info] > git for-each-ref --format=%(refname)%00%(upstream:short)%00%(objectname)%00%(upstream:track)%00%(upstream:remotename)%00%(upstream:remoteref) refs/heads/master refs/remotes/master [43ms]
2023-07-04 10:09:51.603 [info] > git status -z -uall [459ms]
2023-07-04 10:09:56.837 [info] > git config --get commit.template [75ms]
2023-07-04 10:09:56.850 [info] > git for-each-ref --format=%(refname)%00%(upstream:short)%00%(objectname)%00%(upstream:track)%00%(upstream:remotename)%00%(upstream:remoteref) refs/heads/master refs/remotes/master [26ms]
2023-07-04 10:09:57.787 [info] > git status -z -uall [926ms]
2023-07-04 10:10:02.968 [info] > git config --get commit.template [55ms]
2023-07-04 10:10:02.993 [info] > git for-each-ref --format=%(refname)%00%(upstream:short)%00%(objectname)%00%(upstream:track)%00%(upstream:remotename)%00%(upstream:remoteref) refs/heads/master refs/remotes/master [47ms]
2023-07-04 10:10:09.610 [info] > git status -z -uall [6575ms]
2023-07-04 10:10:17.743 [info] > git config --get commit.template [436ms]
2023-07-04 10:10:18.933 [info] > git for-each-ref --format=%(refname)%00%(upstream:short)%00%(objectname)%00%(upstream:track)%00%(upstream:remotename)%00%(upstream:remoteref) refs/heads/master refs/remotes/master [239ms]
2023-07-04 10:10:20.610 [info] > git status -z -uall [1641ms]
2023-07-04 10:10:25.703 [info] > git config --get commit.template [32ms]
2023-07-04 10:10:25.705 [info] > git for-each-ref --format=%(refname)%00%(upstream:short)%00%(objectname)%00%(upstream:track)%00%(upstream:remotename)%00%(upstream:remoteref) refs/heads/master refs/remotes/master [33ms]
2023-07-04 10:10:26.226 [info] > git status -z -uall [514ms]
2023-07-04 11:24:28.526 [info] > git config --get commit.template [60ms]
2023-07-04 11:24:28.534 [info] > git for-each-ref --format=%(refname)%00%(upstream:short)%00%(objectname)%00%(upstream:track)%00%(upstream:remotename)%00%(upstream:remoteref) refs/heads/master refs/remotes/master [44ms]
2023-07-04 11:24:29.405 [info] > git status -z -uall [856ms]
2023-07-04 11:24:34.544 [info] > git for-each-ref --format=%(refname)%00%(upstream:short)%00%(objectname)%00%(upstream:track)%00%(upstream:remotename)%00%(upstream:remoteref) refs/heads/master refs/remotes/master [85ms]
2023-07-04 11:24:34.548 [info] > git config --get commit.template [97ms]
2023-07-04 11:24:35.491 [info] > git status -z -uall [916ms]
2023-07-04 11:24:40.651 [info] > git for-each-ref --format=%(refname)%00%(upstream:short)%00%(objectname)%00%(upstream:track)%00%(upstream:remotename)%00%(upstream:remoteref) refs/heads/master refs/remotes/master [86ms]
2023-07-04 11:24:40.655 [info] > git config --get commit.template [101ms]
2023-07-04 11:24:41.526 [info] > git status -z -uall [853ms]
2023-07-04 11:24:46.790 [info] > git for-each-ref --format=%(refname)%00%(upstream:short)%00%(objectname)%00%(upstream:track)%00%(upstream:remotename)%00%(upstream:remoteref) refs/heads/master refs/remotes/master [107ms]
2023-07-04 11:24:46.796 [info] > git config --get commit.template [126ms]
2023-07-04 11:24:47.646 [info] > git status -z -uall [829ms]
2023-07-04 11:33:44.072 [info] > git for-each-ref --format=%(refname)%00%(upstream:short)%00%(objectname)%00%(upstream:track)%00%(upstream:remotename)%00%(upstream:remoteref) refs/heads/master refs/remotes/master [98ms]
2023-07-04 11:33:44.076 [info] > git config --get commit.template [115ms]
2023-07-04 11:33:44.979 [info] > git status -z -uall [883ms]
2023-07-04 11:34:34.731 [info] > git config --get commit.template [71ms]
2023-07-04 11:34:34.738 [info] > git for-each-ref --format=%(refname)%00%(upstream:short)%00%(objectname)%00%(upstream:track)%00%(upstream:remotename)%00%(upstream:remoteref) refs/heads/master refs/remotes/master [78ms]
2023-07-04 11:34:35.633 [info] > git status -z -uall [886ms]
2023-07-04 11:47:26.246 [info] > git config --get commit.template [72ms]
2023-07-04 11:47:26.253 [info] > git for-each-ref --format=%(refname)%00%(upstream:short)%00%(objectname)%00%(upstream:track)%00%(upstream:remotename)%00%(upstream:remoteref) refs/heads/master refs/remotes/master [67ms]
2023-07-04 11:47:27.200 [info] > git status -z -uall [937ms]
2023-07-04 11:47:32.305 [info] > git config --get commit.template [54ms]
2023-07-04 11:47:32.312 [info] > git for-each-ref --format=%(refname)%00%(upstream:short)%00%(objectname)%00%(upstream:track)%00%(upstream:remotename)%00%(upstream:remoteref) refs/heads/master refs/remotes/master [53ms]
2023-07-04 11:47:33.217 [info] > git status -z -uall [896ms]
2023-07-04 12:35:02.771 [info] > git config --get commit.template [85ms]
2023-07-04 12:35:02.780 [info] > git for-each-ref --format=%(refname)%00%(upstream:short)%00%(objectname)%00%(upstream:track)%00%(upstream:remotename)%00%(upstream:remoteref) refs/heads/master refs/remotes/master [62ms]
2023-07-04 12:35:03.850 [info] > git status -z -uall [1048ms]
