2023-07-04 09:26:09.874 [info] Extension host with pid 5449 started
2023-07-04 09:26:09.885 [error] Error: EEXIST: file already exists, open '/home/ec2-user/.vscode-server/data/User/workspaceStorage/00ebf78945a301a83059ce8645495430/vscode.lock'
2023-07-04 09:26:09.906 [info] Lock '/home/ec2-user/.vscode-server/data/User/workspaceStorage/00ebf78945a301a83059ce8645495430/vscode.lock': Could not acquire lock, checking if the file is stale.
2023-07-04 09:26:09.928 [info] Lock '/home/ec2-user/.vscode-server/data/User/workspaceStorage/00ebf78945a301a83059ce8645495430/vscode.lock': The pid 2549 appears to be gone.
2023-07-04 09:26:09.929 [info] Lock '/home/ec2-user/.vscode-server/data/User/workspaceStorage/00ebf78945a301a83059ce8645495430/vscode.lock': Deleting a stale lock.
2023-07-04 09:26:09.934 [info] Lock '/home/ec2-user/.vscode-server/data/User/workspaceStorage/00ebf78945a301a83059ce8645495430/vscode.lock': Lock acquired.
2023-07-04 09:26:10.193 [info] ExtensionService#_doActivateExtension ms-python.python, startup: false, activationEvent: 'onLanguage:python'
2023-07-04 09:26:10.195 [info] ExtensionService#_doActivateExtension vscode.emmet, startup: false, activationEvent: 'onLanguage'
2023-07-04 09:26:11.196 [info] ExtensionService#_doActivateExtension vscode.git-base, startup: true, activationEvent: '*', root cause: vscode.git
2023-07-04 09:26:11.688 [info] ExtensionService#_doActivateExtension vscode.git, startup: true, activationEvent: '*'
2023-07-04 09:26:11.688 [info] ExtensionService#_doActivateExtension vscode.github, startup: true, activationEvent: '*'
2023-07-04 09:26:12.103 [info] ExtensionService#_doActivateExtension ms-python.vscode-pylance, startup: false, activationEvent: 'onLanguage:python'
2023-07-04 09:26:12.962 [info] Eager extensions activated
2023-07-04 09:26:12.963 [info] ExtensionService#_doActivateExtension vscode.debug-auto-launch, startup: false, activationEvent: 'onStartupFinished'
2023-07-04 09:26:12.963 [info] ExtensionService#_doActivateExtension vscode.merge-conflict, startup: false, activationEvent: 'onStartupFinished'
2023-07-04 09:26:13.581 [warning] [Decorations] CAPPING events from decorations provider vscode.git 254
2023-07-04 09:26:14.112 [warning] [Decorations] CAPPING events from decorations provider vscode.git 257
2023-07-04 09:26:16.334 [warning] [Decorations] CAPPING events from decorations provider vscode.git 257
2023-07-04 09:26:21.743 [warning] [Decorations] CAPPING events from decorations provider vscode.git 257
2023-07-04 09:26:30.512 [warning] [Decorations] CAPPING events from decorations provider vscode.git 257
2023-07-04 09:26:35.821 [warning] [Decorations] CAPPING events from decorations provider vscode.git 260
2023-07-04 09:26:40.929 [warning] [Decorations] CAPPING events from decorations provider vscode.git 260
2023-07-04 09:26:46.035 [warning] [Decorations] CAPPING events from decorations provider vscode.git 260
2023-07-04 09:26:51.150 [warning] [Decorations] CAPPING events from decorations provider vscode.git 260
2023-07-04 09:26:56.276 [warning] [Decorations] CAPPING events from decorations provider vscode.git 260
2023-07-04 09:27:01.396 [warning] [Decorations] CAPPING events from decorations provider vscode.git 260
2023-07-04 09:27:06.508 [warning] [Decorations] CAPPING events from decorations provider vscode.git 260
2023-07-04 09:27:11.618 [warning] [Decorations] CAPPING events from decorations provider vscode.git 260
2023-07-04 09:27:16.737 [warning] [Decorations] CAPPING events from decorations provider vscode.git 260
2023-07-04 09:27:17.770 [info] ExtensionService#_doActivateExtension vscode.npm, startup: false, activationEvent: 'onTerminalQuickFixRequest:ms-vscode.npm-command'
2023-07-04 09:27:21.842 [warning] [Decorations] CAPPING events from decorations provider vscode.git 260
2023-07-04 09:27:26.951 [warning] [Decorations] CAPPING events from decorations provider vscode.git 260
2023-07-04 09:27:32.067 [warning] [Decorations] CAPPING events from decorations provider vscode.git 260
2023-07-04 09:27:37.174 [warning] [Decorations] CAPPING events from decorations provider vscode.git 260
2023-07-04 09:27:42.288 [warning] [Decorations] CAPPING events from decorations provider vscode.git 260
2023-07-04 09:27:47.403 [warning] [Decorations] CAPPING events from decorations provider vscode.git 260
2023-07-04 09:27:52.565 [warning] [Decorations] CAPPING events from decorations provider vscode.git 260
2023-07-04 09:28:28.164 [warning] [Decorations] CAPPING events from decorations provider vscode.git 260
2023-07-04 09:28:33.269 [warning] [Decorations] CAPPING events from decorations provider vscode.git 260
2023-07-04 09:28:49.679 [warning] [Decorations] CAPPING events from decorations provider vscode.git 260
2023-07-04 09:28:54.886 [warning] [Decorations] CAPPING events from decorations provider vscode.git 260
2023-07-04 09:28:59.993 [warning] [Decorations] CAPPING events from decorations provider vscode.git 262
2023-07-04 09:29:05.107 [warning] [Decorations] CAPPING events from decorations provider vscode.git 262
2023-07-04 09:29:10.226 [warning] [Decorations] CAPPING events from decorations provider vscode.git 262
2023-07-04 09:29:15.345 [warning] [Decorations] CAPPING events from decorations provider vscode.git 262
2023-07-04 09:29:51.325 [warning] [Decorations] CAPPING events from decorations provider vscode.git 262
2023-07-04 09:29:56.450 [warning] [Decorations] CAPPING events from decorations provider vscode.git 262
2023-07-04 09:30:01.557 [warning] [Decorations] CAPPING events from decorations provider vscode.git 262
2023-07-04 09:30:06.669 [warning] [Decorations] CAPPING events from decorations provider vscode.git 262
2023-07-04 09:30:11.777 [warning] [Decorations] CAPPING events from decorations provider vscode.git 262
2023-07-04 09:30:16.882 [warning] [Decorations] CAPPING events from decorations provider vscode.git 262
2023-07-04 09:30:21.987 [warning] [Decorations] CAPPING events from decorations provider vscode.git 262
2023-07-04 09:30:27.095 [warning] [Decorations] CAPPING events from decorations provider vscode.git 262
2023-07-04 09:30:32.201 [warning] [Decorations] CAPPING events from decorations provider vscode.git 262
2023-07-04 09:30:37.306 [warning] [Decorations] CAPPING events from decorations provider vscode.git 262
2023-07-04 09:30:42.410 [warning] [Decorations] CAPPING events from decorations provider vscode.git 262
2023-07-04 09:30:47.511 [warning] [Decorations] CAPPING events from decorations provider vscode.git 262
2023-07-04 09:31:31.651 [warning] [Decorations] CAPPING events from decorations provider vscode.git 262
2023-07-04 09:31:36.758 [warning] [Decorations] CAPPING events from decorations provider vscode.git 262
2023-07-04 09:31:41.866 [warning] [Decorations] CAPPING events from decorations provider vscode.git 262
2023-07-04 09:31:46.974 [warning] [Decorations] CAPPING events from decorations provider vscode.git 262
2023-07-04 09:32:52.159 [warning] [Decorations] CAPPING events from decorations provider vscode.git 262
2023-07-04 09:32:57.265 [warning] [Decorations] CAPPING events from decorations provider vscode.git 262
2023-07-04 09:33:02.373 [warning] [Decorations] CAPPING events from decorations provider vscode.git 262
2023-07-04 09:33:15.344 [warning] [Decorations] CAPPING events from decorations provider vscode.git 262
2023-07-04 09:33:23.067 [warning] [Decorations] CAPPING events from decorations provider vscode.git 262
2023-07-04 09:33:28.174 [warning] [Decorations] CAPPING events from decorations provider vscode.git 262
2023-07-04 09:33:33.280 [warning] [Decorations] CAPPING events from decorations provider vscode.git 262
2023-07-04 09:33:38.388 [warning] [Decorations] CAPPING events from decorations provider vscode.git 262
2023-07-04 09:33:43.491 [warning] [Decorations] CAPPING events from decorations provider vscode.git 262
2023-07-04 09:33:48.597 [warning] [Decorations] CAPPING events from decorations provider vscode.git 262
2023-07-04 09:33:53.700 [warning] [Decorations] CAPPING events from decorations provider vscode.git 262
2023-07-04 09:33:58.802 [warning] [Decorations] CAPPING events from decorations provider vscode.git 262
2023-07-04 09:34:03.907 [warning] [Decorations] CAPPING events from decorations provider vscode.git 262
2023-07-04 09:34:18.884 [warning] [Decorations] CAPPING events from decorations provider vscode.git 262
2023-07-04 09:34:31.302 [warning] [Decorations] CAPPING events from decorations provider vscode.git 262
2023-07-04 09:34:37.547 [warning] [Decorations] CAPPING events from decorations provider vscode.git 262
2023-07-04 09:34:42.652 [warning] [Decorations] CAPPING events from decorations provider vscode.git 262
2023-07-04 09:35:03.904 [warning] [Decorations] CAPPING events from decorations provider vscode.git 262
2023-07-04 09:35:09.015 [warning] [Decorations] CAPPING events from decorations provider vscode.git 262
2023-07-04 09:35:14.123 [warning] [Decorations] CAPPING events from decorations provider vscode.git 262
2023-07-04 09:35:19.230 [warning] [Decorations] CAPPING events from decorations provider vscode.git 262
2023-07-04 09:35:24.345 [warning] [Decorations] CAPPING events from decorations provider vscode.git 262
2023-07-04 09:35:29.455 [warning] [Decorations] CAPPING events from decorations provider vscode.git 262
2023-07-04 09:35:34.558 [warning] [Decorations] CAPPING events from decorations provider vscode.git 262
2023-07-04 09:35:39.664 [warning] [Decorations] CAPPING events from decorations provider vscode.git 262
2023-07-04 09:35:44.769 [warning] [Decorations] CAPPING events from decorations provider vscode.git 263
2023-07-04 09:35:49.871 [warning] [Decorations] CAPPING events from decorations provider vscode.git 263
2023-07-04 09:36:09.844 [warning] [Decorations] CAPPING events from decorations provider vscode.git 263
2023-07-04 09:36:14.947 [warning] [Decorations] CAPPING events from decorations provider vscode.git 263
2023-07-04 09:36:30.482 [warning] [Decorations] CAPPING events from decorations provider vscode.git 263
2023-07-04 09:36:35.588 [warning] [Decorations] CAPPING events from decorations provider vscode.git 263
2023-07-04 09:36:40.691 [warning] [Decorations] CAPPING events from decorations provider vscode.git 263
2023-07-04 09:37:48.031 [warning] [Decorations] CAPPING events from decorations provider vscode.git 263
2023-07-04 09:37:53.144 [warning] [Decorations] CAPPING events from decorations provider vscode.git 263
2023-07-04 09:37:59.266 [warning] [Decorations] CAPPING events from decorations provider vscode.git 263
2023-07-04 09:38:05.730 [warning] [Decorations] CAPPING events from decorations provider vscode.git 263
2023-07-04 09:38:10.839 [warning] [Decorations] CAPPING events from decorations provider vscode.git 263
2023-07-04 09:38:15.954 [warning] [Decorations] CAPPING events from decorations provider vscode.git 263
2023-07-04 09:38:31.478 [warning] [Decorations] CAPPING events from decorations provider vscode.git 263
2023-07-04 09:38:36.585 [warning] [Decorations] CAPPING events from decorations provider vscode.git 263
2023-07-04 09:38:45.004 [warning] [Decorations] CAPPING events from decorations provider vscode.git 263
2023-07-04 09:38:50.111 [warning] [Decorations] CAPPING events from decorations provider vscode.git 264
2023-07-04 09:38:55.216 [warning] [Decorations] CAPPING events from decorations provider vscode.git 264
2023-07-04 09:42:56.971 [warning] [Decorations] CAPPING events from decorations provider vscode.git 264
2023-07-04 09:43:02.083 [warning] [Decorations] CAPPING events from decorations provider vscode.git 264
2023-07-04 09:45:54.711 [warning] [Decorations] CAPPING events from decorations provider vscode.git 264
2023-07-04 09:45:59.820 [warning] [Decorations] CAPPING events from decorations provider vscode.git 264
2023-07-04 09:46:04.925 [warning] [Decorations] CAPPING events from decorations provider vscode.git 264
2023-07-04 09:46:10.031 [warning] [Decorations] CAPPING events from decorations provider vscode.git 264
2023-07-04 09:46:15.137 [warning] [Decorations] CAPPING events from decorations provider vscode.git 264
2023-07-04 09:46:20.243 [warning] [Decorations] CAPPING events from decorations provider vscode.git 264
2023-07-04 09:46:28.467 [warning] [Decorations] CAPPING events from decorations provider vscode.git 263
2023-07-04 09:46:33.571 [warning] [Decorations] CAPPING events from decorations provider vscode.git 263
2023-07-04 09:46:40.978 [warning] [Decorations] CAPPING events from decorations provider vscode.git 263
2023-07-04 09:46:45.162 [info] ExtensionService#_doActivateExtension vscode.html-language-features, startup: false, activationEvent: 'onLanguage:html'
2023-07-04 09:46:46.320 [warning] [Decorations] CAPPING events from decorations provider vscode.git 264
2023-07-04 09:46:51.533 [warning] [Decorations] CAPPING events from decorations provider vscode.git 264
2023-07-04 09:46:56.637 [warning] [Decorations] CAPPING events from decorations provider vscode.git 264
2023-07-04 09:47:02.629 [warning] [Decorations] CAPPING events from decorations provider vscode.git 264
2023-07-04 09:47:07.741 [warning] [Decorations] CAPPING events from decorations provider vscode.git 264
2023-07-04 09:48:50.273 [warning] [Decorations] CAPPING events from decorations provider vscode.git 264
2023-07-04 09:48:55.399 [warning] [Decorations] CAPPING events from decorations provider vscode.git 264
2023-07-04 09:49:00.512 [warning] [Decorations] CAPPING events from decorations provider vscode.git 264
2023-07-04 09:49:05.617 [warning] [Decorations] CAPPING events from decorations provider vscode.git 264
2023-07-04 09:49:10.728 [warning] [Decorations] CAPPING events from decorations provider vscode.git 264
2023-07-04 09:49:15.835 [warning] [Decorations] CAPPING events from decorations provider vscode.git 264
2023-07-04 09:49:20.944 [warning] [Decorations] CAPPING events from decorations provider vscode.git 265
2023-07-04 09:49:26.050 [warning] [Decorations] CAPPING events from decorations provider vscode.git 267
2023-07-04 09:50:10.875 [warning] [Decorations] CAPPING events from decorations provider vscode.git 267
2023-07-04 09:50:16.003 [warning] [Decorations] CAPPING events from decorations provider vscode.git 267
2023-07-04 09:50:21.111 [warning] [Decorations] CAPPING events from decorations provider vscode.git 267
2023-07-04 09:50:26.218 [warning] [Decorations] CAPPING events from decorations provider vscode.git 267
2023-07-04 09:50:31.323 [warning] [Decorations] CAPPING events from decorations provider vscode.git 267
2023-07-04 09:50:36.429 [warning] [Decorations] CAPPING events from decorations provider vscode.git 267
2023-07-04 09:50:41.536 [warning] [Decorations] CAPPING events from decorations provider vscode.git 267
2023-07-04 09:50:46.650 [warning] [Decorations] CAPPING events from decorations provider vscode.git 267
2023-07-04 09:50:51.756 [warning] [Decorations] CAPPING events from decorations provider vscode.git 267
2023-07-04 09:50:56.874 [warning] [Decorations] CAPPING events from decorations provider vscode.git 267
2023-07-04 09:51:01.983 [warning] [Decorations] CAPPING events from decorations provider vscode.git 267
2023-07-04 09:51:07.282 [warning] [Decorations] CAPPING events from decorations provider vscode.git 267
2023-07-04 09:51:12.398 [warning] [Decorations] CAPPING events from decorations provider vscode.git 267
2023-07-04 09:52:01.499 [warning] [Decorations] CAPPING events from decorations provider vscode.git 267
2023-07-04 09:52:06.609 [warning] [Decorations] CAPPING events from decorations provider vscode.git 267
2023-07-04 09:52:11.720 [warning] [Decorations] CAPPING events from decorations provider vscode.git 267
2023-07-04 09:52:16.962 [warning] [Decorations] CAPPING events from decorations provider vscode.git 270
2023-07-04 09:52:22.084 [warning] [Decorations] CAPPING events from decorations provider vscode.git 270
2023-07-04 09:52:32.211 [warning] [Decorations] CAPPING events from decorations provider vscode.git 270
2023-07-04 09:52:37.334 [warning] [Decorations] CAPPING events from decorations provider vscode.git 270
2023-07-04 09:53:28.041 [warning] [Decorations] CAPPING events from decorations provider vscode.git 270
2023-07-04 09:53:33.152 [warning] [Decorations] CAPPING events from decorations provider vscode.git 270
2023-07-04 09:53:38.261 [warning] [Decorations] CAPPING events from decorations provider vscode.git 270
2023-07-04 09:53:43.365 [warning] [Decorations] CAPPING events from decorations provider vscode.git 270
2023-07-04 09:53:48.473 [warning] [Decorations] CAPPING events from decorations provider vscode.git 270
2023-07-04 09:53:55.926 [warning] [Decorations] CAPPING events from decorations provider vscode.git 273
2023-07-04 09:54:01.095 [warning] [Decorations] CAPPING events from decorations provider vscode.git 273
2023-07-04 09:55:08.656 [warning] [Decorations] CAPPING events from decorations provider vscode.git 273
2023-07-04 09:55:13.783 [warning] [Decorations] CAPPING events from decorations provider vscode.git 273
2023-07-04 09:55:18.893 [warning] [Decorations] CAPPING events from decorations provider vscode.git 273
2023-07-04 09:55:24.005 [warning] [Decorations] CAPPING events from decorations provider vscode.git 273
2023-07-04 09:55:29.116 [warning] [Decorations] CAPPING events from decorations provider vscode.git 273
2023-07-04 09:55:34.309 [warning] [Decorations] CAPPING events from decorations provider vscode.git 273
2023-07-04 09:55:39.422 [warning] [Decorations] CAPPING events from decorations provider vscode.git 273
2023-07-04 09:55:44.534 [warning] [Decorations] CAPPING events from decorations provider vscode.git 276
2023-07-04 09:55:49.640 [warning] [Decorations] CAPPING events from decorations provider vscode.git 276
2023-07-04 10:00:22.484 [warning] [Decorations] CAPPING events from decorations provider vscode.git 277
2023-07-04 10:00:27.643 [warning] [Decorations] CAPPING events from decorations provider vscode.git 277
2023-07-04 10:00:32.751 [warning] [Decorations] CAPPING events from decorations provider vscode.git 277
2023-07-04 10:00:37.869 [warning] [Decorations] CAPPING events from decorations provider vscode.git 277
2023-07-04 10:00:42.978 [warning] [Decorations] CAPPING events from decorations provider vscode.git 277
2023-07-04 10:00:48.085 [warning] [Decorations] CAPPING events from decorations provider vscode.git 277
2023-07-04 10:00:53.201 [warning] [Decorations] CAPPING events from decorations provider vscode.git 277
2023-07-04 10:00:58.313 [warning] [Decorations] CAPPING events from decorations provider vscode.git 277
2023-07-04 10:01:03.423 [warning] [Decorations] CAPPING events from decorations provider vscode.git 277
2023-07-04 10:01:08.536 [warning] [Decorations] CAPPING events from decorations provider vscode.git 277
2023-07-04 10:01:15.215 [warning] [Decorations] CAPPING events from decorations provider vscode.git 280
2023-07-04 10:01:20.321 [warning] [Decorations] CAPPING events from decorations provider vscode.git 280
2023-07-04 10:01:25.429 [warning] [Decorations] CAPPING events from decorations provider vscode.git 280
2023-07-04 10:01:30.533 [warning] [Decorations] CAPPING events from decorations provider vscode.git 280
2023-07-04 10:01:35.638 [warning] [Decorations] CAPPING events from decorations provider vscode.git 280
2023-07-04 10:01:46.045 [warning] [Decorations] CAPPING events from decorations provider vscode.git 280
2023-07-04 10:01:51.151 [warning] [Decorations] CAPPING events from decorations provider vscode.git 280
2023-07-04 10:01:56.292 [warning] [Decorations] CAPPING events from decorations provider vscode.git 280
2023-07-04 10:03:16.046 [warning] [Decorations] CAPPING events from decorations provider vscode.git 280
2023-07-04 10:03:21.221 [warning] [Decorations] CAPPING events from decorations provider vscode.git 280
2023-07-04 10:04:18.040 [warning] [Decorations] CAPPING events from decorations provider vscode.git 280
2023-07-04 10:04:23.181 [warning] [Decorations] CAPPING events from decorations provider vscode.git 280
2023-07-04 10:04:28.295 [warning] [Decorations] CAPPING events from decorations provider vscode.git 280
2023-07-04 10:04:34.133 [warning] [Decorations] CAPPING events from decorations provider vscode.git 280
2023-07-04 10:04:39.245 [warning] [Decorations] CAPPING events from decorations provider vscode.git 280
2023-07-04 10:04:44.426 [warning] [Decorations] CAPPING events from decorations provider vscode.git 283
2023-07-04 10:09:08.678 [warning] [Decorations] CAPPING events from decorations provider vscode.git 283
2023-07-04 10:09:13.845 [warning] [Decorations] CAPPING events from decorations provider vscode.git 283
2023-07-04 10:09:18.953 [warning] [Decorations] CAPPING events from decorations provider vscode.git 283
2023-07-04 10:09:24.213 [warning] [Decorations] CAPPING events from decorations provider vscode.git 283
2023-07-04 10:09:29.452 [warning] [Decorations] CAPPING events from decorations provider vscode.git 283
2023-07-04 10:09:35.000 [warning] [Decorations] CAPPING events from decorations provider vscode.git 283
2023-07-04 10:09:40.503 [warning] [Decorations] CAPPING events from decorations provider vscode.git 283
2023-07-04 10:09:46.034 [warning] [Decorations] CAPPING events from decorations provider vscode.git 283
2023-07-04 10:09:51.683 [warning] [Decorations] CAPPING events from decorations provider vscode.git 283
2023-07-04 10:09:57.840 [warning] [Decorations] CAPPING events from decorations provider vscode.git 286
2023-07-04 10:10:09.752 [warning] [Decorations] CAPPING events from decorations provider vscode.git 286
2023-07-04 10:10:20.627 [warning] [Decorations] CAPPING events from decorations provider vscode.git 286
2023-07-04 10:10:26.268 [warning] [Decorations] CAPPING events from decorations provider vscode.git 286
2023-07-04 11:24:29.424 [warning] [Decorations] CAPPING events from decorations provider vscode.git 286
2023-07-04 11:24:35.521 [warning] [Decorations] CAPPING events from decorations provider vscode.git 286
2023-07-04 11:24:41.582 [warning] [Decorations] CAPPING events from decorations provider vscode.git 286
2023-07-04 11:24:47.664 [warning] [Decorations] CAPPING events from decorations provider vscode.git 286
2023-07-04 11:33:45.023 [warning] [Decorations] CAPPING events from decorations provider vscode.git 286
2023-07-04 11:34:35.667 [warning] [Decorations] CAPPING events from decorations provider vscode.git 286
2023-07-04 11:47:27.219 [warning] [Decorations] CAPPING events from decorations provider vscode.git 286
2023-07-04 11:47:33.247 [warning] [Decorations] CAPPING events from decorations provider vscode.git 286
2023-07-04 12:35:03.870 [warning] [Decorations] CAPPING events from decorations provider vscode.git 286
