2023-07-04 07:53:44.337 [info] Log level: Info
2023-07-04 07:53:44.337 [info] Validating found git in: "git"
2023-07-04 07:53:44.337 [info] Using git "2.40.1" from "git"
2023-07-04 07:53:44.337 [info] > git rev-parse --show-toplevel [101ms]
2023-07-04 07:53:44.338 [info] > git rev-parse --git-dir --git-common-dir [15ms]
2023-07-04 07:53:44.338 [info] Open repository: /home/ec2-user
2023-07-04 07:53:44.338 [info] > git rev-parse --show-toplevel [16ms]
2023-07-04 07:53:44.338 [info] > git config --get commit.template [13ms]
2023-07-04 07:53:44.338 [info] > git rev-parse --show-toplevel [31ms]
2023-07-04 07:53:44.338 [info] > git for-each-ref --format=%(refname)%00%(upstream:short)%00%(objectname)%00%(upstream:track)%00%(upstream:remotename)%00%(upstream:remoteref) refs/heads/master refs/remotes/master [33ms]
2023-07-04 07:53:44.338 [info] > git rev-parse --show-toplevel [51ms]
2023-07-04 07:53:44.338 [info] > git rev-parse --show-toplevel [31ms]
2023-07-04 07:53:44.338 [info] > git status -z -uall [299ms]
2023-07-04 07:53:44.338 [info] > git rev-parse --show-toplevel [195ms]
2023-07-04 07:53:44.338 [info] > git rev-parse --show-toplevel [27ms]
2023-07-04 07:53:44.338 [info] > git config --get commit.template [32ms]
2023-07-04 07:53:44.338 [info] > git rev-parse --show-toplevel [161ms]
2023-07-04 07:53:44.338 [info] > git rev-parse --show-toplevel [2ms]
2023-07-04 07:53:44.338 [info] > git for-each-ref --format=%(refname)%00%(upstream:short)%00%(objectname)%00%(upstream:track)%00%(upstream:remotename)%00%(upstream:remoteref) refs/heads/master refs/remotes/master [12ms]
2023-07-04 07:53:44.338 [info] > git rev-parse --show-toplevel [10ms]
2023-07-04 07:53:44.338 [info] > git rev-parse --show-toplevel [90ms]
2023-07-04 07:53:44.338 [info] > git status -z -uall [181ms]
2023-07-04 07:53:44.675 [info] > git check-ignore -v -z --stdin [48ms]
2023-07-04 07:53:44.709 [info] > git ls-files --stage -- /home/ec2-user/flaskr/views.py [13ms]
2023-07-04 07:53:44.715 [info] > git show --textconv :flaskr/views.py [29ms]
2023-07-04 07:53:44.725 [info] > git cat-file -s ae6f2cd433522cf724dce5e60f78eb1677c41034 [11ms]
2023-07-04 07:53:47.870 [info] > git config --get commit.template [30ms]
2023-07-04 07:53:47.885 [info] > git for-each-ref --format=%(refname)%00%(upstream:short)%00%(objectname)%00%(upstream:track)%00%(upstream:remotename)%00%(upstream:remoteref) refs/heads/master refs/remotes/master [16ms]
2023-07-04 07:53:48.185 [info] > git status -z -uall [279ms]
2023-07-04 07:53:56.377 [info] > git config --get commit.template [12ms]
2023-07-04 07:53:56.383 [info] > git for-each-ref --format=%(refname)%00%(upstream:short)%00%(objectname)%00%(upstream:track)%00%(upstream:remotename)%00%(upstream:remoteref) refs/heads/master refs/remotes/master [8ms]
2023-07-04 07:53:56.686 [info] > git status -z -uall [290ms]
2023-07-04 07:54:01.718 [info] > git config --get commit.template [5ms]
2023-07-04 07:54:01.720 [info] > git for-each-ref --format=%(refname)%00%(upstream:short)%00%(objectname)%00%(upstream:track)%00%(upstream:remotename)%00%(upstream:remoteref) refs/heads/master refs/remotes/master [3ms]
2023-07-04 07:54:01.802 [info] > git status -z -uall [78ms]
2023-07-04 07:54:06.832 [info] > git config --get commit.template [6ms]
2023-07-04 07:54:06.834 [info] > git for-each-ref --format=%(refname)%00%(upstream:short)%00%(objectname)%00%(upstream:track)%00%(upstream:remotename)%00%(upstream:remoteref) refs/heads/master refs/remotes/master [3ms]
2023-07-04 07:54:06.916 [info] > git status -z -uall [79ms]
2023-07-04 07:54:11.938 [info] > git config --get commit.template [6ms]
2023-07-04 07:54:11.941 [info] > git for-each-ref --format=%(refname)%00%(upstream:short)%00%(objectname)%00%(upstream:track)%00%(upstream:remotename)%00%(upstream:remoteref) refs/heads/master refs/remotes/master [2ms]
2023-07-04 07:54:12.023 [info] > git status -z -uall [79ms]
2023-07-04 07:54:17.043 [info] > git config --get commit.template [6ms]
2023-07-04 07:54:17.045 [info] > git for-each-ref --format=%(refname)%00%(upstream:short)%00%(objectname)%00%(upstream:track)%00%(upstream:remotename)%00%(upstream:remoteref) refs/heads/master refs/remotes/master [2ms]
2023-07-04 07:54:17.129 [info] > git status -z -uall [79ms]
2023-07-04 07:54:22.150 [info] > git config --get commit.template [6ms]
2023-07-04 07:54:22.152 [info] > git for-each-ref --format=%(refname)%00%(upstream:short)%00%(objectname)%00%(upstream:track)%00%(upstream:remotename)%00%(upstream:remoteref) refs/heads/master refs/remotes/master [3ms]
2023-07-04 07:54:22.236 [info] > git status -z -uall [80ms]
2023-07-04 07:54:27.258 [info] > git config --get commit.template [6ms]
2023-07-04 07:54:27.260 [info] > git for-each-ref --format=%(refname)%00%(upstream:short)%00%(objectname)%00%(upstream:track)%00%(upstream:remotename)%00%(upstream:remoteref) refs/heads/master refs/remotes/master [3ms]
2023-07-04 07:54:27.342 [info] > git status -z -uall [77ms]
2023-07-04 07:54:32.362 [info] > git config --get commit.template [6ms]
2023-07-04 07:54:32.367 [info] > git for-each-ref --format=%(refname)%00%(upstream:short)%00%(objectname)%00%(upstream:track)%00%(upstream:remotename)%00%(upstream:remoteref) refs/heads/master refs/remotes/master [6ms]
2023-07-04 07:54:32.448 [info] > git status -z -uall [78ms]
2023-07-04 07:54:37.469 [info] > git config --get commit.template [8ms]
2023-07-04 07:54:37.471 [info] > git for-each-ref --format=%(refname)%00%(upstream:short)%00%(objectname)%00%(upstream:track)%00%(upstream:remotename)%00%(upstream:remoteref) refs/heads/master refs/remotes/master [4ms]
2023-07-04 07:54:37.557 [info] > git status -z -uall [83ms]
2023-07-04 07:54:42.578 [info] > git config --get commit.template [6ms]
2023-07-04 07:54:42.580 [info] > git for-each-ref --format=%(refname)%00%(upstream:short)%00%(objectname)%00%(upstream:track)%00%(upstream:remotename)%00%(upstream:remoteref) refs/heads/master refs/remotes/master [3ms]
2023-07-04 07:54:42.661 [info] > git status -z -uall [77ms]
2023-07-04 07:54:47.681 [info] > git config --get commit.template [6ms]
2023-07-04 07:54:47.683 [info] > git for-each-ref --format=%(refname)%00%(upstream:short)%00%(objectname)%00%(upstream:track)%00%(upstream:remotename)%00%(upstream:remoteref) refs/heads/master refs/remotes/master [3ms]
2023-07-04 07:54:47.767 [info] > git status -z -uall [80ms]
2023-07-04 07:54:52.788 [info] > git config --get commit.template [6ms]
2023-07-04 07:54:52.790 [info] > git for-each-ref --format=%(refname)%00%(upstream:short)%00%(objectname)%00%(upstream:track)%00%(upstream:remotename)%00%(upstream:remoteref) refs/heads/master refs/remotes/master [2ms]
2023-07-04 07:54:52.871 [info] > git status -z -uall [77ms]
2023-07-04 07:54:57.895 [info] > git config --get commit.template [6ms]
2023-07-04 07:54:57.897 [info] > git for-each-ref --format=%(refname)%00%(upstream:short)%00%(objectname)%00%(upstream:track)%00%(upstream:remotename)%00%(upstream:remoteref) refs/heads/master refs/remotes/master [3ms]
2023-07-04 07:54:57.978 [info] > git status -z -uall [77ms]
2023-07-04 07:55:03.007 [info] > git config --get commit.template [7ms]
2023-07-04 07:55:03.009 [info] > git for-each-ref --format=%(refname)%00%(upstream:short)%00%(objectname)%00%(upstream:track)%00%(upstream:remotename)%00%(upstream:remoteref) refs/heads/master refs/remotes/master [2ms]
2023-07-04 07:55:03.092 [info] > git status -z -uall [79ms]
2023-07-04 07:55:08.112 [info] > git config --get commit.template [6ms]
2023-07-04 07:55:08.114 [info] > git for-each-ref --format=%(refname)%00%(upstream:short)%00%(objectname)%00%(upstream:track)%00%(upstream:remotename)%00%(upstream:remoteref) refs/heads/master refs/remotes/master [3ms]
2023-07-04 07:55:08.199 [info] > git status -z -uall [82ms]
2023-07-04 07:55:13.220 [info] > git config --get commit.template [5ms]
2023-07-04 07:55:13.221 [info] > git for-each-ref --format=%(refname)%00%(upstream:short)%00%(objectname)%00%(upstream:track)%00%(upstream:remotename)%00%(upstream:remoteref) refs/heads/master refs/remotes/master [2ms]
2023-07-04 07:55:13.303 [info] > git status -z -uall [78ms]
2023-07-04 07:55:18.322 [info] > git config --get commit.template [7ms]
2023-07-04 07:55:18.324 [info] > git for-each-ref --format=%(refname)%00%(upstream:short)%00%(objectname)%00%(upstream:track)%00%(upstream:remotename)%00%(upstream:remoteref) refs/heads/master refs/remotes/master [3ms]
2023-07-04 07:55:18.434 [info] > git status -z -uall [105ms]
2023-07-04 07:55:23.476 [info] > git config --get commit.template [5ms]
2023-07-04 07:55:23.477 [info] > git for-each-ref --format=%(refname)%00%(upstream:short)%00%(objectname)%00%(upstream:track)%00%(upstream:remotename)%00%(upstream:remoteref) refs/heads/master refs/remotes/master [2ms]
2023-07-04 07:55:23.559 [info] > git status -z -uall [78ms]
2023-07-04 07:55:28.577 [info] > git config --get commit.template [6ms]
2023-07-04 07:55:28.579 [info] > git for-each-ref --format=%(refname)%00%(upstream:short)%00%(objectname)%00%(upstream:track)%00%(upstream:remotename)%00%(upstream:remoteref) refs/heads/master refs/remotes/master [2ms]
2023-07-04 07:55:28.662 [info] > git status -z -uall [78ms]
2023-07-04 07:55:33.680 [info] > git config --get commit.template [5ms]
2023-07-04 07:55:33.682 [info] > git for-each-ref --format=%(refname)%00%(upstream:short)%00%(objectname)%00%(upstream:track)%00%(upstream:remotename)%00%(upstream:remoteref) refs/heads/master refs/remotes/master [2ms]
2023-07-04 07:55:33.762 [info] > git status -z -uall [77ms]
2023-07-04 07:55:38.782 [info] > git config --get commit.template [6ms]
2023-07-04 07:55:38.784 [info] > git for-each-ref --format=%(refname)%00%(upstream:short)%00%(objectname)%00%(upstream:track)%00%(upstream:remotename)%00%(upstream:remoteref) refs/heads/master refs/remotes/master [3ms]
2023-07-04 07:55:38.865 [info] > git status -z -uall [77ms]
2023-07-04 07:55:43.883 [info] > git config --get commit.template [6ms]
2023-07-04 07:55:43.885 [info] > git for-each-ref --format=%(refname)%00%(upstream:short)%00%(objectname)%00%(upstream:track)%00%(upstream:remotename)%00%(upstream:remoteref) refs/heads/master refs/remotes/master [3ms]
2023-07-04 07:55:43.967 [info] > git status -z -uall [77ms]
2023-07-04 07:55:48.984 [info] > git config --get commit.template [6ms]
2023-07-04 07:55:48.986 [info] > git for-each-ref --format=%(refname)%00%(upstream:short)%00%(objectname)%00%(upstream:track)%00%(upstream:remotename)%00%(upstream:remoteref) refs/heads/master refs/remotes/master [3ms]
2023-07-04 07:55:49.069 [info] > git status -z -uall [79ms]
2023-07-04 07:55:54.099 [info] > git config --get commit.template [5ms]
2023-07-04 07:55:54.101 [info] > git for-each-ref --format=%(refname)%00%(upstream:short)%00%(objectname)%00%(upstream:track)%00%(upstream:remotename)%00%(upstream:remoteref) refs/heads/master refs/remotes/master [3ms]
2023-07-04 07:55:54.180 [info] > git status -z -uall [76ms]
2023-07-04 07:55:59.202 [info] > git config --get commit.template [7ms]
2023-07-04 07:55:59.204 [info] > git for-each-ref --format=%(refname)%00%(upstream:short)%00%(objectname)%00%(upstream:track)%00%(upstream:remotename)%00%(upstream:remoteref) refs/heads/master refs/remotes/master [3ms]
2023-07-04 07:55:59.287 [info] > git status -z -uall [78ms]
2023-07-04 07:56:04.312 [info] > git config --get commit.template [9ms]
2023-07-04 07:56:04.314 [info] > git for-each-ref --format=%(refname)%00%(upstream:short)%00%(objectname)%00%(upstream:track)%00%(upstream:remotename)%00%(upstream:remoteref) refs/heads/master refs/remotes/master [3ms]
2023-07-04 07:56:04.396 [info] > git status -z -uall [78ms]
2023-07-04 07:56:09.415 [info] > git config --get commit.template [5ms]
2023-07-04 07:56:09.416 [info] > git for-each-ref --format=%(refname)%00%(upstream:short)%00%(objectname)%00%(upstream:track)%00%(upstream:remotename)%00%(upstream:remoteref) refs/heads/master refs/remotes/master [2ms]
2023-07-04 07:56:09.497 [info] > git status -z -uall [77ms]
2023-07-04 07:56:14.525 [info] > git config --get commit.template [6ms]
2023-07-04 07:56:14.527 [info] > git for-each-ref --format=%(refname)%00%(upstream:short)%00%(objectname)%00%(upstream:track)%00%(upstream:remotename)%00%(upstream:remoteref) refs/heads/master refs/remotes/master [3ms]
2023-07-04 07:56:14.609 [info] > git status -z -uall [78ms]
2023-07-04 07:56:19.630 [info] > git config --get commit.template [6ms]
2023-07-04 07:56:19.632 [info] > git for-each-ref --format=%(refname)%00%(upstream:short)%00%(objectname)%00%(upstream:track)%00%(upstream:remotename)%00%(upstream:remoteref) refs/heads/master refs/remotes/master [2ms]
2023-07-04 07:56:19.714 [info] > git status -z -uall [78ms]
2023-07-04 07:56:24.733 [info] > git config --get commit.template [6ms]
2023-07-04 07:56:24.735 [info] > git for-each-ref --format=%(refname)%00%(upstream:short)%00%(objectname)%00%(upstream:track)%00%(upstream:remotename)%00%(upstream:remoteref) refs/heads/master refs/remotes/master [3ms]
2023-07-04 07:56:24.816 [info] > git status -z -uall [76ms]
2023-07-04 07:56:29.834 [info] > git config --get commit.template [6ms]
2023-07-04 07:56:29.836 [info] > git for-each-ref --format=%(refname)%00%(upstream:short)%00%(objectname)%00%(upstream:track)%00%(upstream:remotename)%00%(upstream:remoteref) refs/heads/master refs/remotes/master [3ms]
2023-07-04 07:56:29.919 [info] > git status -z -uall [79ms]
2023-07-04 07:56:34.939 [info] > git config --get commit.template [6ms]
2023-07-04 07:56:34.941 [info] > git for-each-ref --format=%(refname)%00%(upstream:short)%00%(objectname)%00%(upstream:track)%00%(upstream:remotename)%00%(upstream:remoteref) refs/heads/master refs/remotes/master [2ms]
2023-07-04 07:56:35.026 [info] > git status -z -uall [80ms]
2023-07-04 07:56:40.044 [info] > git config --get commit.template [6ms]
2023-07-04 07:56:40.046 [info] > git for-each-ref --format=%(refname)%00%(upstream:short)%00%(objectname)%00%(upstream:track)%00%(upstream:remotename)%00%(upstream:remoteref) refs/heads/master refs/remotes/master [3ms]
2023-07-04 07:56:40.128 [info] > git status -z -uall [79ms]
2023-07-04 07:56:45.147 [info] > git config --get commit.template [6ms]
2023-07-04 07:56:45.149 [info] > git for-each-ref --format=%(refname)%00%(upstream:short)%00%(objectname)%00%(upstream:track)%00%(upstream:remotename)%00%(upstream:remoteref) refs/heads/master refs/remotes/master [3ms]
2023-07-04 07:56:45.230 [info] > git status -z -uall [77ms]
2023-07-04 07:56:50.249 [info] > git config --get commit.template [6ms]
2023-07-04 07:56:50.251 [info] > git for-each-ref --format=%(refname)%00%(upstream:short)%00%(objectname)%00%(upstream:track)%00%(upstream:remotename)%00%(upstream:remoteref) refs/heads/master refs/remotes/master [3ms]
2023-07-04 07:56:50.330 [info] > git status -z -uall [76ms]
2023-07-04 07:56:55.359 [info] > git config --get commit.template [6ms]
2023-07-04 07:56:55.360 [info] > git for-each-ref --format=%(refname)%00%(upstream:short)%00%(objectname)%00%(upstream:track)%00%(upstream:remotename)%00%(upstream:remoteref) refs/heads/master refs/remotes/master [3ms]
2023-07-04 07:56:55.440 [info] > git status -z -uall [76ms]
2023-07-04 07:57:00.459 [info] > git config --get commit.template [6ms]
2023-07-04 07:57:00.462 [info] > git for-each-ref --format=%(refname)%00%(upstream:short)%00%(objectname)%00%(upstream:track)%00%(upstream:remotename)%00%(upstream:remoteref) refs/heads/master refs/remotes/master [3ms]
2023-07-04 07:57:00.542 [info] > git status -z -uall [77ms]
2023-07-04 07:57:05.561 [info] > git config --get commit.template [5ms]
2023-07-04 07:57:05.563 [info] > git for-each-ref --format=%(refname)%00%(upstream:short)%00%(objectname)%00%(upstream:track)%00%(upstream:remotename)%00%(upstream:remoteref) refs/heads/master refs/remotes/master [2ms]
2023-07-04 07:57:05.640 [info] > git status -z -uall [73ms]
2023-07-04 07:57:10.664 [info] > git config --get commit.template [6ms]
2023-07-04 07:57:10.666 [info] > git for-each-ref --format=%(refname)%00%(upstream:short)%00%(objectname)%00%(upstream:track)%00%(upstream:remotename)%00%(upstream:remoteref) refs/heads/master refs/remotes/master [3ms]
2023-07-04 07:57:10.749 [info] > git status -z -uall [80ms]
2023-07-04 07:57:15.767 [info] > git config --get commit.template [6ms]
2023-07-04 07:57:15.769 [info] > git for-each-ref --format=%(refname)%00%(upstream:short)%00%(objectname)%00%(upstream:track)%00%(upstream:remotename)%00%(upstream:remoteref) refs/heads/master refs/remotes/master [3ms]
2023-07-04 07:57:15.848 [info] > git status -z -uall [75ms]
2023-07-04 07:57:20.866 [info] > git config --get commit.template [6ms]
2023-07-04 07:57:20.868 [info] > git for-each-ref --format=%(refname)%00%(upstream:short)%00%(objectname)%00%(upstream:track)%00%(upstream:remotename)%00%(upstream:remoteref) refs/heads/master refs/remotes/master [3ms]
2023-07-04 07:57:20.954 [info] > git status -z -uall [83ms]
2023-07-04 07:57:25.973 [info] > git config --get commit.template [6ms]
2023-07-04 07:57:25.975 [info] > git for-each-ref --format=%(refname)%00%(upstream:short)%00%(objectname)%00%(upstream:track)%00%(upstream:remotename)%00%(upstream:remoteref) refs/heads/master refs/remotes/master [3ms]
2023-07-04 07:57:26.057 [info] > git status -z -uall [79ms]
2023-07-04 07:57:31.077 [info] > git config --get commit.template [6ms]
2023-07-04 07:57:31.079 [info] > git for-each-ref --format=%(refname)%00%(upstream:short)%00%(objectname)%00%(upstream:track)%00%(upstream:remotename)%00%(upstream:remoteref) refs/heads/master refs/remotes/master [3ms]
2023-07-04 07:57:31.160 [info] > git status -z -uall [78ms]
2023-07-04 07:57:36.183 [info] > git config --get commit.template [5ms]
2023-07-04 07:57:36.185 [info] > git for-each-ref --format=%(refname)%00%(upstream:short)%00%(objectname)%00%(upstream:track)%00%(upstream:remotename)%00%(upstream:remoteref) refs/heads/master refs/remotes/master [3ms]
2023-07-04 07:57:36.267 [info] > git status -z -uall [79ms]
2023-07-04 07:57:41.285 [info] > git config --get commit.template [6ms]
2023-07-04 07:57:41.288 [info] > git for-each-ref --format=%(refname)%00%(upstream:short)%00%(objectname)%00%(upstream:track)%00%(upstream:remotename)%00%(upstream:remoteref) refs/heads/master refs/remotes/master [2ms]
2023-07-04 07:57:41.372 [info] > git status -z -uall [81ms]
2023-07-04 07:57:46.392 [info] > git config --get commit.template [6ms]
2023-07-04 07:57:46.394 [info] > git for-each-ref --format=%(refname)%00%(upstream:short)%00%(objectname)%00%(upstream:track)%00%(upstream:remotename)%00%(upstream:remoteref) refs/heads/master refs/remotes/master [2ms]
2023-07-04 07:57:46.476 [info] > git status -z -uall [78ms]
2023-07-04 07:57:51.496 [info] > git config --get commit.template [7ms]
2023-07-04 07:57:51.498 [info] > git for-each-ref --format=%(refname)%00%(upstream:short)%00%(objectname)%00%(upstream:track)%00%(upstream:remotename)%00%(upstream:remoteref) refs/heads/master refs/remotes/master [3ms]
2023-07-04 07:57:51.579 [info] > git status -z -uall [77ms]
2023-07-04 07:57:56.596 [info] > git config --get commit.template [5ms]
2023-07-04 07:57:56.597 [info] > git for-each-ref --format=%(refname)%00%(upstream:short)%00%(objectname)%00%(upstream:track)%00%(upstream:remotename)%00%(upstream:remoteref) refs/heads/master refs/remotes/master [2ms]
2023-07-04 07:57:56.677 [info] > git status -z -uall [76ms]
2023-07-04 07:58:01.696 [info] > git config --get commit.template [5ms]
2023-07-04 07:58:01.698 [info] > git for-each-ref --format=%(refname)%00%(upstream:short)%00%(objectname)%00%(upstream:track)%00%(upstream:remotename)%00%(upstream:remoteref) refs/heads/master refs/remotes/master [2ms]
2023-07-04 07:58:01.778 [info] > git status -z -uall [77ms]
2023-07-04 07:58:06.799 [info] > git config --get commit.template [6ms]
2023-07-04 07:58:06.800 [info] > git for-each-ref --format=%(refname)%00%(upstream:short)%00%(objectname)%00%(upstream:track)%00%(upstream:remotename)%00%(upstream:remoteref) refs/heads/master refs/remotes/master [2ms]
2023-07-04 07:58:06.882 [info] > git status -z -uall [78ms]
2023-07-04 07:58:11.900 [info] > git config --get commit.template [7ms]
2023-07-04 07:58:11.902 [info] > git for-each-ref --format=%(refname)%00%(upstream:short)%00%(objectname)%00%(upstream:track)%00%(upstream:remotename)%00%(upstream:remoteref) refs/heads/master refs/remotes/master [2ms]
2023-07-04 07:58:11.983 [info] > git status -z -uall [76ms]
2023-07-04 07:58:17.002 [info] > git config --get commit.template [6ms]
2023-07-04 07:58:17.004 [info] > git for-each-ref --format=%(refname)%00%(upstream:short)%00%(objectname)%00%(upstream:track)%00%(upstream:remotename)%00%(upstream:remoteref) refs/heads/master refs/remotes/master [2ms]
2023-07-04 07:58:17.085 [info] > git status -z -uall [77ms]
2023-07-04 07:58:22.103 [info] > git config --get commit.template [5ms]
2023-07-04 07:58:22.105 [info] > git for-each-ref --format=%(refname)%00%(upstream:short)%00%(objectname)%00%(upstream:track)%00%(upstream:remotename)%00%(upstream:remoteref) refs/heads/master refs/remotes/master [3ms]
2023-07-04 07:58:22.188 [info] > git status -z -uall [80ms]
2023-07-04 07:58:27.207 [info] > git config --get commit.template [7ms]
2023-07-04 07:58:27.209 [info] > git for-each-ref --format=%(refname)%00%(upstream:short)%00%(objectname)%00%(upstream:track)%00%(upstream:remotename)%00%(upstream:remoteref) refs/heads/master refs/remotes/master [3ms]
2023-07-04 07:58:27.291 [info] > git status -z -uall [78ms]
2023-07-04 07:58:32.310 [info] > git config --get commit.template [6ms]
2023-07-04 07:58:32.312 [info] > git for-each-ref --format=%(refname)%00%(upstream:short)%00%(objectname)%00%(upstream:track)%00%(upstream:remotename)%00%(upstream:remoteref) refs/heads/master refs/remotes/master [3ms]
2023-07-04 07:58:32.392 [info] > git status -z -uall [77ms]
2023-07-04 07:58:37.413 [info] > git config --get commit.template [6ms]
2023-07-04 07:58:37.415 [info] > git for-each-ref --format=%(refname)%00%(upstream:short)%00%(objectname)%00%(upstream:track)%00%(upstream:remotename)%00%(upstream:remoteref) refs/heads/master refs/remotes/master [3ms]
2023-07-04 07:58:37.496 [info] > git status -z -uall [77ms]
2023-07-04 07:58:42.523 [info] > git config --get commit.template [5ms]
2023-07-04 07:58:42.524 [info] > git for-each-ref --format=%(refname)%00%(upstream:short)%00%(objectname)%00%(upstream:track)%00%(upstream:remotename)%00%(upstream:remoteref) refs/heads/master refs/remotes/master [2ms]
2023-07-04 07:58:42.606 [info] > git status -z -uall [78ms]
2023-07-04 07:58:47.624 [info] > git config --get commit.template [6ms]
2023-07-04 07:58:47.626 [info] > git for-each-ref --format=%(refname)%00%(upstream:short)%00%(objectname)%00%(upstream:track)%00%(upstream:remotename)%00%(upstream:remoteref) refs/heads/master refs/remotes/master [2ms]
2023-07-04 07:58:47.706 [info] > git status -z -uall [77ms]
2023-07-04 07:58:52.725 [info] > git config --get commit.template [6ms]
2023-07-04 07:58:52.727 [info] > git for-each-ref --format=%(refname)%00%(upstream:short)%00%(objectname)%00%(upstream:track)%00%(upstream:remotename)%00%(upstream:remoteref) refs/heads/master refs/remotes/master [3ms]
2023-07-04 07:58:52.807 [info] > git status -z -uall [77ms]
2023-07-04 07:58:57.825 [info] > git config --get commit.template [6ms]
2023-07-04 07:58:57.827 [info] > git for-each-ref --format=%(refname)%00%(upstream:short)%00%(objectname)%00%(upstream:track)%00%(upstream:remotename)%00%(upstream:remoteref) refs/heads/master refs/remotes/master [2ms]
2023-07-04 07:58:57.907 [info] > git status -z -uall [76ms]
2023-07-04 07:59:02.929 [info] > git config --get commit.template [7ms]
2023-07-04 07:59:02.931 [info] > git for-each-ref --format=%(refname)%00%(upstream:short)%00%(objectname)%00%(upstream:track)%00%(upstream:remotename)%00%(upstream:remoteref) refs/heads/master refs/remotes/master [5ms]
2023-07-04 07:59:03.013 [info] > git status -z -uall [78ms]
2023-07-04 07:59:08.032 [info] > git config --get commit.template [6ms]
2023-07-04 07:59:08.034 [info] > git for-each-ref --format=%(refname)%00%(upstream:short)%00%(objectname)%00%(upstream:track)%00%(upstream:remotename)%00%(upstream:remoteref) refs/heads/master refs/remotes/master [2ms]
2023-07-04 07:59:08.114 [info] > git status -z -uall [76ms]
2023-07-04 07:59:13.133 [info] > git config --get commit.template [6ms]
2023-07-04 07:59:13.135 [info] > git for-each-ref --format=%(refname)%00%(upstream:short)%00%(objectname)%00%(upstream:track)%00%(upstream:remotename)%00%(upstream:remoteref) refs/heads/master refs/remotes/master [3ms]
2023-07-04 07:59:13.223 [info] > git status -z -uall [83ms]
2023-07-04 07:59:18.243 [info] > git config --get commit.template [6ms]
2023-07-04 07:59:18.245 [info] > git for-each-ref --format=%(refname)%00%(upstream:short)%00%(objectname)%00%(upstream:track)%00%(upstream:remotename)%00%(upstream:remoteref) refs/heads/master refs/remotes/master [3ms]
2023-07-04 07:59:18.326 [info] > git status -z -uall [78ms]
2023-07-04 07:59:23.342 [info] > git config --get commit.template [6ms]
2023-07-04 07:59:23.345 [info] > git for-each-ref --format=%(refname)%00%(upstream:short)%00%(objectname)%00%(upstream:track)%00%(upstream:remotename)%00%(upstream:remoteref) refs/heads/master refs/remotes/master [2ms]
2023-07-04 07:59:23.427 [info] > git status -z -uall [78ms]
2023-07-04 07:59:28.446 [info] > git config --get commit.template [6ms]
2023-07-04 07:59:28.448 [info] > git for-each-ref --format=%(refname)%00%(upstream:short)%00%(objectname)%00%(upstream:track)%00%(upstream:remotename)%00%(upstream:remoteref) refs/heads/master refs/remotes/master [2ms]
2023-07-04 07:59:28.526 [info] > git status -z -uall [74ms]
2023-07-04 07:59:33.545 [info] > git config --get commit.template [5ms]
2023-07-04 07:59:33.550 [info] > git for-each-ref --format=%(refname)%00%(upstream:short)%00%(objectname)%00%(upstream:track)%00%(upstream:remotename)%00%(upstream:remoteref) refs/heads/master refs/remotes/master [5ms]
2023-07-04 07:59:33.629 [info] > git status -z -uall [75ms]
2023-07-04 07:59:38.646 [info] > git config --get commit.template [6ms]
2023-07-04 07:59:38.648 [info] > git for-each-ref --format=%(refname)%00%(upstream:short)%00%(objectname)%00%(upstream:track)%00%(upstream:remotename)%00%(upstream:remoteref) refs/heads/master refs/remotes/master [2ms]
2023-07-04 07:59:38.730 [info] > git status -z -uall [78ms]
2023-07-04 07:59:43.748 [info] > git config --get commit.template [6ms]
2023-07-04 07:59:43.750 [info] > git for-each-ref --format=%(refname)%00%(upstream:short)%00%(objectname)%00%(upstream:track)%00%(upstream:remotename)%00%(upstream:remoteref) refs/heads/master refs/remotes/master [2ms]
2023-07-04 07:59:43.829 [info] > git status -z -uall [76ms]
2023-07-04 07:59:48.845 [info] > git config --get commit.template [5ms]
2023-07-04 07:59:48.849 [info] > git for-each-ref --format=%(refname)%00%(upstream:short)%00%(objectname)%00%(upstream:track)%00%(upstream:remotename)%00%(upstream:remoteref) refs/heads/master refs/remotes/master [4ms]
2023-07-04 07:59:49.019 [info] > git status -z -uall [165ms]
2023-07-04 07:59:54.038 [info] > git config --get commit.template [7ms]
2023-07-04 07:59:54.040 [info] > git for-each-ref --format=%(refname)%00%(upstream:short)%00%(objectname)%00%(upstream:track)%00%(upstream:remotename)%00%(upstream:remoteref) refs/heads/master refs/remotes/master [3ms]
2023-07-04 07:59:54.120 [info] > git status -z -uall [77ms]
2023-07-04 07:59:59.139 [info] > git config --get commit.template [6ms]
2023-07-04 07:59:59.142 [info] > git for-each-ref --format=%(refname)%00%(upstream:short)%00%(objectname)%00%(upstream:track)%00%(upstream:remotename)%00%(upstream:remoteref) refs/heads/master refs/remotes/master [2ms]
2023-07-04 07:59:59.223 [info] > git status -z -uall [78ms]
2023-07-04 08:00:04.244 [info] > git config --get commit.template [7ms]
2023-07-04 08:00:04.246 [info] > git for-each-ref --format=%(refname)%00%(upstream:short)%00%(objectname)%00%(upstream:track)%00%(upstream:remotename)%00%(upstream:remoteref) refs/heads/master refs/remotes/master [2ms]
2023-07-04 08:00:04.326 [info] > git status -z -uall [77ms]
2023-07-04 08:00:09.346 [info] > git config --get commit.template [6ms]
2023-07-04 08:00:09.348 [info] > git for-each-ref --format=%(refname)%00%(upstream:short)%00%(objectname)%00%(upstream:track)%00%(upstream:remotename)%00%(upstream:remoteref) refs/heads/master refs/remotes/master [2ms]
2023-07-04 08:00:09.428 [info] > git status -z -uall [76ms]
2023-07-04 08:00:14.448 [info] > git config --get commit.template [5ms]
2023-07-04 08:00:14.449 [info] > git for-each-ref --format=%(refname)%00%(upstream:short)%00%(objectname)%00%(upstream:track)%00%(upstream:remotename)%00%(upstream:remoteref) refs/heads/master refs/remotes/master [2ms]
2023-07-04 08:00:14.529 [info] > git status -z -uall [75ms]
2023-07-04 08:00:19.547 [info] > git config --get commit.template [6ms]
2023-07-04 08:00:19.549 [info] > git for-each-ref --format=%(refname)%00%(upstream:short)%00%(objectname)%00%(upstream:track)%00%(upstream:remotename)%00%(upstream:remoteref) refs/heads/master refs/remotes/master [2ms]
2023-07-04 08:00:19.632 [info] > git status -z -uall [79ms]
2023-07-04 08:00:24.659 [info] > git config --get commit.template [7ms]
2023-07-04 08:00:24.661 [info] > git for-each-ref --format=%(refname)%00%(upstream:short)%00%(objectname)%00%(upstream:track)%00%(upstream:remotename)%00%(upstream:remoteref) refs/heads/master refs/remotes/master [3ms]
2023-07-04 08:00:24.743 [info] > git status -z -uall [77ms]
2023-07-04 08:00:29.760 [info] > git config --get commit.template [6ms]
2023-07-04 08:00:29.762 [info] > git for-each-ref --format=%(refname)%00%(upstream:short)%00%(objectname)%00%(upstream:track)%00%(upstream:remotename)%00%(upstream:remoteref) refs/heads/master refs/remotes/master [3ms]
2023-07-04 08:00:29.843 [info] > git status -z -uall [78ms]
2023-07-04 08:00:34.862 [info] > git config --get commit.template [7ms]
2023-07-04 08:00:34.864 [info] > git for-each-ref --format=%(refname)%00%(upstream:short)%00%(objectname)%00%(upstream:track)%00%(upstream:remotename)%00%(upstream:remoteref) refs/heads/master refs/remotes/master [4ms]
2023-07-04 08:00:34.945 [info] > git status -z -uall [77ms]
2023-07-04 08:00:39.963 [info] > git config --get commit.template [7ms]
2023-07-04 08:00:39.966 [info] > git for-each-ref --format=%(refname)%00%(upstream:short)%00%(objectname)%00%(upstream:track)%00%(upstream:remotename)%00%(upstream:remoteref) refs/heads/master refs/remotes/master [2ms]
2023-07-04 08:00:40.056 [info] > git status -z -uall [87ms]
2023-07-04 08:00:45.075 [info] > git config --get commit.template [6ms]
2023-07-04 08:00:45.076 [info] > git for-each-ref --format=%(refname)%00%(upstream:short)%00%(objectname)%00%(upstream:track)%00%(upstream:remotename)%00%(upstream:remoteref) refs/heads/master refs/remotes/master [2ms]
2023-07-04 08:00:45.157 [info] > git status -z -uall [77ms]
2023-07-04 08:00:50.175 [info] > git config --get commit.template [6ms]
2023-07-04 08:00:50.177 [info] > git for-each-ref --format=%(refname)%00%(upstream:short)%00%(objectname)%00%(upstream:track)%00%(upstream:remotename)%00%(upstream:remoteref) refs/heads/master refs/remotes/master [2ms]
2023-07-04 08:00:50.258 [info] > git status -z -uall [77ms]
2023-07-04 08:00:55.277 [info] > git config --get commit.template [6ms]
2023-07-04 08:00:55.279 [info] > git for-each-ref --format=%(refname)%00%(upstream:short)%00%(objectname)%00%(upstream:track)%00%(upstream:remotename)%00%(upstream:remoteref) refs/heads/master refs/remotes/master [2ms]
2023-07-04 08:00:55.360 [info] > git status -z -uall [77ms]
2023-07-04 08:01:00.381 [info] > git config --get commit.template [7ms]
2023-07-04 08:01:00.383 [info] > git for-each-ref --format=%(refname)%00%(upstream:short)%00%(objectname)%00%(upstream:track)%00%(upstream:remotename)%00%(upstream:remoteref) refs/heads/master refs/remotes/master [3ms]
2023-07-04 08:01:00.467 [info] > git status -z -uall [79ms]
2023-07-04 08:01:05.484 [info] > git config --get commit.template [6ms]
2023-07-04 08:01:05.486 [info] > git for-each-ref --format=%(refname)%00%(upstream:short)%00%(objectname)%00%(upstream:track)%00%(upstream:remotename)%00%(upstream:remoteref) refs/heads/master refs/remotes/master [3ms]
2023-07-04 08:01:05.568 [info] > git status -z -uall [77ms]
2023-07-04 08:01:10.588 [info] > git config --get commit.template [6ms]
2023-07-04 08:01:10.590 [info] > git for-each-ref --format=%(refname)%00%(upstream:short)%00%(objectname)%00%(upstream:track)%00%(upstream:remotename)%00%(upstream:remoteref) refs/heads/master refs/remotes/master [2ms]
2023-07-04 08:01:10.677 [info] > git status -z -uall [78ms]
2023-07-04 08:01:15.696 [info] > git config --get commit.template [7ms]
2023-07-04 08:01:15.698 [info] > git for-each-ref --format=%(refname)%00%(upstream:short)%00%(objectname)%00%(upstream:track)%00%(upstream:remotename)%00%(upstream:remoteref) refs/heads/master refs/remotes/master [3ms]
2023-07-04 08:01:15.777 [info] > git status -z -uall [76ms]
2023-07-04 08:01:20.795 [info] > git config --get commit.template [6ms]
2023-07-04 08:01:20.797 [info] > git for-each-ref --format=%(refname)%00%(upstream:short)%00%(objectname)%00%(upstream:track)%00%(upstream:remotename)%00%(upstream:remoteref) refs/heads/master refs/remotes/master [3ms]
2023-07-04 08:01:20.877 [info] > git status -z -uall [77ms]
2023-07-04 08:01:25.896 [info] > git config --get commit.template [7ms]
2023-07-04 08:01:25.898 [info] > git for-each-ref --format=%(refname)%00%(upstream:short)%00%(objectname)%00%(upstream:track)%00%(upstream:remotename)%00%(upstream:remoteref) refs/heads/master refs/remotes/master [4ms]
2023-07-04 08:01:25.978 [info] > git status -z -uall [77ms]
2023-07-04 08:01:30.997 [info] > git config --get commit.template [6ms]
2023-07-04 08:01:30.998 [info] > git for-each-ref --format=%(refname)%00%(upstream:short)%00%(objectname)%00%(upstream:track)%00%(upstream:remotename)%00%(upstream:remoteref) refs/heads/master refs/remotes/master [2ms]
2023-07-04 08:01:31.082 [info] > git status -z -uall [80ms]
2023-07-04 08:01:36.101 [info] > git config --get commit.template [6ms]
2023-07-04 08:01:36.103 [info] > git for-each-ref --format=%(refname)%00%(upstream:short)%00%(objectname)%00%(upstream:track)%00%(upstream:remotename)%00%(upstream:remoteref) refs/heads/master refs/remotes/master [3ms]
2023-07-04 08:01:36.185 [info] > git status -z -uall [79ms]
2023-07-04 08:01:41.202 [info] > git config --get commit.template [6ms]
2023-07-04 08:01:41.204 [info] > git for-each-ref --format=%(refname)%00%(upstream:short)%00%(objectname)%00%(upstream:track)%00%(upstream:remotename)%00%(upstream:remoteref) refs/heads/master refs/remotes/master [3ms]
2023-07-04 08:01:41.284 [info] > git status -z -uall [77ms]
2023-07-04 08:01:46.304 [info] > git config --get commit.template [6ms]
2023-07-04 08:01:46.306 [info] > git for-each-ref --format=%(refname)%00%(upstream:short)%00%(objectname)%00%(upstream:track)%00%(upstream:remotename)%00%(upstream:remoteref) refs/heads/master refs/remotes/master [2ms]
2023-07-04 08:01:46.390 [info] > git status -z -uall [79ms]
2023-07-04 08:01:51.410 [info] > git config --get commit.template [7ms]
2023-07-04 08:01:51.412 [info] > git for-each-ref --format=%(refname)%00%(upstream:short)%00%(objectname)%00%(upstream:track)%00%(upstream:remotename)%00%(upstream:remoteref) refs/heads/master refs/remotes/master [3ms]
2023-07-04 08:01:51.493 [info] > git status -z -uall [78ms]
2023-07-04 08:01:56.523 [info] > git config --get commit.template [5ms]
2023-07-04 08:01:56.524 [info] > git for-each-ref --format=%(refname)%00%(upstream:short)%00%(objectname)%00%(upstream:track)%00%(upstream:remotename)%00%(upstream:remoteref) refs/heads/master refs/remotes/master [2ms]
2023-07-04 08:01:56.606 [info] > git status -z -uall [78ms]
2023-07-04 08:02:01.622 [info] > git config --get commit.template [6ms]
2023-07-04 08:02:01.624 [info] > git for-each-ref --format=%(refname)%00%(upstream:short)%00%(objectname)%00%(upstream:track)%00%(upstream:remotename)%00%(upstream:remoteref) refs/heads/master refs/remotes/master [3ms]
2023-07-04 08:02:01.705 [info] > git status -z -uall [78ms]
2023-07-04 08:02:06.722 [info] > git config --get commit.template [6ms]
2023-07-04 08:02:06.724 [info] > git for-each-ref --format=%(refname)%00%(upstream:short)%00%(objectname)%00%(upstream:track)%00%(upstream:remotename)%00%(upstream:remoteref) refs/heads/master refs/remotes/master [3ms]
2023-07-04 08:02:06.803 [info] > git status -z -uall [76ms]
2023-07-04 08:02:11.822 [info] > git config --get commit.template [6ms]
2023-07-04 08:02:11.824 [info] > git for-each-ref --format=%(refname)%00%(upstream:short)%00%(objectname)%00%(upstream:track)%00%(upstream:remotename)%00%(upstream:remoteref) refs/heads/master refs/remotes/master [2ms]
2023-07-04 08:02:11.910 [info] > git status -z -uall [79ms]
2023-07-04 08:02:16.929 [info] > git config --get commit.template [7ms]
2023-07-04 08:02:16.930 [info] > git for-each-ref --format=%(refname)%00%(upstream:short)%00%(objectname)%00%(upstream:track)%00%(upstream:remotename)%00%(upstream:remoteref) refs/heads/master refs/remotes/master [2ms]
2023-07-04 08:02:17.010 [info] > git status -z -uall [76ms]
2023-07-04 08:02:22.029 [info] > git config --get commit.template [6ms]
2023-07-04 08:02:22.031 [info] > git for-each-ref --format=%(refname)%00%(upstream:short)%00%(objectname)%00%(upstream:track)%00%(upstream:remotename)%00%(upstream:remoteref) refs/heads/master refs/remotes/master [2ms]
2023-07-04 08:02:22.110 [info] > git status -z -uall [76ms]
2023-07-04 08:02:27.129 [info] > git config --get commit.template [6ms]
2023-07-04 08:02:27.131 [info] > git for-each-ref --format=%(refname)%00%(upstream:short)%00%(objectname)%00%(upstream:track)%00%(upstream:remotename)%00%(upstream:remoteref) refs/heads/master refs/remotes/master [3ms]
2023-07-04 08:02:27.212 [info] > git status -z -uall [78ms]
2023-07-04 08:02:32.237 [info] > git config --get commit.template [6ms]
2023-07-04 08:02:32.239 [info] > git for-each-ref --format=%(refname)%00%(upstream:short)%00%(objectname)%00%(upstream:track)%00%(upstream:remotename)%00%(upstream:remoteref) refs/heads/master refs/remotes/master [3ms]
2023-07-04 08:02:32.320 [info] > git status -z -uall [78ms]
2023-07-04 08:02:37.339 [info] > git config --get commit.template [6ms]
2023-07-04 08:02:37.341 [info] > git for-each-ref --format=%(refname)%00%(upstream:short)%00%(objectname)%00%(upstream:track)%00%(upstream:remotename)%00%(upstream:remoteref) refs/heads/master refs/remotes/master [3ms]
2023-07-04 08:02:37.424 [info] > git status -z -uall [79ms]
2023-07-04 08:02:42.444 [info] > git config --get commit.template [7ms]
2023-07-04 08:02:42.446 [info] > git for-each-ref --format=%(refname)%00%(upstream:short)%00%(objectname)%00%(upstream:track)%00%(upstream:remotename)%00%(upstream:remoteref) refs/heads/master refs/remotes/master [3ms]
2023-07-04 08:02:42.529 [info] > git status -z -uall [79ms]
2023-07-04 08:02:47.549 [info] > git config --get commit.template [7ms]
2023-07-04 08:02:47.551 [info] > git for-each-ref --format=%(refname)%00%(upstream:short)%00%(objectname)%00%(upstream:track)%00%(upstream:remotename)%00%(upstream:remoteref) refs/heads/master refs/remotes/master [2ms]
2023-07-04 08:02:47.633 [info] > git status -z -uall [77ms]
2023-07-04 08:02:52.650 [info] > git config --get commit.template [5ms]
2023-07-04 08:02:52.652 [info] > git for-each-ref --format=%(refname)%00%(upstream:short)%00%(objectname)%00%(upstream:track)%00%(upstream:remotename)%00%(upstream:remoteref) refs/heads/master refs/remotes/master [2ms]
2023-07-04 08:02:52.735 [info] > git status -z -uall [79ms]
2023-07-04 08:02:57.753 [info] > git config --get commit.template [6ms]
2023-07-04 08:02:57.755 [info] > git for-each-ref --format=%(refname)%00%(upstream:short)%00%(objectname)%00%(upstream:track)%00%(upstream:remotename)%00%(upstream:remoteref) refs/heads/master refs/remotes/master [2ms]
2023-07-04 08:02:57.837 [info] > git status -z -uall [78ms]
2023-07-04 08:03:02.857 [info] > git config --get commit.template [6ms]
2023-07-04 08:03:02.859 [info] > git for-each-ref --format=%(refname)%00%(upstream:short)%00%(objectname)%00%(upstream:track)%00%(upstream:remotename)%00%(upstream:remoteref) refs/heads/master refs/remotes/master [3ms]
2023-07-04 08:03:02.940 [info] > git status -z -uall [77ms]
2023-07-04 08:03:07.958 [info] > git config --get commit.template [6ms]
2023-07-04 08:03:07.959 [info] > git for-each-ref --format=%(refname)%00%(upstream:short)%00%(objectname)%00%(upstream:track)%00%(upstream:remotename)%00%(upstream:remoteref) refs/heads/master refs/remotes/master [2ms]
2023-07-04 08:03:08.039 [info] > git status -z -uall [76ms]
2023-07-04 08:03:13.056 [info] > git config --get commit.template [5ms]
2023-07-04 08:03:13.058 [info] > git for-each-ref --format=%(refname)%00%(upstream:short)%00%(objectname)%00%(upstream:track)%00%(upstream:remotename)%00%(upstream:remoteref) refs/heads/master refs/remotes/master [2ms]
2023-07-04 08:03:13.138 [info] > git status -z -uall [76ms]
2023-07-04 08:03:18.155 [info] > git config --get commit.template [6ms]
2023-07-04 08:03:18.157 [info] > git for-each-ref --format=%(refname)%00%(upstream:short)%00%(objectname)%00%(upstream:track)%00%(upstream:remotename)%00%(upstream:remoteref) refs/heads/master refs/remotes/master [3ms]
2023-07-04 08:03:18.239 [info] > git status -z -uall [79ms]
2023-07-04 08:03:23.256 [info] > git config --get commit.template [6ms]
2023-07-04 08:03:23.259 [info] > git for-each-ref --format=%(refname)%00%(upstream:short)%00%(objectname)%00%(upstream:track)%00%(upstream:remotename)%00%(upstream:remoteref) refs/heads/master refs/remotes/master [2ms]
2023-07-04 08:03:23.341 [info] > git status -z -uall [78ms]
2023-07-04 08:03:28.360 [info] > git config --get commit.template [6ms]
2023-07-04 08:03:28.362 [info] > git for-each-ref --format=%(refname)%00%(upstream:short)%00%(objectname)%00%(upstream:track)%00%(upstream:remotename)%00%(upstream:remoteref) refs/heads/master refs/remotes/master [2ms]
2023-07-04 08:03:28.442 [info] > git status -z -uall [76ms]
2023-07-04 08:03:33.460 [info] > git config --get commit.template [5ms]
2023-07-04 08:03:33.462 [info] > git for-each-ref --format=%(refname)%00%(upstream:short)%00%(objectname)%00%(upstream:track)%00%(upstream:remotename)%00%(upstream:remoteref) refs/heads/master refs/remotes/master [2ms]
2023-07-04 08:03:33.544 [info] > git status -z -uall [78ms]
2023-07-04 08:03:38.562 [info] > git config --get commit.template [6ms]
2023-07-04 08:03:38.563 [info] > git for-each-ref --format=%(refname)%00%(upstream:short)%00%(objectname)%00%(upstream:track)%00%(upstream:remotename)%00%(upstream:remoteref) refs/heads/master refs/remotes/master [2ms]
2023-07-04 08:03:38.643 [info] > git status -z -uall [76ms]
2023-07-04 08:03:43.661 [info] > git config --get commit.template [6ms]
2023-07-04 08:03:43.662 [info] > git for-each-ref --format=%(refname)%00%(upstream:short)%00%(objectname)%00%(upstream:track)%00%(upstream:remotename)%00%(upstream:remoteref) refs/heads/master refs/remotes/master [2ms]
2023-07-04 08:03:43.745 [info] > git status -z -uall [79ms]
2023-07-04 08:03:48.764 [info] > git config --get commit.template [6ms]
2023-07-04 08:03:48.766 [info] > git for-each-ref --format=%(refname)%00%(upstream:short)%00%(objectname)%00%(upstream:track)%00%(upstream:remotename)%00%(upstream:remoteref) refs/heads/master refs/remotes/master [3ms]
2023-07-04 08:03:48.848 [info] > git status -z -uall [78ms]
2023-07-04 08:03:53.868 [info] > git config --get commit.template [7ms]
2023-07-04 08:03:53.870 [info] > git for-each-ref --format=%(refname)%00%(upstream:short)%00%(objectname)%00%(upstream:track)%00%(upstream:remotename)%00%(upstream:remoteref) refs/heads/master refs/remotes/master [3ms]
2023-07-04 08:03:53.953 [info] > git status -z -uall [79ms]
2023-07-04 08:03:58.972 [info] > git config --get commit.template [7ms]
2023-07-04 08:03:58.974 [info] > git for-each-ref --format=%(refname)%00%(upstream:short)%00%(objectname)%00%(upstream:track)%00%(upstream:remotename)%00%(upstream:remoteref) refs/heads/master refs/remotes/master [3ms]
2023-07-04 08:03:59.055 [info] > git status -z -uall [77ms]
2023-07-04 08:04:04.073 [info] > git config --get commit.template [7ms]
2023-07-04 08:04:04.075 [info] > git for-each-ref --format=%(refname)%00%(upstream:short)%00%(objectname)%00%(upstream:track)%00%(upstream:remotename)%00%(upstream:remoteref) refs/heads/master refs/remotes/master [3ms]
2023-07-04 08:04:04.155 [info] > git status -z -uall [77ms]
2023-07-04 08:04:09.172 [info] > git config --get commit.template [5ms]
2023-07-04 08:04:09.174 [info] > git for-each-ref --format=%(refname)%00%(upstream:short)%00%(objectname)%00%(upstream:track)%00%(upstream:remotename)%00%(upstream:remoteref) refs/heads/master refs/remotes/master [2ms]
2023-07-04 08:04:09.257 [info] > git status -z -uall [79ms]
2023-07-04 08:04:14.275 [info] > git config --get commit.template [5ms]
2023-07-04 08:04:14.277 [info] > git for-each-ref --format=%(refname)%00%(upstream:short)%00%(objectname)%00%(upstream:track)%00%(upstream:remotename)%00%(upstream:remoteref) refs/heads/master refs/remotes/master [2ms]
2023-07-04 08:04:14.360 [info] > git status -z -uall [79ms]
2023-07-04 08:04:19.379 [info] > git config --get commit.template [6ms]
2023-07-04 08:04:19.381 [info] > git for-each-ref --format=%(refname)%00%(upstream:short)%00%(objectname)%00%(upstream:track)%00%(upstream:remotename)%00%(upstream:remoteref) refs/heads/master refs/remotes/master [2ms]
2023-07-04 08:04:19.461 [info] > git status -z -uall [76ms]
2023-07-04 08:04:24.481 [info] > git config --get commit.template [7ms]
2023-07-04 08:04:24.483 [info] > git for-each-ref --format=%(refname)%00%(upstream:short)%00%(objectname)%00%(upstream:track)%00%(upstream:remotename)%00%(upstream:remoteref) refs/heads/master refs/remotes/master [4ms]
2023-07-04 08:04:24.565 [info] > git status -z -uall [78ms]
2023-07-04 08:04:29.584 [info] > git config --get commit.template [7ms]
2023-07-04 08:04:29.586 [info] > git for-each-ref --format=%(refname)%00%(upstream:short)%00%(objectname)%00%(upstream:track)%00%(upstream:remotename)%00%(upstream:remoteref) refs/heads/master refs/remotes/master [3ms]
2023-07-04 08:04:29.667 [info] > git status -z -uall [77ms]
2023-07-04 08:04:34.684 [info] > git config --get commit.template [6ms]
2023-07-04 08:04:34.686 [info] > git for-each-ref --format=%(refname)%00%(upstream:short)%00%(objectname)%00%(upstream:track)%00%(upstream:remotename)%00%(upstream:remoteref) refs/heads/master refs/remotes/master [3ms]
2023-07-04 08:04:34.768 [info] > git status -z -uall [78ms]
2023-07-04 08:04:39.793 [info] > git config --get commit.template [5ms]
2023-07-04 08:04:39.795 [info] > git for-each-ref --format=%(refname)%00%(upstream:short)%00%(objectname)%00%(upstream:track)%00%(upstream:remotename)%00%(upstream:remoteref) refs/heads/master refs/remotes/master [2ms]
2023-07-04 08:04:39.877 [info] > git status -z -uall [77ms]
2023-07-04 08:04:44.896 [info] > git config --get commit.template [5ms]
2023-07-04 08:04:44.897 [info] > git for-each-ref --format=%(refname)%00%(upstream:short)%00%(objectname)%00%(upstream:track)%00%(upstream:remotename)%00%(upstream:remoteref) refs/heads/master refs/remotes/master [2ms]
2023-07-04 08:04:44.977 [info] > git status -z -uall [76ms]
2023-07-04 08:04:49.996 [info] > git config --get commit.template [6ms]
2023-07-04 08:04:49.998 [info] > git for-each-ref --format=%(refname)%00%(upstream:short)%00%(objectname)%00%(upstream:track)%00%(upstream:remotename)%00%(upstream:remoteref) refs/heads/master refs/remotes/master [3ms]
2023-07-04 08:04:50.079 [info] > git status -z -uall [78ms]
2023-07-04 08:04:56.574 [info] > git config --get commit.template [6ms]
2023-07-04 08:04:56.576 [info] > git for-each-ref --format=%(refname)%00%(upstream:short)%00%(objectname)%00%(upstream:track)%00%(upstream:remotename)%00%(upstream:remoteref) refs/heads/master refs/remotes/master [3ms]
2023-07-04 08:04:56.658 [info] > git status -z -uall [79ms]
2023-07-04 08:05:01.675 [info] > git config --get commit.template [7ms]
2023-07-04 08:05:01.677 [info] > git for-each-ref --format=%(refname)%00%(upstream:short)%00%(objectname)%00%(upstream:track)%00%(upstream:remotename)%00%(upstream:remoteref) refs/heads/master refs/remotes/master [2ms]
2023-07-04 08:05:01.936 [info] > git status -z -uall [255ms]
2023-07-04 08:05:06.955 [info] > git config --get commit.template [6ms]
2023-07-04 08:05:06.957 [info] > git for-each-ref --format=%(refname)%00%(upstream:short)%00%(objectname)%00%(upstream:track)%00%(upstream:remotename)%00%(upstream:remoteref) refs/heads/master refs/remotes/master [3ms]
2023-07-04 08:05:07.044 [info] > git status -z -uall [84ms]
2023-07-04 08:05:12.065 [info] > git config --get commit.template [7ms]
2023-07-04 08:05:12.067 [info] > git for-each-ref --format=%(refname)%00%(upstream:short)%00%(objectname)%00%(upstream:track)%00%(upstream:remotename)%00%(upstream:remoteref) refs/heads/master refs/remotes/master [3ms]
2023-07-04 08:05:12.150 [info] > git status -z -uall [79ms]
2023-07-04 08:05:17.169 [info] > git config --get commit.template [6ms]
2023-07-04 08:05:17.171 [info] > git for-each-ref --format=%(refname)%00%(upstream:short)%00%(objectname)%00%(upstream:track)%00%(upstream:remotename)%00%(upstream:remoteref) refs/heads/master refs/remotes/master [3ms]
2023-07-04 08:05:17.254 [info] > git status -z -uall [79ms]
2023-07-04 08:05:22.285 [info] > git config --get commit.template [5ms]
2023-07-04 08:05:22.287 [info] > git for-each-ref --format=%(refname)%00%(upstream:short)%00%(objectname)%00%(upstream:track)%00%(upstream:remotename)%00%(upstream:remoteref) refs/heads/master refs/remotes/master [3ms]
2023-07-04 08:05:22.368 [info] > git status -z -uall [78ms]
2023-07-04 08:05:27.402 [info] > git config --get commit.template [6ms]
2023-07-04 08:05:27.404 [info] > git for-each-ref --format=%(refname)%00%(upstream:short)%00%(objectname)%00%(upstream:track)%00%(upstream:remotename)%00%(upstream:remoteref) refs/heads/master refs/remotes/master [3ms]
2023-07-04 08:05:27.526 [info] > git status -z -uall [116ms]
2023-07-04 08:05:32.549 [info] > git config --get commit.template [6ms]
2023-07-04 08:05:32.552 [info] > git for-each-ref --format=%(refname)%00%(upstream:short)%00%(objectname)%00%(upstream:track)%00%(upstream:remotename)%00%(upstream:remoteref) refs/heads/master refs/remotes/master [4ms]
2023-07-04 08:05:32.637 [info] > git status -z -uall [79ms]
2023-07-04 08:05:33.183 [info] > git check-ignore -v -z --stdin [7ms]
2023-07-04 08:05:34.480 [info] > git show --textconv :flaskr/templates/home.html [15ms]
2023-07-04 08:05:34.485 [info] > git ls-files --stage -- /home/ec2-user/flaskr/templates/home.html [11ms]
2023-07-04 08:05:34.498 [info] > git cat-file -s c26559154f8dc873bdef981975d25c14a9289031 [2ms]
2023-07-04 08:05:54.703 [info] > git config --get commit.template [6ms]
2023-07-04 08:05:54.705 [info] > git for-each-ref --format=%(refname)%00%(upstream:short)%00%(objectname)%00%(upstream:track)%00%(upstream:remotename)%00%(upstream:remoteref) refs/heads/master refs/remotes/master [3ms]
2023-07-04 08:05:54.788 [info] > git status -z -uall [80ms]
2023-07-04 08:05:59.810 [info] > git config --get commit.template [6ms]
2023-07-04 08:05:59.812 [info] > git for-each-ref --format=%(refname)%00%(upstream:short)%00%(objectname)%00%(upstream:track)%00%(upstream:remotename)%00%(upstream:remoteref) refs/heads/master refs/remotes/master [3ms]
2023-07-04 08:05:59.892 [info] > git status -z -uall [77ms]
2023-07-04 08:06:04.911 [info] > git config --get commit.template [6ms]
2023-07-04 08:06:04.913 [info] > git for-each-ref --format=%(refname)%00%(upstream:short)%00%(objectname)%00%(upstream:track)%00%(upstream:remotename)%00%(upstream:remoteref) refs/heads/master refs/remotes/master [3ms]
2023-07-04 08:06:04.996 [info] > git status -z -uall [79ms]
2023-07-04 08:06:10.022 [info] > git config --get commit.template [13ms]
2023-07-04 08:06:10.033 [info] > git for-each-ref --format=%(refname)%00%(upstream:short)%00%(objectname)%00%(upstream:track)%00%(upstream:remotename)%00%(upstream:remoteref) refs/heads/master refs/remotes/master [12ms]
2023-07-04 08:06:10.117 [info] > git status -z -uall [78ms]
2023-07-04 08:06:15.139 [info] > git config --get commit.template [7ms]
2023-07-04 08:06:15.142 [info] > git for-each-ref --format=%(refname)%00%(upstream:short)%00%(objectname)%00%(upstream:track)%00%(upstream:remotename)%00%(upstream:remoteref) refs/heads/master refs/remotes/master [4ms]
2023-07-04 08:06:15.224 [info] > git status -z -uall [79ms]
2023-07-04 08:06:20.244 [info] > git config --get commit.template [5ms]
2023-07-04 08:06:20.246 [info] > git for-each-ref --format=%(refname)%00%(upstream:short)%00%(objectname)%00%(upstream:track)%00%(upstream:remotename)%00%(upstream:remoteref) refs/heads/master refs/remotes/master [3ms]
2023-07-04 08:06:20.326 [info] > git status -z -uall [77ms]
2023-07-04 08:06:25.343 [info] > git config --get commit.template [6ms]
2023-07-04 08:06:25.346 [info] > git for-each-ref --format=%(refname)%00%(upstream:short)%00%(objectname)%00%(upstream:track)%00%(upstream:remotename)%00%(upstream:remoteref) refs/heads/master refs/remotes/master [2ms]
2023-07-04 08:06:25.433 [info] > git status -z -uall [82ms]
2023-07-04 08:06:30.461 [info] > git config --get commit.template [9ms]
2023-07-04 08:06:30.466 [info] > git for-each-ref --format=%(refname)%00%(upstream:short)%00%(objectname)%00%(upstream:track)%00%(upstream:remotename)%00%(upstream:remoteref) refs/heads/master refs/remotes/master [8ms]
2023-07-04 08:06:30.593 [info] > git status -z -uall [118ms]
2023-07-04 08:06:54.167 [info] > git config --get commit.template [13ms]
2023-07-04 08:06:54.169 [info] > git for-each-ref --format=%(refname)%00%(upstream:short)%00%(objectname)%00%(upstream:track)%00%(upstream:remotename)%00%(upstream:remoteref) refs/heads/master refs/remotes/master [3ms]
2023-07-04 08:06:54.252 [info] > git status -z -uall [80ms]
2023-07-04 08:06:59.273 [info] > git config --get commit.template [6ms]
2023-07-04 08:06:59.275 [info] > git for-each-ref --format=%(refname)%00%(upstream:short)%00%(objectname)%00%(upstream:track)%00%(upstream:remotename)%00%(upstream:remoteref) refs/heads/master refs/remotes/master [2ms]
2023-07-04 08:06:59.360 [info] > git status -z -uall [81ms]
2023-07-04 08:07:04.655 [info] > git config --get commit.template [6ms]
2023-07-04 08:07:04.657 [info] > git for-each-ref --format=%(refname)%00%(upstream:short)%00%(objectname)%00%(upstream:track)%00%(upstream:remotename)%00%(upstream:remoteref) refs/heads/master refs/remotes/master [3ms]
2023-07-04 08:07:04.739 [info] > git status -z -uall [78ms]
2023-07-04 08:07:08.903 [info] > git show --textconv :flaskr/templates/register.html [17ms]
2023-07-04 08:07:08.908 [info] > git ls-files --stage -- /home/ec2-user/flaskr/templates/register.html [13ms]
2023-07-04 08:07:08.915 [info] > git cat-file -s 4bde6dae61f4e2d1e7bbb773a04ddbba6f30c2b4 [2ms]
2023-07-04 08:07:09.673 [info] > git show --textconv :flaskr/templates/user_search.html [15ms]
2023-07-04 08:07:09.675 [info] > git ls-files --stage -- /home/ec2-user/flaskr/templates/user_search.html [9ms]
2023-07-04 08:07:09.681 [info] > git cat-file -s 7d3e6c1b227bbaed50952b144c24ec5d3290e59d [2ms]
2023-07-04 08:07:09.771 [info] > git config --get commit.template [8ms]
2023-07-04 08:07:09.773 [info] > git for-each-ref --format=%(refname)%00%(upstream:short)%00%(objectname)%00%(upstream:track)%00%(upstream:remotename)%00%(upstream:remoteref) refs/heads/master refs/remotes/master [3ms]
2023-07-04 08:07:09.861 [info] > git status -z -uall [84ms]
2023-07-04 08:07:14.879 [info] > git config --get commit.template [6ms]
2023-07-04 08:07:14.881 [info] > git for-each-ref --format=%(refname)%00%(upstream:short)%00%(objectname)%00%(upstream:track)%00%(upstream:remotename)%00%(upstream:remoteref) refs/heads/master refs/remotes/master [2ms]
2023-07-04 08:07:14.964 [info] > git status -z -uall [79ms]
2023-07-04 08:07:19.985 [info] > git config --get commit.template [8ms]
2023-07-04 08:07:19.987 [info] > git for-each-ref --format=%(refname)%00%(upstream:short)%00%(objectname)%00%(upstream:track)%00%(upstream:remotename)%00%(upstream:remoteref) refs/heads/master refs/remotes/master [3ms]
2023-07-04 08:07:20.067 [info] > git status -z -uall [77ms]
2023-07-04 08:07:25.084 [info] > git config --get commit.template [7ms]
2023-07-04 08:07:25.086 [info] > git for-each-ref --format=%(refname)%00%(upstream:short)%00%(objectname)%00%(upstream:track)%00%(upstream:remotename)%00%(upstream:remoteref) refs/heads/master refs/remotes/master [3ms]
2023-07-04 08:07:25.169 [info] > git status -z -uall [79ms]
2023-07-04 08:07:30.189 [info] > git config --get commit.template [6ms]
2023-07-04 08:07:30.191 [info] > git for-each-ref --format=%(refname)%00%(upstream:short)%00%(objectname)%00%(upstream:track)%00%(upstream:remotename)%00%(upstream:remoteref) refs/heads/master refs/remotes/master [3ms]
2023-07-04 08:07:30.274 [info] > git status -z -uall [79ms]
2023-07-04 08:07:35.294 [info] > git config --get commit.template [6ms]
2023-07-04 08:07:35.296 [info] > git for-each-ref --format=%(refname)%00%(upstream:short)%00%(objectname)%00%(upstream:track)%00%(upstream:remotename)%00%(upstream:remoteref) refs/heads/master refs/remotes/master [2ms]
2023-07-04 08:07:35.380 [info] > git status -z -uall [80ms]
2023-07-04 08:07:40.414 [info] > git config --get commit.template [12ms]
2023-07-04 08:07:40.425 [info] > git for-each-ref --format=%(refname)%00%(upstream:short)%00%(objectname)%00%(upstream:track)%00%(upstream:remotename)%00%(upstream:remoteref) refs/heads/master refs/remotes/master [15ms]
2023-07-04 08:07:40.757 [info] > git status -z -uall [317ms]
2023-07-04 08:07:45.922 [info] > git config --get commit.template [110ms]
2023-07-04 08:07:45.929 [info] > git for-each-ref --format=%(refname)%00%(upstream:short)%00%(objectname)%00%(upstream:track)%00%(upstream:remotename)%00%(upstream:remoteref) refs/heads/master refs/remotes/master [113ms]
2023-07-04 08:07:46.786 [info] > git status -z -uall [848ms]
2023-07-04 08:07:54.455 [info] > git config --get commit.template [29ms]
2023-07-04 08:07:54.462 [info] > git for-each-ref --format=%(refname)%00%(upstream:short)%00%(objectname)%00%(upstream:track)%00%(upstream:remotename)%00%(upstream:remoteref) refs/heads/master refs/remotes/master [31ms]
2023-07-04 08:07:54.995 [info] > git status -z -uall [525ms]
2023-07-04 08:08:00.127 [info] > git config --get commit.template [53ms]
2023-07-04 08:08:00.135 [info] > git for-each-ref --format=%(refname)%00%(upstream:short)%00%(objectname)%00%(upstream:track)%00%(upstream:remotename)%00%(upstream:remoteref) refs/heads/master refs/remotes/master [54ms]
2023-07-04 08:08:00.661 [info] > git status -z -uall [511ms]
2023-07-04 08:08:05.760 [info] > git config --get commit.template [43ms]
2023-07-04 08:08:05.761 [info] > git for-each-ref --format=%(refname)%00%(upstream:short)%00%(objectname)%00%(upstream:track)%00%(upstream:remotename)%00%(upstream:remoteref) refs/heads/master refs/remotes/master [40ms]
2023-07-04 08:08:06.348 [info] > git status -z -uall [577ms]
2023-07-04 08:08:20.578 [info] > git config --get commit.template [60ms]
2023-07-04 08:08:20.583 [info] > git for-each-ref --format=%(refname)%00%(upstream:short)%00%(objectname)%00%(upstream:track)%00%(upstream:remotename)%00%(upstream:remoteref) refs/heads/master refs/remotes/master [60ms]
2023-07-04 08:08:21.072 [info] > git status -z -uall [480ms]
2023-07-04 08:09:20.562 [info] > git config --get commit.template [22ms]
2023-07-04 08:09:20.570 [info] > git for-each-ref --format=%(refname)%00%(upstream:short)%00%(objectname)%00%(upstream:track)%00%(upstream:remotename)%00%(upstream:remoteref) refs/heads/master refs/remotes/master [25ms]
2023-07-04 08:09:20.781 [info] > git status -z -uall [206ms]
2023-07-04 08:09:25.801 [info] > git config --get commit.template [6ms]
2023-07-04 08:09:25.803 [info] > git for-each-ref --format=%(refname)%00%(upstream:short)%00%(objectname)%00%(upstream:track)%00%(upstream:remotename)%00%(upstream:remoteref) refs/heads/master refs/remotes/master [3ms]
2023-07-04 08:09:25.943 [info] > git status -z -uall [136ms]
2023-07-04 08:09:30.971 [info] > git config --get commit.template [7ms]
2023-07-04 08:09:30.972 [info] > git for-each-ref --format=%(refname)%00%(upstream:short)%00%(objectname)%00%(upstream:track)%00%(upstream:remotename)%00%(upstream:remoteref) refs/heads/master refs/remotes/master [4ms]
2023-07-04 08:09:31.114 [info] > git status -z -uall [137ms]
2023-07-04 08:09:36.141 [info] > git config --get commit.template [7ms]
2023-07-04 08:09:36.143 [info] > git for-each-ref --format=%(refname)%00%(upstream:short)%00%(objectname)%00%(upstream:track)%00%(upstream:remotename)%00%(upstream:remoteref) refs/heads/master refs/remotes/master [3ms]
2023-07-04 08:09:36.230 [info] > git status -z -uall [84ms]
2023-07-04 08:09:37.177 [info] > git ls-files --stage -- /home/ec2-user/flaskr/templates/login.html [8ms]
2023-07-04 08:09:37.186 [info] > git show --textconv :flaskr/templates/login.html [24ms]
2023-07-04 08:09:37.191 [info] > git cat-file -s 45ca3c6c0184983b866d4435324559ccb7eefcb0 [5ms]
2023-07-04 08:09:41.249 [info] > git config --get commit.template [7ms]
2023-07-04 08:09:41.251 [info] > git for-each-ref --format=%(refname)%00%(upstream:short)%00%(objectname)%00%(upstream:track)%00%(upstream:remotename)%00%(upstream:remoteref) refs/heads/master refs/remotes/master [2ms]
2023-07-04 08:09:41.333 [info] > git status -z -uall [78ms]
2023-07-04 08:09:46.351 [info] > git config --get commit.template [6ms]
2023-07-04 08:09:46.354 [info] > git for-each-ref --format=%(refname)%00%(upstream:short)%00%(objectname)%00%(upstream:track)%00%(upstream:remotename)%00%(upstream:remoteref) refs/heads/master refs/remotes/master [4ms]
2023-07-04 08:09:46.433 [info] > git status -z -uall [76ms]
2023-07-04 08:09:51.452 [info] > git config --get commit.template [6ms]
2023-07-04 08:09:51.454 [info] > git for-each-ref --format=%(refname)%00%(upstream:short)%00%(objectname)%00%(upstream:track)%00%(upstream:remotename)%00%(upstream:remoteref) refs/heads/master refs/remotes/master [2ms]
2023-07-04 08:09:51.575 [info] > git status -z -uall [117ms]
2023-07-04 08:09:56.600 [info] > git config --get commit.template [6ms]
2023-07-04 08:09:56.605 [info] > git for-each-ref --format=%(refname)%00%(upstream:short)%00%(objectname)%00%(upstream:track)%00%(upstream:remotename)%00%(upstream:remoteref) refs/heads/master refs/remotes/master [5ms]
2023-07-04 08:09:56.723 [info] > git status -z -uall [112ms]
2023-07-04 08:10:19.912 [info] > git config --get commit.template [42ms]
2023-07-04 08:10:19.919 [info] > git for-each-ref --format=%(refname)%00%(upstream:short)%00%(objectname)%00%(upstream:track)%00%(upstream:remotename)%00%(upstream:remoteref) refs/heads/master refs/remotes/master [43ms]
2023-07-04 08:10:20.280 [info] > git status -z -uall [353ms]
2023-07-04 08:10:25.327 [info] > git config --get commit.template [15ms]
2023-07-04 08:10:25.329 [info] > git for-each-ref --format=%(refname)%00%(upstream:short)%00%(objectname)%00%(upstream:track)%00%(upstream:remotename)%00%(upstream:remoteref) refs/heads/master refs/remotes/master [12ms]
2023-07-04 08:10:25.463 [info] > git status -z -uall [129ms]
2023-07-04 08:11:11.544 [info] > git config --get commit.template [6ms]
2023-07-04 08:11:11.546 [info] > git for-each-ref --format=%(refname)%00%(upstream:short)%00%(objectname)%00%(upstream:track)%00%(upstream:remotename)%00%(upstream:remoteref) refs/heads/master refs/remotes/master [2ms]
2023-07-04 08:11:11.630 [info] > git status -z -uall [79ms]
2023-07-04 08:11:16.652 [info] > git config --get commit.template [7ms]
2023-07-04 08:11:16.654 [info] > git for-each-ref --format=%(refname)%00%(upstream:short)%00%(objectname)%00%(upstream:track)%00%(upstream:remotename)%00%(upstream:remoteref) refs/heads/master refs/remotes/master [3ms]
2023-07-04 08:11:16.736 [info] > git status -z -uall [78ms]
2023-07-04 08:11:21.781 [info] > git config --get commit.template [16ms]
2023-07-04 08:11:21.788 [info] > git for-each-ref --format=%(refname)%00%(upstream:short)%00%(objectname)%00%(upstream:track)%00%(upstream:remotename)%00%(upstream:remoteref) refs/heads/master refs/remotes/master [12ms]
2023-07-04 08:11:21.902 [info] > git status -z -uall [109ms]
2023-07-04 08:11:26.922 [info] > git config --get commit.template [6ms]
2023-07-04 08:11:26.923 [info] > git for-each-ref --format=%(refname)%00%(upstream:short)%00%(objectname)%00%(upstream:track)%00%(upstream:remotename)%00%(upstream:remoteref) refs/heads/master refs/remotes/master [2ms]
2023-07-04 08:11:27.007 [info] > git status -z -uall [79ms]
2023-07-04 08:11:32.024 [info] > git config --get commit.template [6ms]
2023-07-04 08:11:32.026 [info] > git for-each-ref --format=%(refname)%00%(upstream:short)%00%(objectname)%00%(upstream:track)%00%(upstream:remotename)%00%(upstream:remoteref) refs/heads/master refs/remotes/master [2ms]
2023-07-04 08:11:32.108 [info] > git status -z -uall [78ms]
2023-07-04 08:11:37.130 [info] > git config --get commit.template [9ms]
2023-07-04 08:11:37.136 [info] > git for-each-ref --format=%(refname)%00%(upstream:short)%00%(objectname)%00%(upstream:track)%00%(upstream:remotename)%00%(upstream:remoteref) refs/heads/master refs/remotes/master [8ms]
2023-07-04 08:11:37.220 [info] > git status -z -uall [79ms]
2023-07-04 08:11:42.249 [info] > git config --get commit.template [9ms]
2023-07-04 08:11:42.251 [info] > git for-each-ref --format=%(refname)%00%(upstream:short)%00%(objectname)%00%(upstream:track)%00%(upstream:remotename)%00%(upstream:remoteref) refs/heads/master refs/remotes/master [6ms]
2023-07-04 08:11:42.340 [info] > git status -z -uall [83ms]
2023-07-04 08:11:47.364 [info] > git config --get commit.template [6ms]
2023-07-04 08:11:47.366 [info] > git for-each-ref --format=%(refname)%00%(upstream:short)%00%(objectname)%00%(upstream:track)%00%(upstream:remotename)%00%(upstream:remoteref) refs/heads/master refs/remotes/master [2ms]
2023-07-04 08:11:47.447 [info] > git status -z -uall [78ms]
2023-07-04 08:11:52.468 [info] > git config --get commit.template [6ms]
2023-07-04 08:11:52.470 [info] > git for-each-ref --format=%(refname)%00%(upstream:short)%00%(objectname)%00%(upstream:track)%00%(upstream:remotename)%00%(upstream:remoteref) refs/heads/master refs/remotes/master [2ms]
2023-07-04 08:11:52.554 [info] > git status -z -uall [79ms]
2023-07-04 08:11:57.575 [info] > git config --get commit.template [7ms]
2023-07-04 08:11:57.577 [info] > git for-each-ref --format=%(refname)%00%(upstream:short)%00%(objectname)%00%(upstream:track)%00%(upstream:remotename)%00%(upstream:remoteref) refs/heads/master refs/remotes/master [3ms]
2023-07-04 08:11:57.659 [info] > git status -z -uall [79ms]
2023-07-04 08:12:02.681 [info] > git config --get commit.template [6ms]
2023-07-04 08:12:02.683 [info] > git for-each-ref --format=%(refname)%00%(upstream:short)%00%(objectname)%00%(upstream:track)%00%(upstream:remotename)%00%(upstream:remoteref) refs/heads/master refs/remotes/master [3ms]
2023-07-04 08:12:02.767 [info] > git status -z -uall [80ms]
2023-07-04 08:12:07.790 [info] > git config --get commit.template [6ms]
2023-07-04 08:12:07.792 [info] > git for-each-ref --format=%(refname)%00%(upstream:short)%00%(objectname)%00%(upstream:track)%00%(upstream:remotename)%00%(upstream:remoteref) refs/heads/master refs/remotes/master [3ms]
2023-07-04 08:12:07.874 [info] > git status -z -uall [79ms]
2023-07-04 08:12:12.893 [info] > git config --get commit.template [6ms]
2023-07-04 08:12:12.894 [info] > git for-each-ref --format=%(refname)%00%(upstream:short)%00%(objectname)%00%(upstream:track)%00%(upstream:remotename)%00%(upstream:remoteref) refs/heads/master refs/remotes/master [2ms]
2023-07-04 08:12:12.976 [info] > git status -z -uall [78ms]
2023-07-04 08:12:15.948 [info] > git ls-files --stage -- /home/ec2-user/flaskr/models.py [24ms]
2023-07-04 08:12:15.970 [info] > git show --textconv :flaskr/models.py [54ms]
2023-07-04 08:12:15.976 [info] > git cat-file -s 55c43d396ff712f79c87a396b911288c2af5a5d4 [6ms]
2023-07-04 08:12:17.993 [info] > git config --get commit.template [6ms]
2023-07-04 08:12:17.995 [info] > git for-each-ref --format=%(refname)%00%(upstream:short)%00%(objectname)%00%(upstream:track)%00%(upstream:remotename)%00%(upstream:remoteref) refs/heads/master refs/remotes/master [2ms]
2023-07-04 08:12:18.228 [info] > git status -z -uall [229ms]
2023-07-04 08:12:23.311 [info] > git config --get commit.template [56ms]
2023-07-04 08:12:23.319 [info] > git for-each-ref --format=%(refname)%00%(upstream:short)%00%(objectname)%00%(upstream:track)%00%(upstream:remotename)%00%(upstream:remoteref) refs/heads/master refs/remotes/master [56ms]
2023-07-04 08:12:23.594 [info] > git status -z -uall [270ms]
2023-07-04 08:12:28.639 [info] > git config --get commit.template [8ms]
2023-07-04 08:12:28.641 [info] > git for-each-ref --format=%(refname)%00%(upstream:short)%00%(objectname)%00%(upstream:track)%00%(upstream:remotename)%00%(upstream:remoteref) refs/heads/master refs/remotes/master [4ms]
2023-07-04 08:12:28.752 [info] > git status -z -uall [108ms]
2023-07-04 08:12:33.772 [info] > git config --get commit.template [6ms]
2023-07-04 08:12:33.781 [info] > git for-each-ref --format=%(refname)%00%(upstream:short)%00%(objectname)%00%(upstream:track)%00%(upstream:remotename)%00%(upstream:remoteref) refs/heads/master refs/remotes/master [10ms]
2023-07-04 08:12:33.870 [info] > git status -z -uall [82ms]
2023-07-04 08:12:38.891 [info] > git config --get commit.template [6ms]
2023-07-04 08:12:38.892 [info] > git for-each-ref --format=%(refname)%00%(upstream:short)%00%(objectname)%00%(upstream:track)%00%(upstream:remotename)%00%(upstream:remoteref) refs/heads/master refs/remotes/master [2ms]
2023-07-04 08:12:38.979 [info] > git status -z -uall [82ms]
2023-07-04 08:12:44.003 [info] > git config --get commit.template [8ms]
2023-07-04 08:12:44.005 [info] > git for-each-ref --format=%(refname)%00%(upstream:short)%00%(objectname)%00%(upstream:track)%00%(upstream:remotename)%00%(upstream:remoteref) refs/heads/master refs/remotes/master [5ms]
2023-07-04 08:12:44.089 [info] > git status -z -uall [79ms]
2023-07-04 08:12:49.107 [info] > git config --get commit.template [6ms]
2023-07-04 08:12:49.109 [info] > git for-each-ref --format=%(refname)%00%(upstream:short)%00%(objectname)%00%(upstream:track)%00%(upstream:remotename)%00%(upstream:remoteref) refs/heads/master refs/remotes/master [2ms]
2023-07-04 08:12:49.195 [info] > git status -z -uall [82ms]
2023-07-04 08:13:57.933 [info] > git config --get commit.template [6ms]
2023-07-04 08:13:57.942 [info] > git for-each-ref --format=%(refname)%00%(upstream:short)%00%(objectname)%00%(upstream:track)%00%(upstream:remotename)%00%(upstream:remoteref) refs/heads/master refs/remotes/master [8ms]
2023-07-04 08:13:58.345 [info] > git status -z -uall [398ms]
2023-07-04 08:14:56.912 [info] > git config --get commit.template [67ms]
2023-07-04 08:14:56.917 [info] > git for-each-ref --format=%(refname)%00%(upstream:short)%00%(objectname)%00%(upstream:track)%00%(upstream:remotename)%00%(upstream:remoteref) refs/heads/master refs/remotes/master [68ms]
2023-07-04 08:14:57.228 [info] > git status -z -uall [303ms]
2023-07-04 08:15:34.530 [info] > git config --get commit.template [54ms]
2023-07-04 08:15:34.533 [info] > git for-each-ref --format=%(refname)%00%(upstream:short)%00%(objectname)%00%(upstream:track)%00%(upstream:remotename)%00%(upstream:remoteref) refs/heads/master refs/remotes/master [52ms]
2023-07-04 08:15:34.896 [info] > git status -z -uall [354ms]
2023-07-04 08:15:39.954 [info] > git config --get commit.template [24ms]
2023-07-04 08:15:39.957 [info] > git for-each-ref --format=%(refname)%00%(upstream:short)%00%(objectname)%00%(upstream:track)%00%(upstream:remotename)%00%(upstream:remoteref) refs/heads/master refs/remotes/master [22ms]
2023-07-04 08:15:40.171 [info] > git status -z -uall [209ms]
2023-07-04 08:15:45.198 [info] > git config --get commit.template [9ms]
2023-07-04 08:15:45.199 [info] > git for-each-ref --format=%(refname)%00%(upstream:short)%00%(objectname)%00%(upstream:track)%00%(upstream:remotename)%00%(upstream:remoteref) refs/heads/master refs/remotes/master [5ms]
2023-07-04 08:15:45.312 [info] > git status -z -uall [108ms]
2023-07-04 08:15:50.387 [info] > git config --get commit.template [6ms]
2023-07-04 08:15:50.388 [info] > git for-each-ref --format=%(refname)%00%(upstream:short)%00%(objectname)%00%(upstream:track)%00%(upstream:remotename)%00%(upstream:remoteref) refs/heads/master refs/remotes/master [2ms]
2023-07-04 08:15:50.565 [info] > git status -z -uall [173ms]
2023-07-04 08:15:55.585 [info] > git config --get commit.template [6ms]
2023-07-04 08:15:55.586 [info] > git for-each-ref --format=%(refname)%00%(upstream:short)%00%(objectname)%00%(upstream:track)%00%(upstream:remotename)%00%(upstream:remoteref) refs/heads/master refs/remotes/master [2ms]
2023-07-04 08:15:55.670 [info] > git status -z -uall [79ms]
2023-07-04 08:16:00.693 [info] > git config --get commit.template [8ms]
2023-07-04 08:16:00.695 [info] > git for-each-ref --format=%(refname)%00%(upstream:short)%00%(objectname)%00%(upstream:track)%00%(upstream:remotename)%00%(upstream:remoteref) refs/heads/master refs/remotes/master [5ms]
2023-07-04 08:16:00.889 [info] > git status -z -uall [190ms]
2023-07-04 08:16:05.949 [info] > git for-each-ref --format=%(refname)%00%(upstream:short)%00%(objectname)%00%(upstream:track)%00%(upstream:remotename)%00%(upstream:remoteref) refs/heads/master refs/remotes/master [36ms]
2023-07-04 08:16:05.950 [info] > git config --get commit.template [44ms]
2023-07-04 08:16:06.133 [info] > git status -z -uall [162ms]
2023-07-04 08:16:11.155 [info] > git config --get commit.template [7ms]
2023-07-04 08:16:11.157 [info] > git for-each-ref --format=%(refname)%00%(upstream:short)%00%(objectname)%00%(upstream:track)%00%(upstream:remotename)%00%(upstream:remoteref) refs/heads/master refs/remotes/master [3ms]
2023-07-04 08:16:11.260 [info] > git status -z -uall [100ms]
2023-07-04 08:16:16.320 [info] > git config --get commit.template [35ms]
2023-07-04 08:16:16.327 [info] > git for-each-ref --format=%(refname)%00%(upstream:short)%00%(objectname)%00%(upstream:track)%00%(upstream:remotename)%00%(upstream:remoteref) refs/heads/master refs/remotes/master [36ms]
2023-07-04 08:16:16.512 [info] > git status -z -uall [181ms]
2023-07-04 08:16:21.608 [info] > git config --get commit.template [52ms]
2023-07-04 08:16:21.617 [info] > git for-each-ref --format=%(refname)%00%(upstream:short)%00%(objectname)%00%(upstream:track)%00%(upstream:remotename)%00%(upstream:remoteref) refs/heads/master refs/remotes/master [15ms]
2023-07-04 08:16:21.934 [info] > git status -z -uall [304ms]
2023-07-04 08:16:27.043 [info] > git config --get commit.template [24ms]
2023-07-04 08:16:27.044 [info] > git for-each-ref --format=%(refname)%00%(upstream:short)%00%(objectname)%00%(upstream:track)%00%(upstream:remotename)%00%(upstream:remoteref) refs/heads/master refs/remotes/master [23ms]
2023-07-04 08:16:27.333 [info] > git status -z -uall [284ms]
2023-07-04 08:16:32.405 [info] > git config --get commit.template [23ms]
2023-07-04 08:16:32.408 [info] > git for-each-ref --format=%(refname)%00%(upstream:short)%00%(objectname)%00%(upstream:track)%00%(upstream:remotename)%00%(upstream:remoteref) refs/heads/master refs/remotes/master [22ms]
2023-07-04 08:16:32.566 [info] > git status -z -uall [154ms]
2023-07-04 08:16:37.603 [info] > git config --get commit.template [17ms]
2023-07-04 08:16:37.606 [info] > git for-each-ref --format=%(refname)%00%(upstream:short)%00%(objectname)%00%(upstream:track)%00%(upstream:remotename)%00%(upstream:remoteref) refs/heads/master refs/remotes/master [8ms]
2023-07-04 08:16:37.896 [info] > git status -z -uall [286ms]
2023-07-04 08:16:42.916 [info] > git config --get commit.template [6ms]
2023-07-04 08:16:42.921 [info] > git for-each-ref --format=%(refname)%00%(upstream:short)%00%(objectname)%00%(upstream:track)%00%(upstream:remotename)%00%(upstream:remoteref) refs/heads/master refs/remotes/master [6ms]
2023-07-04 08:16:43.051 [info] > git status -z -uall [126ms]
2023-07-04 08:17:44.462 [info] > git config --get commit.template [41ms]
2023-07-04 08:17:44.466 [info] > git for-each-ref --format=%(refname)%00%(upstream:short)%00%(objectname)%00%(upstream:track)%00%(upstream:remotename)%00%(upstream:remoteref) refs/heads/master refs/remotes/master [39ms]
2023-07-04 08:17:44.876 [info] > git status -z -uall [405ms]
2023-07-04 08:17:49.943 [info] > git config --get commit.template [40ms]
2023-07-04 08:17:49.947 [info] > git for-each-ref --format=%(refname)%00%(upstream:short)%00%(objectname)%00%(upstream:track)%00%(upstream:remotename)%00%(upstream:remoteref) refs/heads/master refs/remotes/master [37ms]
2023-07-04 08:17:50.298 [info] > git status -z -uall [342ms]
2023-07-04 08:17:55.404 [info] > git config --get commit.template [51ms]
2023-07-04 08:17:55.411 [info] > git for-each-ref --format=%(refname)%00%(upstream:short)%00%(objectname)%00%(upstream:track)%00%(upstream:remotename)%00%(upstream:remoteref) refs/heads/master refs/remotes/master [54ms]
2023-07-04 08:17:56.008 [info] > git status -z -uall [590ms]
2023-07-04 08:18:01.121 [info] > git config --get commit.template [49ms]
2023-07-04 08:18:01.129 [info] > git for-each-ref --format=%(refname)%00%(upstream:short)%00%(objectname)%00%(upstream:track)%00%(upstream:remotename)%00%(upstream:remoteref) refs/heads/master refs/remotes/master [50ms]
2023-07-04 08:18:01.482 [info] > git status -z -uall [348ms]
2023-07-04 08:18:06.592 [info] > git config --get commit.template [33ms]
2023-07-04 08:18:06.597 [info] > git for-each-ref --format=%(refname)%00%(upstream:short)%00%(objectname)%00%(upstream:track)%00%(upstream:remotename)%00%(upstream:remoteref) refs/heads/master refs/remotes/master [33ms]
2023-07-04 08:18:07.059 [info] > git status -z -uall [455ms]
2023-07-04 08:18:12.160 [info] > git config --get commit.template [49ms]
2023-07-04 08:18:12.165 [info] > git for-each-ref --format=%(refname)%00%(upstream:short)%00%(objectname)%00%(upstream:track)%00%(upstream:remotename)%00%(upstream:remoteref) refs/heads/master refs/remotes/master [49ms]
2023-07-04 08:18:12.614 [info] > git status -z -uall [444ms]
2023-07-04 08:18:23.448 [info] > git config --get commit.template [39ms]
2023-07-04 08:18:23.453 [info] > git for-each-ref --format=%(refname)%00%(upstream:short)%00%(objectname)%00%(upstream:track)%00%(upstream:remotename)%00%(upstream:remoteref) refs/heads/master refs/remotes/master [42ms]
2023-07-04 08:18:23.857 [info] > git status -z -uall [385ms]
2023-07-04 08:18:28.958 [info] > git config --get commit.template [33ms]
2023-07-04 08:18:28.962 [info] > git for-each-ref --format=%(refname)%00%(upstream:short)%00%(objectname)%00%(upstream:track)%00%(upstream:remotename)%00%(upstream:remoteref) refs/heads/master refs/remotes/master [33ms]
2023-07-04 08:18:29.441 [info] > git status -z -uall [471ms]
2023-07-04 08:18:34.603 [info] > git config --get commit.template [57ms]
2023-07-04 08:18:34.610 [info] > git for-each-ref --format=%(refname)%00%(upstream:short)%00%(objectname)%00%(upstream:track)%00%(upstream:remotename)%00%(upstream:remoteref) refs/heads/master refs/remotes/master [59ms]
2023-07-04 08:18:35.026 [info] > git status -z -uall [410ms]
2023-07-04 08:18:40.126 [info] > git config --get commit.template [41ms]
2023-07-04 08:18:40.129 [info] > git for-each-ref --format=%(refname)%00%(upstream:short)%00%(objectname)%00%(upstream:track)%00%(upstream:remotename)%00%(upstream:remoteref) refs/heads/master refs/remotes/master [39ms]
2023-07-04 08:18:40.534 [info] > git status -z -uall [400ms]
