2023-07-05 05:18:56.476 [info] Log level: Info
2023-07-05 05:18:56.476 [info] Validating found git in: "git"
2023-07-05 05:18:56.476 [info] Using git "2.40.1" from "git"
2023-07-05 05:18:56.476 [info] > git rev-parse --show-toplevel [140ms]
2023-07-05 05:18:56.476 [info] > git rev-parse --git-dir --git-common-dir [8ms]
2023-07-05 05:18:56.476 [info] Open repository: /home/ec2-user
2023-07-05 05:18:56.476 [info] > git config --get commit.template [59ms]
2023-07-05 05:18:56.476 [info] > git rev-parse --show-toplevel [77ms]
2023-07-05 05:18:56.476 [info] > git rev-parse --show-toplevel [29ms]
2023-07-05 05:18:56.476 [info] > git for-each-ref --format=%(refname)%00%(upstream:short)%00%(objectname)%00%(upstream:track)%00%(upstream:remotename)%00%(upstream:remoteref) refs/heads/master refs/remotes/master [31ms]
2023-07-05 05:18:56.476 [info] > git rev-parse --show-toplevel [21ms]
2023-07-05 05:18:56.476 [info] > git rev-parse --show-toplevel [4ms]
2023-07-05 05:18:56.476 [info] > git status -z -uall [197ms]
2023-07-05 05:18:56.476 [info] > git rev-parse --show-toplevel [149ms]
2023-07-05 05:18:56.476 [info] > git rev-parse --show-toplevel [12ms]
2023-07-05 05:18:56.476 [info] > git config --get commit.template [16ms]
2023-07-05 05:18:56.476 [info] > git rev-parse --show-toplevel [11ms]
2023-07-05 05:18:56.476 [info] > git for-each-ref --format=%(refname)%00%(upstream:short)%00%(objectname)%00%(upstream:track)%00%(upstream:remotename)%00%(upstream:remoteref) refs/heads/master refs/remotes/master [6ms]
2023-07-05 05:18:56.476 [info] > git rev-parse --show-toplevel [16ms]
2023-07-05 05:18:56.476 [info] > git status -z -uall [192ms]
2023-07-05 05:18:56.476 [info] > git rev-parse --show-toplevel [183ms]
2023-07-05 05:18:56.476 [info] > git rev-parse --show-toplevel [23ms]
2023-07-05 05:18:56.717 [info] > git check-ignore -v -z --stdin [40ms]
2023-07-05 05:18:56.796 [info] > git show --textconv :flaskr/templates/login.html [40ms]
2023-07-05 05:18:56.800 [info] > git ls-files --stage -- /home/ec2-user/flaskr/templates/login.html [24ms]
2023-07-05 05:18:56.806 [info] > git cat-file -s 3cc5ee4685b2d20f1ae459b8b41bb1d7b33bcc0b [2ms]
2023-07-05 05:18:57.666 [info] > git show --textconv :flaskr/templates/home.html [9ms]
2023-07-05 05:18:57.673 [info] > git ls-files --stage -- /home/ec2-user/flaskr/templates/home.html [8ms]
2023-07-05 05:18:57.678 [info] > git cat-file -s cfd82d7c7398b1553d73ac59a08054f31d2f733c [2ms]
2023-07-05 05:18:59.636 [info] > git config --get commit.template [6ms]
2023-07-05 05:18:59.639 [info] > git for-each-ref --format=%(refname)%00%(upstream:short)%00%(objectname)%00%(upstream:track)%00%(upstream:remotename)%00%(upstream:remoteref) refs/heads/master refs/remotes/master [4ms]
2023-07-05 05:18:59.719 [info] > git status -z -uall [77ms]
2023-07-05 05:19:04.739 [info] > git config --get commit.template [6ms]
2023-07-05 05:19:04.741 [info] > git for-each-ref --format=%(refname)%00%(upstream:short)%00%(objectname)%00%(upstream:track)%00%(upstream:remotename)%00%(upstream:remoteref) refs/heads/master refs/remotes/master [2ms]
2023-07-05 05:19:04.822 [info] > git status -z -uall [78ms]
2023-07-05 05:19:09.850 [info] > git config --get commit.template [6ms]
2023-07-05 05:19:09.852 [info] > git for-each-ref --format=%(refname)%00%(upstream:short)%00%(objectname)%00%(upstream:track)%00%(upstream:remotename)%00%(upstream:remoteref) refs/heads/master refs/remotes/master [3ms]
2023-07-05 05:19:09.943 [info] > git status -z -uall [88ms]
2023-07-05 05:19:14.966 [info] > git config --get commit.template [6ms]
2023-07-05 05:19:14.969 [info] > git for-each-ref --format=%(refname)%00%(upstream:short)%00%(objectname)%00%(upstream:track)%00%(upstream:remotename)%00%(upstream:remoteref) refs/heads/master refs/remotes/master [3ms]
2023-07-05 05:19:15.062 [info] > git status -z -uall [87ms]
2023-07-05 05:19:20.081 [info] > git config --get commit.template [5ms]
2023-07-05 05:19:20.083 [info] > git for-each-ref --format=%(refname)%00%(upstream:short)%00%(objectname)%00%(upstream:track)%00%(upstream:remotename)%00%(upstream:remoteref) refs/heads/master refs/remotes/master [2ms]
2023-07-05 05:19:20.169 [info] > git status -z -uall [82ms]
2023-07-05 05:19:25.193 [info] > git config --get commit.template [6ms]
2023-07-05 05:19:25.195 [info] > git for-each-ref --format=%(refname)%00%(upstream:short)%00%(objectname)%00%(upstream:track)%00%(upstream:remotename)%00%(upstream:remoteref) refs/heads/master refs/remotes/master [3ms]
2023-07-05 05:19:25.279 [info] > git status -z -uall [80ms]
2023-07-05 05:20:25.934 [info] > git config --get commit.template [6ms]
2023-07-05 05:20:25.936 [info] > git for-each-ref --format=%(refname)%00%(upstream:short)%00%(objectname)%00%(upstream:track)%00%(upstream:remotename)%00%(upstream:remoteref) refs/heads/master refs/remotes/master [4ms]
2023-07-05 05:20:26.021 [info] > git status -z -uall [82ms]
2023-07-05 05:20:31.041 [info] > git config --get commit.template [5ms]
2023-07-05 05:20:31.043 [info] > git for-each-ref --format=%(refname)%00%(upstream:short)%00%(objectname)%00%(upstream:track)%00%(upstream:remotename)%00%(upstream:remoteref) refs/heads/master refs/remotes/master [3ms]
2023-07-05 05:20:31.124 [info] > git status -z -uall [78ms]
2023-07-05 05:20:36.144 [info] > git config --get commit.template [5ms]
2023-07-05 05:20:36.146 [info] > git for-each-ref --format=%(refname)%00%(upstream:short)%00%(objectname)%00%(upstream:track)%00%(upstream:remotename)%00%(upstream:remoteref) refs/heads/master refs/remotes/master [3ms]
2023-07-05 05:20:36.229 [info] > git status -z -uall [80ms]
2023-07-05 05:20:41.248 [info] > git config --get commit.template [6ms]
2023-07-05 05:20:41.252 [info] > git for-each-ref --format=%(refname)%00%(upstream:short)%00%(objectname)%00%(upstream:track)%00%(upstream:remotename)%00%(upstream:remoteref) refs/heads/master refs/remotes/master [5ms]
2023-07-05 05:20:41.338 [info] > git status -z -uall [80ms]
2023-07-05 05:20:46.353 [info] > git config --get commit.template [5ms]
2023-07-05 05:20:46.355 [info] > git for-each-ref --format=%(refname)%00%(upstream:short)%00%(objectname)%00%(upstream:track)%00%(upstream:remotename)%00%(upstream:remoteref) refs/heads/master refs/remotes/master [2ms]
2023-07-05 05:20:46.437 [info] > git status -z -uall [78ms]
2023-07-05 05:20:51.461 [info] > git config --get commit.template [11ms]
2023-07-05 05:20:51.462 [info] > git for-each-ref --format=%(refname)%00%(upstream:short)%00%(objectname)%00%(upstream:track)%00%(upstream:remotename)%00%(upstream:remoteref) refs/heads/master refs/remotes/master [8ms]
2023-07-05 05:20:51.545 [info] > git status -z -uall [79ms]
2023-07-05 05:20:56.563 [info] > git config --get commit.template [5ms]
2023-07-05 05:20:56.565 [info] > git for-each-ref --format=%(refname)%00%(upstream:short)%00%(objectname)%00%(upstream:track)%00%(upstream:remotename)%00%(upstream:remoteref) refs/heads/master refs/remotes/master [3ms]
2023-07-05 05:20:56.644 [info] > git status -z -uall [76ms]
2023-07-05 05:21:07.217 [info] > git config --get commit.template [5ms]
2023-07-05 05:21:07.219 [info] > git for-each-ref --format=%(refname)%00%(upstream:short)%00%(objectname)%00%(upstream:track)%00%(upstream:remotename)%00%(upstream:remoteref) refs/heads/master refs/remotes/master [2ms]
2023-07-05 05:21:07.310 [info] > git status -z -uall [88ms]
2023-07-05 05:21:15.749 [info] > git config --get commit.template [5ms]
2023-07-05 05:21:15.751 [info] > git for-each-ref --format=%(refname)%00%(upstream:short)%00%(objectname)%00%(upstream:track)%00%(upstream:remotename)%00%(upstream:remoteref) refs/heads/master refs/remotes/master [3ms]
2023-07-05 05:21:15.834 [info] > git status -z -uall [80ms]
2023-07-05 05:21:21.029 [info] > git config --get commit.template [6ms]
2023-07-05 05:21:21.031 [info] > git for-each-ref --format=%(refname)%00%(upstream:short)%00%(objectname)%00%(upstream:track)%00%(upstream:remotename)%00%(upstream:remoteref) refs/heads/master refs/remotes/master [3ms]
2023-07-05 05:21:21.112 [info] > git status -z -uall [78ms]
2023-07-05 05:21:26.130 [info] > git config --get commit.template [5ms]
2023-07-05 05:21:26.132 [info] > git for-each-ref --format=%(refname)%00%(upstream:short)%00%(objectname)%00%(upstream:track)%00%(upstream:remotename)%00%(upstream:remoteref) refs/heads/master refs/remotes/master [3ms]
2023-07-05 05:21:26.216 [info] > git status -z -uall [80ms]
2023-07-05 05:21:31.233 [info] > git config --get commit.template [5ms]
2023-07-05 05:21:31.235 [info] > git for-each-ref --format=%(refname)%00%(upstream:short)%00%(objectname)%00%(upstream:track)%00%(upstream:remotename)%00%(upstream:remoteref) refs/heads/master refs/remotes/master [3ms]
2023-07-05 05:21:31.331 [info] > git status -z -uall [83ms]
2023-07-05 05:21:36.348 [info] > git config --get commit.template [6ms]
2023-07-05 05:21:36.350 [info] > git for-each-ref --format=%(refname)%00%(upstream:short)%00%(objectname)%00%(upstream:track)%00%(upstream:remotename)%00%(upstream:remoteref) refs/heads/master refs/remotes/master [3ms]
2023-07-05 05:21:36.432 [info] > git status -z -uall [78ms]
2023-07-05 05:21:41.451 [info] > git config --get commit.template [8ms]
2023-07-05 05:21:41.454 [info] > git for-each-ref --format=%(refname)%00%(upstream:short)%00%(objectname)%00%(upstream:track)%00%(upstream:remotename)%00%(upstream:remoteref) refs/heads/master refs/remotes/master [4ms]
2023-07-05 05:21:41.537 [info] > git status -z -uall [80ms]
2023-07-05 05:22:03.353 [info] > git config --get commit.template [6ms]
2023-07-05 05:22:03.355 [info] > git for-each-ref --format=%(refname)%00%(upstream:short)%00%(objectname)%00%(upstream:track)%00%(upstream:remotename)%00%(upstream:remoteref) refs/heads/master refs/remotes/master [4ms]
2023-07-05 05:22:03.437 [info] > git status -z -uall [79ms]
2023-07-05 05:22:08.453 [info] > git config --get commit.template [5ms]
2023-07-05 05:22:08.455 [info] > git for-each-ref --format=%(refname)%00%(upstream:short)%00%(objectname)%00%(upstream:track)%00%(upstream:remotename)%00%(upstream:remoteref) refs/heads/master refs/remotes/master [3ms]
2023-07-05 05:22:08.542 [info] > git status -z -uall [84ms]
2023-07-05 05:22:13.558 [info] > git config --get commit.template [5ms]
2023-07-05 05:22:13.560 [info] > git for-each-ref --format=%(refname)%00%(upstream:short)%00%(objectname)%00%(upstream:track)%00%(upstream:remotename)%00%(upstream:remoteref) refs/heads/master refs/remotes/master [2ms]
2023-07-05 05:22:13.645 [info] > git status -z -uall [82ms]
2023-07-05 05:22:18.662 [info] > git config --get commit.template [6ms]
2023-07-05 05:22:18.664 [info] > git for-each-ref --format=%(refname)%00%(upstream:short)%00%(objectname)%00%(upstream:track)%00%(upstream:remotename)%00%(upstream:remoteref) refs/heads/master refs/remotes/master [3ms]
2023-07-05 05:22:18.747 [info] > git status -z -uall [80ms]
2023-07-05 05:22:23.767 [info] > git config --get commit.template [6ms]
2023-07-05 05:22:23.769 [info] > git for-each-ref --format=%(refname)%00%(upstream:short)%00%(objectname)%00%(upstream:track)%00%(upstream:remotename)%00%(upstream:remoteref) refs/heads/master refs/remotes/master [3ms]
2023-07-05 05:22:23.850 [info] > git status -z -uall [78ms]
2023-07-05 05:22:27.623 [info] > git show --textconv :flaskr/views.py [19ms]
2023-07-05 05:22:27.627 [info] > git ls-files --stage -- /home/ec2-user/flaskr/views.py [15ms]
2023-07-05 05:22:27.633 [info] > git cat-file -s 663ff092b50f10586e554f51a77881ec5bcfc8c3 [2ms]
2023-07-05 05:22:28.874 [info] > git config --get commit.template [10ms]
2023-07-05 05:22:28.877 [info] > git for-each-ref --format=%(refname)%00%(upstream:short)%00%(objectname)%00%(upstream:track)%00%(upstream:remotename)%00%(upstream:remoteref) refs/heads/master refs/remotes/master [4ms]
2023-07-05 05:22:28.965 [info] > git status -z -uall [84ms]
2023-07-05 05:22:34.038 [info] > git config --get commit.template [36ms]
2023-07-05 05:22:34.040 [info] > git for-each-ref --format=%(refname)%00%(upstream:short)%00%(objectname)%00%(upstream:track)%00%(upstream:remotename)%00%(upstream:remoteref) refs/heads/master refs/remotes/master [3ms]
2023-07-05 05:22:34.346 [info] > git status -z -uall [281ms]
2023-07-05 05:22:39.844 [info] > git config --get commit.template [24ms]
2023-07-05 05:22:39.846 [info] > git for-each-ref --format=%(refname)%00%(upstream:short)%00%(objectname)%00%(upstream:track)%00%(upstream:remotename)%00%(upstream:remoteref) refs/heads/master refs/remotes/master [3ms]
2023-07-05 05:22:40.150 [info] > git status -z -uall [277ms]
2023-07-05 05:22:45.187 [info] > git config --get commit.template [9ms]
2023-07-05 05:22:45.189 [info] > git for-each-ref --format=%(refname)%00%(upstream:short)%00%(objectname)%00%(upstream:track)%00%(upstream:remotename)%00%(upstream:remoteref) refs/heads/master refs/remotes/master [4ms]
2023-07-05 05:22:45.278 [info] > git status -z -uall [84ms]
2023-07-05 05:22:56.290 [info] > git config --get commit.template [14ms]
2023-07-05 05:22:56.295 [info] > git for-each-ref --format=%(refname)%00%(upstream:short)%00%(objectname)%00%(upstream:track)%00%(upstream:remotename)%00%(upstream:remoteref) refs/heads/master refs/remotes/master [4ms]
2023-07-05 05:22:56.475 [info] > git status -z -uall [173ms]
2023-07-05 05:23:01.502 [info] > git config --get commit.template [5ms]
2023-07-05 05:23:01.503 [info] > git for-each-ref --format=%(refname)%00%(upstream:short)%00%(objectname)%00%(upstream:track)%00%(upstream:remotename)%00%(upstream:remoteref) refs/heads/master refs/remotes/master [2ms]
2023-07-05 05:23:01.586 [info] > git status -z -uall [78ms]
2023-07-05 05:23:16.046 [info] > git config --get commit.template [7ms]
2023-07-05 05:23:16.048 [info] > git for-each-ref --format=%(refname)%00%(upstream:short)%00%(objectname)%00%(upstream:track)%00%(upstream:remotename)%00%(upstream:remoteref) refs/heads/master refs/remotes/master [3ms]
2023-07-05 05:23:16.131 [info] > git status -z -uall [79ms]
2023-07-05 05:23:17.508 [info] > git check-ignore -v -z --stdin [7ms]
2023-07-05 05:23:21.151 [info] > git config --get commit.template [6ms]
2023-07-05 05:23:21.153 [info] > git for-each-ref --format=%(refname)%00%(upstream:short)%00%(objectname)%00%(upstream:track)%00%(upstream:remotename)%00%(upstream:remoteref) refs/heads/master refs/remotes/master [3ms]
2023-07-05 05:23:21.237 [info] > git status -z -uall [81ms]
2023-07-05 05:23:26.279 [info] > git for-each-ref --format=%(refname)%00%(upstream:short)%00%(objectname)%00%(upstream:track)%00%(upstream:remotename)%00%(upstream:remoteref) refs/heads/master refs/remotes/master [1ms]
2023-07-05 05:23:26.285 [info] > git config --get commit.template [28ms]
2023-07-05 05:23:26.520 [info] > git status -z -uall [213ms]
2023-07-05 05:23:31.539 [info] > git config --get commit.template [6ms]
2023-07-05 05:23:31.541 [info] > git for-each-ref --format=%(refname)%00%(upstream:short)%00%(objectname)%00%(upstream:track)%00%(upstream:remotename)%00%(upstream:remoteref) refs/heads/master refs/remotes/master [2ms]
2023-07-05 05:23:31.626 [info] > git status -z -uall [80ms]
2023-07-05 05:23:36.643 [info] > git config --get commit.template [6ms]
2023-07-05 05:23:36.645 [info] > git for-each-ref --format=%(refname)%00%(upstream:short)%00%(objectname)%00%(upstream:track)%00%(upstream:remotename)%00%(upstream:remoteref) refs/heads/master refs/remotes/master [2ms]
2023-07-05 05:23:36.727 [info] > git status -z -uall [78ms]
2023-07-05 05:23:41.748 [info] > git config --get commit.template [7ms]
2023-07-05 05:23:41.750 [info] > git for-each-ref --format=%(refname)%00%(upstream:short)%00%(objectname)%00%(upstream:track)%00%(upstream:remotename)%00%(upstream:remoteref) refs/heads/master refs/remotes/master [3ms]
2023-07-05 05:23:41.836 [info] > git status -z -uall [81ms]
2023-07-05 05:24:01.810 [info] > git config --get commit.template [8ms]
2023-07-05 05:24:01.812 [info] > git for-each-ref --format=%(refname)%00%(upstream:short)%00%(objectname)%00%(upstream:track)%00%(upstream:remotename)%00%(upstream:remoteref) refs/heads/master refs/remotes/master [4ms]
2023-07-05 05:24:01.896 [info] > git status -z -uall [80ms]
2023-07-05 05:24:06.920 [info] > git config --get commit.template [6ms]
2023-07-05 05:24:06.922 [info] > git for-each-ref --format=%(refname)%00%(upstream:short)%00%(objectname)%00%(upstream:track)%00%(upstream:remotename)%00%(upstream:remoteref) refs/heads/master refs/remotes/master [3ms]
2023-07-05 05:24:07.002 [info] > git status -z -uall [76ms]
2023-07-05 05:24:12.022 [info] > git config --get commit.template [6ms]
2023-07-05 05:24:12.024 [info] > git for-each-ref --format=%(refname)%00%(upstream:short)%00%(objectname)%00%(upstream:track)%00%(upstream:remotename)%00%(upstream:remoteref) refs/heads/master refs/remotes/master [3ms]
2023-07-05 05:24:12.113 [info] > git status -z -uall [83ms]
2023-07-05 05:24:17.939 [info] > git config --get commit.template [6ms]
2023-07-05 05:24:17.941 [info] > git for-each-ref --format=%(refname)%00%(upstream:short)%00%(objectname)%00%(upstream:track)%00%(upstream:remotename)%00%(upstream:remoteref) refs/heads/master refs/remotes/master [3ms]
2023-07-05 05:24:18.023 [info] > git status -z -uall [79ms]
2023-07-05 05:24:38.293 [info] > git config --get commit.template [6ms]
2023-07-05 05:24:38.295 [info] > git for-each-ref --format=%(refname)%00%(upstream:short)%00%(objectname)%00%(upstream:track)%00%(upstream:remotename)%00%(upstream:remoteref) refs/heads/master refs/remotes/master [3ms]
2023-07-05 05:24:38.375 [info] > git status -z -uall [77ms]
2023-07-05 05:24:43.405 [info] > git config --get commit.template [6ms]
2023-07-05 05:24:43.407 [info] > git for-each-ref --format=%(refname)%00%(upstream:short)%00%(objectname)%00%(upstream:track)%00%(upstream:remotename)%00%(upstream:remoteref) refs/heads/master refs/remotes/master [2ms]
2023-07-05 05:24:43.489 [info] > git status -z -uall [78ms]
2023-07-05 05:24:48.509 [info] > git config --get commit.template [6ms]
2023-07-05 05:24:48.511 [info] > git for-each-ref --format=%(refname)%00%(upstream:short)%00%(objectname)%00%(upstream:track)%00%(upstream:remotename)%00%(upstream:remoteref) refs/heads/master refs/remotes/master [3ms]
2023-07-05 05:24:48.594 [info] > git status -z -uall [79ms]
2023-07-05 05:24:52.188 [info] > git ls-files --stage -- /home/ec2-user/flaskr/templates/user_search.html [6ms]
2023-07-05 05:24:52.194 [info] > git show --textconv :flaskr/templates/user_search.html [20ms]
2023-07-05 05:24:52.197 [info] > git cat-file -s 7d3e6c1b227bbaed50952b144c24ec5d3290e59d [4ms]
2023-07-05 05:24:53.613 [info] > git config --get commit.template [6ms]
2023-07-05 05:24:53.615 [info] > git for-each-ref --format=%(refname)%00%(upstream:short)%00%(objectname)%00%(upstream:track)%00%(upstream:remotename)%00%(upstream:remoteref) refs/heads/master refs/remotes/master [3ms]
2023-07-05 05:24:53.704 [info] > git status -z -uall [84ms]
2023-07-05 05:24:58.734 [info] > git config --get commit.template [10ms]
2023-07-05 05:24:58.736 [info] > git for-each-ref --format=%(refname)%00%(upstream:short)%00%(objectname)%00%(upstream:track)%00%(upstream:remotename)%00%(upstream:remoteref) refs/heads/master refs/remotes/master [6ms]
2023-07-05 05:24:58.823 [info] > git status -z -uall [83ms]
2023-07-05 05:25:03.853 [info] > git config --get commit.template [6ms]
2023-07-05 05:25:03.855 [info] > git for-each-ref --format=%(refname)%00%(upstream:short)%00%(objectname)%00%(upstream:track)%00%(upstream:remotename)%00%(upstream:remoteref) refs/heads/master refs/remotes/master [3ms]
2023-07-05 05:25:03.939 [info] > git status -z -uall [80ms]
2023-07-05 05:25:08.956 [info] > git config --get commit.template [6ms]
2023-07-05 05:25:08.959 [info] > git for-each-ref --format=%(refname)%00%(upstream:short)%00%(objectname)%00%(upstream:track)%00%(upstream:remotename)%00%(upstream:remoteref) refs/heads/master refs/remotes/master [4ms]
2023-07-05 05:25:09.039 [info] > git status -z -uall [76ms]
2023-07-05 05:25:14.058 [info] > git config --get commit.template [6ms]
2023-07-05 05:25:14.060 [info] > git for-each-ref --format=%(refname)%00%(upstream:short)%00%(objectname)%00%(upstream:track)%00%(upstream:remotename)%00%(upstream:remoteref) refs/heads/master refs/remotes/master [3ms]
2023-07-05 05:25:14.143 [info] > git status -z -uall [80ms]
2023-07-05 05:25:19.161 [info] > git config --get commit.template [6ms]
2023-07-05 05:25:19.163 [info] > git for-each-ref --format=%(refname)%00%(upstream:short)%00%(objectname)%00%(upstream:track)%00%(upstream:remotename)%00%(upstream:remoteref) refs/heads/master refs/remotes/master [3ms]
2023-07-05 05:25:19.245 [info] > git status -z -uall [78ms]
2023-07-05 05:25:24.264 [info] > git config --get commit.template [6ms]
2023-07-05 05:25:24.266 [info] > git for-each-ref --format=%(refname)%00%(upstream:short)%00%(objectname)%00%(upstream:track)%00%(upstream:remotename)%00%(upstream:remoteref) refs/heads/master refs/remotes/master [2ms]
2023-07-05 05:25:24.350 [info] > git status -z -uall [80ms]
2023-07-05 05:25:29.372 [info] > git config --get commit.template [6ms]
2023-07-05 05:25:29.374 [info] > git for-each-ref --format=%(refname)%00%(upstream:short)%00%(objectname)%00%(upstream:track)%00%(upstream:remotename)%00%(upstream:remoteref) refs/heads/master refs/remotes/master [3ms]
2023-07-05 05:25:29.457 [info] > git status -z -uall [79ms]
2023-07-05 05:25:34.474 [info] > git config --get commit.template [5ms]
2023-07-05 05:25:34.476 [info] > git for-each-ref --format=%(refname)%00%(upstream:short)%00%(objectname)%00%(upstream:track)%00%(upstream:remotename)%00%(upstream:remoteref) refs/heads/master refs/remotes/master [2ms]
2023-07-05 05:25:34.557 [info] > git status -z -uall [77ms]
2023-07-05 05:25:39.574 [info] > git config --get commit.template [6ms]
2023-07-05 05:25:39.576 [info] > git for-each-ref --format=%(refname)%00%(upstream:short)%00%(objectname)%00%(upstream:track)%00%(upstream:remotename)%00%(upstream:remoteref) refs/heads/master refs/remotes/master [2ms]
2023-07-05 05:25:39.658 [info] > git status -z -uall [78ms]
2023-07-05 05:25:44.677 [info] > git config --get commit.template [6ms]
2023-07-05 05:25:44.680 [info] > git for-each-ref --format=%(refname)%00%(upstream:short)%00%(objectname)%00%(upstream:track)%00%(upstream:remotename)%00%(upstream:remoteref) refs/heads/master refs/remotes/master [4ms]
2023-07-05 05:25:44.766 [info] > git status -z -uall [82ms]
2023-07-05 05:25:49.783 [info] > git config --get commit.template [6ms]
2023-07-05 05:25:49.785 [info] > git for-each-ref --format=%(refname)%00%(upstream:short)%00%(objectname)%00%(upstream:track)%00%(upstream:remotename)%00%(upstream:remoteref) refs/heads/master refs/remotes/master [3ms]
2023-07-05 05:25:49.868 [info] > git status -z -uall [79ms]
2023-07-05 05:25:55.918 [info] > git config --get commit.template [11ms]
2023-07-05 05:25:55.925 [info] > git for-each-ref --format=%(refname)%00%(upstream:short)%00%(objectname)%00%(upstream:track)%00%(upstream:remotename)%00%(upstream:remoteref) refs/heads/master refs/remotes/master [8ms]
2023-07-05 05:25:56.070 [info] > git status -z -uall [132ms]
2023-07-05 05:26:09.169 [info] > git config --get commit.template [6ms]
2023-07-05 05:26:09.171 [info] > git for-each-ref --format=%(refname)%00%(upstream:short)%00%(objectname)%00%(upstream:track)%00%(upstream:remotename)%00%(upstream:remoteref) refs/heads/master refs/remotes/master [2ms]
2023-07-05 05:26:09.252 [info] > git status -z -uall [77ms]
2023-07-05 05:26:14.271 [info] > git config --get commit.template [6ms]
2023-07-05 05:26:14.273 [info] > git for-each-ref --format=%(refname)%00%(upstream:short)%00%(objectname)%00%(upstream:track)%00%(upstream:remotename)%00%(upstream:remoteref) refs/heads/master refs/remotes/master [2ms]
2023-07-05 05:26:14.356 [info] > git status -z -uall [79ms]
2023-07-05 05:26:19.375 [info] > git config --get commit.template [5ms]
2023-07-05 05:26:19.377 [info] > git for-each-ref --format=%(refname)%00%(upstream:short)%00%(objectname)%00%(upstream:track)%00%(upstream:remotename)%00%(upstream:remoteref) refs/heads/master refs/remotes/master [2ms]
2023-07-05 05:26:19.459 [info] > git status -z -uall [79ms]
2023-07-05 05:26:24.478 [info] > git config --get commit.template [6ms]
2023-07-05 05:26:24.480 [info] > git for-each-ref --format=%(refname)%00%(upstream:short)%00%(objectname)%00%(upstream:track)%00%(upstream:remotename)%00%(upstream:remoteref) refs/heads/master refs/remotes/master [3ms]
2023-07-05 05:26:24.561 [info] > git status -z -uall [77ms]
2023-07-05 05:26:29.578 [info] > git config --get commit.template [6ms]
2023-07-05 05:26:29.580 [info] > git for-each-ref --format=%(refname)%00%(upstream:short)%00%(objectname)%00%(upstream:track)%00%(upstream:remotename)%00%(upstream:remoteref) refs/heads/master refs/remotes/master [2ms]
2023-07-05 05:26:29.662 [info] > git status -z -uall [77ms]
2023-07-05 05:26:34.688 [info] > git config --get commit.template [5ms]
2023-07-05 05:26:34.690 [info] > git for-each-ref --format=%(refname)%00%(upstream:short)%00%(objectname)%00%(upstream:track)%00%(upstream:remotename)%00%(upstream:remoteref) refs/heads/master refs/remotes/master [2ms]
2023-07-05 05:26:34.772 [info] > git status -z -uall [78ms]
2023-07-05 05:26:39.799 [info] > git config --get commit.template [6ms]
2023-07-05 05:26:39.801 [info] > git for-each-ref --format=%(refname)%00%(upstream:short)%00%(objectname)%00%(upstream:track)%00%(upstream:remotename)%00%(upstream:remoteref) refs/heads/master refs/remotes/master [3ms]
2023-07-05 05:26:39.881 [info] > git status -z -uall [77ms]
2023-07-05 05:26:44.900 [info] > git config --get commit.template [6ms]
2023-07-05 05:26:44.902 [info] > git for-each-ref --format=%(refname)%00%(upstream:short)%00%(objectname)%00%(upstream:track)%00%(upstream:remotename)%00%(upstream:remoteref) refs/heads/master refs/remotes/master [3ms]
2023-07-05 05:26:44.985 [info] > git status -z -uall [80ms]
2023-07-05 05:27:12.526 [info] > git config --get commit.template [6ms]
2023-07-05 05:27:12.528 [info] > git for-each-ref --format=%(refname)%00%(upstream:short)%00%(objectname)%00%(upstream:track)%00%(upstream:remotename)%00%(upstream:remoteref) refs/heads/master refs/remotes/master [2ms]
2023-07-05 05:27:12.615 [info] > git status -z -uall [82ms]
2023-07-05 05:27:17.634 [info] > git config --get commit.template [6ms]
2023-07-05 05:27:17.637 [info] > git for-each-ref --format=%(refname)%00%(upstream:short)%00%(objectname)%00%(upstream:track)%00%(upstream:remotename)%00%(upstream:remoteref) refs/heads/master refs/remotes/master [2ms]
2023-07-05 05:27:17.720 [info] > git status -z -uall [80ms]
2023-07-05 05:27:22.737 [info] > git config --get commit.template [7ms]
2023-07-05 05:27:22.739 [info] > git for-each-ref --format=%(refname)%00%(upstream:short)%00%(objectname)%00%(upstream:track)%00%(upstream:remotename)%00%(upstream:remoteref) refs/heads/master refs/remotes/master [3ms]
2023-07-05 05:27:22.824 [info] > git status -z -uall [78ms]
2023-07-05 05:27:27.842 [info] > git config --get commit.template [6ms]
2023-07-05 05:27:27.844 [info] > git for-each-ref --format=%(refname)%00%(upstream:short)%00%(objectname)%00%(upstream:track)%00%(upstream:remotename)%00%(upstream:remoteref) refs/heads/master refs/remotes/master [3ms]
2023-07-05 05:27:27.927 [info] > git status -z -uall [79ms]
2023-07-05 05:27:32.944 [info] > git config --get commit.template [5ms]
2023-07-05 05:27:32.946 [info] > git for-each-ref --format=%(refname)%00%(upstream:short)%00%(objectname)%00%(upstream:track)%00%(upstream:remotename)%00%(upstream:remoteref) refs/heads/master refs/remotes/master [2ms]
2023-07-05 05:27:33.028 [info] > git status -z -uall [78ms]
2023-07-05 05:28:14.452 [info] > git config --get commit.template [7ms]
2023-07-05 05:28:14.454 [info] > git for-each-ref --format=%(refname)%00%(upstream:short)%00%(objectname)%00%(upstream:track)%00%(upstream:remotename)%00%(upstream:remoteref) refs/heads/master refs/remotes/master [3ms]
2023-07-05 05:28:14.536 [info] > git status -z -uall [78ms]
2023-07-05 05:28:19.554 [info] > git config --get commit.template [6ms]
2023-07-05 05:28:19.556 [info] > git for-each-ref --format=%(refname)%00%(upstream:short)%00%(objectname)%00%(upstream:track)%00%(upstream:remotename)%00%(upstream:remoteref) refs/heads/master refs/remotes/master [3ms]
2023-07-05 05:28:19.638 [info] > git status -z -uall [78ms]
2023-07-05 05:28:24.658 [info] > git config --get commit.template [6ms]
2023-07-05 05:28:24.660 [info] > git for-each-ref --format=%(refname)%00%(upstream:short)%00%(objectname)%00%(upstream:track)%00%(upstream:remotename)%00%(upstream:remoteref) refs/heads/master refs/remotes/master [3ms]
2023-07-05 05:28:24.744 [info] > git status -z -uall [79ms]
2023-07-05 05:28:29.762 [info] > git config --get commit.template [6ms]
2023-07-05 05:28:29.764 [info] > git for-each-ref --format=%(refname)%00%(upstream:short)%00%(objectname)%00%(upstream:track)%00%(upstream:remotename)%00%(upstream:remoteref) refs/heads/master refs/remotes/master [2ms]
2023-07-05 05:28:29.848 [info] > git status -z -uall [80ms]
2023-07-05 05:28:34.871 [info] > git config --get commit.template [6ms]
2023-07-05 05:28:34.873 [info] > git for-each-ref --format=%(refname)%00%(upstream:short)%00%(objectname)%00%(upstream:track)%00%(upstream:remotename)%00%(upstream:remoteref) refs/heads/master refs/remotes/master [3ms]
2023-07-05 05:28:34.955 [info] > git status -z -uall [78ms]
2023-07-05 05:28:39.973 [info] > git config --get commit.template [6ms]
2023-07-05 05:28:39.975 [info] > git for-each-ref --format=%(refname)%00%(upstream:short)%00%(objectname)%00%(upstream:track)%00%(upstream:remotename)%00%(upstream:remoteref) refs/heads/master refs/remotes/master [2ms]
2023-07-05 05:28:40.061 [info] > git status -z -uall [82ms]
2023-07-05 05:28:43.272 [info] > git show --textconv :flaskr/templates/setting.html [9ms]
2023-07-05 05:28:43.278 [info] > git ls-files --stage -- /home/ec2-user/flaskr/templates/setting.html [6ms]
2023-07-05 05:28:43.284 [info] > git cat-file -s 7c1db617718c6ff1c9f44db91dc74def0a68f1ec [2ms]
2023-07-05 05:28:43.973 [info] > git show --textconv :flaskr/forms.py [16ms]
2023-07-05 05:28:43.985 [info] > git ls-files --stage -- /home/ec2-user/flaskr/forms.py [13ms]
2023-07-05 05:28:44.001 [info] > git cat-file -s 3c843396a08fc83cb808801844511f45be798056 [7ms]
2023-07-05 05:28:45.080 [info] > git config --get commit.template [6ms]
2023-07-05 05:28:45.082 [info] > git for-each-ref --format=%(refname)%00%(upstream:short)%00%(objectname)%00%(upstream:track)%00%(upstream:remotename)%00%(upstream:remoteref) refs/heads/master refs/remotes/master [2ms]
2023-07-05 05:28:45.169 [info] > git status -z -uall [83ms]
2023-07-05 05:28:50.191 [info] > git config --get commit.template [8ms]
2023-07-05 05:28:50.193 [info] > git for-each-ref --format=%(refname)%00%(upstream:short)%00%(objectname)%00%(upstream:track)%00%(upstream:remotename)%00%(upstream:remoteref) refs/heads/master refs/remotes/master [3ms]
2023-07-05 05:28:50.290 [info] > git status -z -uall [92ms]
2023-07-05 05:28:54.127 [info] > git show --textconv :flaskr/models.py [33ms]
2023-07-05 05:28:54.133 [info] > git ls-files --stage -- /home/ec2-user/flaskr/models.py [11ms]
2023-07-05 05:28:54.147 [info] > git cat-file -s 54df20b648650f5ced274f01cb1cd75ddc260694 [5ms]
2023-07-05 05:28:55.340 [info] > git config --get commit.template [25ms]
2023-07-05 05:28:55.365 [info] > git for-each-ref --format=%(refname)%00%(upstream:short)%00%(objectname)%00%(upstream:track)%00%(upstream:remotename)%00%(upstream:remoteref) refs/heads/master refs/remotes/master [26ms]
2023-07-05 05:28:55.676 [info] > git status -z -uall [295ms]
2023-07-05 05:29:00.697 [info] > git config --get commit.template [6ms]
2023-07-05 05:29:00.699 [info] > git for-each-ref --format=%(refname)%00%(upstream:short)%00%(objectname)%00%(upstream:track)%00%(upstream:remotename)%00%(upstream:remoteref) refs/heads/master refs/remotes/master [3ms]
2023-07-05 05:29:00.794 [info] > git status -z -uall [91ms]
2023-07-05 05:29:05.814 [info] > git config --get commit.template [6ms]
2023-07-05 05:29:05.816 [info] > git for-each-ref --format=%(refname)%00%(upstream:short)%00%(objectname)%00%(upstream:track)%00%(upstream:remotename)%00%(upstream:remoteref) refs/heads/master refs/remotes/master [3ms]
2023-07-05 05:29:05.899 [info] > git status -z -uall [79ms]
2023-07-05 05:29:16.063 [info] > git config --get commit.template [6ms]
2023-07-05 05:29:16.065 [info] > git for-each-ref --format=%(refname)%00%(upstream:short)%00%(objectname)%00%(upstream:track)%00%(upstream:remotename)%00%(upstream:remoteref) refs/heads/master refs/remotes/master [3ms]
2023-07-05 05:29:16.147 [info] > git status -z -uall [78ms]
2023-07-05 05:29:30.721 [info] > git config --get commit.template [5ms]
2023-07-05 05:29:30.723 [info] > git for-each-ref --format=%(refname)%00%(upstream:short)%00%(objectname)%00%(upstream:track)%00%(upstream:remotename)%00%(upstream:remoteref) refs/heads/master refs/remotes/master [2ms]
2023-07-05 05:29:30.808 [info] > git status -z -uall [81ms]
2023-07-05 05:29:35.826 [info] > git config --get commit.template [6ms]
2023-07-05 05:29:35.828 [info] > git for-each-ref --format=%(refname)%00%(upstream:short)%00%(objectname)%00%(upstream:track)%00%(upstream:remotename)%00%(upstream:remoteref) refs/heads/master refs/remotes/master [3ms]
2023-07-05 05:29:35.911 [info] > git status -z -uall [79ms]
2023-07-05 05:30:30.422 [info] > git config --get commit.template [6ms]
2023-07-05 05:30:30.424 [info] > git for-each-ref --format=%(refname)%00%(upstream:short)%00%(objectname)%00%(upstream:track)%00%(upstream:remotename)%00%(upstream:remoteref) refs/heads/master refs/remotes/master [2ms]
2023-07-05 05:30:30.507 [info] > git status -z -uall [80ms]
2023-07-05 05:30:35.526 [info] > git config --get commit.template [7ms]
2023-07-05 05:30:35.528 [info] > git for-each-ref --format=%(refname)%00%(upstream:short)%00%(objectname)%00%(upstream:track)%00%(upstream:remotename)%00%(upstream:remoteref) refs/heads/master refs/remotes/master [2ms]
2023-07-05 05:30:35.657 [info] > git status -z -uall [125ms]
2023-07-05 05:30:40.718 [info] > git config --get commit.template [37ms]
2023-07-05 05:30:40.719 [info] > git for-each-ref --format=%(refname)%00%(upstream:short)%00%(objectname)%00%(upstream:track)%00%(upstream:remotename)%00%(upstream:remoteref) refs/heads/master refs/remotes/master [35ms]
2023-07-05 05:30:41.072 [info] > git status -z -uall [348ms]
2023-07-05 05:30:46.108 [info] > git config --get commit.template [18ms]
2023-07-05 05:30:46.112 [info] > git for-each-ref --format=%(refname)%00%(upstream:short)%00%(objectname)%00%(upstream:track)%00%(upstream:remotename)%00%(upstream:remoteref) refs/heads/master refs/remotes/master [18ms]
2023-07-05 05:30:46.244 [info] > git status -z -uall [128ms]
2023-07-05 05:30:51.261 [info] > git config --get commit.template [6ms]
2023-07-05 05:30:51.264 [info] > git for-each-ref --format=%(refname)%00%(upstream:short)%00%(objectname)%00%(upstream:track)%00%(upstream:remotename)%00%(upstream:remoteref) refs/heads/master refs/remotes/master [4ms]
2023-07-05 05:30:51.348 [info] > git status -z -uall [80ms]
2023-07-05 05:30:59.412 [info] > git config --get commit.template [7ms]
2023-07-05 05:30:59.414 [info] > git for-each-ref --format=%(refname)%00%(upstream:short)%00%(objectname)%00%(upstream:track)%00%(upstream:remotename)%00%(upstream:remoteref) refs/heads/master refs/remotes/master [3ms]
2023-07-05 05:30:59.498 [info] > git status -z -uall [80ms]
2023-07-05 05:31:04.532 [info] > git for-each-ref --format=%(refname)%00%(upstream:short)%00%(objectname)%00%(upstream:track)%00%(upstream:remotename)%00%(upstream:remoteref) refs/heads/master refs/remotes/master [1ms]
2023-07-05 05:31:04.565 [info] > git config --get commit.template [48ms]
2023-07-05 05:31:04.740 [info] > git status -z -uall [163ms]
2023-07-05 05:31:09.761 [info] > git config --get commit.template [7ms]
2023-07-05 05:31:09.764 [info] > git for-each-ref --format=%(refname)%00%(upstream:short)%00%(objectname)%00%(upstream:track)%00%(upstream:remotename)%00%(upstream:remoteref) refs/heads/master refs/remotes/master [4ms]
2023-07-05 05:31:09.846 [info] > git status -z -uall [78ms]
2023-07-05 05:31:33.681 [info] > git config --get commit.template [21ms]
2023-07-05 05:31:33.682 [info] > git for-each-ref --format=%(refname)%00%(upstream:short)%00%(objectname)%00%(upstream:track)%00%(upstream:remotename)%00%(upstream:remoteref) refs/heads/master refs/remotes/master [17ms]
2023-07-05 05:31:33.885 [info] > git status -z -uall [199ms]
2023-07-05 05:31:38.911 [info] > git config --get commit.template [7ms]
2023-07-05 05:31:38.913 [info] > git for-each-ref --format=%(refname)%00%(upstream:short)%00%(objectname)%00%(upstream:track)%00%(upstream:remotename)%00%(upstream:remoteref) refs/heads/master refs/remotes/master [3ms]
2023-07-05 05:31:39.006 [info] > git status -z -uall [90ms]
2023-07-05 05:31:44.025 [info] > git config --get commit.template [6ms]
2023-07-05 05:31:44.027 [info] > git for-each-ref --format=%(refname)%00%(upstream:short)%00%(objectname)%00%(upstream:track)%00%(upstream:remotename)%00%(upstream:remoteref) refs/heads/master refs/remotes/master [3ms]
2023-07-05 05:31:44.111 [info] > git status -z -uall [80ms]
2023-07-05 05:31:49.131 [info] > git config --get commit.template [6ms]
2023-07-05 05:31:49.133 [info] > git for-each-ref --format=%(refname)%00%(upstream:short)%00%(objectname)%00%(upstream:track)%00%(upstream:remotename)%00%(upstream:remoteref) refs/heads/master refs/remotes/master [3ms]
2023-07-05 05:31:49.214 [info] > git status -z -uall [78ms]
2023-07-05 05:31:54.234 [info] > git config --get commit.template [5ms]
2023-07-05 05:31:54.236 [info] > git for-each-ref --format=%(refname)%00%(upstream:short)%00%(objectname)%00%(upstream:track)%00%(upstream:remotename)%00%(upstream:remoteref) refs/heads/master refs/remotes/master [2ms]
2023-07-05 05:31:54.322 [info] > git status -z -uall [81ms]
2023-07-05 05:32:01.903 [info] > git config --get commit.template [7ms]
2023-07-05 05:32:01.911 [info] > git for-each-ref --format=%(refname)%00%(upstream:short)%00%(objectname)%00%(upstream:track)%00%(upstream:remotename)%00%(upstream:remoteref) refs/heads/master refs/remotes/master [10ms]
2023-07-05 05:32:02.242 [info] > git status -z -uall [327ms]
2023-07-05 05:32:07.267 [info] > git config --get commit.template [6ms]
2023-07-05 05:32:07.269 [info] > git for-each-ref --format=%(refname)%00%(upstream:short)%00%(objectname)%00%(upstream:track)%00%(upstream:remotename)%00%(upstream:remoteref) refs/heads/master refs/remotes/master [2ms]
2023-07-05 05:32:07.394 [info] > git status -z -uall [121ms]
2023-07-05 05:32:12.415 [info] > git config --get commit.template [6ms]
2023-07-05 05:32:12.417 [info] > git for-each-ref --format=%(refname)%00%(upstream:short)%00%(objectname)%00%(upstream:track)%00%(upstream:remotename)%00%(upstream:remoteref) refs/heads/master refs/remotes/master [3ms]
2023-07-05 05:32:12.519 [info] > git status -z -uall [98ms]
2023-07-05 05:32:37.910 [info] > git config --get commit.template [7ms]
2023-07-05 05:32:37.916 [info] > git for-each-ref --format=%(refname)%00%(upstream:short)%00%(objectname)%00%(upstream:track)%00%(upstream:remotename)%00%(upstream:remoteref) refs/heads/master refs/remotes/master [7ms]
2023-07-05 05:32:38.054 [info] > git status -z -uall [134ms]
2023-07-05 05:32:43.073 [info] > git config --get commit.template [6ms]
2023-07-05 05:32:43.075 [info] > git for-each-ref --format=%(refname)%00%(upstream:short)%00%(objectname)%00%(upstream:track)%00%(upstream:remotename)%00%(upstream:remoteref) refs/heads/master refs/remotes/master [3ms]
2023-07-05 05:32:43.161 [info] > git status -z -uall [82ms]
2023-07-05 05:32:48.179 [info] > git config --get commit.template [6ms]
2023-07-05 05:32:48.181 [info] > git for-each-ref --format=%(refname)%00%(upstream:short)%00%(objectname)%00%(upstream:track)%00%(upstream:remotename)%00%(upstream:remoteref) refs/heads/master refs/remotes/master [2ms]
2023-07-05 05:32:48.348 [info] > git status -z -uall [163ms]
2023-07-05 05:32:53.385 [info] > git config --get commit.template [10ms]
2023-07-05 05:32:53.386 [info] > git for-each-ref --format=%(refname)%00%(upstream:short)%00%(objectname)%00%(upstream:track)%00%(upstream:remotename)%00%(upstream:remoteref) refs/heads/master refs/remotes/master [6ms]
2023-07-05 05:32:53.472 [info] > git status -z -uall [82ms]
2023-07-05 05:32:58.491 [info] > git config --get commit.template [6ms]
2023-07-05 05:32:58.493 [info] > git for-each-ref --format=%(refname)%00%(upstream:short)%00%(objectname)%00%(upstream:track)%00%(upstream:remotename)%00%(upstream:remoteref) refs/heads/master refs/remotes/master [3ms]
2023-07-05 05:32:58.574 [info] > git status -z -uall [77ms]
2023-07-05 05:33:03.593 [info] > git config --get commit.template [6ms]
2023-07-05 05:33:03.595 [info] > git for-each-ref --format=%(refname)%00%(upstream:short)%00%(objectname)%00%(upstream:track)%00%(upstream:remotename)%00%(upstream:remoteref) refs/heads/master refs/remotes/master [3ms]
2023-07-05 05:33:03.677 [info] > git status -z -uall [78ms]
2023-07-05 05:33:08.696 [info] > git config --get commit.template [6ms]
2023-07-05 05:33:08.698 [info] > git for-each-ref --format=%(refname)%00%(upstream:short)%00%(objectname)%00%(upstream:track)%00%(upstream:remotename)%00%(upstream:remoteref) refs/heads/master refs/remotes/master [3ms]
2023-07-05 05:33:08.779 [info] > git status -z -uall [78ms]
2023-07-05 05:33:13.798 [info] > git config --get commit.template [7ms]
2023-07-05 05:33:13.800 [info] > git for-each-ref --format=%(refname)%00%(upstream:short)%00%(objectname)%00%(upstream:track)%00%(upstream:remotename)%00%(upstream:remoteref) refs/heads/master refs/remotes/master [2ms]
2023-07-05 05:33:13.884 [info] > git status -z -uall [80ms]
2023-07-05 05:33:18.903 [info] > git config --get commit.template [6ms]
2023-07-05 05:33:18.906 [info] > git for-each-ref --format=%(refname)%00%(upstream:short)%00%(objectname)%00%(upstream:track)%00%(upstream:remotename)%00%(upstream:remoteref) refs/heads/master refs/remotes/master [3ms]
2023-07-05 05:33:18.990 [info] > git status -z -uall [79ms]
2023-07-05 05:33:24.015 [info] > git config --get commit.template [15ms]
2023-07-05 05:33:24.019 [info] > git for-each-ref --format=%(refname)%00%(upstream:short)%00%(objectname)%00%(upstream:track)%00%(upstream:remotename)%00%(upstream:remoteref) refs/heads/master refs/remotes/master [9ms]
2023-07-05 05:33:24.113 [info] > git status -z -uall [85ms]
2023-07-05 05:33:48.624 [info] > git config --get commit.template [6ms]
2023-07-05 05:33:48.626 [info] > git for-each-ref --format=%(refname)%00%(upstream:short)%00%(objectname)%00%(upstream:track)%00%(upstream:remotename)%00%(upstream:remoteref) refs/heads/master refs/remotes/master [2ms]
2023-07-05 05:33:48.711 [info] > git status -z -uall [81ms]
2023-07-05 05:33:53.729 [info] > git config --get commit.template [6ms]
2023-07-05 05:33:53.730 [info] > git for-each-ref --format=%(refname)%00%(upstream:short)%00%(objectname)%00%(upstream:track)%00%(upstream:remotename)%00%(upstream:remoteref) refs/heads/master refs/remotes/master [2ms]
2023-07-05 05:33:53.837 [info] > git status -z -uall [102ms]
2023-07-05 05:34:02.152 [info] > git config --get commit.template [8ms]
2023-07-05 05:34:02.155 [info] > git for-each-ref --format=%(refname)%00%(upstream:short)%00%(objectname)%00%(upstream:track)%00%(upstream:remotename)%00%(upstream:remoteref) refs/heads/master refs/remotes/master [7ms]
2023-07-05 05:34:02.623 [info] > git status -z -uall [463ms]
2023-07-05 05:41:55.387 [info] > git config --get commit.template [36ms]
2023-07-05 05:41:55.389 [info] > git for-each-ref --format=%(refname)%00%(upstream:short)%00%(objectname)%00%(upstream:track)%00%(upstream:remotename)%00%(upstream:remoteref) refs/heads/master refs/remotes/master [36ms]
2023-07-05 05:41:55.685 [info] > git status -z -uall [290ms]
2023-07-05 05:41:59.187 [info] > git ls-files --stage -- /home/ec2-user/flaskr/templates/setting.html [33ms]
2023-07-05 05:41:59.206 [info] > git show --textconv :flaskr/templates/setting.html [57ms]
2023-07-05 05:41:59.214 [info] > git cat-file -s 7c1db617718c6ff1c9f44db91dc74def0a68f1ec [9ms]
2023-07-05 05:42:00.719 [info] > git config --get commit.template [6ms]
2023-07-05 05:42:00.720 [info] > git for-each-ref --format=%(refname)%00%(upstream:short)%00%(objectname)%00%(upstream:track)%00%(upstream:remotename)%00%(upstream:remoteref) refs/heads/master refs/remotes/master [4ms]
2023-07-05 05:42:00.895 [info] > git status -z -uall [171ms]
2023-07-05 05:42:05.913 [info] > git config --get commit.template [6ms]
2023-07-05 05:42:05.915 [info] > git for-each-ref --format=%(refname)%00%(upstream:short)%00%(objectname)%00%(upstream:track)%00%(upstream:remotename)%00%(upstream:remoteref) refs/heads/master refs/remotes/master [2ms]
2023-07-05 05:42:06.002 [info] > git status -z -uall [81ms]
2023-07-05 05:42:08.420 [info] > git ls-files --stage -- /home/ec2-user/flaskr/templates/register.html [5ms]
2023-07-05 05:42:08.425 [info] > git show --textconv :flaskr/templates/register.html [20ms]
2023-07-05 05:42:08.429 [info] > git cat-file -s beed4813641547fc0327eb51b2587e5aeb831590 [3ms]
2023-07-05 05:42:09.001 [info] > git show --textconv :flaskr/templates/message.html [10ms]
2023-07-05 05:42:09.007 [info] > git ls-files --stage -- /home/ec2-user/flaskr/templates/message.html [7ms]
2023-07-05 05:42:09.013 [info] > git cat-file -s a9644406493d9c0abfe2922b1124d6e8fdab3b3c [1ms]
2023-07-05 05:42:11.027 [info] > git config --get commit.template [6ms]
2023-07-05 05:42:11.029 [info] > git for-each-ref --format=%(refname)%00%(upstream:short)%00%(objectname)%00%(upstream:track)%00%(upstream:remotename)%00%(upstream:remoteref) refs/heads/master refs/remotes/master [2ms]
2023-07-05 05:42:11.110 [info] > git status -z -uall [77ms]
2023-07-05 05:42:11.736 [info] > git show --textconv :flaskr/templates/forgot_password.html [18ms]
2023-07-05 05:42:11.741 [info] > git ls-files --stage -- /home/ec2-user/flaskr/templates/forgot_password.html [13ms]
2023-07-05 05:42:11.753 [info] > git cat-file -s d147a497a04f21d4d13689d9a0261d6d7ab1637b [5ms]
2023-07-05 05:42:13.497 [info] > git show --textconv :flaskr/templates/create_post.html [10ms]
2023-07-05 05:42:13.503 [info] > git ls-files --stage -- /home/ec2-user/flaskr/templates/create_post.html [6ms]
2023-07-05 05:42:13.508 [info] > git cat-file -s 6cf0eefe7820d0cc126286ff0f8c56ffe2a0fbb5 [2ms]
2023-07-05 05:42:14.293 [info] > git ls-files --stage -- /home/ec2-user/flaskr/templates/base.html [5ms]
2023-07-05 05:42:14.298 [info] > git show --textconv :flaskr/templates/base.html [19ms]
2023-07-05 05:42:14.301 [info] > git cat-file -s bc8eec6f3270feb3fd5da9493c8d155ee3131d99 [3ms]
2023-07-05 05:42:15.170 [info] > git show --textconv :flaskr/templates/_helpers.html [14ms]
2023-07-05 05:42:15.172 [info] > git ls-files --stage -- /home/ec2-user/flaskr/templates/_helpers.html [8ms]
2023-07-05 05:42:15.178 [info] > git cat-file -s 1f5f99542ad911c045a6f376eabd199bdfde7861 [2ms]
2023-07-05 05:42:16.130 [info] > git config --get commit.template [5ms]
2023-07-05 05:42:16.131 [info] > git for-each-ref --format=%(refname)%00%(upstream:short)%00%(objectname)%00%(upstream:track)%00%(upstream:remotename)%00%(upstream:remoteref) refs/heads/master refs/remotes/master [2ms]
2023-07-05 05:42:16.215 [info] > git status -z -uall [80ms]
2023-07-05 05:42:21.253 [info] > git config --get commit.template [14ms]
2023-07-05 05:42:21.265 [info] > git for-each-ref --format=%(refname)%00%(upstream:short)%00%(objectname)%00%(upstream:track)%00%(upstream:remotename)%00%(upstream:remoteref) refs/heads/master refs/remotes/master [13ms]
2023-07-05 05:42:21.501 [info] > git status -z -uall [224ms]
2023-07-05 05:42:26.595 [info] > git config --get commit.template [34ms]
2023-07-05 05:42:26.602 [info] > git for-each-ref --format=%(refname)%00%(upstream:short)%00%(objectname)%00%(upstream:track)%00%(upstream:remotename)%00%(upstream:remoteref) refs/heads/master refs/remotes/master [12ms]
2023-07-05 05:42:27.327 [info] > git status -z -uall [719ms]
2023-07-05 05:42:50.871 [info] > git config --get commit.template [7ms]
2023-07-05 05:42:50.878 [info] > git for-each-ref --format=%(refname)%00%(upstream:short)%00%(objectname)%00%(upstream:track)%00%(upstream:remotename)%00%(upstream:remoteref) refs/heads/master refs/remotes/master [9ms]
2023-07-05 05:42:51.519 [info] > git status -z -uall [632ms]
2023-07-05 05:42:56.672 [info] > git config --get commit.template [50ms]
2023-07-05 05:42:56.679 [info] > git for-each-ref --format=%(refname)%00%(upstream:short)%00%(objectname)%00%(upstream:track)%00%(upstream:remotename)%00%(upstream:remoteref) refs/heads/master refs/remotes/master [17ms]
2023-07-05 05:42:57.238 [info] > git status -z -uall [541ms]
2023-07-05 05:43:02.304 [info] > git config --get commit.template [30ms]
2023-07-05 05:43:02.308 [info] > git for-each-ref --format=%(refname)%00%(upstream:short)%00%(objectname)%00%(upstream:track)%00%(upstream:remotename)%00%(upstream:remoteref) refs/heads/master refs/remotes/master [29ms]
2023-07-05 05:43:02.728 [info] > git status -z -uall [406ms]
2023-07-05 05:43:07.793 [info] > git config --get commit.template [24ms]
2023-07-05 05:43:07.795 [info] > git for-each-ref --format=%(refname)%00%(upstream:short)%00%(objectname)%00%(upstream:track)%00%(upstream:remotename)%00%(upstream:remoteref) refs/heads/master refs/remotes/master [14ms]
2023-07-05 05:43:08.171 [info] > git status -z -uall [370ms]
2023-07-05 05:51:00.400 [info] > git config --get commit.template [34ms]
2023-07-05 05:51:00.405 [info] > git for-each-ref --format=%(refname)%00%(upstream:short)%00%(objectname)%00%(upstream:track)%00%(upstream:remotename)%00%(upstream:remoteref) refs/heads/master refs/remotes/master [39ms]
2023-07-05 05:51:00.730 [info] > git status -z -uall [314ms]
2023-07-05 05:53:08.823 [info] > git config --get commit.template [40ms]
2023-07-05 05:53:08.827 [info] > git for-each-ref --format=%(refname)%00%(upstream:short)%00%(objectname)%00%(upstream:track)%00%(upstream:remotename)%00%(upstream:remoteref) refs/heads/master refs/remotes/master [43ms]
2023-07-05 05:53:09.148 [info] > git status -z -uall [316ms]
2023-07-05 05:53:14.196 [info] > git config --get commit.template [16ms]
2023-07-05 05:53:14.198 [info] > git for-each-ref --format=%(refname)%00%(upstream:short)%00%(objectname)%00%(upstream:track)%00%(upstream:remotename)%00%(upstream:remoteref) refs/heads/master refs/remotes/master [15ms]
2023-07-05 05:53:14.545 [info] > git status -z -uall [342ms]
2023-07-05 05:53:19.602 [info] > git config --get commit.template [22ms]
2023-07-05 05:53:19.605 [info] > git for-each-ref --format=%(refname)%00%(upstream:short)%00%(objectname)%00%(upstream:track)%00%(upstream:remotename)%00%(upstream:remoteref) refs/heads/master refs/remotes/master [19ms]
2023-07-05 05:53:20.174 [info] > git status -z -uall [559ms]
2023-07-05 05:53:25.241 [info] > git config --get commit.template [29ms]
2023-07-05 05:53:25.246 [info] > git for-each-ref --format=%(refname)%00%(upstream:short)%00%(objectname)%00%(upstream:track)%00%(upstream:remotename)%00%(upstream:remoteref) refs/heads/master refs/remotes/master [31ms]
2023-07-05 05:53:25.620 [info] > git status -z -uall [368ms]
2023-07-05 05:53:30.692 [info] > git config --get commit.template [28ms]
2023-07-05 05:53:30.693 [info] > git for-each-ref --format=%(refname)%00%(upstream:short)%00%(objectname)%00%(upstream:track)%00%(upstream:remotename)%00%(upstream:remoteref) refs/heads/master refs/remotes/master [26ms]
2023-07-05 05:53:31.032 [info] > git status -z -uall [332ms]
2023-07-05 05:53:36.099 [info] > git config --get commit.template [21ms]
2023-07-05 05:53:36.102 [info] > git for-each-ref --format=%(refname)%00%(upstream:short)%00%(objectname)%00%(upstream:track)%00%(upstream:remotename)%00%(upstream:remoteref) refs/heads/master refs/remotes/master [19ms]
2023-07-05 05:53:36.248 [info] > git status -z -uall [141ms]
2023-07-05 05:54:00.055 [info] > git config --get commit.template [31ms]
2023-07-05 05:54:00.060 [info] > git for-each-ref --format=%(refname)%00%(upstream:short)%00%(objectname)%00%(upstream:track)%00%(upstream:remotename)%00%(upstream:remoteref) refs/heads/master refs/remotes/master [29ms]
2023-07-05 05:54:00.330 [info] > git status -z -uall [261ms]
2023-07-05 05:54:05.380 [info] > git config --get commit.template [25ms]
2023-07-05 05:54:05.383 [info] > git for-each-ref --format=%(refname)%00%(upstream:short)%00%(objectname)%00%(upstream:track)%00%(upstream:remotename)%00%(upstream:remoteref) refs/heads/master refs/remotes/master [23ms]
2023-07-05 05:54:05.698 [info] > git status -z -uall [310ms]
2023-07-05 05:54:10.750 [info] > git config --get commit.template [25ms]
2023-07-05 05:54:10.752 [info] > git for-each-ref --format=%(refname)%00%(upstream:short)%00%(objectname)%00%(upstream:track)%00%(upstream:remotename)%00%(upstream:remoteref) refs/heads/master refs/remotes/master [21ms]
2023-07-05 05:54:11.150 [info] > git status -z -uall [390ms]
2023-07-05 05:54:16.256 [info] > git config --get commit.template [33ms]
2023-07-05 05:54:16.258 [info] > git for-each-ref --format=%(refname)%00%(upstream:short)%00%(objectname)%00%(upstream:track)%00%(upstream:remotename)%00%(upstream:remoteref) refs/heads/master refs/remotes/master [30ms]
2023-07-05 05:54:16.642 [info] > git status -z -uall [378ms]
2023-07-05 05:54:21.685 [info] > git config --get commit.template [19ms]
2023-07-05 05:54:21.688 [info] > git for-each-ref --format=%(refname)%00%(upstream:short)%00%(objectname)%00%(upstream:track)%00%(upstream:remotename)%00%(upstream:remoteref) refs/heads/master refs/remotes/master [18ms]
2023-07-05 05:54:22.005 [info] > git status -z -uall [313ms]
2023-07-05 05:54:27.046 [info] > git config --get commit.template [22ms]
2023-07-05 05:54:27.050 [info] > git for-each-ref --format=%(refname)%00%(upstream:short)%00%(objectname)%00%(upstream:track)%00%(upstream:remotename)%00%(upstream:remoteref) refs/heads/master refs/remotes/master [21ms]
2023-07-05 05:54:27.429 [info] > git status -z -uall [372ms]
2023-07-05 05:54:32.531 [info] > git config --get commit.template [31ms]
2023-07-05 05:54:32.544 [info] > git for-each-ref --format=%(refname)%00%(upstream:short)%00%(objectname)%00%(upstream:track)%00%(upstream:remotename)%00%(upstream:remoteref) refs/heads/master refs/remotes/master [33ms]
2023-07-05 05:54:33.018 [info] > git status -z -uall [457ms]
2023-07-05 05:54:38.125 [info] > git config --get commit.template [33ms]
2023-07-05 05:54:38.132 [info] > git for-each-ref --format=%(refname)%00%(upstream:short)%00%(objectname)%00%(upstream:track)%00%(upstream:remotename)%00%(upstream:remoteref) refs/heads/master refs/remotes/master [37ms]
2023-07-05 05:54:38.327 [info] > git status -z -uall [190ms]
2023-07-05 05:54:58.518 [info] > git config --get commit.template [33ms]
2023-07-05 05:54:58.522 [info] > git for-each-ref --format=%(refname)%00%(upstream:short)%00%(objectname)%00%(upstream:track)%00%(upstream:remotename)%00%(upstream:remoteref) refs/heads/master refs/remotes/master [35ms]
2023-07-05 05:54:58.891 [info] > git status -z -uall [362ms]
2023-07-05 05:55:03.973 [info] > git config --get commit.template [31ms]
2023-07-05 05:55:03.975 [info] > git for-each-ref --format=%(refname)%00%(upstream:short)%00%(objectname)%00%(upstream:track)%00%(upstream:remotename)%00%(upstream:remoteref) refs/heads/master refs/remotes/master [29ms]
2023-07-05 05:55:04.354 [info] > git status -z -uall [371ms]
2023-07-05 05:55:09.431 [info] > git config --get commit.template [37ms]
2023-07-05 05:55:09.436 [info] > git for-each-ref --format=%(refname)%00%(upstream:short)%00%(objectname)%00%(upstream:track)%00%(upstream:remotename)%00%(upstream:remoteref) refs/heads/master refs/remotes/master [38ms]
2023-07-05 05:55:09.959 [info] > git status -z -uall [513ms]
2023-07-05 05:55:15.037 [info] > git config --get commit.template [31ms]
2023-07-05 05:55:15.040 [info] > git for-each-ref --format=%(refname)%00%(upstream:short)%00%(objectname)%00%(upstream:track)%00%(upstream:remotename)%00%(upstream:remoteref) refs/heads/master refs/remotes/master [28ms]
2023-07-05 05:55:15.241 [info] > git status -z -uall [196ms]
2023-07-05 05:55:37.581 [info] > git config --get commit.template [29ms]
2023-07-05 05:55:37.584 [info] > git for-each-ref --format=%(refname)%00%(upstream:short)%00%(objectname)%00%(upstream:track)%00%(upstream:remotename)%00%(upstream:remoteref) refs/heads/master refs/remotes/master [31ms]
2023-07-05 05:55:37.936 [info] > git status -z -uall [346ms]
2023-07-05 05:55:43.018 [info] > git config --get commit.template [30ms]
2023-07-05 05:55:43.023 [info] > git for-each-ref --format=%(refname)%00%(upstream:short)%00%(objectname)%00%(upstream:track)%00%(upstream:remotename)%00%(upstream:remoteref) refs/heads/master refs/remotes/master [31ms]
2023-07-05 05:55:43.408 [info] > git status -z -uall [378ms]
2023-07-05 05:55:48.487 [info] > git config --get commit.template [40ms]
2023-07-05 05:55:48.493 [info] > git for-each-ref --format=%(refname)%00%(upstream:short)%00%(objectname)%00%(upstream:track)%00%(upstream:remotename)%00%(upstream:remoteref) refs/heads/master refs/remotes/master [40ms]
2023-07-05 05:55:48.920 [info] > git status -z -uall [418ms]
2023-07-05 05:55:54.020 [info] > git config --get commit.template [34ms]
2023-07-05 05:55:54.023 [info] > git for-each-ref --format=%(refname)%00%(upstream:short)%00%(objectname)%00%(upstream:track)%00%(upstream:remotename)%00%(upstream:remoteref) refs/heads/master refs/remotes/master [33ms]
2023-07-05 05:55:54.422 [info] > git status -z -uall [394ms]
2023-07-05 05:55:59.528 [info] > git config --get commit.template [56ms]
2023-07-05 05:55:59.536 [info] > git for-each-ref --format=%(refname)%00%(upstream:short)%00%(objectname)%00%(upstream:track)%00%(upstream:remotename)%00%(upstream:remoteref) refs/heads/master refs/remotes/master [60ms]
2023-07-05 05:56:00.088 [info] > git status -z -uall [542ms]
2023-07-05 05:56:05.134 [info] > git config --get commit.template [7ms]
2023-07-05 05:56:05.138 [info] > git for-each-ref --format=%(refname)%00%(upstream:short)%00%(objectname)%00%(upstream:track)%00%(upstream:remotename)%00%(upstream:remoteref) refs/heads/master refs/remotes/master [6ms]
2023-07-05 05:56:05.297 [info] > git status -z -uall [154ms]
2023-07-05 05:56:10.354 [info] > git config --get commit.template [39ms]
2023-07-05 05:56:10.355 [info] > git for-each-ref --format=%(refname)%00%(upstream:short)%00%(objectname)%00%(upstream:track)%00%(upstream:remotename)%00%(upstream:remoteref) refs/heads/master refs/remotes/master [30ms]
2023-07-05 05:56:10.913 [info] > git status -z -uall [543ms]
2023-07-05 05:56:39.706 [info] > git config --get commit.template [39ms]
2023-07-05 05:56:39.717 [info] > git for-each-ref --format=%(refname)%00%(upstream:short)%00%(objectname)%00%(upstream:track)%00%(upstream:remotename)%00%(upstream:remoteref) refs/heads/master refs/remotes/master [35ms]
2023-07-05 05:56:40.168 [info] > git status -z -uall [435ms]
2023-07-05 05:56:45.250 [info] > git config --get commit.template [25ms]
2023-07-05 05:56:45.259 [info] > git for-each-ref --format=%(refname)%00%(upstream:short)%00%(objectname)%00%(upstream:track)%00%(upstream:remotename)%00%(upstream:remoteref) refs/heads/master refs/remotes/master [27ms]
2023-07-05 05:56:45.661 [info] > git status -z -uall [393ms]
2023-07-05 05:56:50.731 [info] > git config --get commit.template [36ms]
2023-07-05 05:56:50.734 [info] > git for-each-ref --format=%(refname)%00%(upstream:short)%00%(objectname)%00%(upstream:track)%00%(upstream:remotename)%00%(upstream:remoteref) refs/heads/master refs/remotes/master [33ms]
2023-07-05 05:56:51.187 [info] > git status -z -uall [444ms]
2023-07-05 05:56:56.310 [info] > git config --get commit.template [47ms]
2023-07-05 05:56:56.313 [info] > git for-each-ref --format=%(refname)%00%(upstream:short)%00%(objectname)%00%(upstream:track)%00%(upstream:remotename)%00%(upstream:remoteref) refs/heads/master refs/remotes/master [53ms]
2023-07-05 05:56:58.228 [info] > git status -z -uall [1874ms]
2023-07-05 05:57:03.449 [info] > git config --get commit.template [78ms]
2023-07-05 05:57:03.451 [info] > git for-each-ref --format=%(refname)%00%(upstream:short)%00%(objectname)%00%(upstream:track)%00%(upstream:remotename)%00%(upstream:remoteref) refs/heads/master refs/remotes/master [75ms]
2023-07-05 05:57:03.997 [info] > git status -z -uall [496ms]
2023-07-05 05:57:09.059 [info] > git config --get commit.template [29ms]
2023-07-05 05:57:09.064 [info] > git for-each-ref --format=%(refname)%00%(upstream:short)%00%(objectname)%00%(upstream:track)%00%(upstream:remotename)%00%(upstream:remoteref) refs/heads/master refs/remotes/master [28ms]
2023-07-05 05:57:09.519 [info] > git status -z -uall [447ms]
2023-07-05 05:57:14.596 [info] > git config --get commit.template [36ms]
2023-07-05 05:57:14.602 [info] > git for-each-ref --format=%(refname)%00%(upstream:short)%00%(objectname)%00%(upstream:track)%00%(upstream:remotename)%00%(upstream:remoteref) refs/heads/master refs/remotes/master [37ms]
2023-07-05 05:57:14.992 [info] > git status -z -uall [380ms]
2023-07-05 05:57:20.087 [info] > git config --get commit.template [44ms]
2023-07-05 05:57:20.090 [info] > git for-each-ref --format=%(refname)%00%(upstream:short)%00%(objectname)%00%(upstream:track)%00%(upstream:remotename)%00%(upstream:remoteref) refs/heads/master refs/remotes/master [41ms]
2023-07-05 05:57:20.533 [info] > git status -z -uall [422ms]
2023-07-05 05:57:25.570 [info] > git config --get commit.template [9ms]
2023-07-05 05:57:25.577 [info] > git for-each-ref --format=%(refname)%00%(upstream:short)%00%(objectname)%00%(upstream:track)%00%(upstream:remotename)%00%(upstream:remoteref) refs/heads/master refs/remotes/master [7ms]
2023-07-05 05:57:25.970 [info] > git status -z -uall [388ms]
2023-07-05 05:58:17.227 [info] > git config --get commit.template [54ms]
2023-07-05 05:58:17.235 [info] > git for-each-ref --format=%(refname)%00%(upstream:short)%00%(objectname)%00%(upstream:track)%00%(upstream:remotename)%00%(upstream:remoteref) refs/heads/master refs/remotes/master [53ms]
2023-07-05 05:58:17.697 [info] > git status -z -uall [456ms]
2023-07-05 05:58:22.856 [info] > git config --get commit.template [54ms]
2023-07-05 05:58:22.857 [info] > git for-each-ref --format=%(refname)%00%(upstream:short)%00%(objectname)%00%(upstream:track)%00%(upstream:remotename)%00%(upstream:remoteref) refs/heads/master refs/remotes/master [52ms]
2023-07-05 05:58:23.263 [info] > git status -z -uall [399ms]
2023-07-05 05:58:28.375 [info] > git config --get commit.template [31ms]
2023-07-05 05:58:28.377 [info] > git for-each-ref --format=%(refname)%00%(upstream:short)%00%(objectname)%00%(upstream:track)%00%(upstream:remotename)%00%(upstream:remoteref) refs/heads/master refs/remotes/master [28ms]
2023-07-05 05:58:28.797 [info] > git status -z -uall [411ms]
2023-07-05 05:58:33.895 [info] > git config --get commit.template [52ms]
2023-07-05 05:58:33.902 [info] > git for-each-ref --format=%(refname)%00%(upstream:short)%00%(objectname)%00%(upstream:track)%00%(upstream:remotename)%00%(upstream:remoteref) refs/heads/master refs/remotes/master [49ms]
2023-07-05 05:58:34.268 [info] > git status -z -uall [358ms]
2023-07-05 05:58:39.386 [info] > git config --get commit.template [20ms]
2023-07-05 05:58:39.392 [info] > git for-each-ref --format=%(refname)%00%(upstream:short)%00%(objectname)%00%(upstream:track)%00%(upstream:remotename)%00%(upstream:remoteref) refs/heads/master refs/remotes/master [23ms]
2023-07-05 05:58:39.595 [info] > git status -z -uall [197ms]
2023-07-05 05:58:44.615 [info] > git config --get commit.template [6ms]
2023-07-05 05:58:44.617 [info] > git for-each-ref --format=%(refname)%00%(upstream:short)%00%(objectname)%00%(upstream:track)%00%(upstream:remotename)%00%(upstream:remoteref) refs/heads/master refs/remotes/master [3ms]
2023-07-05 05:58:44.699 [info] > git status -z -uall [78ms]
2023-07-05 05:58:49.717 [info] > git config --get commit.template [6ms]
2023-07-05 05:58:49.722 [info] > git for-each-ref --format=%(refname)%00%(upstream:short)%00%(objectname)%00%(upstream:track)%00%(upstream:remotename)%00%(upstream:remoteref) refs/heads/master refs/remotes/master [6ms]
2023-07-05 05:58:49.866 [info] > git status -z -uall [140ms]
2023-07-05 05:58:54.891 [info] > git config --get commit.template [9ms]
2023-07-05 05:58:54.892 [info] > git for-each-ref --format=%(refname)%00%(upstream:short)%00%(objectname)%00%(upstream:track)%00%(upstream:remotename)%00%(upstream:remoteref) refs/heads/master refs/remotes/master [5ms]
2023-07-05 05:58:54.974 [info] > git status -z -uall [78ms]
2023-07-05 05:59:00.122 [info] > git config --get commit.template [40ms]
2023-07-05 05:59:00.129 [info] > git for-each-ref --format=%(refname)%00%(upstream:short)%00%(objectname)%00%(upstream:track)%00%(upstream:remotename)%00%(upstream:remoteref) refs/heads/master refs/remotes/master [48ms]
2023-07-05 05:59:00.501 [info] > git status -z -uall [364ms]
2023-07-05 06:03:34.245 [info] > git config --get commit.template [39ms]
2023-07-05 06:03:34.252 [info] > git for-each-ref --format=%(refname)%00%(upstream:short)%00%(objectname)%00%(upstream:track)%00%(upstream:remotename)%00%(upstream:remoteref) refs/heads/master refs/remotes/master [50ms]
2023-07-05 06:03:34.801 [info] > git status -z -uall [540ms]
2023-07-05 06:09:02.850 [info] > git config --get commit.template [49ms]
2023-07-05 06:09:02.855 [info] > git for-each-ref --format=%(refname)%00%(upstream:short)%00%(objectname)%00%(upstream:track)%00%(upstream:remotename)%00%(upstream:remoteref) refs/heads/master refs/remotes/master [52ms]
2023-07-05 06:09:03.342 [info] > git status -z -uall [478ms]
2023-07-05 06:09:08.408 [info] > git config --get commit.template [28ms]
2023-07-05 06:09:08.412 [info] > git for-each-ref --format=%(refname)%00%(upstream:short)%00%(objectname)%00%(upstream:track)%00%(upstream:remotename)%00%(upstream:remoteref) refs/heads/master refs/remotes/master [28ms]
2023-07-05 06:09:09.014 [info] > git status -z -uall [593ms]
2023-07-05 06:09:14.086 [info] > git config --get commit.template [24ms]
2023-07-05 06:09:14.095 [info] > git for-each-ref --format=%(refname)%00%(upstream:short)%00%(objectname)%00%(upstream:track)%00%(upstream:remotename)%00%(upstream:remoteref) refs/heads/master refs/remotes/master [28ms]
2023-07-05 06:09:14.526 [info] > git status -z -uall [422ms]
2023-07-05 06:09:19.610 [info] > git config --get commit.template [32ms]
2023-07-05 06:09:19.612 [info] > git for-each-ref --format=%(refname)%00%(upstream:short)%00%(objectname)%00%(upstream:track)%00%(upstream:remotename)%00%(upstream:remoteref) refs/heads/master refs/remotes/master [29ms]
2023-07-05 06:09:19.801 [info] > git status -z -uall [183ms]
2023-07-05 06:09:24.819 [info] > git config --get commit.template [6ms]
2023-07-05 06:09:24.821 [info] > git for-each-ref --format=%(refname)%00%(upstream:short)%00%(objectname)%00%(upstream:track)%00%(upstream:remotename)%00%(upstream:remoteref) refs/heads/master refs/remotes/master [2ms]
2023-07-05 06:09:24.902 [info] > git status -z -uall [77ms]
2023-07-05 06:09:29.920 [info] > git config --get commit.template [6ms]
2023-07-05 06:09:29.922 [info] > git for-each-ref --format=%(refname)%00%(upstream:short)%00%(objectname)%00%(upstream:track)%00%(upstream:remotename)%00%(upstream:remoteref) refs/heads/master refs/remotes/master [2ms]
2023-07-05 06:09:30.006 [info] > git status -z -uall [80ms]
2023-07-05 06:09:35.024 [info] > git config --get commit.template [6ms]
2023-07-05 06:09:35.026 [info] > git for-each-ref --format=%(refname)%00%(upstream:short)%00%(objectname)%00%(upstream:track)%00%(upstream:remotename)%00%(upstream:remoteref) refs/heads/master refs/remotes/master [2ms]
2023-07-05 06:09:35.111 [info] > git status -z -uall [81ms]
