2023-07-02 12:07:34.108 [info] [Info  - 12:07:33 PM] (6827) Pylance language server 2023.6.40 (pyright 3f84540e) starting
2023-07-02 12:07:34.109 [info] [Info  - 12:07:34 PM] (6827) Server root directory: /home/ec2-user/.vscode-server/extensions/ms-python.vscode-pylance-2023.6.40/dist
2023-07-02 12:07:34.109 [info] [Info  - 12:07:34 PM] (6827) Starting service instance "ec2-user"
2023-07-02 12:07:34.250 [info] [Info  - 12:07:34 PM] (6827) Setting pythonPath for service "ec2-user": "/bin/python3"
2023-07-02 12:07:34.262 [info] [Warn  - 12:07:34 PM] (6827) stubPath /home/ec2-user/typings is not a valid directory.
2023-07-02 12:07:34.340 [info] [Info  - 12:07:34 PM] (6827) Assuming Python version 3.9
2023-07-02 12:07:34.600 [info] [Info  - 12:07:34 PM] (6827) Found 5 source files
2023-07-02 12:07:36.269 [info] [Info  - 12:07:36 PM] (6827) Background analysis(1) root directory: /home/ec2-user/.vscode-server/extensions/ms-python.vscode-pylance-2023.6.40/dist
2023-07-02 12:07:36.297 [info] [Info  - 12:07:36 PM] (6827) Background analysis(1) started
2023-07-02 12:07:36.997 [info] [Info  - 12:07:36 PM] (6827) Indexer background runner(2) root directory: /home/ec2-user/.vscode-server/extensions/ms-python.vscode-pylance-2023.6.40/dist (index)
2023-07-02 12:07:36.998 [info] [Info  - 12:07:36 PM] (6827) Indexing(2) started
2023-07-02 12:07:40.057 [info] [Info  - 12:07:40 PM] (6827) [IDX(2)] Long operation: scan packages /home/ec2-user (2995ms)
2023-07-02 12:07:40.057 [info] [Info  - 12:07:40 PM] (6827) scanned(2) 93 files over 1 exec env
2023-07-02 12:07:45.254 [info] [Info  - 12:07:45 PM] (6827) [IDX(2)] Long operation: index execution environment /home/ec2-user (4817ms)
2023-07-02 12:07:45.255 [info] [Info  - 12:07:45 PM] (6827) [IDX(2)] Long operation: index packages /home/ec2-user (4946ms)
2023-07-02 12:07:45.255 [info] [Info  - 12:07:45 PM] (6827) indexed(2) 68 files over 1 exec env
2023-07-02 12:07:45.290 [info] [Info  - 12:07:45 PM] (6827) Indexing finished(2).
2023-07-02 12:07:46.107 [info] [Info  - 12:07:46 PM] (6827) [BG(1)] Long operation: checking: /home/ec2-user/flaskr/forms.py (8601ms)
2023-07-02 12:07:46.108 [info] [Info  - 12:07:46 PM] (6827) [BG(1)] Long operation: analyzing: /home/ec2-user/flaskr/forms.py (9822ms)
2023-07-02 12:08:27.508 [info] [Info  - 12:08:27 PM] (6827) Found 4 source files
2023-07-02 12:08:30.253 [info] [Info  - 12:08:30 PM] (6827) [BG(1)] Long operation: checking: /home/ec2-user/flaskr/forms.py (2529ms)
2023-07-02 12:08:30.253 [info] [Info  - 12:08:30 PM] (6827) [BG(1)] Long operation: analyzing: /home/ec2-user/flaskr/forms.py (2711ms)
