2023-07-02 08:45:47.983 [info] [Info  - 8:45:47 AM] (7901) Pylance language server 2023.6.40 (pyright 3f84540e) starting
2023-07-02 08:45:47.984 [info] [Info  - 8:45:47 AM] (7901) Server root directory: /home/ec2-user/.vscode-server/extensions/ms-python.vscode-pylance-2023.6.40/dist
2023-07-02 08:45:47.984 [info] [Info  - 8:45:47 AM] (7901) Starting service instance "ec2-user"
2023-07-02 08:45:48.125 [info] [Info  - 8:45:48 AM] (7901) Setting pythonPath for service "ec2-user": "/bin/python3"
2023-07-02 08:45:48.126 [info] [Warn  - 8:45:48 AM] (7901) stubPath /home/ec2-user/typings is not a valid directory.
2023-07-02 08:45:48.268 [info] [Info  - 8:45:48 AM] (7901) Assuming Python version 3.9
2023-07-02 08:45:48.540 [info] [Info  - 8:45:48 AM] (7901) Found 5 source files
2023-07-02 08:45:50.176 [info] [Info  - 8:45:50 AM] (7901) Background analysis(1) root directory: /home/ec2-user/.vscode-server/extensions/ms-python.vscode-pylance-2023.6.40/dist
2023-07-02 08:45:50.178 [info] [Info  - 8:45:50 AM] (7901) Background analysis(1) started
2023-07-02 08:45:51.015 [info] [Info  - 8:45:51 AM] (7901) Indexer background runner(2) root directory: /home/ec2-user/.vscode-server/extensions/ms-python.vscode-pylance-2023.6.40/dist (index)
2023-07-02 08:45:51.015 [info] [Info  - 8:45:51 AM] (7901) Indexing(2) started
2023-07-02 08:45:54.355 [info] [Info  - 8:45:54 AM] (7901) [IDX(2)] Long operation: scan packages /home/ec2-user (3249ms)
2023-07-02 08:45:54.357 [info] [Info  - 8:45:54 AM] (7901) scanned(2) 93 files over 1 exec env
2023-07-02 08:46:00.418 [info] [Info  - 8:46:00 AM] (7901) [IDX(2)] Long operation: index execution environment /home/ec2-user (5620ms)
2023-07-02 08:46:00.423 [info] [Info  - 8:46:00 AM] (7901) [IDX(2)] Long operation: index packages /home/ec2-user (5718ms)
2023-07-02 08:46:00.423 [info] [Info  - 8:46:00 AM] (7901) indexed(2) 68 files over 1 exec env
2023-07-02 08:46:00.496 [info] [Info  - 8:46:00 AM] (7901) Indexing finished(2).
2023-07-02 08:46:01.165 [info] [Info  - 8:46:01 AM] (7901) [BG(1)] Long operation: getSemanticTokens full at /home/ec2-user/flaskr/forms.py (9481ms)
2023-07-02 09:39:19.368 [info] [Info  - 9:39:19 AM] (7901) [BG(1)] Long operation: getSemanticTokens full at /home/ec2-user/flaskr/models.py (2325ms)
2023-07-02 09:39:47.450 [info] [Info  - 9:39:47 AM] (7901) [BG(1)] Long operation: checking: /home/ec2-user/flaskr/models.py (27959ms)
2023-07-02 09:39:47.465 [info] [Info  - 9:39:47 AM] (7901) [BG(1)] Long operation: analyzing: /home/ec2-user/flaskr/models.py (27959ms)
2023-07-02 09:40:31.333 [info] [Info  - 9:40:31 AM] (7901) [BG(1)] Long operation: checking: /home/ec2-user/flaskr/models.py (42389ms)
2023-07-02 09:40:31.343 [info] [Info  - 9:40:31 AM] (7901) [BG(1)] Long operation: analyzing: /home/ec2-user/flaskr/models.py (42392ms)
