2023-07-02 02:10:43.035 [info] [Info  - 2:10:42 AM] (2718) Pylance language server 2023.6.40 (pyright 3f84540e) starting
2023-07-02 02:10:43.036 [info] [Info  - 2:10:43 AM] (2718) Server root directory: /home/ec2-user/.vscode-server/extensions/ms-python.vscode-pylance-2023.6.40/dist
2023-07-02 02:10:43.037 [info] [Info  - 2:10:43 AM] (2718) Starting service instance "ec2-user"
2023-07-02 02:10:43.166 [info] [Info  - 2:10:43 AM] (2718) Setting pythonPath for service "ec2-user": "/usr/bin/python3"
2023-07-02 02:10:43.170 [info] [Warn  - 2:10:43 AM] (2718) stubPath /home/ec2-user/typings is not a valid directory.
2023-07-02 02:10:43.278 [info] [Info  - 2:10:43 AM] (2718) Assuming Python version 3.9
2023-07-02 02:10:43.557 [info] [Info  - 2:10:43 AM] (2718) Found 5 source files
2023-07-02 02:10:45.646 [info] [Info  - 2:10:45 AM] (2718) Background analysis(1) root directory: /home/ec2-user/.vscode-server/extensions/ms-python.vscode-pylance-2023.6.40/dist
2023-07-02 02:10:45.657 [info] [Info  - 2:10:45 AM] (2718) Background analysis(1) started
2023-07-02 02:10:45.839 [info] [Info  - 2:10:45 AM] (2718) Indexer background runner(2) root directory: /home/ec2-user/.vscode-server/extensions/ms-python.vscode-pylance-2023.6.40/dist (index)
2023-07-02 02:10:45.839 [info] [Info  - 2:10:45 AM] (2718) Indexing(2) started
2023-07-02 02:10:48.578 [info] [Info  - 2:10:48 AM] (2718) [IDX(2)] Long operation: scan packages /home/ec2-user (2683ms)
2023-07-02 02:10:48.578 [info] [Info  - 2:10:48 AM] (2718) scanned(2) 93 files over 1 exec env
2023-07-02 02:10:49.127 [info] [Info  - 2:10:49 AM] (2718) indexed(2) 68 files over 1 exec env
2023-07-02 02:10:49.178 [info] [Info  - 2:10:49 AM] (2718) Indexing finished(2).
2023-07-02 02:10:54.727 [info] [Info  - 2:10:54 AM] (2718) [BG(1)] Long operation: checking: /home/ec2-user/flaskr/models.py (7209ms)
2023-07-02 02:10:54.728 [info] [Info  - 2:10:54 AM] (2718) [BG(1)] Long operation: analyzing: /home/ec2-user/flaskr/models.py (9072ms)
2023-07-02 02:17:33.791 [info] [Info  - 2:17:33 AM] (2718) [BG(1)] Long operation: getSemanticTokens full at /home/ec2-user/flaskr/views.py (2575ms)
2023-07-02 02:18:56.859 [info] [Info  - 2:18:56 AM] (2718) [FG] Long operation: parsing: /home/ec2-user/.local/lib/python3.9/site-packages/sqlalchemy/sql/visitors.py (4093ms)
2023-07-02 02:18:56.881 [info] [Info  - 2:18:56 AM] (2718) [FG] Long operation: binding: /home/ec2-user/.local/lib/python3.9/site-packages/sqlalchemy/sql/visitors.py (2254ms)
2023-07-02 02:18:56.881 [info] [Info  - 2:18:56 AM] (2718) [FG] Long operation: parsing: /home/ec2-user/.local/lib/python3.9/site-packages/sqlalchemy/inspection.py (23885ms)
2023-07-02 02:19:39.968 [info] [Info  - 2:19:39 AM] (2718) [FG] Long operation: parsing: /home/ec2-user/flaskr/views.py (18576ms)
2023-07-02 02:21:43.492 [info] [Info  - 2:21:43 AM] (2718) [FG] Long operation: parsing: /home/ec2-user/flaskr/views.py (4973ms)
2023-07-02 02:21:43.570 [info] [Info  - 2:21:43 AM] (2718) [FG] Long operation: parsing: /home/ec2-user/flaskr/views.py (82610ms)
2023-07-02 02:21:43.571 [info] [Info  - 2:21:43 AM] (2718) [BG(1)] Long operation: getSemanticTokens delta previousResultId:1688264268920 at /home/ec2-user/flaskr/views.py (165388ms)
