2023-07-05 01:33:51.889 [info] [Info  - 1:33:51 AM] (13901) Pylance language server 2023.6.40 (pyright 3f84540e) starting
2023-07-05 01:33:51.890 [info] [Info  - 1:33:51 AM] (13901) Server root directory: /home/ec2-user/.vscode-server/extensions/ms-python.vscode-pylance-2023.6.40/dist
2023-07-05 01:33:51.890 [info] [Info  - 1:33:51 AM] (13901) Starting service instance "ec2-user"
2023-07-05 01:33:52.027 [info] [Info  - 1:33:52 AM] (13901) Setting pythonPath for service "ec2-user": "/bin/python3"
2023-07-05 01:33:52.032 [info] [Warn  - 1:33:52 AM] (13901) stubPath /home/ec2-user/typings is not a valid directory.
2023-07-05 01:33:52.207 [info] [Info  - 1:33:52 AM] (13901) Assuming Python version 3.9
2023-07-05 01:33:52.479 [info] [Info  - 1:33:52 AM] (13901) Found 3 source files
2023-07-05 01:33:52.904 [info] [Info  - 1:33:52 AM] (13901) Background analysis(1) root directory: /home/ec2-user/.vscode-server/extensions/ms-python.vscode-pylance-2023.6.40/dist
2023-07-05 01:33:52.914 [info] [Info  - 1:33:52 AM] (13901) Background analysis(1) started
2023-07-05 01:34:27.030 [info] [Info  - 1:34:27 AM] (13901) Indexer background runner(2) root directory: /home/ec2-user/.vscode-server/extensions/ms-python.vscode-pylance-2023.6.40/dist (index)
2023-07-05 01:34:27.030 [info] [Info  - 1:34:27 AM] (13901) Indexing(2) started
2023-07-05 01:34:28.107 [info] [Info  - 1:34:28 AM] (13901) scanned(2) 93 files over 1 exec env
2023-07-05 01:34:30.517 [info] [Info  - 1:34:30 AM] (13901) [IDX(2)] Long operation: index execution environment /home/ec2-user (2291ms)
2023-07-05 01:34:30.522 [info] [Info  - 1:34:30 AM] (13901) [IDX(2)] Long operation: index packages /home/ec2-user (2338ms)
2023-07-05 01:34:30.523 [info] [Info  - 1:34:30 AM] (13901) indexed(2) 68 files over 1 exec env
2023-07-05 01:34:30.537 [info] [Info  - 1:34:30 AM] (13901) Indexing finished(2).
2023-07-05 01:34:35.327 [info] [Info  - 1:34:35 AM] (13901) [BG(1)] Long operation: checking: /home/ec2-user/.python_history (3454ms)
2023-07-05 01:34:35.327 [info] [Info  - 1:34:35 AM] (13901) [BG(1)] Long operation: analyzing: /home/ec2-user/.python_history (3700ms)
2023-07-05 01:49:10.563 [info] [Info  - 1:49:10 AM] (13901) [FG] Long operation: parsing: /home/ec2-user/.local/lib/python3.9/site-packages/sqlalchemy/sql/cache_key.py (3807ms)
2023-07-05 01:49:13.567 [info] [Info  - 1:49:13 AM] (13901) [FG] Long operation: parsing: /home/ec2-user/.local/lib/python3.9/site-packages/sqlalchemy/orm/base.py (2633ms)
2023-07-05 01:49:16.855 [info] [Info  - 1:49:16 AM] (13901) [FG] Long operation: binding: /home/ec2-user/.local/lib/python3.9/site-packages/sqlalchemy/orm/base.py (2007ms)
