2023-07-02 12:07:28.994 [info] Extension host with pid 6742 started
2023-07-02 12:07:29.015 [error] Error: EEXIST: file already exists, open '/home/ec2-user/.vscode-server/data/User/workspaceStorage/00ebf78945a301a83059ce8645495430/vscode.lock'
2023-07-02 12:07:29.041 [error] SyntaxError: Unexpected end of JSON input
    at JSON.parse (<anonymous>)
    at n (/home/ec2-user/.vscode-server/bin/695af097c7bd098fbf017ce3ac85e09bbc5dda06/out/vs/workbench/api/node/extensionHostProcess.js:109:4482)
    at async b (/home/ec2-user/.vscode-server/bin/695af097c7bd098fbf017ce3ac85e09bbc5dda06/out/vs/workbench/api/node/extensionHostProcess.js:109:4123)
    at async T.g (/home/ec2-user/.vscode-server/bin/695af097c7bd098fbf017ce3ac85e09bbc5dda06/out/vs/workbench/api/node/extensionHostProcess.js:109:2926)
    at async T.h (/home/ec2-user/.vscode-server/bin/695af097c7bd098fbf017ce3ac85e09bbc5dda06/out/vs/workbench/api/node/extensionHostProcess.js:102:138589)
2023-07-02 12:07:29.041 [info] Lock '/home/ec2-user/.vscode-server/data/User/workspaceStorage/00ebf78945a301a83059ce8645495430/vscode.lock': Could not acquire lock, checking if the file is stale.
2023-07-02 12:07:29.105 [error] SyntaxError: Unexpected end of JSON input
	at JSON.parse (<anonymous>)
	at n (/home/ec2-user/.vscode-server/bin/695af097c7bd098fbf017ce3ac85e09bbc5dda06/out/vs/workbench/api/node/extensionHostProcess.js:109:4482)
	at async E (/home/ec2-user/.vscode-server/bin/695af097c7bd098fbf017ce3ac85e09bbc5dda06/out/vs/workbench/api/node/extensionHostProcess.js:109:4737)
	at async T.g (/home/ec2-user/.vscode-server/bin/695af097c7bd098fbf017ce3ac85e09bbc5dda06/out/vs/workbench/api/node/extensionHostProcess.js:109:2926)
	at async T.h (/home/ec2-user/.vscode-server/bin/695af097c7bd098fbf017ce3ac85e09bbc5dda06/out/vs/workbench/api/node/extensionHostProcess.js:102:138589)
2023-07-02 12:07:29.105 [info] Lock '/home/ec2-user/.vscode-server/data/User/workspaceStorage/00ebf78945a301a83059ce8645495430/vscode.lock': Could not read pid of lock holder.
2023-07-02 12:07:29.106 [info] Lock '/home/ec2-user/.vscode-server/data/User/workspaceStorage/00ebf78945a301a83059ce8645495430/vscode.lock': Deleting a stale lock.
2023-07-02 12:07:29.132 [info] Lock '/home/ec2-user/.vscode-server/data/User/workspaceStorage/00ebf78945a301a83059ce8645495430/vscode.lock': Lock acquired.
2023-07-02 12:07:29.212 [info] ExtensionService#_doActivateExtension ms-python.python, startup: false, activationEvent: 'onLanguage:python'
2023-07-02 12:07:29.214 [info] ExtensionService#_doActivateExtension vscode.emmet, startup: false, activationEvent: 'onLanguage'
2023-07-02 12:07:30.215 [info] ExtensionService#_doActivateExtension vscode.git-base, startup: true, activationEvent: '*', root cause: vscode.git
2023-07-02 12:07:30.613 [info] ExtensionService#_doActivateExtension vscode.git, startup: true, activationEvent: '*'
2023-07-02 12:07:30.614 [info] ExtensionService#_doActivateExtension vscode.github, startup: true, activationEvent: '*'
2023-07-02 12:07:31.068 [info] ExtensionService#_doActivateExtension ms-python.vscode-pylance, startup: false, activationEvent: 'onLanguage:python'
2023-07-02 12:07:31.920 [info] Eager extensions activated
2023-07-02 12:07:31.921 [info] ExtensionService#_doActivateExtension vscode.debug-auto-launch, startup: false, activationEvent: 'onStartupFinished'
2023-07-02 12:07:31.921 [info] ExtensionService#_doActivateExtension vscode.merge-conflict, startup: false, activationEvent: 'onStartupFinished'
2023-07-02 12:29:44.780 [info] Extension host terminating: received terminate message from renderer
2023-07-02 12:29:44.782 [info] Lock '/home/ec2-user/.vscode-server/data/User/workspaceStorage/00ebf78945a301a83059ce8645495430/vscode.lock': Marking the lockfile as scheduled to be released in 6000 ms.
2023-07-02 12:29:44.819 [info] Extension host with pid 6742 exiting with code 0
