2023-07-05 02:29:02.821 [info] Log level: Info
2023-07-05 02:29:02.821 [info] Validating found git in: "git"
2023-07-05 02:29:02.821 [info] Using git "2.40.1" from "git"
2023-07-05 02:29:02.821 [info] > git rev-parse --show-toplevel [110ms]
2023-07-05 02:29:02.821 [info] > git rev-parse --git-dir --git-common-dir [7ms]
2023-07-05 02:29:02.821 [info] Open repository: /home/ec2-user
2023-07-05 02:29:02.821 [info] > git config --get commit.template [10ms]
2023-07-05 02:29:02.821 [info] > git rev-parse --show-toplevel [24ms]
2023-07-05 02:29:02.821 [info] > git rev-parse --show-toplevel [69ms]
2023-07-05 02:29:02.821 [info] > git for-each-ref --format=%(refname)%00%(upstream:short)%00%(objectname)%00%(upstream:track)%00%(upstream:remotename)%00%(upstream:remoteref) refs/heads/master refs/remotes/master [26ms]
2023-07-05 02:29:02.821 [info] > git rev-parse --show-toplevel [20ms]
2023-07-05 02:29:02.821 [info] > git rev-parse --show-toplevel [6ms]
2023-07-05 02:29:02.821 [info] > git rev-parse --show-toplevel [227ms]
2023-07-05 02:29:02.821 [info] > git rev-parse --show-toplevel [22ms]
2023-07-05 02:29:02.821 [info] > git status -z -uall [296ms]
2023-07-05 02:29:02.821 [info] > git rev-parse --show-toplevel [49ms]
2023-07-05 02:29:02.821 [info] > git config --get commit.template [15ms]
2023-07-05 02:29:02.821 [info] > git rev-parse --show-toplevel [10ms]
2023-07-05 02:29:02.821 [info] > git rev-parse --show-toplevel [10ms]
2023-07-05 02:29:02.821 [info] > git rev-parse --show-toplevel [7ms]
2023-07-05 02:29:02.821 [info] > git for-each-ref --format=%(refname)%00%(upstream:short)%00%(objectname)%00%(upstream:track)%00%(upstream:remotename)%00%(upstream:remoteref) refs/heads/master refs/remotes/master [24ms]
2023-07-05 02:29:02.821 [info] > git status -z -uall [189ms]
2023-07-05 02:29:03.036 [info] > git check-ignore -v -z --stdin [66ms]
2023-07-05 02:29:03.042 [info] > git ls-files --stage -- /home/ec2-user/flaskr/templates/user_search.html [7ms]
2023-07-05 02:29:03.048 [info] > git show --textconv :flaskr/templates/user_search.html [21ms]
2023-07-05 02:29:03.055 [info] > git cat-file -s 7d3e6c1b227bbaed50952b144c24ec5d3290e59d [8ms]
2023-07-05 02:29:07.155 [info] > git config --get commit.template [6ms]
2023-07-05 02:29:07.158 [info] > git for-each-ref --format=%(refname)%00%(upstream:short)%00%(objectname)%00%(upstream:track)%00%(upstream:remotename)%00%(upstream:remoteref) refs/heads/master refs/remotes/master [3ms]
2023-07-05 02:29:07.247 [info] > git status -z -uall [86ms]
2023-07-05 02:29:12.264 [info] > git config --get commit.template [5ms]
2023-07-05 02:29:12.266 [info] > git for-each-ref --format=%(refname)%00%(upstream:short)%00%(objectname)%00%(upstream:track)%00%(upstream:remotename)%00%(upstream:remoteref) refs/heads/master refs/remotes/master [3ms]
2023-07-05 02:29:12.345 [info] > git status -z -uall [76ms]
2023-07-05 02:29:14.073 [info] > git ls-files --stage -- /home/ec2-user/flaskr/views.py [11ms]
2023-07-05 02:29:14.078 [info] > git show --textconv :flaskr/views.py [24ms]
2023-07-05 02:29:14.081 [info] > git cat-file -s 663ff092b50f10586e554f51a77881ec5bcfc8c3 [4ms]
2023-07-05 02:29:17.398 [info] > git config --get commit.template [28ms]
2023-07-05 02:29:17.415 [info] > git for-each-ref --format=%(refname)%00%(upstream:short)%00%(objectname)%00%(upstream:track)%00%(upstream:remotename)%00%(upstream:remoteref) refs/heads/master refs/remotes/master [19ms]
2023-07-05 02:29:17.722 [info] > git status -z -uall [291ms]
2023-07-05 02:29:21.039 [info] > git show --textconv :flaskr/templates/message.html [54ms]
2023-07-05 02:29:21.043 [info] > git ls-files --stage -- /home/ec2-user/flaskr/templates/message.html [46ms]
2023-07-05 02:29:21.065 [info] > git cat-file -s a9644406493d9c0abfe2922b1124d6e8fdab3b3c [2ms]
2023-07-05 02:29:22.815 [info] > git config --get commit.template [28ms]
2023-07-05 02:29:22.830 [info] > git for-each-ref --format=%(refname)%00%(upstream:short)%00%(objectname)%00%(upstream:track)%00%(upstream:remotename)%00%(upstream:remoteref) refs/heads/master refs/remotes/master [16ms]
2023-07-05 02:29:23.140 [info] > git status -z -uall [297ms]
2023-07-05 02:29:26.346 [info] > git show --textconv :flaskr/templates/login.html [49ms]
2023-07-05 02:29:26.350 [info] > git ls-files --stage -- /home/ec2-user/flaskr/templates/login.html [41ms]
2023-07-05 02:29:26.375 [info] > git cat-file -s 3cc5ee4685b2d20f1ae459b8b41bb1d7b33bcc0b [15ms]
2023-07-05 02:29:28.204 [info] > git config --get commit.template [17ms]
2023-07-05 02:29:28.207 [info] > git for-each-ref --format=%(refname)%00%(upstream:short)%00%(objectname)%00%(upstream:track)%00%(upstream:remotename)%00%(upstream:remoteref) refs/heads/master refs/remotes/master [4ms]
2023-07-05 02:29:28.435 [info] > git status -z -uall [215ms]
2023-07-05 02:29:29.728 [info] > git show --textconv :flaskr/templates/setting.html [39ms]
2023-07-05 02:29:29.733 [info] > git ls-files --stage -- /home/ec2-user/flaskr/templates/setting.html [29ms]
2023-07-05 02:29:29.750 [info] > git cat-file -s 7c1db617718c6ff1c9f44db91dc74def0a68f1ec [4ms]
2023-07-05 02:29:33.459 [info] > git config --get commit.template [6ms]
2023-07-05 02:29:33.461 [info] > git for-each-ref --format=%(refname)%00%(upstream:short)%00%(objectname)%00%(upstream:track)%00%(upstream:remotename)%00%(upstream:remoteref) refs/heads/master refs/remotes/master [3ms]
2023-07-05 02:29:33.545 [info] > git status -z -uall [80ms]
2023-07-05 02:29:38.576 [info] > git config --get commit.template [6ms]
2023-07-05 02:29:38.578 [info] > git for-each-ref --format=%(refname)%00%(upstream:short)%00%(objectname)%00%(upstream:track)%00%(upstream:remotename)%00%(upstream:remoteref) refs/heads/master refs/remotes/master [2ms]
2023-07-05 02:29:38.660 [info] > git status -z -uall [78ms]
2023-07-05 02:29:43.678 [info] > git config --get commit.template [6ms]
2023-07-05 02:29:43.680 [info] > git for-each-ref --format=%(refname)%00%(upstream:short)%00%(objectname)%00%(upstream:track)%00%(upstream:remotename)%00%(upstream:remoteref) refs/heads/master refs/remotes/master [2ms]
2023-07-05 02:29:43.768 [info] > git status -z -uall [84ms]
2023-07-05 02:29:48.786 [info] > git config --get commit.template [6ms]
2023-07-05 02:29:48.788 [info] > git for-each-ref --format=%(refname)%00%(upstream:short)%00%(objectname)%00%(upstream:track)%00%(upstream:remotename)%00%(upstream:remoteref) refs/heads/master refs/remotes/master [3ms]
2023-07-05 02:29:48.868 [info] > git status -z -uall [76ms]
2023-07-05 02:29:53.885 [info] > git config --get commit.template [6ms]
2023-07-05 02:29:53.887 [info] > git for-each-ref --format=%(refname)%00%(upstream:short)%00%(objectname)%00%(upstream:track)%00%(upstream:remotename)%00%(upstream:remoteref) refs/heads/master refs/remotes/master [2ms]
2023-07-05 02:29:53.969 [info] > git status -z -uall [78ms]
2023-07-05 02:29:54.552 [info] > git show --textconv :flaskr/templates/home.html [12ms]
2023-07-05 02:29:54.556 [info] > git ls-files --stage -- /home/ec2-user/flaskr/templates/home.html [10ms]
2023-07-05 02:29:54.562 [info] > git cat-file -s cfd82d7c7398b1553d73ac59a08054f31d2f733c [1ms]
2023-07-05 02:29:58.988 [info] > git config --get commit.template [6ms]
2023-07-05 02:29:58.990 [info] > git for-each-ref --format=%(refname)%00%(upstream:short)%00%(objectname)%00%(upstream:track)%00%(upstream:remotename)%00%(upstream:remoteref) refs/heads/master refs/remotes/master [2ms]
2023-07-05 02:29:59.072 [info] > git status -z -uall [78ms]
2023-07-05 02:30:04.091 [info] > git config --get commit.template [6ms]
2023-07-05 02:30:04.093 [info] > git for-each-ref --format=%(refname)%00%(upstream:short)%00%(objectname)%00%(upstream:track)%00%(upstream:remotename)%00%(upstream:remoteref) refs/heads/master refs/remotes/master [2ms]
2023-07-05 02:30:04.177 [info] > git status -z -uall [80ms]
2023-07-05 02:30:09.195 [info] > git config --get commit.template [7ms]
2023-07-05 02:30:09.197 [info] > git for-each-ref --format=%(refname)%00%(upstream:short)%00%(objectname)%00%(upstream:track)%00%(upstream:remotename)%00%(upstream:remoteref) refs/heads/master refs/remotes/master [4ms]
2023-07-05 02:30:09.280 [info] > git status -z -uall [79ms]
2023-07-05 02:30:14.299 [info] > git config --get commit.template [5ms]
2023-07-05 02:30:14.300 [info] > git for-each-ref --format=%(refname)%00%(upstream:short)%00%(objectname)%00%(upstream:track)%00%(upstream:remotename)%00%(upstream:remoteref) refs/heads/master refs/remotes/master [2ms]
2023-07-05 02:30:14.381 [info] > git status -z -uall [77ms]
2023-07-05 02:30:19.409 [info] > git config --get commit.template [5ms]
2023-07-05 02:30:19.410 [info] > git for-each-ref --format=%(refname)%00%(upstream:short)%00%(objectname)%00%(upstream:track)%00%(upstream:remotename)%00%(upstream:remoteref) refs/heads/master refs/remotes/master [2ms]
2023-07-05 02:30:19.541 [info] > git status -z -uall [127ms]
2023-07-05 02:30:24.582 [info] > git config --get commit.template [7ms]
2023-07-05 02:30:24.584 [info] > git for-each-ref --format=%(refname)%00%(upstream:short)%00%(objectname)%00%(upstream:track)%00%(upstream:remotename)%00%(upstream:remoteref) refs/heads/master refs/remotes/master [3ms]
2023-07-05 02:30:24.670 [info] > git status -z -uall [81ms]
2023-07-05 02:30:29.697 [info] > git config --get commit.template [6ms]
2023-07-05 02:30:29.699 [info] > git for-each-ref --format=%(refname)%00%(upstream:short)%00%(objectname)%00%(upstream:track)%00%(upstream:remotename)%00%(upstream:remoteref) refs/heads/master refs/remotes/master [3ms]
2023-07-05 02:30:29.782 [info] > git status -z -uall [79ms]
2023-07-05 02:30:34.809 [info] > git config --get commit.template [6ms]
2023-07-05 02:30:34.811 [info] > git for-each-ref --format=%(refname)%00%(upstream:short)%00%(objectname)%00%(upstream:track)%00%(upstream:remotename)%00%(upstream:remoteref) refs/heads/master refs/remotes/master [2ms]
2023-07-05 02:30:34.894 [info] > git status -z -uall [79ms]
2023-07-05 02:30:39.915 [info] > git config --get commit.template [6ms]
2023-07-05 02:30:39.917 [info] > git for-each-ref --format=%(refname)%00%(upstream:short)%00%(objectname)%00%(upstream:track)%00%(upstream:remotename)%00%(upstream:remoteref) refs/heads/master refs/remotes/master [2ms]
2023-07-05 02:30:40.002 [info] > git status -z -uall [81ms]
2023-07-05 02:30:45.020 [info] > git config --get commit.template [6ms]
2023-07-05 02:30:45.022 [info] > git for-each-ref --format=%(refname)%00%(upstream:short)%00%(objectname)%00%(upstream:track)%00%(upstream:remotename)%00%(upstream:remoteref) refs/heads/master refs/remotes/master [3ms]
2023-07-05 02:30:45.107 [info] > git status -z -uall [81ms]
2023-07-05 02:30:50.127 [info] > git config --get commit.template [7ms]
2023-07-05 02:30:50.129 [info] > git for-each-ref --format=%(refname)%00%(upstream:short)%00%(objectname)%00%(upstream:track)%00%(upstream:remotename)%00%(upstream:remoteref) refs/heads/master refs/remotes/master [3ms]
2023-07-05 02:30:50.212 [info] > git status -z -uall [79ms]
2023-07-05 02:30:55.230 [info] > git config --get commit.template [6ms]
2023-07-05 02:30:55.232 [info] > git for-each-ref --format=%(refname)%00%(upstream:short)%00%(objectname)%00%(upstream:track)%00%(upstream:remotename)%00%(upstream:remoteref) refs/heads/master refs/remotes/master [3ms]
2023-07-05 02:30:55.320 [info] > git status -z -uall [84ms]
2023-07-05 02:31:00.339 [info] > git config --get commit.template [7ms]
2023-07-05 02:31:00.341 [info] > git for-each-ref --format=%(refname)%00%(upstream:short)%00%(objectname)%00%(upstream:track)%00%(upstream:remotename)%00%(upstream:remoteref) refs/heads/master refs/remotes/master [3ms]
2023-07-05 02:31:00.420 [info] > git status -z -uall [76ms]
2023-07-05 02:31:05.445 [info] > git config --get commit.template [6ms]
2023-07-05 02:31:05.447 [info] > git for-each-ref --format=%(refname)%00%(upstream:short)%00%(objectname)%00%(upstream:track)%00%(upstream:remotename)%00%(upstream:remoteref) refs/heads/master refs/remotes/master [3ms]
2023-07-05 02:31:05.529 [info] > git status -z -uall [79ms]
2023-07-05 02:31:10.550 [info] > git config --get commit.template [9ms]
2023-07-05 02:31:10.553 [info] > git for-each-ref --format=%(refname)%00%(upstream:short)%00%(objectname)%00%(upstream:track)%00%(upstream:remotename)%00%(upstream:remoteref) refs/heads/master refs/remotes/master [5ms]
2023-07-05 02:31:10.642 [info] > git status -z -uall [86ms]
2023-07-05 02:31:15.662 [info] > git config --get commit.template [8ms]
2023-07-05 02:31:15.664 [info] > git for-each-ref --format=%(refname)%00%(upstream:short)%00%(objectname)%00%(upstream:track)%00%(upstream:remotename)%00%(upstream:remoteref) refs/heads/master refs/remotes/master [3ms]
2023-07-05 02:31:15.746 [info] > git status -z -uall [78ms]
2023-07-05 02:31:20.763 [info] > git config --get commit.template [6ms]
2023-07-05 02:31:20.765 [info] > git for-each-ref --format=%(refname)%00%(upstream:short)%00%(objectname)%00%(upstream:track)%00%(upstream:remotename)%00%(upstream:remoteref) refs/heads/master refs/remotes/master [2ms]
2023-07-05 02:31:20.848 [info] > git status -z -uall [79ms]
2023-07-05 02:31:25.865 [info] > git config --get commit.template [6ms]
2023-07-05 02:31:25.867 [info] > git for-each-ref --format=%(refname)%00%(upstream:short)%00%(objectname)%00%(upstream:track)%00%(upstream:remotename)%00%(upstream:remoteref) refs/heads/master refs/remotes/master [3ms]
2023-07-05 02:31:25.948 [info] > git status -z -uall [77ms]
2023-07-05 02:31:30.965 [info] > git config --get commit.template [6ms]
2023-07-05 02:31:30.967 [info] > git for-each-ref --format=%(refname)%00%(upstream:short)%00%(objectname)%00%(upstream:track)%00%(upstream:remotename)%00%(upstream:remoteref) refs/heads/master refs/remotes/master [2ms]
2023-07-05 02:31:31.049 [info] > git status -z -uall [78ms]
2023-07-05 02:31:33.111 [info] > git show --textconv :flaskr/templates/create_post.html [10ms]
2023-07-05 02:31:33.116 [info] > git ls-files --stage -- /home/ec2-user/flaskr/templates/create_post.html [6ms]
2023-07-05 02:31:33.122 [info] > git cat-file -s 6cf0eefe7820d0cc126286ff0f8c56ffe2a0fbb5 [2ms]
2023-07-05 02:31:36.067 [info] > git config --get commit.template [6ms]
2023-07-05 02:31:36.069 [info] > git for-each-ref --format=%(refname)%00%(upstream:short)%00%(objectname)%00%(upstream:track)%00%(upstream:remotename)%00%(upstream:remoteref) refs/heads/master refs/remotes/master [3ms]
2023-07-05 02:31:36.154 [info] > git status -z -uall [81ms]
2023-07-05 02:31:37.874 [info] > git show --textconv :flaskr/templates/_helpers.html [14ms]
2023-07-05 02:31:37.878 [info] > git ls-files --stage -- /home/ec2-user/flaskr/templates/_helpers.html [12ms]
2023-07-05 02:31:37.885 [info] > git cat-file -s 1f5f99542ad911c045a6f376eabd199bdfde7861 [2ms]
2023-07-05 02:31:38.266 [info] > git show --textconv :flaskr/templates/base.html [22ms]
2023-07-05 02:31:38.270 [info] > git ls-files --stage -- /home/ec2-user/flaskr/templates/base.html [18ms]
2023-07-05 02:31:38.277 [info] > git cat-file -s bc8eec6f3270feb3fd5da9493c8d155ee3131d99 [2ms]
2023-07-05 02:31:41.172 [info] > git config --get commit.template [6ms]
2023-07-05 02:31:41.174 [info] > git for-each-ref --format=%(refname)%00%(upstream:short)%00%(objectname)%00%(upstream:track)%00%(upstream:remotename)%00%(upstream:remoteref) refs/heads/master refs/remotes/master [3ms]
2023-07-05 02:31:41.255 [info] > git status -z -uall [77ms]
2023-07-05 02:31:46.280 [info] > git config --get commit.template [7ms]
2023-07-05 02:31:46.282 [info] > git for-each-ref --format=%(refname)%00%(upstream:short)%00%(objectname)%00%(upstream:track)%00%(upstream:remotename)%00%(upstream:remoteref) refs/heads/master refs/remotes/master [3ms]
2023-07-05 02:31:46.364 [info] > git status -z -uall [77ms]
2023-07-05 02:31:51.382 [info] > git config --get commit.template [6ms]
2023-07-05 02:31:51.384 [info] > git for-each-ref --format=%(refname)%00%(upstream:short)%00%(objectname)%00%(upstream:track)%00%(upstream:remotename)%00%(upstream:remoteref) refs/heads/master refs/remotes/master [3ms]
2023-07-05 02:31:51.463 [info] > git status -z -uall [76ms]
2023-07-05 02:31:56.485 [info] > git config --get commit.template [6ms]
2023-07-05 02:31:56.487 [info] > git for-each-ref --format=%(refname)%00%(upstream:short)%00%(objectname)%00%(upstream:track)%00%(upstream:remotename)%00%(upstream:remoteref) refs/heads/master refs/remotes/master [3ms]
2023-07-05 02:31:56.569 [info] > git status -z -uall [78ms]
2023-07-05 02:32:01.589 [info] > git config --get commit.template [6ms]
2023-07-05 02:32:01.591 [info] > git for-each-ref --format=%(refname)%00%(upstream:short)%00%(objectname)%00%(upstream:track)%00%(upstream:remotename)%00%(upstream:remoteref) refs/heads/master refs/remotes/master [3ms]
2023-07-05 02:32:01.673 [info] > git status -z -uall [78ms]
2023-07-05 02:32:06.691 [info] > git config --get commit.template [7ms]
2023-07-05 02:32:06.693 [info] > git for-each-ref --format=%(refname)%00%(upstream:short)%00%(objectname)%00%(upstream:track)%00%(upstream:remotename)%00%(upstream:remoteref) refs/heads/master refs/remotes/master [3ms]
2023-07-05 02:32:06.773 [info] > git status -z -uall [76ms]
2023-07-05 02:32:11.792 [info] > git config --get commit.template [5ms]
2023-07-05 02:32:11.794 [info] > git for-each-ref --format=%(refname)%00%(upstream:short)%00%(objectname)%00%(upstream:track)%00%(upstream:remotename)%00%(upstream:remoteref) refs/heads/master refs/remotes/master [2ms]
2023-07-05 02:32:11.875 [info] > git status -z -uall [77ms]
2023-07-05 02:40:25.647 [info] > git config --get commit.template [6ms]
2023-07-05 02:40:25.649 [info] > git for-each-ref --format=%(refname)%00%(upstream:short)%00%(objectname)%00%(upstream:track)%00%(upstream:remotename)%00%(upstream:remoteref) refs/heads/master refs/remotes/master [2ms]
2023-07-05 02:40:25.731 [info] > git status -z -uall [78ms]
2023-07-05 02:40:30.753 [info] > git config --get commit.template [6ms]
2023-07-05 02:40:30.755 [info] > git for-each-ref --format=%(refname)%00%(upstream:short)%00%(objectname)%00%(upstream:track)%00%(upstream:remotename)%00%(upstream:remoteref) refs/heads/master refs/remotes/master [3ms]
2023-07-05 02:40:30.836 [info] > git status -z -uall [78ms]
2023-07-05 02:40:35.854 [info] > git config --get commit.template [6ms]
2023-07-05 02:40:35.857 [info] > git for-each-ref --format=%(refname)%00%(upstream:short)%00%(objectname)%00%(upstream:track)%00%(upstream:remotename)%00%(upstream:remoteref) refs/heads/master refs/remotes/master [2ms]
2023-07-05 02:40:35.937 [info] > git status -z -uall [77ms]
2023-07-05 02:40:40.955 [info] > git config --get commit.template [6ms]
2023-07-05 02:40:40.957 [info] > git for-each-ref --format=%(refname)%00%(upstream:short)%00%(objectname)%00%(upstream:track)%00%(upstream:remotename)%00%(upstream:remoteref) refs/heads/master refs/remotes/master [3ms]
2023-07-05 02:40:41.041 [info] > git status -z -uall [81ms]
2023-07-05 02:40:46.060 [info] > git config --get commit.template [6ms]
2023-07-05 02:40:46.062 [info] > git for-each-ref --format=%(refname)%00%(upstream:short)%00%(objectname)%00%(upstream:track)%00%(upstream:remotename)%00%(upstream:remoteref) refs/heads/master refs/remotes/master [3ms]
2023-07-05 02:40:46.146 [info] > git status -z -uall [80ms]
2023-07-05 02:40:51.163 [info] > git config --get commit.template [5ms]
2023-07-05 02:40:51.164 [info] > git for-each-ref --format=%(refname)%00%(upstream:short)%00%(objectname)%00%(upstream:track)%00%(upstream:remotename)%00%(upstream:remoteref) refs/heads/master refs/remotes/master [2ms]
2023-07-05 02:40:51.246 [info] > git status -z -uall [77ms]
2023-07-05 02:40:56.263 [info] > git config --get commit.template [6ms]
2023-07-05 02:40:56.265 [info] > git for-each-ref --format=%(refname)%00%(upstream:short)%00%(objectname)%00%(upstream:track)%00%(upstream:remotename)%00%(upstream:remoteref) refs/heads/master refs/remotes/master [2ms]
2023-07-05 02:40:56.350 [info] > git status -z -uall [81ms]
2023-07-05 02:41:02.383 [info] > git config --get commit.template [6ms]
2023-07-05 02:41:02.385 [info] > git for-each-ref --format=%(refname)%00%(upstream:short)%00%(objectname)%00%(upstream:track)%00%(upstream:remotename)%00%(upstream:remoteref) refs/heads/master refs/remotes/master [3ms]
2023-07-05 02:41:02.466 [info] > git status -z -uall [77ms]
2023-07-05 02:41:07.484 [info] > git config --get commit.template [6ms]
2023-07-05 02:41:07.486 [info] > git for-each-ref --format=%(refname)%00%(upstream:short)%00%(objectname)%00%(upstream:track)%00%(upstream:remotename)%00%(upstream:remoteref) refs/heads/master refs/remotes/master [2ms]
2023-07-05 02:41:07.568 [info] > git status -z -uall [78ms]
2023-07-05 02:41:12.585 [info] > git config --get commit.template [6ms]
2023-07-05 02:41:12.587 [info] > git for-each-ref --format=%(refname)%00%(upstream:short)%00%(objectname)%00%(upstream:track)%00%(upstream:remotename)%00%(upstream:remoteref) refs/heads/master refs/remotes/master [2ms]
2023-07-05 02:41:12.668 [info] > git status -z -uall [76ms]
2023-07-05 02:41:17.692 [info] > git config --get commit.template [5ms]
2023-07-05 02:41:17.694 [info] > git for-each-ref --format=%(refname)%00%(upstream:short)%00%(objectname)%00%(upstream:track)%00%(upstream:remotename)%00%(upstream:remoteref) refs/heads/master refs/remotes/master [2ms]
2023-07-05 02:41:17.779 [info] > git status -z -uall [81ms]
2023-07-05 02:49:40.386 [info] > git config --get commit.template [6ms]
2023-07-05 02:49:40.388 [info] > git for-each-ref --format=%(refname)%00%(upstream:short)%00%(objectname)%00%(upstream:track)%00%(upstream:remotename)%00%(upstream:remoteref) refs/heads/master refs/remotes/master [3ms]
2023-07-05 02:49:40.468 [info] > git status -z -uall [76ms]
2023-07-05 02:49:45.487 [info] > git config --get commit.template [6ms]
2023-07-05 02:49:45.490 [info] > git for-each-ref --format=%(refname)%00%(upstream:short)%00%(objectname)%00%(upstream:track)%00%(upstream:remotename)%00%(upstream:remoteref) refs/heads/master refs/remotes/master [3ms]
2023-07-05 02:49:45.571 [info] > git status -z -uall [77ms]
2023-07-05 02:50:01.058 [info] > git config --get commit.template [5ms]
2023-07-05 02:50:01.059 [info] > git for-each-ref --format=%(refname)%00%(upstream:short)%00%(objectname)%00%(upstream:track)%00%(upstream:remotename)%00%(upstream:remoteref) refs/heads/master refs/remotes/master [2ms]
2023-07-05 02:50:01.142 [info] > git status -z -uall [78ms]
2023-07-05 02:50:06.163 [info] > git config --get commit.template [6ms]
2023-07-05 02:50:06.166 [info] > git for-each-ref --format=%(refname)%00%(upstream:short)%00%(objectname)%00%(upstream:track)%00%(upstream:remotename)%00%(upstream:remoteref) refs/heads/master refs/remotes/master [3ms]
2023-07-05 02:50:06.256 [info] > git status -z -uall [86ms]
2023-07-05 02:50:11.273 [info] > git config --get commit.template [6ms]
2023-07-05 02:50:11.275 [info] > git for-each-ref --format=%(refname)%00%(upstream:short)%00%(objectname)%00%(upstream:track)%00%(upstream:remotename)%00%(upstream:remoteref) refs/heads/master refs/remotes/master [2ms]
2023-07-05 02:50:11.364 [info] > git status -z -uall [85ms]
2023-07-05 02:50:16.381 [info] > git config --get commit.template [6ms]
2023-07-05 02:50:16.383 [info] > git for-each-ref --format=%(refname)%00%(upstream:short)%00%(objectname)%00%(upstream:track)%00%(upstream:remotename)%00%(upstream:remoteref) refs/heads/master refs/remotes/master [3ms]
2023-07-05 02:50:16.469 [info] > git status -z -uall [82ms]
2023-07-05 02:50:21.487 [info] > git config --get commit.template [6ms]
2023-07-05 02:50:21.489 [info] > git for-each-ref --format=%(refname)%00%(upstream:short)%00%(objectname)%00%(upstream:track)%00%(upstream:remotename)%00%(upstream:remoteref) refs/heads/master refs/remotes/master [2ms]
2023-07-05 02:50:21.674 [info] > git status -z -uall [180ms]
2023-07-05 02:50:26.691 [info] > git config --get commit.template [6ms]
2023-07-05 02:50:26.694 [info] > git for-each-ref --format=%(refname)%00%(upstream:short)%00%(objectname)%00%(upstream:track)%00%(upstream:remotename)%00%(upstream:remoteref) refs/heads/master refs/remotes/master [4ms]
2023-07-05 02:50:26.776 [info] > git status -z -uall [78ms]
2023-07-05 02:50:31.795 [info] > git config --get commit.template [7ms]
2023-07-05 02:50:31.797 [info] > git for-each-ref --format=%(refname)%00%(upstream:short)%00%(objectname)%00%(upstream:track)%00%(upstream:remotename)%00%(upstream:remoteref) refs/heads/master refs/remotes/master [3ms]
2023-07-05 02:50:31.879 [info] > git status -z -uall [78ms]
2023-07-05 02:50:36.898 [info] > git config --get commit.template [6ms]
2023-07-05 02:50:36.900 [info] > git for-each-ref --format=%(refname)%00%(upstream:short)%00%(objectname)%00%(upstream:track)%00%(upstream:remotename)%00%(upstream:remoteref) refs/heads/master refs/remotes/master [3ms]
2023-07-05 02:50:36.982 [info] > git status -z -uall [78ms]
2023-07-05 02:50:41.999 [info] > git config --get commit.template [6ms]
2023-07-05 02:50:42.001 [info] > git for-each-ref --format=%(refname)%00%(upstream:short)%00%(objectname)%00%(upstream:track)%00%(upstream:remotename)%00%(upstream:remoteref) refs/heads/master refs/remotes/master [3ms]
2023-07-05 02:50:42.083 [info] > git status -z -uall [77ms]
2023-07-05 02:50:47.101 [info] > git config --get commit.template [6ms]
2023-07-05 02:50:47.103 [info] > git for-each-ref --format=%(refname)%00%(upstream:short)%00%(objectname)%00%(upstream:track)%00%(upstream:remotename)%00%(upstream:remoteref) refs/heads/master refs/remotes/master [2ms]
2023-07-05 02:50:47.187 [info] > git status -z -uall [78ms]
2023-07-05 02:50:52.204 [info] > git config --get commit.template [6ms]
2023-07-05 02:50:52.206 [info] > git for-each-ref --format=%(refname)%00%(upstream:short)%00%(objectname)%00%(upstream:track)%00%(upstream:remotename)%00%(upstream:remoteref) refs/heads/master refs/remotes/master [3ms]
2023-07-05 02:50:52.288 [info] > git status -z -uall [78ms]
2023-07-05 02:50:57.306 [info] > git config --get commit.template [6ms]
2023-07-05 02:50:57.308 [info] > git for-each-ref --format=%(refname)%00%(upstream:short)%00%(objectname)%00%(upstream:track)%00%(upstream:remotename)%00%(upstream:remoteref) refs/heads/master refs/remotes/master [2ms]
2023-07-05 02:50:57.389 [info] > git status -z -uall [77ms]
2023-07-05 02:51:02.406 [info] > git config --get commit.template [5ms]
2023-07-05 02:51:02.408 [info] > git for-each-ref --format=%(refname)%00%(upstream:short)%00%(objectname)%00%(upstream:track)%00%(upstream:remotename)%00%(upstream:remoteref) refs/heads/master refs/remotes/master [2ms]
2023-07-05 02:51:02.490 [info] > git status -z -uall [77ms]
2023-07-05 02:51:07.506 [info] > git config --get commit.template [6ms]
2023-07-05 02:51:07.508 [info] > git for-each-ref --format=%(refname)%00%(upstream:short)%00%(objectname)%00%(upstream:track)%00%(upstream:remotename)%00%(upstream:remoteref) refs/heads/master refs/remotes/master [3ms]
2023-07-05 02:51:07.590 [info] > git status -z -uall [78ms]
2023-07-05 02:51:12.727 [info] > git config --get commit.template [7ms]
2023-07-05 02:51:12.729 [info] > git for-each-ref --format=%(refname)%00%(upstream:short)%00%(objectname)%00%(upstream:track)%00%(upstream:remotename)%00%(upstream:remoteref) refs/heads/master refs/remotes/master [4ms]
2023-07-05 02:51:12.814 [info] > git status -z -uall [81ms]
2023-07-05 02:51:26.250 [info] > git config --get commit.template [6ms]
2023-07-05 02:51:26.252 [info] > git for-each-ref --format=%(refname)%00%(upstream:short)%00%(objectname)%00%(upstream:track)%00%(upstream:remotename)%00%(upstream:remoteref) refs/heads/master refs/remotes/master [3ms]
2023-07-05 02:51:26.332 [info] > git status -z -uall [77ms]
2023-07-05 02:51:50.077 [info] > git config --get commit.template [7ms]
2023-07-05 02:51:50.079 [info] > git for-each-ref --format=%(refname)%00%(upstream:short)%00%(objectname)%00%(upstream:track)%00%(upstream:remotename)%00%(upstream:remoteref) refs/heads/master refs/remotes/master [2ms]
2023-07-05 02:51:50.164 [info] > git status -z -uall [80ms]
2023-07-05 02:51:55.183 [info] > git config --get commit.template [6ms]
2023-07-05 02:51:55.185 [info] > git for-each-ref --format=%(refname)%00%(upstream:short)%00%(objectname)%00%(upstream:track)%00%(upstream:remotename)%00%(upstream:remoteref) refs/heads/master refs/remotes/master [3ms]
2023-07-05 02:51:55.267 [info] > git status -z -uall [78ms]
