2023-07-02 07:19:39.811 [info] Extension host with pid 2473 started
2023-07-02 07:19:39.832 [error] Error: EEXIST: file already exists, open '/home/ec2-user/.vscode-server/data/User/workspaceStorage/00ebf78945a301a83059ce8645495430/vscode.lock'
2023-07-02 07:19:39.865 [info] Lock '/home/ec2-user/.vscode-server/data/User/workspaceStorage/00ebf78945a301a83059ce8645495430/vscode.lock': Could not acquire lock, checking if the file is stale.
2023-07-02 07:19:39.877 [info] Lock '/home/ec2-user/.vscode-server/data/User/workspaceStorage/00ebf78945a301a83059ce8645495430/vscode.lock': The pid 2427 appears to be gone.
2023-07-02 07:19:39.877 [info] Lock '/home/ec2-user/.vscode-server/data/User/workspaceStorage/00ebf78945a301a83059ce8645495430/vscode.lock': Deleting a stale lock.
2023-07-02 07:19:39.911 [info] Lock '/home/ec2-user/.vscode-server/data/User/workspaceStorage/00ebf78945a301a83059ce8645495430/vscode.lock': Lock acquired.
2023-07-02 07:19:40.034 [info] ExtensionService#_doActivateExtension vscode.emmet, startup: false, activationEvent: 'onLanguage'
2023-07-02 07:19:40.035 [info] ExtensionService#_doActivateExtension vscode.html-language-features, startup: false, activationEvent: 'onLanguage:html'
2023-07-02 07:19:41.036 [info] ExtensionService#_doActivateExtension vscode.git-base, startup: true, activationEvent: '*', root cause: vscode.git
2023-07-02 07:19:41.171 [info] ExtensionService#_doActivateExtension vscode.git, startup: true, activationEvent: '*'
2023-07-02 07:19:41.171 [info] ExtensionService#_doActivateExtension vscode.github, startup: true, activationEvent: '*'
2023-07-02 07:19:41.838 [info] Eager extensions activated
2023-07-02 07:19:41.844 [info] ExtensionService#_doActivateExtension vscode.debug-auto-launch, startup: false, activationEvent: 'onStartupFinished'
2023-07-02 07:19:41.845 [info] ExtensionService#_doActivateExtension vscode.merge-conflict, startup: false, activationEvent: 'onStartupFinished'
2023-07-02 07:30:23.570 [info] ExtensionService#_doActivateExtension vscode.css-language-features, startup: false, activationEvent: 'onLanguage:css'
2023-07-02 07:53:18.538 [info] ExtensionService#_doActivateExtension vscode.npm, startup: false, activationEvent: 'onTerminalQuickFixRequest:ms-vscode.npm-command'
2023-07-02 08:45:44.793 [info] ExtensionService#_doActivateExtension ms-python.python, startup: false, activationEvent: 'onLanguage:python'
2023-07-02 08:45:45.608 [info] ExtensionService#_doActivateExtension ms-python.vscode-pylance, startup: false, activationEvent: 'onLanguage:python'
2023-07-02 09:40:31.360 [info] Extension host terminating: received terminate message from renderer
2023-07-02 09:40:31.367 [info] Lock '/home/ec2-user/.vscode-server/data/User/workspaceStorage/00ebf78945a301a83059ce8645495430/vscode.lock': Marking the lockfile as scheduled to be released in 6000 ms.
