2023-07-05 00:29:04.108 [info] Log level: Info
2023-07-05 00:29:04.108 [info] Validating found git in: "git"
2023-07-05 00:29:04.108 [info] Using git "2.40.1" from "git"
2023-07-05 00:29:04.108 [info] > git rev-parse --show-toplevel [119ms]
2023-07-05 00:29:04.108 [info] > git rev-parse --git-dir --git-common-dir [6ms]
2023-07-05 00:29:04.108 [info] Open repository: /home/ec2-user
2023-07-05 00:29:04.108 [info] > git rev-parse --show-toplevel [18ms]
2023-07-05 00:29:04.108 [info] > git config --get commit.template [23ms]
2023-07-05 00:29:04.108 [info] > git rev-parse --show-toplevel [24ms]
2023-07-05 00:29:04.108 [info] > git for-each-ref --format=%(refname)%00%(upstream:short)%00%(objectname)%00%(upstream:track)%00%(upstream:remotename)%00%(upstream:remoteref) refs/heads/master refs/remotes/master [28ms]
2023-07-05 00:29:04.108 [info] > git rev-parse --show-toplevel [35ms]
2023-07-05 00:29:04.108 [info] > git rev-parse --show-toplevel [11ms]
2023-07-05 00:29:04.108 [info] > git rev-parse --show-toplevel [66ms]
2023-07-05 00:29:04.108 [info] > git status -z -uall [266ms]
2023-07-05 00:29:04.108 [info] > git rev-parse --show-toplevel [195ms]
2023-07-05 00:29:04.108 [info] > git rev-parse --show-toplevel [14ms]
2023-07-05 00:29:04.108 [info] > git config --get commit.template [34ms]
2023-07-05 00:29:04.108 [info] > git rev-parse --show-toplevel [236ms]
2023-07-05 00:29:04.108 [info] > git for-each-ref --format=%(refname)%00%(upstream:short)%00%(objectname)%00%(upstream:track)%00%(upstream:remotename)%00%(upstream:remoteref) refs/heads/master refs/remotes/master [20ms]
2023-07-05 00:29:04.108 [info] > git rev-parse --show-toplevel [13ms]
2023-07-05 00:29:04.108 [info] > git rev-parse --show-toplevel [27ms]
2023-07-05 00:29:04.108 [info] > git status -z -uall [280ms]
2023-07-05 00:29:04.161 [info] > git check-ignore -v -z --stdin [54ms]
2023-07-05 00:29:04.294 [info] > git ls-files --stage -- /home/ec2-user/flaskr/models.py [9ms]
2023-07-05 00:29:04.302 [info] > git show --textconv :flaskr/models.py [27ms]
2023-07-05 00:29:04.306 [info] > git cat-file -s 55c43d396ff712f79c87a396b911288c2af5a5d4 [7ms]
2023-07-05 00:29:07.540 [info] > git config --get commit.template [21ms]
2023-07-05 00:29:07.558 [info] > git for-each-ref --format=%(refname)%00%(upstream:short)%00%(objectname)%00%(upstream:track)%00%(upstream:remotename)%00%(upstream:remoteref) refs/heads/master refs/remotes/master [19ms]
2023-07-05 00:29:07.857 [info] > git status -z -uall [264ms]
2023-07-05 00:29:22.493 [info] > git config --get commit.template [13ms]
2023-07-05 00:29:22.498 [info] > git for-each-ref --format=%(refname)%00%(upstream:short)%00%(objectname)%00%(upstream:track)%00%(upstream:remotename)%00%(upstream:remoteref) refs/heads/master refs/remotes/master [6ms]
2023-07-05 00:29:22.648 [info] > git status -z -uall [140ms]
2023-07-05 00:29:27.709 [info] > git config --get commit.template [6ms]
2023-07-05 00:29:27.711 [info] > git for-each-ref --format=%(refname)%00%(upstream:short)%00%(objectname)%00%(upstream:track)%00%(upstream:remotename)%00%(upstream:remoteref) refs/heads/master refs/remotes/master [3ms]
2023-07-05 00:29:27.795 [info] > git status -z -uall [80ms]
2023-07-05 00:29:33.616 [info] > git for-each-ref --format=%(refname)%00%(upstream:short)%00%(objectname)%00%(upstream:track)%00%(upstream:remotename)%00%(upstream:remoteref) refs/heads/master refs/remotes/master [1ms]
2023-07-05 00:29:33.617 [info] > git config --get commit.template [10ms]
2023-07-05 00:29:33.813 [info] > git status -z -uall [187ms]
2023-07-05 00:29:38.881 [info] > git config --get commit.template [12ms]
2023-07-05 00:29:38.887 [info] > git for-each-ref --format=%(refname)%00%(upstream:short)%00%(objectname)%00%(upstream:track)%00%(upstream:remotename)%00%(upstream:remoteref) refs/heads/master refs/remotes/master [7ms]
2023-07-05 00:29:39.023 [info] > git status -z -uall [124ms]
2023-07-05 00:29:44.067 [info] > git config --get commit.template [6ms]
2023-07-05 00:29:44.069 [info] > git for-each-ref --format=%(refname)%00%(upstream:short)%00%(objectname)%00%(upstream:track)%00%(upstream:remotename)%00%(upstream:remoteref) refs/heads/master refs/remotes/master [3ms]
2023-07-05 00:29:44.153 [info] > git status -z -uall [79ms]
2023-07-05 00:29:49.191 [info] > git config --get commit.template [6ms]
2023-07-05 00:29:49.193 [info] > git for-each-ref --format=%(refname)%00%(upstream:short)%00%(objectname)%00%(upstream:track)%00%(upstream:remotename)%00%(upstream:remoteref) refs/heads/master refs/remotes/master [2ms]
2023-07-05 00:29:49.276 [info] > git status -z -uall [79ms]
2023-07-05 00:29:54.350 [info] > git config --get commit.template [31ms]
2023-07-05 00:29:54.377 [info] > git for-each-ref --format=%(refname)%00%(upstream:short)%00%(objectname)%00%(upstream:track)%00%(upstream:remotename)%00%(upstream:remoteref) refs/heads/master refs/remotes/master [28ms]
2023-07-05 00:29:54.565 [info] > git status -z -uall [177ms]
2023-07-05 00:29:59.589 [info] > git config --get commit.template [7ms]
2023-07-05 00:29:59.591 [info] > git for-each-ref --format=%(refname)%00%(upstream:short)%00%(objectname)%00%(upstream:track)%00%(upstream:remotename)%00%(upstream:remoteref) refs/heads/master refs/remotes/master [3ms]
2023-07-05 00:29:59.675 [info] > git status -z -uall [80ms]
2023-07-05 00:30:00.529 [info] > git show --textconv :flaskr/views.py [28ms]
2023-07-05 00:30:00.533 [info] > git ls-files --stage -- /home/ec2-user/flaskr/views.py [19ms]
2023-07-05 00:30:00.556 [info] > git cat-file -s ae6f2cd433522cf724dce5e60f78eb1677c41034 [11ms]
2023-07-05 00:30:04.698 [info] > git config --get commit.template [6ms]
2023-07-05 00:30:04.700 [info] > git for-each-ref --format=%(refname)%00%(upstream:short)%00%(objectname)%00%(upstream:track)%00%(upstream:remotename)%00%(upstream:remoteref) refs/heads/master refs/remotes/master [3ms]
2023-07-05 00:30:04.786 [info] > git status -z -uall [82ms]
2023-07-05 00:30:05.317 [info] > git check-ignore -v -z --stdin [10ms]
2023-07-05 00:30:06.595 [info] > git show --textconv :flaskr/forms.py [18ms]
2023-07-05 00:30:06.607 [info] > git ls-files --stage -- /home/ec2-user/flaskr/forms.py [12ms]
2023-07-05 00:30:06.623 [info] > git cat-file -s 3c843396a08fc83cb808801844511f45be798056 [3ms]
2023-07-05 00:30:07.392 [info] > git check-ignore -v -z --stdin [8ms]
2023-07-05 00:30:08.821 [info] > git show --textconv :flaskr/templates/home.html [14ms]
2023-07-05 00:30:08.827 [info] > git ls-files --stage -- /home/ec2-user/flaskr/templates/home.html [8ms]
2023-07-05 00:30:08.841 [info] > git cat-file -s c26559154f8dc873bdef981975d25c14a9289031 [2ms]
2023-07-05 00:30:09.823 [info] > git config --get commit.template [8ms]
2023-07-05 00:30:09.825 [info] > git for-each-ref --format=%(refname)%00%(upstream:short)%00%(objectname)%00%(upstream:track)%00%(upstream:remotename)%00%(upstream:remoteref) refs/heads/master refs/remotes/master [4ms]
2023-07-05 00:30:09.946 [info] > git status -z -uall [115ms]
2023-07-05 00:30:14.994 [info] > git config --get commit.template [10ms]
2023-07-05 00:30:14.996 [info] > git for-each-ref --format=%(refname)%00%(upstream:short)%00%(objectname)%00%(upstream:track)%00%(upstream:remotename)%00%(upstream:remoteref) refs/heads/master refs/remotes/master [6ms]
2023-07-05 00:30:15.091 [info] > git status -z -uall [90ms]
2023-07-05 00:30:20.127 [info] > git config --get commit.template [6ms]
2023-07-05 00:30:20.129 [info] > git for-each-ref --format=%(refname)%00%(upstream:short)%00%(objectname)%00%(upstream:track)%00%(upstream:remotename)%00%(upstream:remoteref) refs/heads/master refs/remotes/master [2ms]
2023-07-05 00:30:20.212 [info] > git status -z -uall [79ms]
2023-07-05 00:30:25.238 [info] > git config --get commit.template [5ms]
2023-07-05 00:30:25.240 [info] > git for-each-ref --format=%(refname)%00%(upstream:short)%00%(objectname)%00%(upstream:track)%00%(upstream:remotename)%00%(upstream:remoteref) refs/heads/master refs/remotes/master [2ms]
2023-07-05 00:30:25.321 [info] > git status -z -uall [78ms]
2023-07-05 00:30:28.889 [info] > git show --textconv :flaskr/views.py [10ms]
2023-07-05 00:30:28.899 [info] > git ls-files --stage -- /home/ec2-user/flaskr/views.py [11ms]
2023-07-05 00:30:28.906 [info] > git cat-file -s ae6f2cd433522cf724dce5e60f78eb1677c41034 [2ms]
2023-07-05 00:30:30.346 [info] > git config --get commit.template [6ms]
2023-07-05 00:30:30.348 [info] > git for-each-ref --format=%(refname)%00%(upstream:short)%00%(objectname)%00%(upstream:track)%00%(upstream:remotename)%00%(upstream:remoteref) refs/heads/master refs/remotes/master [3ms]
2023-07-05 00:30:30.432 [info] > git status -z -uall [79ms]
2023-07-05 00:30:35.461 [info] > git config --get commit.template [5ms]
2023-07-05 00:30:35.463 [info] > git for-each-ref --format=%(refname)%00%(upstream:short)%00%(objectname)%00%(upstream:track)%00%(upstream:remotename)%00%(upstream:remoteref) refs/heads/master refs/remotes/master [2ms]
2023-07-05 00:30:35.548 [info] > git status -z -uall [81ms]
2023-07-05 00:30:40.573 [info] > git config --get commit.template [7ms]
2023-07-05 00:30:40.575 [info] > git for-each-ref --format=%(refname)%00%(upstream:short)%00%(objectname)%00%(upstream:track)%00%(upstream:remotename)%00%(upstream:remoteref) refs/heads/master refs/remotes/master [3ms]
2023-07-05 00:30:40.663 [info] > git status -z -uall [83ms]
2023-07-05 00:30:45.688 [info] > git config --get commit.template [6ms]
2023-07-05 00:30:45.690 [info] > git for-each-ref --format=%(refname)%00%(upstream:short)%00%(objectname)%00%(upstream:track)%00%(upstream:remotename)%00%(upstream:remoteref) refs/heads/master refs/remotes/master [3ms]
2023-07-05 00:30:45.772 [info] > git status -z -uall [78ms]
2023-07-05 00:30:50.799 [info] > git config --get commit.template [6ms]
2023-07-05 00:30:50.802 [info] > git for-each-ref --format=%(refname)%00%(upstream:short)%00%(objectname)%00%(upstream:track)%00%(upstream:remotename)%00%(upstream:remoteref) refs/heads/master refs/remotes/master [3ms]
2023-07-05 00:30:50.884 [info] > git status -z -uall [78ms]
2023-07-05 00:31:09.554 [info] > git config --get commit.template [43ms]
2023-07-05 00:31:09.558 [info] > git for-each-ref --format=%(refname)%00%(upstream:short)%00%(objectname)%00%(upstream:track)%00%(upstream:remotename)%00%(upstream:remoteref) refs/heads/master refs/remotes/master [38ms]
2023-07-05 00:31:09.869 [info] > git status -z -uall [292ms]
2023-07-05 00:31:14.952 [info] > git config --get commit.template [40ms]
2023-07-05 00:31:14.961 [info] > git for-each-ref --format=%(refname)%00%(upstream:short)%00%(objectname)%00%(upstream:track)%00%(upstream:remotename)%00%(upstream:remoteref) refs/heads/master refs/remotes/master [43ms]
2023-07-05 00:31:15.259 [info] > git status -z -uall [294ms]
2023-07-05 00:31:20.298 [info] > git config --get commit.template [7ms]
2023-07-05 00:31:20.300 [info] > git for-each-ref --format=%(refname)%00%(upstream:short)%00%(objectname)%00%(upstream:track)%00%(upstream:remotename)%00%(upstream:remoteref) refs/heads/master refs/remotes/master [3ms]
2023-07-05 00:31:20.446 [info] > git status -z -uall [142ms]
2023-07-05 00:31:25.473 [info] > git config --get commit.template [7ms]
2023-07-05 00:31:25.475 [info] > git for-each-ref --format=%(refname)%00%(upstream:short)%00%(objectname)%00%(upstream:track)%00%(upstream:remotename)%00%(upstream:remoteref) refs/heads/master refs/remotes/master [2ms]
2023-07-05 00:31:25.560 [info] > git status -z -uall [81ms]
2023-07-05 00:31:32.638 [info] > git config --get commit.template [6ms]
2023-07-05 00:31:32.640 [info] > git for-each-ref --format=%(refname)%00%(upstream:short)%00%(objectname)%00%(upstream:track)%00%(upstream:remotename)%00%(upstream:remoteref) refs/heads/master refs/remotes/master [3ms]
2023-07-05 00:31:32.813 [info] > git status -z -uall [169ms]
2023-07-05 00:31:37.865 [info] > git config --get commit.template [27ms]
2023-07-05 00:31:37.867 [info] > git for-each-ref --format=%(refname)%00%(upstream:short)%00%(objectname)%00%(upstream:track)%00%(upstream:remotename)%00%(upstream:remoteref) refs/heads/master refs/remotes/master [14ms]
2023-07-05 00:31:37.968 [info] > git status -z -uall [96ms]
2023-07-05 00:31:42.997 [info] > git config --get commit.template [9ms]
2023-07-05 00:31:42.999 [info] > git for-each-ref --format=%(refname)%00%(upstream:short)%00%(objectname)%00%(upstream:track)%00%(upstream:remotename)%00%(upstream:remoteref) refs/heads/master refs/remotes/master [3ms]
2023-07-05 00:31:43.089 [info] > git status -z -uall [84ms]
2023-07-05 00:31:48.134 [info] > git config --get commit.template [6ms]
2023-07-05 00:31:48.136 [info] > git for-each-ref --format=%(refname)%00%(upstream:short)%00%(objectname)%00%(upstream:track)%00%(upstream:remotename)%00%(upstream:remoteref) refs/heads/master refs/remotes/master [3ms]
2023-07-05 00:31:48.222 [info] > git status -z -uall [83ms]
2023-07-05 00:32:07.793 [info] > git config --get commit.template [39ms]
2023-07-05 00:32:07.795 [info] > git for-each-ref --format=%(refname)%00%(upstream:short)%00%(objectname)%00%(upstream:track)%00%(upstream:remotename)%00%(upstream:remoteref) refs/heads/master refs/remotes/master [41ms]
2023-07-05 00:32:08.075 [info] > git status -z -uall [275ms]
2023-07-05 00:32:13.119 [info] > git config --get commit.template [7ms]
2023-07-05 00:32:13.122 [info] > git for-each-ref --format=%(refname)%00%(upstream:short)%00%(objectname)%00%(upstream:track)%00%(upstream:remotename)%00%(upstream:remoteref) refs/heads/master refs/remotes/master [6ms]
2023-07-05 00:32:13.309 [info] > git status -z -uall [182ms]
2023-07-05 00:33:21.607 [info] > git config --get commit.template [32ms]
2023-07-05 00:33:21.611 [info] > git for-each-ref --format=%(refname)%00%(upstream:short)%00%(objectname)%00%(upstream:track)%00%(upstream:remotename)%00%(upstream:remoteref) refs/heads/master refs/remotes/master [35ms]
2023-07-05 00:33:21.942 [info] > git status -z -uall [327ms]
2023-07-05 00:33:26.976 [info] > git config --get commit.template [6ms]
2023-07-05 00:33:26.978 [info] > git for-each-ref --format=%(refname)%00%(upstream:short)%00%(objectname)%00%(upstream:track)%00%(upstream:remotename)%00%(upstream:remoteref) refs/heads/master refs/remotes/master [3ms]
2023-07-05 00:33:27.174 [info] > git status -z -uall [192ms]
2023-07-05 00:33:32.205 [info] > git config --get commit.template [7ms]
2023-07-05 00:33:32.207 [info] > git for-each-ref --format=%(refname)%00%(upstream:short)%00%(objectname)%00%(upstream:track)%00%(upstream:remotename)%00%(upstream:remoteref) refs/heads/master refs/remotes/master [3ms]
2023-07-05 00:33:32.293 [info] > git status -z -uall [82ms]
2023-07-05 00:33:37.322 [info] > git config --get commit.template [9ms]
2023-07-05 00:33:37.328 [info] > git for-each-ref --format=%(refname)%00%(upstream:short)%00%(objectname)%00%(upstream:track)%00%(upstream:remotename)%00%(upstream:remoteref) refs/heads/master refs/remotes/master [6ms]
2023-07-05 00:33:37.696 [info] > git status -z -uall [363ms]
2023-07-05 00:33:55.756 [info] > git config --get commit.template [7ms]
2023-07-05 00:33:55.758 [info] > git for-each-ref --format=%(refname)%00%(upstream:short)%00%(objectname)%00%(upstream:track)%00%(upstream:remotename)%00%(upstream:remoteref) refs/heads/master refs/remotes/master [2ms]
2023-07-05 00:33:55.898 [info] > git status -z -uall [135ms]
2023-07-05 00:34:00.950 [info] > git config --get commit.template [10ms]
2023-07-05 00:34:00.952 [info] > git for-each-ref --format=%(refname)%00%(upstream:short)%00%(objectname)%00%(upstream:track)%00%(upstream:remotename)%00%(upstream:remoteref) refs/heads/master refs/remotes/master [7ms]
2023-07-05 00:34:01.176 [info] > git status -z -uall [218ms]
2023-07-05 00:34:06.203 [info] > git config --get commit.template [8ms]
2023-07-05 00:34:06.205 [info] > git for-each-ref --format=%(refname)%00%(upstream:short)%00%(objectname)%00%(upstream:track)%00%(upstream:remotename)%00%(upstream:remoteref) refs/heads/master refs/remotes/master [5ms]
2023-07-05 00:34:06.295 [info] > git status -z -uall [86ms]
2023-07-05 00:34:11.340 [info] > git config --get commit.template [20ms]
2023-07-05 00:34:11.345 [info] > git for-each-ref --format=%(refname)%00%(upstream:short)%00%(objectname)%00%(upstream:track)%00%(upstream:remotename)%00%(upstream:remoteref) refs/heads/master refs/remotes/master [19ms]
2023-07-05 00:34:11.657 [info] > git status -z -uall [307ms]
2023-07-05 00:34:16.683 [info] > git config --get commit.template [8ms]
2023-07-05 00:34:16.685 [info] > git for-each-ref --format=%(refname)%00%(upstream:short)%00%(objectname)%00%(upstream:track)%00%(upstream:remotename)%00%(upstream:remoteref) refs/heads/master refs/remotes/master [5ms]
2023-07-05 00:34:16.811 [info] > git status -z -uall [123ms]
2023-07-05 00:34:21.836 [info] > git config --get commit.template [6ms]
2023-07-05 00:34:21.838 [info] > git for-each-ref --format=%(refname)%00%(upstream:short)%00%(objectname)%00%(upstream:track)%00%(upstream:remotename)%00%(upstream:remoteref) refs/heads/master refs/remotes/master [3ms]
2023-07-05 00:34:21.925 [info] > git status -z -uall [83ms]
2023-07-05 00:34:26.951 [info] > git config --get commit.template [6ms]
2023-07-05 00:34:26.953 [info] > git for-each-ref --format=%(refname)%00%(upstream:short)%00%(objectname)%00%(upstream:track)%00%(upstream:remotename)%00%(upstream:remoteref) refs/heads/master refs/remotes/master [2ms]
2023-07-05 00:34:27.035 [info] > git status -z -uall [78ms]
2023-07-05 00:34:32.059 [info] > git config --get commit.template [6ms]
2023-07-05 00:34:32.061 [info] > git for-each-ref --format=%(refname)%00%(upstream:short)%00%(objectname)%00%(upstream:track)%00%(upstream:remotename)%00%(upstream:remoteref) refs/heads/master refs/remotes/master [3ms]
2023-07-05 00:34:32.149 [info] > git status -z -uall [82ms]
2023-07-05 00:34:37.228 [info] > git config --get commit.template [50ms]
2023-07-05 00:34:37.235 [info] > git for-each-ref --format=%(refname)%00%(upstream:short)%00%(objectname)%00%(upstream:track)%00%(upstream:remotename)%00%(upstream:remoteref) refs/heads/master refs/remotes/master [33ms]
2023-07-05 00:34:37.480 [info] > git status -z -uall [240ms]
2023-07-05 00:34:42.533 [info] > git config --get commit.template [7ms]
2023-07-05 00:34:42.535 [info] > git for-each-ref --format=%(refname)%00%(upstream:short)%00%(objectname)%00%(upstream:track)%00%(upstream:remotename)%00%(upstream:remoteref) refs/heads/master refs/remotes/master [4ms]
2023-07-05 00:34:42.744 [info] > git status -z -uall [205ms]
2023-07-05 00:34:47.779 [info] > git config --get commit.template [8ms]
2023-07-05 00:34:47.780 [info] > git for-each-ref --format=%(refname)%00%(upstream:short)%00%(objectname)%00%(upstream:track)%00%(upstream:remotename)%00%(upstream:remoteref) refs/heads/master refs/remotes/master [4ms]
2023-07-05 00:34:47.870 [info] > git status -z -uall [84ms]
2023-07-05 00:34:52.896 [info] > git config --get commit.template [7ms]
2023-07-05 00:34:52.898 [info] > git for-each-ref --format=%(refname)%00%(upstream:short)%00%(objectname)%00%(upstream:track)%00%(upstream:remotename)%00%(upstream:remoteref) refs/heads/master refs/remotes/master [4ms]
2023-07-05 00:34:52.979 [info] > git status -z -uall [78ms]
2023-07-05 00:34:58.009 [info] > git config --get commit.template [7ms]
2023-07-05 00:34:58.011 [info] > git for-each-ref --format=%(refname)%00%(upstream:short)%00%(objectname)%00%(upstream:track)%00%(upstream:remotename)%00%(upstream:remoteref) refs/heads/master refs/remotes/master [2ms]
2023-07-05 00:34:58.093 [info] > git status -z -uall [78ms]
2023-07-05 00:35:03.121 [info] > git config --get commit.template [7ms]
2023-07-05 00:35:03.123 [info] > git for-each-ref --format=%(refname)%00%(upstream:short)%00%(objectname)%00%(upstream:track)%00%(upstream:remotename)%00%(upstream:remoteref) refs/heads/master refs/remotes/master [3ms]
2023-07-05 00:35:03.268 [info] > git status -z -uall [140ms]
2023-07-05 00:35:08.323 [info] > git config --get commit.template [33ms]
2023-07-05 00:35:08.327 [info] > git for-each-ref --format=%(refname)%00%(upstream:short)%00%(objectname)%00%(upstream:track)%00%(upstream:remotename)%00%(upstream:remoteref) refs/heads/master refs/remotes/master [31ms]
2023-07-05 00:35:08.435 [info] > git status -z -uall [103ms]
2023-07-05 00:35:13.462 [info] > git config --get commit.template [6ms]
2023-07-05 00:35:13.464 [info] > git for-each-ref --format=%(refname)%00%(upstream:short)%00%(objectname)%00%(upstream:track)%00%(upstream:remotename)%00%(upstream:remoteref) refs/heads/master refs/remotes/master [3ms]
2023-07-05 00:35:13.550 [info] > git status -z -uall [82ms]
2023-07-05 00:35:18.575 [info] > git config --get commit.template [7ms]
2023-07-05 00:35:18.577 [info] > git for-each-ref --format=%(refname)%00%(upstream:short)%00%(objectname)%00%(upstream:track)%00%(upstream:remotename)%00%(upstream:remoteref) refs/heads/master refs/remotes/master [3ms]
2023-07-05 00:35:18.663 [info] > git status -z -uall [81ms]
2023-07-05 00:35:23.686 [info] > git config --get commit.template [6ms]
2023-07-05 00:35:23.688 [info] > git for-each-ref --format=%(refname)%00%(upstream:short)%00%(objectname)%00%(upstream:track)%00%(upstream:remotename)%00%(upstream:remoteref) refs/heads/master refs/remotes/master [3ms]
2023-07-05 00:35:23.925 [info] > git status -z -uall [233ms]
2023-07-05 00:35:28.955 [info] > git config --get commit.template [7ms]
2023-07-05 00:35:28.958 [info] > git for-each-ref --format=%(refname)%00%(upstream:short)%00%(objectname)%00%(upstream:track)%00%(upstream:remotename)%00%(upstream:remoteref) refs/heads/master refs/remotes/master [4ms]
2023-07-05 00:35:29.087 [info] > git status -z -uall [125ms]
2023-07-05 00:35:34.120 [info] > git config --get commit.template [5ms]
2023-07-05 00:35:34.122 [info] > git for-each-ref --format=%(refname)%00%(upstream:short)%00%(objectname)%00%(upstream:track)%00%(upstream:remotename)%00%(upstream:remoteref) refs/heads/master refs/remotes/master [2ms]
2023-07-05 00:35:34.206 [info] > git status -z -uall [81ms]
2023-07-05 00:35:39.234 [info] > git config --get commit.template [8ms]
2023-07-05 00:35:39.236 [info] > git for-each-ref --format=%(refname)%00%(upstream:short)%00%(objectname)%00%(upstream:track)%00%(upstream:remotename)%00%(upstream:remoteref) refs/heads/master refs/remotes/master [3ms]
2023-07-05 00:35:39.319 [info] > git status -z -uall [79ms]
2023-07-05 00:35:44.340 [info] > git config --get commit.template [6ms]
2023-07-05 00:35:44.342 [info] > git for-each-ref --format=%(refname)%00%(upstream:short)%00%(objectname)%00%(upstream:track)%00%(upstream:remotename)%00%(upstream:remoteref) refs/heads/master refs/remotes/master [2ms]
2023-07-05 00:35:44.433 [info] > git status -z -uall [87ms]
2023-07-05 00:35:49.463 [info] > git config --get commit.template [8ms]
2023-07-05 00:35:49.464 [info] > git for-each-ref --format=%(refname)%00%(upstream:short)%00%(objectname)%00%(upstream:track)%00%(upstream:remotename)%00%(upstream:remoteref) refs/heads/master refs/remotes/master [5ms]
2023-07-05 00:35:49.550 [info] > git status -z -uall [81ms]
2023-07-05 00:35:54.572 [info] > git config --get commit.template [6ms]
2023-07-05 00:35:54.574 [info] > git for-each-ref --format=%(refname)%00%(upstream:short)%00%(objectname)%00%(upstream:track)%00%(upstream:remotename)%00%(upstream:remoteref) refs/heads/master refs/remotes/master [3ms]
2023-07-05 00:35:54.659 [info] > git status -z -uall [81ms]
2023-07-05 00:35:59.683 [info] > git config --get commit.template [6ms]
2023-07-05 00:35:59.685 [info] > git for-each-ref --format=%(refname)%00%(upstream:short)%00%(objectname)%00%(upstream:track)%00%(upstream:remotename)%00%(upstream:remoteref) refs/heads/master refs/remotes/master [3ms]
2023-07-05 00:35:59.770 [info] > git status -z -uall [82ms]
2023-07-05 00:36:04.796 [info] > git config --get commit.template [6ms]
2023-07-05 00:36:04.798 [info] > git for-each-ref --format=%(refname)%00%(upstream:short)%00%(objectname)%00%(upstream:track)%00%(upstream:remotename)%00%(upstream:remoteref) refs/heads/master refs/remotes/master [3ms]
2023-07-05 00:36:04.881 [info] > git status -z -uall [79ms]
2023-07-05 00:36:09.905 [info] > git config --get commit.template [6ms]
2023-07-05 00:36:09.907 [info] > git for-each-ref --format=%(refname)%00%(upstream:short)%00%(objectname)%00%(upstream:track)%00%(upstream:remotename)%00%(upstream:remoteref) refs/heads/master refs/remotes/master [3ms]
2023-07-05 00:36:09.989 [info] > git status -z -uall [78ms]
2023-07-05 00:36:15.017 [info] > git config --get commit.template [9ms]
2023-07-05 00:36:15.019 [info] > git for-each-ref --format=%(refname)%00%(upstream:short)%00%(objectname)%00%(upstream:track)%00%(upstream:remotename)%00%(upstream:remoteref) refs/heads/master refs/remotes/master [3ms]
2023-07-05 00:36:15.102 [info] > git status -z -uall [79ms]
2023-07-05 00:36:20.126 [info] > git config --get commit.template [6ms]
2023-07-05 00:36:20.128 [info] > git for-each-ref --format=%(refname)%00%(upstream:short)%00%(objectname)%00%(upstream:track)%00%(upstream:remotename)%00%(upstream:remoteref) refs/heads/master refs/remotes/master [3ms]
2023-07-05 00:36:20.215 [info] > git status -z -uall [84ms]
2023-07-05 00:36:25.263 [info] > git config --get commit.template [21ms]
2023-07-05 00:36:25.264 [info] > git for-each-ref --format=%(refname)%00%(upstream:short)%00%(objectname)%00%(upstream:track)%00%(upstream:remotename)%00%(upstream:remoteref) refs/heads/master refs/remotes/master [8ms]
2023-07-05 00:36:25.494 [info] > git status -z -uall [223ms]
2023-07-05 00:36:30.520 [info] > git config --get commit.template [6ms]
2023-07-05 00:36:30.522 [info] > git for-each-ref --format=%(refname)%00%(upstream:short)%00%(objectname)%00%(upstream:track)%00%(upstream:remotename)%00%(upstream:remoteref) refs/heads/master refs/remotes/master [3ms]
2023-07-05 00:36:30.605 [info] > git status -z -uall [79ms]
2023-07-05 00:36:35.631 [info] > git config --get commit.template [7ms]
2023-07-05 00:36:35.633 [info] > git for-each-ref --format=%(refname)%00%(upstream:short)%00%(objectname)%00%(upstream:track)%00%(upstream:remotename)%00%(upstream:remoteref) refs/heads/master refs/remotes/master [3ms]
2023-07-05 00:36:35.717 [info] > git status -z -uall [80ms]
2023-07-05 00:36:40.778 [info] > git config --get commit.template [28ms]
2023-07-05 00:36:40.781 [info] > git for-each-ref --format=%(refname)%00%(upstream:short)%00%(objectname)%00%(upstream:track)%00%(upstream:remotename)%00%(upstream:remoteref) refs/heads/master refs/remotes/master [26ms]
2023-07-05 00:36:41.133 [info] > git status -z -uall [347ms]
2023-07-05 00:36:46.208 [info] > git config --get commit.template [26ms]
2023-07-05 00:36:46.212 [info] > git for-each-ref --format=%(refname)%00%(upstream:short)%00%(objectname)%00%(upstream:track)%00%(upstream:remotename)%00%(upstream:remoteref) refs/heads/master refs/remotes/master [24ms]
2023-07-05 00:36:46.368 [info] > git status -z -uall [152ms]
2023-07-05 00:36:51.394 [info] > git config --get commit.template [6ms]
2023-07-05 00:36:51.396 [info] > git for-each-ref --format=%(refname)%00%(upstream:short)%00%(objectname)%00%(upstream:track)%00%(upstream:remotename)%00%(upstream:remoteref) refs/heads/master refs/remotes/master [3ms]
2023-07-05 00:36:51.493 [info] > git status -z -uall [94ms]
2023-07-05 00:36:56.526 [info] > git config --get commit.template [7ms]
2023-07-05 00:36:56.528 [info] > git for-each-ref --format=%(refname)%00%(upstream:short)%00%(objectname)%00%(upstream:track)%00%(upstream:remotename)%00%(upstream:remoteref) refs/heads/master refs/remotes/master [3ms]
2023-07-05 00:36:56.621 [info] > git status -z -uall [90ms]
2023-07-05 00:37:01.645 [info] > git config --get commit.template [6ms]
2023-07-05 00:37:01.649 [info] > git for-each-ref --format=%(refname)%00%(upstream:short)%00%(objectname)%00%(upstream:track)%00%(upstream:remotename)%00%(upstream:remoteref) refs/heads/master refs/remotes/master [3ms]
2023-07-05 00:37:01.732 [info] > git status -z -uall [79ms]
2023-07-05 00:37:06.756 [info] > git config --get commit.template [6ms]
2023-07-05 00:37:06.758 [info] > git for-each-ref --format=%(refname)%00%(upstream:short)%00%(objectname)%00%(upstream:track)%00%(upstream:remotename)%00%(upstream:remoteref) refs/heads/master refs/remotes/master [2ms]
2023-07-05 00:37:06.842 [info] > git status -z -uall [80ms]
2023-07-05 00:37:11.867 [info] > git config --get commit.template [6ms]
2023-07-05 00:37:11.869 [info] > git for-each-ref --format=%(refname)%00%(upstream:short)%00%(objectname)%00%(upstream:track)%00%(upstream:remotename)%00%(upstream:remoteref) refs/heads/master refs/remotes/master [3ms]
2023-07-05 00:37:11.960 [info] > git status -z -uall [87ms]
2023-07-05 00:37:16.985 [info] > git config --get commit.template [6ms]
2023-07-05 00:37:16.986 [info] > git for-each-ref --format=%(refname)%00%(upstream:short)%00%(objectname)%00%(upstream:track)%00%(upstream:remotename)%00%(upstream:remoteref) refs/heads/master refs/remotes/master [2ms]
2023-07-05 00:37:17.165 [info] > git status -z -uall [175ms]
2023-07-05 00:37:22.225 [info] > git config --get commit.template [31ms]
2023-07-05 00:37:22.226 [info] > git for-each-ref --format=%(refname)%00%(upstream:short)%00%(objectname)%00%(upstream:track)%00%(upstream:remotename)%00%(upstream:remoteref) refs/heads/master refs/remotes/master [27ms]
2023-07-05 00:37:22.311 [info] > git status -z -uall [80ms]
2023-07-05 00:37:27.338 [info] > git config --get commit.template [5ms]
2023-07-05 00:37:27.339 [info] > git for-each-ref --format=%(refname)%00%(upstream:short)%00%(objectname)%00%(upstream:track)%00%(upstream:remotename)%00%(upstream:remoteref) refs/heads/master refs/remotes/master [2ms]
2023-07-05 00:37:27.423 [info] > git status -z -uall [80ms]
2023-07-05 00:37:32.450 [info] > git config --get commit.template [6ms]
2023-07-05 00:37:32.452 [info] > git for-each-ref --format=%(refname)%00%(upstream:short)%00%(objectname)%00%(upstream:track)%00%(upstream:remotename)%00%(upstream:remoteref) refs/heads/master refs/remotes/master [2ms]
2023-07-05 00:37:32.536 [info] > git status -z -uall [81ms]
2023-07-05 00:37:37.566 [info] > git config --get commit.template [7ms]
2023-07-05 00:37:37.568 [info] > git for-each-ref --format=%(refname)%00%(upstream:short)%00%(objectname)%00%(upstream:track)%00%(upstream:remotename)%00%(upstream:remoteref) refs/heads/master refs/remotes/master [3ms]
2023-07-05 00:37:37.655 [info] > git status -z -uall [82ms]
2023-07-05 00:37:42.680 [info] > git config --get commit.template [6ms]
2023-07-05 00:37:42.682 [info] > git for-each-ref --format=%(refname)%00%(upstream:short)%00%(objectname)%00%(upstream:track)%00%(upstream:remotename)%00%(upstream:remoteref) refs/heads/master refs/remotes/master [3ms]
2023-07-05 00:37:42.765 [info] > git status -z -uall [78ms]
2023-07-05 00:37:47.789 [info] > git config --get commit.template [6ms]
2023-07-05 00:37:47.791 [info] > git for-each-ref --format=%(refname)%00%(upstream:short)%00%(objectname)%00%(upstream:track)%00%(upstream:remotename)%00%(upstream:remoteref) refs/heads/master refs/remotes/master [3ms]
2023-07-05 00:37:47.874 [info] > git status -z -uall [79ms]
2023-07-05 00:37:52.905 [info] > git config --get commit.template [6ms]
2023-07-05 00:37:52.907 [info] > git for-each-ref --format=%(refname)%00%(upstream:short)%00%(objectname)%00%(upstream:track)%00%(upstream:remotename)%00%(upstream:remoteref) refs/heads/master refs/remotes/master [3ms]
2023-07-05 00:37:52.989 [info] > git status -z -uall [78ms]
2023-07-05 00:37:58.012 [info] > git config --get commit.template [6ms]
2023-07-05 00:37:58.014 [info] > git for-each-ref --format=%(refname)%00%(upstream:short)%00%(objectname)%00%(upstream:track)%00%(upstream:remotename)%00%(upstream:remoteref) refs/heads/master refs/remotes/master [2ms]
2023-07-05 00:37:58.095 [info] > git status -z -uall [78ms]
2023-07-05 00:38:03.118 [info] > git config --get commit.template [6ms]
2023-07-05 00:38:03.120 [info] > git for-each-ref --format=%(refname)%00%(upstream:short)%00%(objectname)%00%(upstream:track)%00%(upstream:remotename)%00%(upstream:remoteref) refs/heads/master refs/remotes/master [2ms]
2023-07-05 00:38:03.202 [info] > git status -z -uall [78ms]
2023-07-05 00:38:08.226 [info] > git config --get commit.template [6ms]
2023-07-05 00:38:08.228 [info] > git for-each-ref --format=%(refname)%00%(upstream:short)%00%(objectname)%00%(upstream:track)%00%(upstream:remotename)%00%(upstream:remoteref) refs/heads/master refs/remotes/master [2ms]
2023-07-05 00:38:08.314 [info] > git status -z -uall [82ms]
2023-07-05 00:38:13.366 [info] > git for-each-ref --format=%(refname)%00%(upstream:short)%00%(objectname)%00%(upstream:track)%00%(upstream:remotename)%00%(upstream:remoteref) refs/heads/master refs/remotes/master [28ms]
2023-07-05 00:38:13.367 [info] > git config --get commit.template [34ms]
2023-07-05 00:38:13.504 [info] > git status -z -uall [132ms]
2023-07-05 00:38:18.530 [info] > git config --get commit.template [6ms]
2023-07-05 00:38:18.532 [info] > git for-each-ref --format=%(refname)%00%(upstream:short)%00%(objectname)%00%(upstream:track)%00%(upstream:remotename)%00%(upstream:remoteref) refs/heads/master refs/remotes/master [2ms]
2023-07-05 00:38:18.617 [info] > git status -z -uall [81ms]
2023-07-05 00:38:23.642 [info] > git config --get commit.template [6ms]
2023-07-05 00:38:23.644 [info] > git for-each-ref --format=%(refname)%00%(upstream:short)%00%(objectname)%00%(upstream:track)%00%(upstream:remotename)%00%(upstream:remoteref) refs/heads/master refs/remotes/master [3ms]
2023-07-05 00:38:23.728 [info] > git status -z -uall [80ms]
2023-07-05 00:38:28.751 [info] > git config --get commit.template [6ms]
2023-07-05 00:38:28.753 [info] > git for-each-ref --format=%(refname)%00%(upstream:short)%00%(objectname)%00%(upstream:track)%00%(upstream:remotename)%00%(upstream:remoteref) refs/heads/master refs/remotes/master [3ms]
2023-07-05 00:38:28.843 [info] > git status -z -uall [87ms]
2023-07-05 00:38:33.870 [info] > git config --get commit.template [7ms]
2023-07-05 00:38:33.872 [info] > git for-each-ref --format=%(refname)%00%(upstream:short)%00%(objectname)%00%(upstream:track)%00%(upstream:remotename)%00%(upstream:remoteref) refs/heads/master refs/remotes/master [3ms]
2023-07-05 00:38:33.958 [info] > git status -z -uall [82ms]
2023-07-05 00:38:39.013 [info] > git config --get commit.template [34ms]
2023-07-05 00:38:39.021 [info] > git for-each-ref --format=%(refname)%00%(upstream:short)%00%(objectname)%00%(upstream:track)%00%(upstream:remotename)%00%(upstream:remoteref) refs/heads/master refs/remotes/master [37ms]
2023-07-05 00:38:39.264 [info] > git status -z -uall [238ms]
2023-07-05 00:38:44.333 [info] > git config --get commit.template [16ms]
2023-07-05 00:38:44.338 [info] > git for-each-ref --format=%(refname)%00%(upstream:short)%00%(objectname)%00%(upstream:track)%00%(upstream:remotename)%00%(upstream:remoteref) refs/heads/master refs/remotes/master [12ms]
2023-07-05 00:38:44.539 [info] > git status -z -uall [196ms]
2023-07-05 00:38:49.577 [info] > git config --get commit.template [12ms]
2023-07-05 00:38:49.578 [info] > git for-each-ref --format=%(refname)%00%(upstream:short)%00%(objectname)%00%(upstream:track)%00%(upstream:remotename)%00%(upstream:remoteref) refs/heads/master refs/remotes/master [8ms]
2023-07-05 00:38:49.686 [info] > git status -z -uall [103ms]
2023-07-05 00:38:54.711 [info] > git config --get commit.template [6ms]
2023-07-05 00:38:54.713 [info] > git for-each-ref --format=%(refname)%00%(upstream:short)%00%(objectname)%00%(upstream:track)%00%(upstream:remotename)%00%(upstream:remoteref) refs/heads/master refs/remotes/master [2ms]
2023-07-05 00:38:54.825 [info] > git status -z -uall [106ms]
2023-07-05 00:38:59.866 [info] > git config --get commit.template [8ms]
2023-07-05 00:38:59.869 [info] > git for-each-ref --format=%(refname)%00%(upstream:short)%00%(objectname)%00%(upstream:track)%00%(upstream:remotename)%00%(upstream:remoteref) refs/heads/master refs/remotes/master [3ms]
2023-07-05 00:38:59.968 [info] > git status -z -uall [95ms]
2023-07-05 00:39:04.993 [info] > git config --get commit.template [6ms]
2023-07-05 00:39:04.995 [info] > git for-each-ref --format=%(refname)%00%(upstream:short)%00%(objectname)%00%(upstream:track)%00%(upstream:remotename)%00%(upstream:remoteref) refs/heads/master refs/remotes/master [2ms]
2023-07-05 00:39:05.085 [info] > git status -z -uall [86ms]
2023-07-05 00:39:10.111 [info] > git config --get commit.template [8ms]
2023-07-05 00:39:10.113 [info] > git for-each-ref --format=%(refname)%00%(upstream:short)%00%(objectname)%00%(upstream:track)%00%(upstream:remotename)%00%(upstream:remoteref) refs/heads/master refs/remotes/master [4ms]
2023-07-05 00:39:10.198 [info] > git status -z -uall [81ms]
2023-07-05 00:39:15.224 [info] > git config --get commit.template [7ms]
2023-07-05 00:39:15.229 [info] > git for-each-ref --format=%(refname)%00%(upstream:short)%00%(objectname)%00%(upstream:track)%00%(upstream:remotename)%00%(upstream:remoteref) refs/heads/master refs/remotes/master [8ms]
2023-07-05 00:39:15.502 [info] > git status -z -uall [268ms]
2023-07-05 00:39:20.536 [info] > git config --get commit.template [10ms]
2023-07-05 00:39:20.537 [info] > git for-each-ref --format=%(refname)%00%(upstream:short)%00%(objectname)%00%(upstream:track)%00%(upstream:remotename)%00%(upstream:remoteref) refs/heads/master refs/remotes/master [6ms]
2023-07-05 00:39:20.630 [info] > git status -z -uall [89ms]
2023-07-05 00:39:25.653 [info] > git config --get commit.template [6ms]
2023-07-05 00:39:25.656 [info] > git for-each-ref --format=%(refname)%00%(upstream:short)%00%(objectname)%00%(upstream:track)%00%(upstream:remotename)%00%(upstream:remoteref) refs/heads/master refs/remotes/master [2ms]
2023-07-05 00:39:25.801 [info] > git status -z -uall [141ms]
2023-07-05 00:39:30.829 [info] > git config --get commit.template [6ms]
2023-07-05 00:39:30.831 [info] > git for-each-ref --format=%(refname)%00%(upstream:short)%00%(objectname)%00%(upstream:track)%00%(upstream:remotename)%00%(upstream:remoteref) refs/heads/master refs/remotes/master [4ms]
2023-07-05 00:39:30.915 [info] > git status -z -uall [80ms]
2023-07-05 00:39:35.939 [info] > git config --get commit.template [6ms]
2023-07-05 00:39:35.941 [info] > git for-each-ref --format=%(refname)%00%(upstream:short)%00%(objectname)%00%(upstream:track)%00%(upstream:remotename)%00%(upstream:remoteref) refs/heads/master refs/remotes/master [3ms]
2023-07-05 00:39:36.024 [info] > git status -z -uall [79ms]
2023-07-05 00:39:41.050 [info] > git config --get commit.template [6ms]
2023-07-05 00:39:41.053 [info] > git for-each-ref --format=%(refname)%00%(upstream:short)%00%(objectname)%00%(upstream:track)%00%(upstream:remotename)%00%(upstream:remoteref) refs/heads/master refs/remotes/master [3ms]
2023-07-05 00:39:41.135 [info] > git status -z -uall [78ms]
2023-07-05 00:39:46.160 [info] > git config --get commit.template [6ms]
2023-07-05 00:39:46.162 [info] > git for-each-ref --format=%(refname)%00%(upstream:short)%00%(objectname)%00%(upstream:track)%00%(upstream:remotename)%00%(upstream:remoteref) refs/heads/master refs/remotes/master [3ms]
2023-07-05 00:39:46.242 [info] > git status -z -uall [77ms]
2023-07-05 00:39:51.265 [info] > git config --get commit.template [6ms]
2023-07-05 00:39:51.267 [info] > git for-each-ref --format=%(refname)%00%(upstream:short)%00%(objectname)%00%(upstream:track)%00%(upstream:remotename)%00%(upstream:remoteref) refs/heads/master refs/remotes/master [3ms]
2023-07-05 00:39:51.352 [info] > git status -z -uall [81ms]
2023-07-05 00:39:56.374 [info] > git config --get commit.template [6ms]
2023-07-05 00:39:56.376 [info] > git for-each-ref --format=%(refname)%00%(upstream:short)%00%(objectname)%00%(upstream:track)%00%(upstream:remotename)%00%(upstream:remoteref) refs/heads/master refs/remotes/master [3ms]
2023-07-05 00:39:56.459 [info] > git status -z -uall [78ms]
2023-07-05 00:40:01.484 [info] > git config --get commit.template [6ms]
2023-07-05 00:40:01.487 [info] > git for-each-ref --format=%(refname)%00%(upstream:short)%00%(objectname)%00%(upstream:track)%00%(upstream:remotename)%00%(upstream:remoteref) refs/heads/master refs/remotes/master [4ms]
2023-07-05 00:40:01.572 [info] > git status -z -uall [81ms]
2023-07-05 00:40:06.601 [info] > git config --get commit.template [7ms]
2023-07-05 00:40:06.603 [info] > git for-each-ref --format=%(refname)%00%(upstream:short)%00%(objectname)%00%(upstream:track)%00%(upstream:remotename)%00%(upstream:remoteref) refs/heads/master refs/remotes/master [4ms]
2023-07-05 00:40:06.856 [info] > git status -z -uall [249ms]
2023-07-05 00:40:11.920 [info] > git config --get commit.template [14ms]
2023-07-05 00:40:11.926 [info] > git for-each-ref --format=%(refname)%00%(upstream:short)%00%(objectname)%00%(upstream:track)%00%(upstream:remotename)%00%(upstream:remoteref) refs/heads/master refs/remotes/master [15ms]
2023-07-05 00:40:12.137 [info] > git status -z -uall [207ms]
2023-07-05 00:40:17.327 [info] > git config --get commit.template [67ms]
2023-07-05 00:40:17.330 [info] > git for-each-ref --format=%(refname)%00%(upstream:short)%00%(objectname)%00%(upstream:track)%00%(upstream:remotename)%00%(upstream:remoteref) refs/heads/master refs/remotes/master [64ms]
2023-07-05 00:40:17.725 [info] > git status -z -uall [388ms]
2023-07-05 00:40:22.782 [info] > git config --get commit.template [21ms]
2023-07-05 00:40:22.785 [info] > git for-each-ref --format=%(refname)%00%(upstream:short)%00%(objectname)%00%(upstream:track)%00%(upstream:remotename)%00%(upstream:remoteref) refs/heads/master refs/remotes/master [19ms]
2023-07-05 00:40:22.922 [info] > git status -z -uall [133ms]
2023-07-05 00:40:27.949 [info] > git config --get commit.template [5ms]
2023-07-05 00:40:27.950 [info] > git for-each-ref --format=%(refname)%00%(upstream:short)%00%(objectname)%00%(upstream:track)%00%(upstream:remotename)%00%(upstream:remoteref) refs/heads/master refs/remotes/master [2ms]
2023-07-05 00:40:28.100 [info] > git status -z -uall [145ms]
2023-07-05 00:40:33.126 [info] > git config --get commit.template [6ms]
2023-07-05 00:40:33.129 [info] > git for-each-ref --format=%(refname)%00%(upstream:short)%00%(objectname)%00%(upstream:track)%00%(upstream:remotename)%00%(upstream:remoteref) refs/heads/master refs/remotes/master [3ms]
2023-07-05 00:40:33.211 [info] > git status -z -uall [78ms]
2023-07-05 00:40:38.236 [info] > git config --get commit.template [5ms]
2023-07-05 00:40:38.237 [info] > git for-each-ref --format=%(refname)%00%(upstream:short)%00%(objectname)%00%(upstream:track)%00%(upstream:remotename)%00%(upstream:remoteref) refs/heads/master refs/remotes/master [2ms]
2023-07-05 00:40:38.320 [info] > git status -z -uall [79ms]
2023-07-05 00:40:43.348 [info] > git config --get commit.template [8ms]
2023-07-05 00:40:43.350 [info] > git for-each-ref --format=%(refname)%00%(upstream:short)%00%(objectname)%00%(upstream:track)%00%(upstream:remotename)%00%(upstream:remoteref) refs/heads/master refs/remotes/master [3ms]
2023-07-05 00:40:43.433 [info] > git status -z -uall [79ms]
2023-07-05 00:40:48.464 [info] > git config --get commit.template [9ms]
2023-07-05 00:40:48.465 [info] > git for-each-ref --format=%(refname)%00%(upstream:short)%00%(objectname)%00%(upstream:track)%00%(upstream:remotename)%00%(upstream:remoteref) refs/heads/master refs/remotes/master [6ms]
2023-07-05 00:40:48.610 [info] > git status -z -uall [141ms]
2023-07-05 00:40:53.639 [info] > git config --get commit.template [7ms]
2023-07-05 00:40:53.641 [info] > git for-each-ref --format=%(refname)%00%(upstream:short)%00%(objectname)%00%(upstream:track)%00%(upstream:remotename)%00%(upstream:remoteref) refs/heads/master refs/remotes/master [3ms]
2023-07-05 00:40:53.756 [info] > git status -z -uall [111ms]
2023-07-05 00:40:58.781 [info] > git config --get commit.template [6ms]
2023-07-05 00:40:58.783 [info] > git for-each-ref --format=%(refname)%00%(upstream:short)%00%(objectname)%00%(upstream:track)%00%(upstream:remotename)%00%(upstream:remoteref) refs/heads/master refs/remotes/master [3ms]
2023-07-05 00:40:58.866 [info] > git status -z -uall [78ms]
2023-07-05 00:41:03.891 [info] > git config --get commit.template [6ms]
2023-07-05 00:41:03.892 [info] > git for-each-ref --format=%(refname)%00%(upstream:short)%00%(objectname)%00%(upstream:track)%00%(upstream:remotename)%00%(upstream:remoteref) refs/heads/master refs/remotes/master [2ms]
2023-07-05 00:41:03.975 [info] > git status -z -uall [79ms]
2023-07-05 00:41:09.001 [info] > git config --get commit.template [7ms]
2023-07-05 00:41:09.003 [info] > git for-each-ref --format=%(refname)%00%(upstream:short)%00%(objectname)%00%(upstream:track)%00%(upstream:remotename)%00%(upstream:remoteref) refs/heads/master refs/remotes/master [3ms]
2023-07-05 00:41:09.085 [info] > git status -z -uall [77ms]
2023-07-05 00:41:14.112 [info] > git config --get commit.template [6ms]
2023-07-05 00:41:14.115 [info] > git for-each-ref --format=%(refname)%00%(upstream:short)%00%(objectname)%00%(upstream:track)%00%(upstream:remotename)%00%(upstream:remoteref) refs/heads/master refs/remotes/master [4ms]
2023-07-05 00:41:14.197 [info] > git status -z -uall [78ms]
2023-07-05 00:41:19.226 [info] > git config --get commit.template [11ms]
2023-07-05 00:41:19.230 [info] > git for-each-ref --format=%(refname)%00%(upstream:short)%00%(objectname)%00%(upstream:track)%00%(upstream:remotename)%00%(upstream:remoteref) refs/heads/master refs/remotes/master [10ms]
2023-07-05 00:41:19.465 [info] > git status -z -uall [229ms]
2023-07-05 00:41:24.494 [info] > git config --get commit.template [6ms]
2023-07-05 00:41:24.496 [info] > git for-each-ref --format=%(refname)%00%(upstream:short)%00%(objectname)%00%(upstream:track)%00%(upstream:remotename)%00%(upstream:remoteref) refs/heads/master refs/remotes/master [3ms]
2023-07-05 00:41:24.589 [info] > git status -z -uall [88ms]
2023-07-05 00:41:29.615 [info] > git config --get commit.template [7ms]
2023-07-05 00:41:29.616 [info] > git for-each-ref --format=%(refname)%00%(upstream:short)%00%(objectname)%00%(upstream:track)%00%(upstream:remotename)%00%(upstream:remoteref) refs/heads/master refs/remotes/master [2ms]
2023-07-05 00:41:29.700 [info] > git status -z -uall [80ms]
2023-07-05 00:41:34.749 [info] > git config --get commit.template [6ms]
2023-07-05 00:41:34.750 [info] > git for-each-ref --format=%(refname)%00%(upstream:short)%00%(objectname)%00%(upstream:track)%00%(upstream:remotename)%00%(upstream:remoteref) refs/heads/master refs/remotes/master [28ms]
2023-07-05 00:41:34.836 [info] > git status -z -uall [80ms]
2023-07-05 00:41:39.902 [info] > git config --get commit.template [35ms]
2023-07-05 00:41:39.908 [info] > git for-each-ref --format=%(refname)%00%(upstream:short)%00%(objectname)%00%(upstream:track)%00%(upstream:remotename)%00%(upstream:remoteref) refs/heads/master refs/remotes/master [36ms]
2023-07-05 00:41:40.181 [info] > git status -z -uall [268ms]
2023-07-05 00:41:45.240 [info] > git config --get commit.template [22ms]
2023-07-05 00:41:45.241 [info] > git for-each-ref --format=%(refname)%00%(upstream:short)%00%(objectname)%00%(upstream:track)%00%(upstream:remotename)%00%(upstream:remoteref) refs/heads/master refs/remotes/master [19ms]
2023-07-05 00:41:45.458 [info] > git status -z -uall [212ms]
2023-07-05 00:41:50.501 [info] > git config --get commit.template [17ms]
2023-07-05 00:41:50.504 [info] > git for-each-ref --format=%(refname)%00%(upstream:short)%00%(objectname)%00%(upstream:track)%00%(upstream:remotename)%00%(upstream:remoteref) refs/heads/master refs/remotes/master [14ms]
2023-07-05 00:41:50.719 [info] > git status -z -uall [210ms]
2023-07-05 00:41:55.748 [info] > git config --get commit.template [7ms]
2023-07-05 00:41:55.754 [info] > git for-each-ref --format=%(refname)%00%(upstream:short)%00%(objectname)%00%(upstream:track)%00%(upstream:remotename)%00%(upstream:remoteref) refs/heads/master refs/remotes/master [7ms]
2023-07-05 00:41:55.884 [info] > git status -z -uall [125ms]
2023-07-05 00:42:00.917 [info] > git config --get commit.template [12ms]
2023-07-05 00:42:00.919 [info] > git for-each-ref --format=%(refname)%00%(upstream:short)%00%(objectname)%00%(upstream:track)%00%(upstream:remotename)%00%(upstream:remoteref) refs/heads/master refs/remotes/master [2ms]
2023-07-05 00:42:01.011 [info] > git status -z -uall [81ms]
2023-07-05 00:42:06.035 [info] > git config --get commit.template [6ms]
2023-07-05 00:42:06.037 [info] > git for-each-ref --format=%(refname)%00%(upstream:short)%00%(objectname)%00%(upstream:track)%00%(upstream:remotename)%00%(upstream:remoteref) refs/heads/master refs/remotes/master [3ms]
2023-07-05 00:42:06.122 [info] > git status -z -uall [81ms]
2023-07-05 00:42:11.142 [info] > git config --get commit.template [6ms]
2023-07-05 00:42:11.144 [info] > git for-each-ref --format=%(refname)%00%(upstream:short)%00%(objectname)%00%(upstream:track)%00%(upstream:remotename)%00%(upstream:remoteref) refs/heads/master refs/remotes/master [2ms]
2023-07-05 00:42:11.223 [info] > git status -z -uall [76ms]
2023-07-05 00:42:16.257 [info] > git config --get commit.template [12ms]
2023-07-05 00:42:16.259 [info] > git for-each-ref --format=%(refname)%00%(upstream:short)%00%(objectname)%00%(upstream:track)%00%(upstream:remotename)%00%(upstream:remoteref) refs/heads/master refs/remotes/master [9ms]
2023-07-05 00:42:16.515 [info] > git status -z -uall [252ms]
2023-07-05 00:42:21.541 [info] > git config --get commit.template [6ms]
2023-07-05 00:42:21.543 [info] > git for-each-ref --format=%(refname)%00%(upstream:short)%00%(objectname)%00%(upstream:track)%00%(upstream:remotename)%00%(upstream:remoteref) refs/heads/master refs/remotes/master [3ms]
2023-07-05 00:42:21.679 [info] > git status -z -uall [132ms]
2023-07-05 00:42:26.705 [info] > git config --get commit.template [6ms]
2023-07-05 00:42:26.707 [info] > git for-each-ref --format=%(refname)%00%(upstream:short)%00%(objectname)%00%(upstream:track)%00%(upstream:remotename)%00%(upstream:remoteref) refs/heads/master refs/remotes/master [3ms]
2023-07-05 00:42:26.791 [info] > git status -z -uall [81ms]
2023-07-05 00:42:31.875 [info] > git config --get commit.template [6ms]
2023-07-05 00:42:31.878 [info] > git for-each-ref --format=%(refname)%00%(upstream:short)%00%(objectname)%00%(upstream:track)%00%(upstream:remotename)%00%(upstream:remoteref) refs/heads/master refs/remotes/master [3ms]
2023-07-05 00:42:31.964 [info] > git status -z -uall [82ms]
2023-07-05 00:42:37.022 [info] > git config --get commit.template [35ms]
2023-07-05 00:42:37.023 [info] > git for-each-ref --format=%(refname)%00%(upstream:short)%00%(objectname)%00%(upstream:track)%00%(upstream:remotename)%00%(upstream:remoteref) refs/heads/master refs/remotes/master [31ms]
2023-07-05 00:42:37.150 [info] > git status -z -uall [122ms]
2023-07-05 00:42:42.175 [info] > git config --get commit.template [5ms]
2023-07-05 00:42:42.176 [info] > git for-each-ref --format=%(refname)%00%(upstream:short)%00%(objectname)%00%(upstream:track)%00%(upstream:remotename)%00%(upstream:remoteref) refs/heads/master refs/remotes/master [2ms]
2023-07-05 00:42:42.259 [info] > git status -z -uall [79ms]
2023-07-05 00:42:43.122 [info] > git check-ignore -v -z --stdin [8ms]
2023-07-05 00:42:47.283 [info] > git config --get commit.template [6ms]
2023-07-05 00:42:47.285 [info] > git for-each-ref --format=%(refname)%00%(upstream:short)%00%(objectname)%00%(upstream:track)%00%(upstream:remotename)%00%(upstream:remoteref) refs/heads/master refs/remotes/master [3ms]
2023-07-05 00:42:47.392 [info] > git status -z -uall [103ms]
2023-07-05 00:42:52.460 [info] > git config --get commit.template [43ms]
2023-07-05 00:42:52.471 [info] > git for-each-ref --format=%(refname)%00%(upstream:short)%00%(objectname)%00%(upstream:track)%00%(upstream:remotename)%00%(upstream:remoteref) refs/heads/master refs/remotes/master [40ms]
2023-07-05 00:42:52.836 [info] > git status -z -uall [361ms]
2023-07-05 00:42:57.902 [info] > git config --get commit.template [29ms]
2023-07-05 00:42:57.905 [info] > git for-each-ref --format=%(refname)%00%(upstream:short)%00%(objectname)%00%(upstream:track)%00%(upstream:remotename)%00%(upstream:remoteref) refs/heads/master refs/remotes/master [28ms]
2023-07-05 00:42:58.156 [info] > git status -z -uall [245ms]
2023-07-05 00:43:11.004 [info] > git config --get commit.template [7ms]
2023-07-05 00:43:11.006 [info] > git for-each-ref --format=%(refname)%00%(upstream:short)%00%(objectname)%00%(upstream:track)%00%(upstream:remotename)%00%(upstream:remoteref) refs/heads/master refs/remotes/master [3ms]
2023-07-05 00:43:11.124 [info] > git status -z -uall [113ms]
2023-07-05 00:43:12.380 [info] > git check-ignore -v -z --stdin [6ms]
2023-07-05 00:43:16.153 [info] > git config --get commit.template [6ms]
2023-07-05 00:43:16.155 [info] > git for-each-ref --format=%(refname)%00%(upstream:short)%00%(objectname)%00%(upstream:track)%00%(upstream:remotename)%00%(upstream:remoteref) refs/heads/master refs/remotes/master [2ms]
2023-07-05 00:43:16.238 [info] > git status -z -uall [79ms]
2023-07-05 00:43:21.295 [info] > git config --get commit.template [36ms]
2023-07-05 00:43:21.297 [info] > git for-each-ref --format=%(refname)%00%(upstream:short)%00%(objectname)%00%(upstream:track)%00%(upstream:remotename)%00%(upstream:remoteref) refs/heads/master refs/remotes/master [32ms]
2023-07-05 00:43:21.476 [info] > git status -z -uall [175ms]
2023-07-05 00:43:27.145 [info] > git config --get commit.template [7ms]
2023-07-05 00:43:27.148 [info] > git for-each-ref --format=%(refname)%00%(upstream:short)%00%(objectname)%00%(upstream:track)%00%(upstream:remotename)%00%(upstream:remoteref) refs/heads/master refs/remotes/master [5ms]
2023-07-05 00:43:27.449 [info] > git status -z -uall [297ms]
2023-07-05 00:43:46.034 [info] > git config --get commit.template [30ms]
2023-07-05 00:43:46.038 [info] > git for-each-ref --format=%(refname)%00%(upstream:short)%00%(objectname)%00%(upstream:track)%00%(upstream:remotename)%00%(upstream:remoteref) refs/heads/master refs/remotes/master [26ms]
2023-07-05 00:43:46.358 [info] > git status -z -uall [316ms]
2023-07-05 00:43:51.402 [info] > git config --get commit.template [10ms]
2023-07-05 00:43:51.404 [info] > git for-each-ref --format=%(refname)%00%(upstream:short)%00%(objectname)%00%(upstream:track)%00%(upstream:remotename)%00%(upstream:remoteref) refs/heads/master refs/remotes/master [8ms]
2023-07-05 00:43:51.608 [info] > git status -z -uall [200ms]
2023-07-05 00:44:28.986 [info] > git config --get commit.template [28ms]
2023-07-05 00:44:28.988 [info] > git for-each-ref --format=%(refname)%00%(upstream:short)%00%(objectname)%00%(upstream:track)%00%(upstream:remotename)%00%(upstream:remoteref) refs/heads/master refs/remotes/master [26ms]
2023-07-05 00:44:29.277 [info] > git status -z -uall [284ms]
2023-07-05 00:44:34.330 [info] > git config --get commit.template [20ms]
2023-07-05 00:44:34.334 [info] > git for-each-ref --format=%(refname)%00%(upstream:short)%00%(objectname)%00%(upstream:track)%00%(upstream:remotename)%00%(upstream:remoteref) refs/heads/master refs/remotes/master [19ms]
2023-07-05 00:44:34.593 [info] > git status -z -uall [255ms]
2023-07-05 00:44:49.164 [info] > git config --get commit.template [15ms]
2023-07-05 00:44:49.165 [info] > git for-each-ref --format=%(refname)%00%(upstream:short)%00%(objectname)%00%(upstream:track)%00%(upstream:remotename)%00%(upstream:remoteref) refs/heads/master refs/remotes/master [11ms]
2023-07-05 00:44:49.289 [info] > git status -z -uall [120ms]
2023-07-05 00:44:54.316 [info] > git config --get commit.template [5ms]
2023-07-05 00:44:54.317 [info] > git for-each-ref --format=%(refname)%00%(upstream:short)%00%(objectname)%00%(upstream:track)%00%(upstream:remotename)%00%(upstream:remoteref) refs/heads/master refs/remotes/master [2ms]
2023-07-05 00:44:54.403 [info] > git status -z -uall [82ms]
2023-07-05 00:44:56.975 [info] > git ls-files --stage -- /home/ec2-user/flaskr/templates/login.html [30ms]
2023-07-05 00:44:56.987 [info] > git show --textconv :flaskr/templates/login.html [47ms]
2023-07-05 00:44:56.989 [info] > git cat-file -s 45ca3c6c0184983b866d4435324559ccb7eefcb0 [6ms]
2023-07-05 00:44:59.427 [info] > git config --get commit.template [6ms]
2023-07-05 00:44:59.429 [info] > git for-each-ref --format=%(refname)%00%(upstream:short)%00%(objectname)%00%(upstream:track)%00%(upstream:remotename)%00%(upstream:remoteref) refs/heads/master refs/remotes/master [2ms]
2023-07-05 00:44:59.818 [info] > git status -z -uall [384ms]
2023-07-05 00:45:04.862 [info] > git config --get commit.template [14ms]
2023-07-05 00:45:04.864 [info] > git for-each-ref --format=%(refname)%00%(upstream:short)%00%(objectname)%00%(upstream:track)%00%(upstream:remotename)%00%(upstream:remoteref) refs/heads/master refs/remotes/master [9ms]
2023-07-05 00:45:05.009 [info] > git status -z -uall [138ms]
2023-07-05 00:45:10.043 [info] > git config --get commit.template [16ms]
2023-07-05 00:45:10.047 [info] > git for-each-ref --format=%(refname)%00%(upstream:short)%00%(objectname)%00%(upstream:track)%00%(upstream:remotename)%00%(upstream:remoteref) refs/heads/master refs/remotes/master [15ms]
2023-07-05 00:45:10.200 [info] > git status -z -uall [148ms]
2023-07-05 00:45:15.279 [info] > git config --get commit.template [21ms]
2023-07-05 00:45:15.281 [info] > git for-each-ref --format=%(refname)%00%(upstream:short)%00%(objectname)%00%(upstream:track)%00%(upstream:remotename)%00%(upstream:remoteref) refs/heads/master refs/remotes/master [3ms]
2023-07-05 00:45:15.474 [info] > git status -z -uall [183ms]
2023-07-05 00:45:20.514 [info] > git config --get commit.template [7ms]
2023-07-05 00:45:20.516 [info] > git for-each-ref --format=%(refname)%00%(upstream:short)%00%(objectname)%00%(upstream:track)%00%(upstream:remotename)%00%(upstream:remoteref) refs/heads/master refs/remotes/master [4ms]
2023-07-05 00:45:20.837 [info] > git status -z -uall [317ms]
2023-07-05 00:45:25.169 [info] > git ls-files --stage -- /home/ec2-user/flaskr/templates/base.html [40ms]
2023-07-05 00:45:25.176 [info] > git show --textconv :flaskr/templates/base.html [55ms]
2023-07-05 00:45:25.180 [info] > git cat-file -s a02d8a30ce5405e45e4c54823336c95b35c6013b [4ms]
2023-07-05 00:45:26.237 [info] > git config --get commit.template [7ms]
2023-07-05 00:45:26.238 [info] > git for-each-ref --format=%(refname)%00%(upstream:short)%00%(objectname)%00%(upstream:track)%00%(upstream:remotename)%00%(upstream:remoteref) refs/heads/master refs/remotes/master [6ms]
2023-07-05 00:45:26.597 [info] > git status -z -uall [355ms]
2023-07-05 00:45:31.632 [info] > git config --get commit.template [7ms]
2023-07-05 00:45:31.636 [info] > git for-each-ref --format=%(refname)%00%(upstream:short)%00%(objectname)%00%(upstream:track)%00%(upstream:remotename)%00%(upstream:remoteref) refs/heads/master refs/remotes/master [5ms]
2023-07-05 00:45:31.776 [info] > git status -z -uall [136ms]
2023-07-05 00:45:36.840 [info] > git config --get commit.template [34ms]
2023-07-05 00:45:36.843 [info] > git for-each-ref --format=%(refname)%00%(upstream:short)%00%(objectname)%00%(upstream:track)%00%(upstream:remotename)%00%(upstream:remoteref) refs/heads/master refs/remotes/master [30ms]
2023-07-05 00:45:37.348 [info] > git status -z -uall [497ms]
2023-07-05 00:46:02.444 [info] > git config --get commit.template [17ms]
2023-07-05 00:46:02.449 [info] > git for-each-ref --format=%(refname)%00%(upstream:short)%00%(objectname)%00%(upstream:track)%00%(upstream:remotename)%00%(upstream:remoteref) refs/heads/master refs/remotes/master [13ms]
2023-07-05 00:46:02.897 [info] > git status -z -uall [440ms]
2023-07-05 00:46:07.967 [info] > git config --get commit.template [24ms]
2023-07-05 00:46:07.969 [info] > git for-each-ref --format=%(refname)%00%(upstream:short)%00%(objectname)%00%(upstream:track)%00%(upstream:remotename)%00%(upstream:remoteref) refs/heads/master refs/remotes/master [22ms]
2023-07-05 00:46:08.333 [info] > git status -z -uall [359ms]
2023-07-05 00:46:12.995 [info] > git ls-files --stage -- /home/ec2-user/flaskr/views.py [37ms]
2023-07-05 00:46:13.011 [info] > git show --textconv :flaskr/views.py [57ms]
2023-07-05 00:46:13.024 [info] > git cat-file -s ae6f2cd433522cf724dce5e60f78eb1677c41034 [11ms]
2023-07-05 00:46:13.377 [info] > git config --get commit.template [6ms]
2023-07-05 00:46:13.378 [info] > git for-each-ref --format=%(refname)%00%(upstream:short)%00%(objectname)%00%(upstream:track)%00%(upstream:remotename)%00%(upstream:remoteref) refs/heads/master refs/remotes/master [3ms]
2023-07-05 00:46:13.819 [info] > git status -z -uall [437ms]
2023-07-05 00:46:18.880 [info] > git config --get commit.template [28ms]
2023-07-05 00:46:18.890 [info] > git for-each-ref --format=%(refname)%00%(upstream:short)%00%(objectname)%00%(upstream:track)%00%(upstream:remotename)%00%(upstream:remoteref) refs/heads/master refs/remotes/master [34ms]
2023-07-05 00:46:19.230 [info] > git status -z -uall [334ms]
2023-07-05 00:46:24.287 [info] > git config --get commit.template [18ms]
2023-07-05 00:46:24.288 [info] > git for-each-ref --format=%(refname)%00%(upstream:short)%00%(objectname)%00%(upstream:track)%00%(upstream:remotename)%00%(upstream:remoteref) refs/heads/master refs/remotes/master [15ms]
2023-07-05 00:46:24.720 [info] > git status -z -uall [426ms]
2023-07-05 00:46:29.885 [info] > git config --get commit.template [32ms]
2023-07-05 00:46:29.890 [info] > git for-each-ref --format=%(refname)%00%(upstream:short)%00%(objectname)%00%(upstream:track)%00%(upstream:remotename)%00%(upstream:remoteref) refs/heads/master refs/remotes/master [32ms]
2023-07-05 00:46:30.278 [info] > git status -z -uall [381ms]
2023-07-05 00:46:35.353 [info] > git config --get commit.template [22ms]
2023-07-05 00:46:35.357 [info] > git for-each-ref --format=%(refname)%00%(upstream:short)%00%(objectname)%00%(upstream:track)%00%(upstream:remotename)%00%(upstream:remoteref) refs/heads/master refs/remotes/master [20ms]
2023-07-05 00:46:35.592 [info] > git status -z -uall [230ms]
2023-07-05 00:46:40.639 [info] > git config --get commit.template [24ms]
2023-07-05 00:46:40.641 [info] > git for-each-ref --format=%(refname)%00%(upstream:short)%00%(objectname)%00%(upstream:track)%00%(upstream:remotename)%00%(upstream:remoteref) refs/heads/master refs/remotes/master [21ms]
2023-07-05 00:46:40.852 [info] > git status -z -uall [206ms]
2023-07-05 00:47:01.866 [info] > git config --get commit.template [26ms]
2023-07-05 00:47:01.869 [info] > git for-each-ref --format=%(refname)%00%(upstream:short)%00%(objectname)%00%(upstream:track)%00%(upstream:remotename)%00%(upstream:remoteref) refs/heads/master refs/remotes/master [23ms]
2023-07-05 00:47:02.173 [info] > git status -z -uall [298ms]
2023-07-05 00:47:07.228 [info] > git config --get commit.template [21ms]
2023-07-05 00:47:07.231 [info] > git for-each-ref --format=%(refname)%00%(upstream:short)%00%(objectname)%00%(upstream:track)%00%(upstream:remotename)%00%(upstream:remoteref) refs/heads/master refs/remotes/master [20ms]
2023-07-05 00:47:07.491 [info] > git status -z -uall [256ms]
2023-07-05 00:47:12.539 [info] > git config --get commit.template [21ms]
2023-07-05 00:47:12.542 [info] > git for-each-ref --format=%(refname)%00%(upstream:short)%00%(objectname)%00%(upstream:track)%00%(upstream:remotename)%00%(upstream:remoteref) refs/heads/master refs/remotes/master [18ms]
2023-07-05 00:47:12.684 [info] > git status -z -uall [137ms]
2023-07-05 00:47:17.725 [info] > git config --get commit.template [13ms]
2023-07-05 00:47:17.727 [info] > git for-each-ref --format=%(refname)%00%(upstream:short)%00%(objectname)%00%(upstream:track)%00%(upstream:remotename)%00%(upstream:remoteref) refs/heads/master refs/remotes/master [10ms]
2023-07-05 00:47:17.913 [info] > git status -z -uall [182ms]
2023-07-05 00:47:22.959 [info] > git config --get commit.template [23ms]
2023-07-05 00:47:22.964 [info] > git for-each-ref --format=%(refname)%00%(upstream:short)%00%(objectname)%00%(upstream:track)%00%(upstream:remotename)%00%(upstream:remoteref) refs/heads/master refs/remotes/master [23ms]
2023-07-05 00:47:23.180 [info] > git status -z -uall [211ms]
2023-07-05 00:47:57.176 [info] > git config --get commit.template [26ms]
2023-07-05 00:47:57.182 [info] > git for-each-ref --format=%(refname)%00%(upstream:short)%00%(objectname)%00%(upstream:track)%00%(upstream:remotename)%00%(upstream:remoteref) refs/heads/master refs/remotes/master [30ms]
2023-07-05 00:47:57.496 [info] > git status -z -uall [300ms]
2023-07-05 00:48:02.569 [info] > git config --get commit.template [24ms]
2023-07-05 00:48:02.572 [info] > git for-each-ref --format=%(refname)%00%(upstream:short)%00%(objectname)%00%(upstream:track)%00%(upstream:remotename)%00%(upstream:remoteref) refs/heads/master refs/remotes/master [21ms]
2023-07-05 00:48:02.813 [info] > git status -z -uall [237ms]
2023-07-05 00:48:07.847 [info] > git config --get commit.template [10ms]
2023-07-05 00:48:07.881 [info] > git for-each-ref --format=%(refname)%00%(upstream:short)%00%(objectname)%00%(upstream:track)%00%(upstream:remotename)%00%(upstream:remoteref) refs/heads/master refs/remotes/master [7ms]
2023-07-05 00:48:08.244 [info] > git status -z -uall [354ms]
2023-07-05 00:48:13.335 [info] > git config --get commit.template [38ms]
2023-07-05 00:48:13.336 [info] > git for-each-ref --format=%(refname)%00%(upstream:short)%00%(objectname)%00%(upstream:track)%00%(upstream:remotename)%00%(upstream:remoteref) refs/heads/master refs/remotes/master [34ms]
2023-07-05 00:48:13.877 [info] > git status -z -uall [534ms]
2023-07-05 00:48:18.940 [info] > git config --get commit.template [30ms]
2023-07-05 00:48:18.944 [info] > git for-each-ref --format=%(refname)%00%(upstream:short)%00%(objectname)%00%(upstream:track)%00%(upstream:remotename)%00%(upstream:remoteref) refs/heads/master refs/remotes/master [30ms]
2023-07-05 00:48:19.365 [info] > git status -z -uall [412ms]
2023-07-05 00:48:24.432 [info] > git config --get commit.template [24ms]
2023-07-05 00:48:24.435 [info] > git for-each-ref --format=%(refname)%00%(upstream:short)%00%(objectname)%00%(upstream:track)%00%(upstream:remotename)%00%(upstream:remoteref) refs/heads/master refs/remotes/master [25ms]
2023-07-05 00:48:24.659 [info] > git status -z -uall [219ms]
2023-07-05 01:03:07.612 [info] > git config --get commit.template [50ms]
2023-07-05 01:03:07.617 [info] > git for-each-ref --format=%(refname)%00%(upstream:short)%00%(objectname)%00%(upstream:track)%00%(upstream:remotename)%00%(upstream:remoteref) refs/heads/master refs/remotes/master [52ms]
2023-07-05 01:03:07.907 [info] > git status -z -uall [285ms]
2023-07-05 01:03:09.002 [info] > git check-ignore -v -z --stdin [63ms]
2023-07-05 01:03:12.964 [info] > git config --get commit.template [6ms]
2023-07-05 01:03:12.970 [info] > git for-each-ref --format=%(refname)%00%(upstream:short)%00%(objectname)%00%(upstream:track)%00%(upstream:remotename)%00%(upstream:remoteref) refs/heads/master refs/remotes/master [6ms]
2023-07-05 01:03:13.311 [info] > git status -z -uall [337ms]
2023-07-05 01:03:18.367 [info] > git config --get commit.template [10ms]
2023-07-05 01:03:18.369 [info] > git for-each-ref --format=%(refname)%00%(upstream:short)%00%(objectname)%00%(upstream:track)%00%(upstream:remotename)%00%(upstream:remoteref) refs/heads/master refs/remotes/master [7ms]
2023-07-05 01:03:18.583 [info] > git status -z -uall [210ms]
2023-07-05 01:03:23.674 [info] > git config --get commit.template [22ms]
2023-07-05 01:03:23.676 [info] > git for-each-ref --format=%(refname)%00%(upstream:short)%00%(objectname)%00%(upstream:track)%00%(upstream:remotename)%00%(upstream:remoteref) refs/heads/master refs/remotes/master [19ms]
2023-07-05 01:03:24.058 [info] > git status -z -uall [374ms]
2023-07-05 01:03:49.716 [info] > git config --get commit.template [26ms]
2023-07-05 01:03:49.719 [info] > git for-each-ref --format=%(refname)%00%(upstream:short)%00%(objectname)%00%(upstream:track)%00%(upstream:remotename)%00%(upstream:remoteref) refs/heads/master refs/remotes/master [27ms]
2023-07-05 01:03:49.980 [info] > git status -z -uall [257ms]
2023-07-05 01:03:56.253 [info] > git config --get commit.template [18ms]
2023-07-05 01:03:56.260 [info] > git for-each-ref --format=%(refname)%00%(upstream:short)%00%(objectname)%00%(upstream:track)%00%(upstream:remotename)%00%(upstream:remoteref) refs/heads/master refs/remotes/master [20ms]
2023-07-05 01:03:56.499 [info] > git status -z -uall [229ms]
2023-07-05 01:04:01.545 [info] > git config --get commit.template [7ms]
2023-07-05 01:04:01.549 [info] > git for-each-ref --format=%(refname)%00%(upstream:short)%00%(objectname)%00%(upstream:track)%00%(upstream:remotename)%00%(upstream:remoteref) refs/heads/master refs/remotes/master [6ms]
2023-07-05 01:04:01.736 [info] > git status -z -uall [182ms]
2023-07-05 01:04:47.244 [info] > git config --get commit.template [39ms]
2023-07-05 01:04:47.249 [info] > git for-each-ref --format=%(refname)%00%(upstream:short)%00%(objectname)%00%(upstream:track)%00%(upstream:remotename)%00%(upstream:remoteref) refs/heads/master refs/remotes/master [39ms]
2023-07-05 01:04:47.583 [info] > git status -z -uall [330ms]
2023-07-05 01:04:52.663 [info] > git config --get commit.template [29ms]
2023-07-05 01:04:52.666 [info] > git for-each-ref --format=%(refname)%00%(upstream:short)%00%(objectname)%00%(upstream:track)%00%(upstream:remotename)%00%(upstream:remoteref) refs/heads/master refs/remotes/master [27ms]
2023-07-05 01:04:52.918 [info] > git status -z -uall [245ms]
2023-07-05 01:04:58.017 [info] > git config --get commit.template [34ms]
2023-07-05 01:04:58.021 [info] > git for-each-ref --format=%(refname)%00%(upstream:short)%00%(objectname)%00%(upstream:track)%00%(upstream:remotename)%00%(upstream:remoteref) refs/heads/master refs/remotes/master [32ms]
2023-07-05 01:04:58.329 [info] > git status -z -uall [303ms]
2023-07-05 01:05:03.424 [info] > git config --get commit.template [36ms]
2023-07-05 01:05:03.426 [info] > git for-each-ref --format=%(refname)%00%(upstream:short)%00%(objectname)%00%(upstream:track)%00%(upstream:remotename)%00%(upstream:remoteref) refs/heads/master refs/remotes/master [36ms]
2023-07-05 01:05:03.838 [info] > git status -z -uall [407ms]
2023-07-05 01:05:08.898 [info] > git config --get commit.template [21ms]
2023-07-05 01:05:08.901 [info] > git for-each-ref --format=%(refname)%00%(upstream:short)%00%(objectname)%00%(upstream:track)%00%(upstream:remotename)%00%(upstream:remoteref) refs/heads/master refs/remotes/master [19ms]
2023-07-05 01:05:09.256 [info] > git status -z -uall [351ms]
2023-07-05 01:05:14.353 [info] > git config --get commit.template [26ms]
2023-07-05 01:05:14.357 [info] > git for-each-ref --format=%(refname)%00%(upstream:short)%00%(objectname)%00%(upstream:track)%00%(upstream:remotename)%00%(upstream:remoteref) refs/heads/master refs/remotes/master [26ms]
2023-07-05 01:05:14.704 [info] > git status -z -uall [342ms]
2023-07-05 01:05:19.798 [info] > git config --get commit.template [31ms]
2023-07-05 01:05:19.799 [info] > git for-each-ref --format=%(refname)%00%(upstream:short)%00%(objectname)%00%(upstream:track)%00%(upstream:remotename)%00%(upstream:remoteref) refs/heads/master refs/remotes/master [28ms]
2023-07-05 01:05:20.073 [info] > git status -z -uall [270ms]
2023-07-05 01:05:25.210 [info] > git config --get commit.template [51ms]
2023-07-05 01:05:25.212 [info] > git for-each-ref --format=%(refname)%00%(upstream:short)%00%(objectname)%00%(upstream:track)%00%(upstream:remotename)%00%(upstream:remoteref) refs/heads/master refs/remotes/master [36ms]
2023-07-05 01:05:25.595 [info] > git status -z -uall [378ms]
2023-07-05 01:05:30.688 [info] > git config --get commit.template [38ms]
2023-07-05 01:05:30.695 [info] > git for-each-ref --format=%(refname)%00%(upstream:short)%00%(objectname)%00%(upstream:track)%00%(upstream:remotename)%00%(upstream:remoteref) refs/heads/master refs/remotes/master [41ms]
2023-07-05 01:05:31.121 [info] > git status -z -uall [416ms]
2023-07-05 01:05:36.196 [info] > git config --get commit.template [37ms]
2023-07-05 01:05:36.205 [info] > git for-each-ref --format=%(refname)%00%(upstream:short)%00%(objectname)%00%(upstream:track)%00%(upstream:remotename)%00%(upstream:remoteref) refs/heads/master refs/remotes/master [42ms]
2023-07-05 01:05:36.654 [info] > git status -z -uall [442ms]
2023-07-05 01:05:41.723 [info] > git config --get commit.template [15ms]
2023-07-05 01:05:41.727 [info] > git for-each-ref --format=%(refname)%00%(upstream:short)%00%(objectname)%00%(upstream:track)%00%(upstream:remotename)%00%(upstream:remoteref) refs/heads/master refs/remotes/master [15ms]
2023-07-05 01:05:41.904 [info] > git status -z -uall [173ms]
