2023-07-05 01:55:01.553 [info] Log level: Info
2023-07-05 01:55:01.553 [info] Validating found git in: "git"
2023-07-05 01:55:01.553 [info] Using git "2.40.1" from "git"
2023-07-05 01:55:01.553 [info] > git rev-parse --show-toplevel [70ms]
2023-07-05 01:55:01.553 [info] > git rev-parse --git-dir --git-common-dir [6ms]
2023-07-05 01:55:01.553 [info] Open repository: /home/ec2-user
2023-07-05 01:55:01.553 [info] > git rev-parse --show-toplevel [9ms]
2023-07-05 01:55:01.553 [info] > git config --get commit.template [14ms]
2023-07-05 01:55:01.553 [info] > git rev-parse --show-toplevel [41ms]
2023-07-05 01:55:01.553 [info] > git for-each-ref --format=%(refname)%00%(upstream:short)%00%(objectname)%00%(upstream:track)%00%(upstream:remotename)%00%(upstream:remoteref) refs/heads/master refs/remotes/master [41ms]
2023-07-05 01:55:01.553 [info] > git rev-parse --show-toplevel [167ms]
2023-07-05 01:55:01.553 [info] > git rev-parse --show-toplevel [10ms]
2023-07-05 01:55:01.553 [info] > git status -z -uall [297ms]
2023-07-05 01:55:01.553 [info] > git rev-parse --show-toplevel [139ms]
2023-07-05 01:55:01.553 [info] > git rev-parse --show-toplevel [36ms]
2023-07-05 01:55:01.553 [info] > git config --get commit.template [32ms]
2023-07-05 01:55:01.553 [info] > git rev-parse --show-toplevel [13ms]
2023-07-05 01:55:01.553 [info] > git rev-parse --show-toplevel [98ms]
2023-07-05 01:55:01.553 [info] > git for-each-ref --format=%(refname)%00%(upstream:short)%00%(objectname)%00%(upstream:track)%00%(upstream:remotename)%00%(upstream:remoteref) refs/heads/master refs/remotes/master [119ms]
2023-07-05 01:55:01.553 [info] > git rev-parse --show-toplevel [7ms]
2023-07-05 01:55:01.553 [info] > git rev-parse --show-toplevel [55ms]
2023-07-05 01:55:01.553 [info] > git status -z -uall [176ms]
2023-07-05 01:55:01.804 [info] > git show --textconv :flaskr/views.py [209ms]
2023-07-05 01:55:01.805 [info] > git ls-files --stage -- /home/ec2-user/flaskr/views.py [204ms]
2023-07-05 01:55:01.833 [info] > git cat-file -s 663ff092b50f10586e554f51a77881ec5bcfc8c3 [18ms]
2023-07-05 01:55:01.837 [info] > git check-ignore -v -z --stdin [42ms]
2023-07-05 01:55:04.957 [info] > git config --get commit.template [10ms]
2023-07-05 01:55:04.997 [info] > git for-each-ref --format=%(refname)%00%(upstream:short)%00%(objectname)%00%(upstream:track)%00%(upstream:remotename)%00%(upstream:remoteref) refs/heads/master refs/remotes/master [18ms]
2023-07-05 01:55:05.283 [info] > git status -z -uall [268ms]
2023-07-05 01:55:14.770 [info] > git config --get commit.template [16ms]
2023-07-05 01:55:14.798 [info] > git for-each-ref --format=%(refname)%00%(upstream:short)%00%(objectname)%00%(upstream:track)%00%(upstream:remotename)%00%(upstream:remoteref) refs/heads/master refs/remotes/master [30ms]
2023-07-05 01:55:15.106 [info] > git status -z -uall [286ms]
2023-07-05 01:55:20.141 [info] > git config --get commit.template [8ms]
2023-07-05 01:55:20.141 [info] > git for-each-ref --format=%(refname)%00%(upstream:short)%00%(objectname)%00%(upstream:track)%00%(upstream:remotename)%00%(upstream:remoteref) refs/heads/master refs/remotes/master [3ms]
2023-07-05 01:55:20.306 [info] > git status -z -uall [153ms]
2023-07-05 01:55:25.326 [info] > git config --get commit.template [6ms]
2023-07-05 01:55:25.328 [info] > git for-each-ref --format=%(refname)%00%(upstream:short)%00%(objectname)%00%(upstream:track)%00%(upstream:remotename)%00%(upstream:remoteref) refs/heads/master refs/remotes/master [3ms]
2023-07-05 01:55:25.414 [info] > git status -z -uall [82ms]
2023-07-05 01:55:30.432 [info] > git config --get commit.template [6ms]
2023-07-05 01:55:30.437 [info] > git for-each-ref --format=%(refname)%00%(upstream:short)%00%(objectname)%00%(upstream:track)%00%(upstream:remotename)%00%(upstream:remoteref) refs/heads/master refs/remotes/master [6ms]
2023-07-05 01:55:30.519 [info] > git status -z -uall [79ms]
2023-07-05 01:55:35.538 [info] > git config --get commit.template [6ms]
2023-07-05 01:55:35.541 [info] > git for-each-ref --format=%(refname)%00%(upstream:short)%00%(objectname)%00%(upstream:track)%00%(upstream:remotename)%00%(upstream:remoteref) refs/heads/master refs/remotes/master [4ms]
2023-07-05 01:55:35.631 [info] > git status -z -uall [85ms]
2023-07-05 01:55:40.661 [info] > git config --get commit.template [8ms]
2023-07-05 01:55:40.666 [info] > git for-each-ref --format=%(refname)%00%(upstream:short)%00%(objectname)%00%(upstream:track)%00%(upstream:remotename)%00%(upstream:remoteref) refs/heads/master refs/remotes/master [6ms]
2023-07-05 01:55:40.797 [info] > git status -z -uall [122ms]
2023-07-05 01:56:01.397 [info] > git config --get commit.template [6ms]
2023-07-05 01:56:01.406 [info] > git for-each-ref --format=%(refname)%00%(upstream:short)%00%(objectname)%00%(upstream:track)%00%(upstream:remotename)%00%(upstream:remoteref) refs/heads/master refs/remotes/master [10ms]
2023-07-05 01:56:01.488 [info] > git status -z -uall [78ms]
2023-07-05 01:56:06.505 [info] > git config --get commit.template [5ms]
2023-07-05 01:56:06.507 [info] > git for-each-ref --format=%(refname)%00%(upstream:short)%00%(objectname)%00%(upstream:track)%00%(upstream:remotename)%00%(upstream:remoteref) refs/heads/master refs/remotes/master [3ms]
2023-07-05 01:56:06.588 [info] > git status -z -uall [78ms]
2023-07-05 01:56:09.728 [info] > git check-ignore -v -z --stdin [9ms]
2023-07-05 01:56:11.614 [info] > git config --get commit.template [6ms]
2023-07-05 01:56:11.616 [info] > git for-each-ref --format=%(refname)%00%(upstream:short)%00%(objectname)%00%(upstream:track)%00%(upstream:remotename)%00%(upstream:remoteref) refs/heads/master refs/remotes/master [3ms]
2023-07-05 01:56:11.698 [info] > git status -z -uall [79ms]
2023-07-05 01:56:12.906 [info] > git ls-files --stage -- /home/ec2-user/flaskr/templates/user_search.html [24ms]
2023-07-05 01:56:12.917 [info] > git show --textconv :flaskr/templates/user_search.html [40ms]
2023-07-05 01:56:12.923 [info] > git cat-file -s 7d3e6c1b227bbaed50952b144c24ec5d3290e59d [8ms]
2023-07-05 01:56:16.719 [info] > git config --get commit.template [8ms]
2023-07-05 01:56:16.721 [info] > git for-each-ref --format=%(refname)%00%(upstream:short)%00%(objectname)%00%(upstream:track)%00%(upstream:remotename)%00%(upstream:remoteref) refs/heads/master refs/remotes/master [5ms]
2023-07-05 01:56:16.809 [info] > git status -z -uall [84ms]
2023-07-05 01:56:21.826 [info] > git config --get commit.template [7ms]
2023-07-05 01:56:21.828 [info] > git for-each-ref --format=%(refname)%00%(upstream:short)%00%(objectname)%00%(upstream:track)%00%(upstream:remotename)%00%(upstream:remoteref) refs/heads/master refs/remotes/master [3ms]
2023-07-05 01:56:21.909 [info] > git status -z -uall [78ms]
2023-07-05 01:56:26.925 [info] > git config --get commit.template [6ms]
2023-07-05 01:56:26.927 [info] > git for-each-ref --format=%(refname)%00%(upstream:short)%00%(objectname)%00%(upstream:track)%00%(upstream:remotename)%00%(upstream:remoteref) refs/heads/master refs/remotes/master [3ms]
2023-07-05 01:56:27.009 [info] > git status -z -uall [78ms]
2023-07-05 01:56:32.027 [info] > git config --get commit.template [6ms]
2023-07-05 01:56:32.029 [info] > git for-each-ref --format=%(refname)%00%(upstream:short)%00%(objectname)%00%(upstream:track)%00%(upstream:remotename)%00%(upstream:remoteref) refs/heads/master refs/remotes/master [2ms]
2023-07-05 01:56:32.108 [info] > git status -z -uall [74ms]
2023-07-05 01:56:37.125 [info] > git config --get commit.template [7ms]
2023-07-05 01:56:37.127 [info] > git for-each-ref --format=%(refname)%00%(upstream:short)%00%(objectname)%00%(upstream:track)%00%(upstream:remotename)%00%(upstream:remoteref) refs/heads/master refs/remotes/master [3ms]
2023-07-05 01:56:37.205 [info] > git status -z -uall [74ms]
2023-07-05 01:56:42.220 [info] > git config --get commit.template [6ms]
2023-07-05 01:56:42.222 [info] > git for-each-ref --format=%(refname)%00%(upstream:short)%00%(objectname)%00%(upstream:track)%00%(upstream:remotename)%00%(upstream:remoteref) refs/heads/master refs/remotes/master [3ms]
2023-07-05 01:56:42.301 [info] > git status -z -uall [75ms]
2023-07-05 01:56:47.567 [info] > git config --get commit.template [5ms]
2023-07-05 01:56:47.569 [info] > git for-each-ref --format=%(refname)%00%(upstream:short)%00%(objectname)%00%(upstream:track)%00%(upstream:remotename)%00%(upstream:remoteref) refs/heads/master refs/remotes/master [3ms]
2023-07-05 01:56:47.648 [info] > git status -z -uall [75ms]
2023-07-05 01:56:52.664 [info] > git config --get commit.template [6ms]
2023-07-05 01:56:52.666 [info] > git for-each-ref --format=%(refname)%00%(upstream:short)%00%(objectname)%00%(upstream:track)%00%(upstream:remotename)%00%(upstream:remoteref) refs/heads/master refs/remotes/master [2ms]
2023-07-05 01:56:52.746 [info] > git status -z -uall [76ms]
2023-07-05 01:56:57.762 [info] > git config --get commit.template [6ms]
2023-07-05 01:56:57.764 [info] > git for-each-ref --format=%(refname)%00%(upstream:short)%00%(objectname)%00%(upstream:track)%00%(upstream:remotename)%00%(upstream:remoteref) refs/heads/master refs/remotes/master [2ms]
2023-07-05 01:56:57.843 [info] > git status -z -uall [75ms]
2023-07-05 01:57:02.861 [info] > git config --get commit.template [6ms]
2023-07-05 01:57:02.864 [info] > git for-each-ref --format=%(refname)%00%(upstream:short)%00%(objectname)%00%(upstream:track)%00%(upstream:remotename)%00%(upstream:remoteref) refs/heads/master refs/remotes/master [3ms]
2023-07-05 01:57:02.942 [info] > git status -z -uall [75ms]
2023-07-05 01:57:07.958 [info] > git config --get commit.template [6ms]
2023-07-05 01:57:07.960 [info] > git for-each-ref --format=%(refname)%00%(upstream:short)%00%(objectname)%00%(upstream:track)%00%(upstream:remotename)%00%(upstream:remoteref) refs/heads/master refs/remotes/master [3ms]
2023-07-05 01:57:08.040 [info] > git status -z -uall [77ms]
2023-07-05 01:57:13.056 [info] > git config --get commit.template [6ms]
2023-07-05 01:57:13.058 [info] > git for-each-ref --format=%(refname)%00%(upstream:short)%00%(objectname)%00%(upstream:track)%00%(upstream:remotename)%00%(upstream:remoteref) refs/heads/master refs/remotes/master [2ms]
2023-07-05 01:57:13.138 [info] > git status -z -uall [76ms]
2023-07-05 01:57:18.154 [info] > git config --get commit.template [5ms]
2023-07-05 01:57:18.156 [info] > git for-each-ref --format=%(refname)%00%(upstream:short)%00%(objectname)%00%(upstream:track)%00%(upstream:remotename)%00%(upstream:remoteref) refs/heads/master refs/remotes/master [2ms]
2023-07-05 01:57:18.234 [info] > git status -z -uall [75ms]
2023-07-05 01:57:23.256 [info] > git config --get commit.template [6ms]
2023-07-05 01:57:23.258 [info] > git for-each-ref --format=%(refname)%00%(upstream:short)%00%(objectname)%00%(upstream:track)%00%(upstream:remotename)%00%(upstream:remoteref) refs/heads/master refs/remotes/master [3ms]
2023-07-05 01:57:23.337 [info] > git status -z -uall [76ms]
2023-07-05 01:57:28.355 [info] > git config --get commit.template [5ms]
2023-07-05 01:57:28.357 [info] > git for-each-ref --format=%(refname)%00%(upstream:short)%00%(objectname)%00%(upstream:track)%00%(upstream:remotename)%00%(upstream:remoteref) refs/heads/master refs/remotes/master [2ms]
2023-07-05 01:57:28.439 [info] > git status -z -uall [78ms]
2023-07-05 01:57:33.466 [info] > git config --get commit.template [6ms]
2023-07-05 01:57:33.468 [info] > git for-each-ref --format=%(refname)%00%(upstream:short)%00%(objectname)%00%(upstream:track)%00%(upstream:remotename)%00%(upstream:remoteref) refs/heads/master refs/remotes/master [2ms]
2023-07-05 01:57:33.550 [info] > git status -z -uall [78ms]
2023-07-05 01:57:38.568 [info] > git config --get commit.template [6ms]
2023-07-05 01:57:38.571 [info] > git for-each-ref --format=%(refname)%00%(upstream:short)%00%(objectname)%00%(upstream:track)%00%(upstream:remotename)%00%(upstream:remoteref) refs/heads/master refs/remotes/master [4ms]
2023-07-05 01:57:38.652 [info] > git status -z -uall [77ms]
2023-07-05 01:57:43.670 [info] > git config --get commit.template [6ms]
2023-07-05 01:57:43.672 [info] > git for-each-ref --format=%(refname)%00%(upstream:short)%00%(objectname)%00%(upstream:track)%00%(upstream:remotename)%00%(upstream:remoteref) refs/heads/master refs/remotes/master [3ms]
2023-07-05 01:57:43.752 [info] > git status -z -uall [76ms]
2023-07-05 01:57:48.768 [info] > git config --get commit.template [6ms]
2023-07-05 01:57:48.770 [info] > git for-each-ref --format=%(refname)%00%(upstream:short)%00%(objectname)%00%(upstream:track)%00%(upstream:remotename)%00%(upstream:remoteref) refs/heads/master refs/remotes/master [2ms]
2023-07-05 01:57:48.851 [info] > git status -z -uall [77ms]
2023-07-05 01:57:53.869 [info] > git config --get commit.template [6ms]
2023-07-05 01:57:53.871 [info] > git for-each-ref --format=%(refname)%00%(upstream:short)%00%(objectname)%00%(upstream:track)%00%(upstream:remotename)%00%(upstream:remoteref) refs/heads/master refs/remotes/master [3ms]
2023-07-05 01:57:53.952 [info] > git status -z -uall [78ms]
2023-07-05 01:57:58.971 [info] > git config --get commit.template [6ms]
2023-07-05 01:57:58.978 [info] > git for-each-ref --format=%(refname)%00%(upstream:short)%00%(objectname)%00%(upstream:track)%00%(upstream:remotename)%00%(upstream:remoteref) refs/heads/master refs/remotes/master [7ms]
2023-07-05 01:57:59.056 [info] > git status -z -uall [74ms]
2023-07-05 01:58:04.074 [info] > git config --get commit.template [6ms]
2023-07-05 01:58:04.076 [info] > git for-each-ref --format=%(refname)%00%(upstream:short)%00%(objectname)%00%(upstream:track)%00%(upstream:remotename)%00%(upstream:remoteref) refs/heads/master refs/remotes/master [3ms]
2023-07-05 01:58:04.156 [info] > git status -z -uall [76ms]
2023-07-05 01:58:17.486 [info] > git config --get commit.template [6ms]
2023-07-05 01:58:17.488 [info] > git for-each-ref --format=%(refname)%00%(upstream:short)%00%(objectname)%00%(upstream:track)%00%(upstream:remotename)%00%(upstream:remoteref) refs/heads/master refs/remotes/master [3ms]
2023-07-05 01:58:17.568 [info] > git status -z -uall [77ms]
2023-07-05 01:58:22.584 [info] > git config --get commit.template [6ms]
2023-07-05 01:58:22.586 [info] > git for-each-ref --format=%(refname)%00%(upstream:short)%00%(objectname)%00%(upstream:track)%00%(upstream:remotename)%00%(upstream:remoteref) refs/heads/master refs/remotes/master [3ms]
2023-07-05 01:58:22.666 [info] > git status -z -uall [77ms]
2023-07-05 01:58:27.682 [info] > git config --get commit.template [6ms]
2023-07-05 01:58:27.684 [info] > git for-each-ref --format=%(refname)%00%(upstream:short)%00%(objectname)%00%(upstream:track)%00%(upstream:remotename)%00%(upstream:remoteref) refs/heads/master refs/remotes/master [2ms]
2023-07-05 01:58:27.764 [info] > git status -z -uall [76ms]
2023-07-05 01:58:32.780 [info] > git config --get commit.template [6ms]
2023-07-05 01:58:32.782 [info] > git for-each-ref --format=%(refname)%00%(upstream:short)%00%(objectname)%00%(upstream:track)%00%(upstream:remotename)%00%(upstream:remoteref) refs/heads/master refs/remotes/master [3ms]
2023-07-05 01:58:32.860 [info] > git status -z -uall [74ms]
2023-07-05 01:58:44.218 [info] > git config --get commit.template [5ms]
2023-07-05 01:58:44.220 [info] > git for-each-ref --format=%(refname)%00%(upstream:short)%00%(objectname)%00%(upstream:track)%00%(upstream:remotename)%00%(upstream:remoteref) refs/heads/master refs/remotes/master [2ms]
2023-07-05 01:58:44.299 [info] > git status -z -uall [75ms]
2023-07-05 01:58:49.316 [info] > git config --get commit.template [5ms]
2023-07-05 01:58:49.318 [info] > git for-each-ref --format=%(refname)%00%(upstream:short)%00%(objectname)%00%(upstream:track)%00%(upstream:remotename)%00%(upstream:remoteref) refs/heads/master refs/remotes/master [2ms]
2023-07-05 01:58:49.397 [info] > git status -z -uall [76ms]
2023-07-05 01:58:54.413 [info] > git config --get commit.template [6ms]
2023-07-05 01:58:54.415 [info] > git for-each-ref --format=%(refname)%00%(upstream:short)%00%(objectname)%00%(upstream:track)%00%(upstream:remotename)%00%(upstream:remoteref) refs/heads/master refs/remotes/master [3ms]
2023-07-05 01:58:54.494 [info] > git status -z -uall [75ms]
2023-07-05 01:58:59.512 [info] > git config --get commit.template [5ms]
2023-07-05 01:58:59.514 [info] > git for-each-ref --format=%(refname)%00%(upstream:short)%00%(objectname)%00%(upstream:track)%00%(upstream:remotename)%00%(upstream:remoteref) refs/heads/master refs/remotes/master [2ms]
2023-07-05 01:58:59.594 [info] > git status -z -uall [77ms]
2023-07-05 01:59:04.610 [info] > git config --get commit.template [6ms]
2023-07-05 01:59:04.612 [info] > git for-each-ref --format=%(refname)%00%(upstream:short)%00%(objectname)%00%(upstream:track)%00%(upstream:remotename)%00%(upstream:remoteref) refs/heads/master refs/remotes/master [2ms]
2023-07-05 01:59:04.692 [info] > git status -z -uall [76ms]
2023-07-05 01:59:09.709 [info] > git config --get commit.template [5ms]
2023-07-05 01:59:09.711 [info] > git for-each-ref --format=%(refname)%00%(upstream:short)%00%(objectname)%00%(upstream:track)%00%(upstream:remotename)%00%(upstream:remoteref) refs/heads/master refs/remotes/master [2ms]
2023-07-05 01:59:09.792 [info] > git status -z -uall [77ms]
2023-07-05 01:59:17.907 [info] > git config --get commit.template [5ms]
2023-07-05 01:59:17.908 [info] > git for-each-ref --format=%(refname)%00%(upstream:short)%00%(objectname)%00%(upstream:track)%00%(upstream:remotename)%00%(upstream:remoteref) refs/heads/master refs/remotes/master [2ms]
2023-07-05 01:59:17.988 [info] > git status -z -uall [76ms]
2023-07-05 01:59:38.053 [info] > git config --get commit.template [6ms]
2023-07-05 01:59:38.055 [info] > git for-each-ref --format=%(refname)%00%(upstream:short)%00%(objectname)%00%(upstream:track)%00%(upstream:remotename)%00%(upstream:remoteref) refs/heads/master refs/remotes/master [3ms]
2023-07-05 01:59:38.136 [info] > git status -z -uall [78ms]
2023-07-05 01:59:43.165 [info] > git config --get commit.template [6ms]
2023-07-05 01:59:43.167 [info] > git for-each-ref --format=%(refname)%00%(upstream:short)%00%(objectname)%00%(upstream:track)%00%(upstream:remotename)%00%(upstream:remoteref) refs/heads/master refs/remotes/master [3ms]
2023-07-05 01:59:43.245 [info] > git status -z -uall [75ms]
2023-07-05 01:59:48.264 [info] > git config --get commit.template [6ms]
2023-07-05 01:59:48.266 [info] > git for-each-ref --format=%(refname)%00%(upstream:short)%00%(objectname)%00%(upstream:track)%00%(upstream:remotename)%00%(upstream:remoteref) refs/heads/master refs/remotes/master [3ms]
2023-07-05 01:59:48.346 [info] > git status -z -uall [77ms]
2023-07-05 01:59:53.363 [info] > git config --get commit.template [6ms]
2023-07-05 01:59:53.365 [info] > git for-each-ref --format=%(refname)%00%(upstream:short)%00%(objectname)%00%(upstream:track)%00%(upstream:remotename)%00%(upstream:remoteref) refs/heads/master refs/remotes/master [3ms]
2023-07-05 01:59:53.446 [info] > git status -z -uall [78ms]
2023-07-05 01:59:58.462 [info] > git config --get commit.template [5ms]
2023-07-05 01:59:58.464 [info] > git for-each-ref --format=%(refname)%00%(upstream:short)%00%(objectname)%00%(upstream:track)%00%(upstream:remotename)%00%(upstream:remoteref) refs/heads/master refs/remotes/master [2ms]
2023-07-05 01:59:58.550 [info] > git status -z -uall [82ms]
2023-07-05 02:00:05.478 [info] > git config --get commit.template [5ms]
2023-07-05 02:00:05.479 [info] > git for-each-ref --format=%(refname)%00%(upstream:short)%00%(objectname)%00%(upstream:track)%00%(upstream:remotename)%00%(upstream:remoteref) refs/heads/master refs/remotes/master [2ms]
2023-07-05 02:00:05.560 [info] > git status -z -uall [77ms]
2023-07-05 02:00:10.578 [info] > git config --get commit.template [6ms]
2023-07-05 02:00:10.580 [info] > git for-each-ref --format=%(refname)%00%(upstream:short)%00%(objectname)%00%(upstream:track)%00%(upstream:remotename)%00%(upstream:remoteref) refs/heads/master refs/remotes/master [2ms]
2023-07-05 02:00:10.661 [info] > git status -z -uall [76ms]
2023-07-05 02:00:15.677 [info] > git config --get commit.template [6ms]
2023-07-05 02:00:15.679 [info] > git for-each-ref --format=%(refname)%00%(upstream:short)%00%(objectname)%00%(upstream:track)%00%(upstream:remotename)%00%(upstream:remoteref) refs/heads/master refs/remotes/master [2ms]
2023-07-05 02:00:15.759 [info] > git status -z -uall [76ms]
2023-07-05 02:00:20.775 [info] > git config --get commit.template [6ms]
2023-07-05 02:00:20.777 [info] > git for-each-ref --format=%(refname)%00%(upstream:short)%00%(objectname)%00%(upstream:track)%00%(upstream:remotename)%00%(upstream:remoteref) refs/heads/master refs/remotes/master [2ms]
2023-07-05 02:00:20.858 [info] > git status -z -uall [77ms]
2023-07-05 02:00:25.875 [info] > git config --get commit.template [6ms]
2023-07-05 02:00:25.877 [info] > git for-each-ref --format=%(refname)%00%(upstream:short)%00%(objectname)%00%(upstream:track)%00%(upstream:remotename)%00%(upstream:remoteref) refs/heads/master refs/remotes/master [3ms]
2023-07-05 02:00:25.957 [info] > git status -z -uall [76ms]
2023-07-05 02:00:30.974 [info] > git config --get commit.template [6ms]
2023-07-05 02:00:30.976 [info] > git for-each-ref --format=%(refname)%00%(upstream:short)%00%(objectname)%00%(upstream:track)%00%(upstream:remotename)%00%(upstream:remoteref) refs/heads/master refs/remotes/master [3ms]
2023-07-05 02:00:31.055 [info] > git status -z -uall [76ms]
2023-07-05 02:00:36.072 [info] > git config --get commit.template [6ms]
2023-07-05 02:00:36.074 [info] > git for-each-ref --format=%(refname)%00%(upstream:short)%00%(objectname)%00%(upstream:track)%00%(upstream:remotename)%00%(upstream:remoteref) refs/heads/master refs/remotes/master [3ms]
2023-07-05 02:00:36.154 [info] > git status -z -uall [77ms]
2023-07-05 02:00:41.171 [info] > git config --get commit.template [6ms]
2023-07-05 02:00:41.172 [info] > git for-each-ref --format=%(refname)%00%(upstream:short)%00%(objectname)%00%(upstream:track)%00%(upstream:remotename)%00%(upstream:remoteref) refs/heads/master refs/remotes/master [2ms]
2023-07-05 02:00:41.252 [info] > git status -z -uall [76ms]
2023-07-05 02:00:46.269 [info] > git config --get commit.template [6ms]
2023-07-05 02:00:46.271 [info] > git for-each-ref --format=%(refname)%00%(upstream:short)%00%(objectname)%00%(upstream:track)%00%(upstream:remotename)%00%(upstream:remoteref) refs/heads/master refs/remotes/master [3ms]
2023-07-05 02:00:46.351 [info] > git status -z -uall [76ms]
2023-07-05 02:00:51.369 [info] > git config --get commit.template [7ms]
2023-07-05 02:00:51.384 [info] > git for-each-ref --format=%(refname)%00%(upstream:short)%00%(objectname)%00%(upstream:track)%00%(upstream:remotename)%00%(upstream:remoteref) refs/heads/master refs/remotes/master [16ms]
2023-07-05 02:00:51.466 [info] > git status -z -uall [78ms]
2023-07-05 02:00:56.481 [info] > git config --get commit.template [6ms]
2023-07-05 02:00:56.483 [info] > git for-each-ref --format=%(refname)%00%(upstream:short)%00%(objectname)%00%(upstream:track)%00%(upstream:remotename)%00%(upstream:remoteref) refs/heads/master refs/remotes/master [3ms]
2023-07-05 02:00:56.569 [info] > git status -z -uall [83ms]
2023-07-05 02:01:01.589 [info] > git config --get commit.template [7ms]
2023-07-05 02:01:01.592 [info] > git for-each-ref --format=%(refname)%00%(upstream:short)%00%(objectname)%00%(upstream:track)%00%(upstream:remotename)%00%(upstream:remoteref) refs/heads/master refs/remotes/master [5ms]
2023-07-05 02:01:01.675 [info] > git status -z -uall [79ms]
2023-07-05 02:01:06.691 [info] > git config --get commit.template [6ms]
2023-07-05 02:01:06.692 [info] > git for-each-ref --format=%(refname)%00%(upstream:short)%00%(objectname)%00%(upstream:track)%00%(upstream:remotename)%00%(upstream:remoteref) refs/heads/master refs/remotes/master [2ms]
2023-07-05 02:01:06.772 [info] > git status -z -uall [76ms]
2023-07-05 02:01:11.791 [info] > git config --get commit.template [6ms]
2023-07-05 02:01:11.795 [info] > git for-each-ref --format=%(refname)%00%(upstream:short)%00%(objectname)%00%(upstream:track)%00%(upstream:remotename)%00%(upstream:remoteref) refs/heads/master refs/remotes/master [4ms]
2023-07-05 02:01:11.875 [info] > git status -z -uall [77ms]
2023-07-05 02:01:16.897 [info] > git config --get commit.template [5ms]
2023-07-05 02:01:16.898 [info] > git for-each-ref --format=%(refname)%00%(upstream:short)%00%(objectname)%00%(upstream:track)%00%(upstream:remotename)%00%(upstream:remoteref) refs/heads/master refs/remotes/master [2ms]
2023-07-05 02:01:16.978 [info] > git status -z -uall [76ms]
2023-07-05 02:01:21.993 [info] > git config --get commit.template [6ms]
2023-07-05 02:01:21.996 [info] > git for-each-ref --format=%(refname)%00%(upstream:short)%00%(objectname)%00%(upstream:track)%00%(upstream:remotename)%00%(upstream:remoteref) refs/heads/master refs/remotes/master [4ms]
2023-07-05 02:01:22.077 [info] > git status -z -uall [77ms]
2023-07-05 02:01:27.138 [info] > git config --get commit.template [34ms]
2023-07-05 02:01:27.146 [info] > git for-each-ref --format=%(refname)%00%(upstream:short)%00%(objectname)%00%(upstream:track)%00%(upstream:remotename)%00%(upstream:remoteref) refs/heads/master refs/remotes/master [30ms]
2023-07-05 02:01:27.546 [info] > git status -z -uall [381ms]
2023-07-05 02:01:32.566 [info] > git config --get commit.template [6ms]
2023-07-05 02:01:32.568 [info] > git for-each-ref --format=%(refname)%00%(upstream:short)%00%(objectname)%00%(upstream:track)%00%(upstream:remotename)%00%(upstream:remoteref) refs/heads/master refs/remotes/master [4ms]
2023-07-05 02:01:32.676 [info] > git status -z -uall [104ms]
2023-07-05 02:01:37.694 [info] > git config --get commit.template [6ms]
2023-07-05 02:01:37.696 [info] > git for-each-ref --format=%(refname)%00%(upstream:short)%00%(objectname)%00%(upstream:track)%00%(upstream:remotename)%00%(upstream:remoteref) refs/heads/master refs/remotes/master [2ms]
2023-07-05 02:01:37.778 [info] > git status -z -uall [78ms]
2023-07-05 02:01:42.795 [info] > git config --get commit.template [6ms]
2023-07-05 02:01:42.797 [info] > git for-each-ref --format=%(refname)%00%(upstream:short)%00%(objectname)%00%(upstream:track)%00%(upstream:remotename)%00%(upstream:remoteref) refs/heads/master refs/remotes/master [3ms]
2023-07-05 02:01:43.085 [info] > git status -z -uall [284ms]
2023-07-05 02:01:48.100 [info] > git config --get commit.template [7ms]
2023-07-05 02:01:48.102 [info] > git for-each-ref --format=%(refname)%00%(upstream:short)%00%(objectname)%00%(upstream:track)%00%(upstream:remotename)%00%(upstream:remoteref) refs/heads/master refs/remotes/master [2ms]
2023-07-05 02:01:48.181 [info] > git status -z -uall [76ms]
2023-07-05 02:01:53.198 [info] > git config --get commit.template [6ms]
2023-07-05 02:01:53.200 [info] > git for-each-ref --format=%(refname)%00%(upstream:short)%00%(objectname)%00%(upstream:track)%00%(upstream:remotename)%00%(upstream:remoteref) refs/heads/master refs/remotes/master [3ms]
2023-07-05 02:01:53.281 [info] > git status -z -uall [78ms]
2023-07-05 02:01:58.296 [info] > git config --get commit.template [6ms]
2023-07-05 02:01:58.298 [info] > git for-each-ref --format=%(refname)%00%(upstream:short)%00%(objectname)%00%(upstream:track)%00%(upstream:remotename)%00%(upstream:remoteref) refs/heads/master refs/remotes/master [3ms]
2023-07-05 02:01:58.380 [info] > git status -z -uall [78ms]
2023-07-05 02:02:03.395 [info] > git config --get commit.template [6ms]
2023-07-05 02:02:03.403 [info] > git for-each-ref --format=%(refname)%00%(upstream:short)%00%(objectname)%00%(upstream:track)%00%(upstream:remotename)%00%(upstream:remoteref) refs/heads/master refs/remotes/master [9ms]
2023-07-05 02:02:03.486 [info] > git status -z -uall [78ms]
2023-07-05 02:02:08.503 [info] > git config --get commit.template [6ms]
2023-07-05 02:02:08.505 [info] > git for-each-ref --format=%(refname)%00%(upstream:short)%00%(objectname)%00%(upstream:track)%00%(upstream:remotename)%00%(upstream:remoteref) refs/heads/master refs/remotes/master [3ms]
2023-07-05 02:02:08.586 [info] > git status -z -uall [77ms]
2023-07-05 02:02:13.602 [info] > git config --get commit.template [6ms]
2023-07-05 02:02:13.604 [info] > git for-each-ref --format=%(refname)%00%(upstream:short)%00%(objectname)%00%(upstream:track)%00%(upstream:remotename)%00%(upstream:remoteref) refs/heads/master refs/remotes/master [2ms]
2023-07-05 02:02:13.685 [info] > git status -z -uall [76ms]
2023-07-05 02:02:18.701 [info] > git config --get commit.template [7ms]
2023-07-05 02:02:18.703 [info] > git for-each-ref --format=%(refname)%00%(upstream:short)%00%(objectname)%00%(upstream:track)%00%(upstream:remotename)%00%(upstream:remoteref) refs/heads/master refs/remotes/master [2ms]
2023-07-05 02:02:18.789 [info] > git status -z -uall [82ms]
2023-07-05 02:02:23.805 [info] > git config --get commit.template [7ms]
2023-07-05 02:02:23.807 [info] > git for-each-ref --format=%(refname)%00%(upstream:short)%00%(objectname)%00%(upstream:track)%00%(upstream:remotename)%00%(upstream:remoteref) refs/heads/master refs/remotes/master [2ms]
2023-07-05 02:02:23.892 [info] > git status -z -uall [80ms]
2023-07-05 02:02:28.907 [info] > git config --get commit.template [6ms]
2023-07-05 02:02:28.909 [info] > git for-each-ref --format=%(refname)%00%(upstream:short)%00%(objectname)%00%(upstream:track)%00%(upstream:remotename)%00%(upstream:remoteref) refs/heads/master refs/remotes/master [2ms]
2023-07-05 02:02:29.003 [info] > git status -z -uall [90ms]
2023-07-05 02:02:34.021 [info] > git config --get commit.template [6ms]
2023-07-05 02:02:34.024 [info] > git for-each-ref --format=%(refname)%00%(upstream:short)%00%(objectname)%00%(upstream:track)%00%(upstream:remotename)%00%(upstream:remoteref) refs/heads/master refs/remotes/master [3ms]
2023-07-05 02:02:34.206 [info] > git status -z -uall [177ms]
2023-07-05 02:02:39.226 [info] > git config --get commit.template [9ms]
2023-07-05 02:02:39.228 [info] > git for-each-ref --format=%(refname)%00%(upstream:short)%00%(objectname)%00%(upstream:track)%00%(upstream:remotename)%00%(upstream:remoteref) refs/heads/master refs/remotes/master [6ms]
2023-07-05 02:02:39.453 [info] > git status -z -uall [221ms]
2023-07-05 02:02:46.048 [info] > git config --get commit.template [27ms]
2023-07-05 02:02:46.049 [info] > git for-each-ref --format=%(refname)%00%(upstream:short)%00%(objectname)%00%(upstream:track)%00%(upstream:remotename)%00%(upstream:remoteref) refs/heads/master refs/remotes/master [23ms]
2023-07-05 02:02:46.141 [info] > git status -z -uall [87ms]
2023-07-05 02:02:51.159 [info] > git config --get commit.template [6ms]
2023-07-05 02:02:51.162 [info] > git for-each-ref --format=%(refname)%00%(upstream:short)%00%(objectname)%00%(upstream:track)%00%(upstream:remotename)%00%(upstream:remoteref) refs/heads/master refs/remotes/master [3ms]
2023-07-05 02:02:51.467 [info] > git status -z -uall [300ms]
2023-07-05 02:03:06.761 [info] > git config --get commit.template [6ms]
2023-07-05 02:03:06.763 [info] > git for-each-ref --format=%(refname)%00%(upstream:short)%00%(objectname)%00%(upstream:track)%00%(upstream:remotename)%00%(upstream:remoteref) refs/heads/master refs/remotes/master [2ms]
2023-07-05 02:03:06.981 [info] > git status -z -uall [213ms]
2023-07-05 02:03:12.000 [info] > git config --get commit.template [6ms]
2023-07-05 02:03:12.002 [info] > git for-each-ref --format=%(refname)%00%(upstream:short)%00%(objectname)%00%(upstream:track)%00%(upstream:remotename)%00%(upstream:remoteref) refs/heads/master refs/remotes/master [3ms]
2023-07-05 02:03:12.117 [info] > git status -z -uall [109ms]
2023-07-05 02:03:17.134 [info] > git config --get commit.template [7ms]
2023-07-05 02:03:17.136 [info] > git for-each-ref --format=%(refname)%00%(upstream:short)%00%(objectname)%00%(upstream:track)%00%(upstream:remotename)%00%(upstream:remoteref) refs/heads/master refs/remotes/master [3ms]
2023-07-05 02:03:17.219 [info] > git status -z -uall [79ms]
2023-07-05 02:03:22.236 [info] > git config --get commit.template [7ms]
2023-07-05 02:03:22.238 [info] > git for-each-ref --format=%(refname)%00%(upstream:short)%00%(objectname)%00%(upstream:track)%00%(upstream:remotename)%00%(upstream:remoteref) refs/heads/master refs/remotes/master [4ms]
2023-07-05 02:03:22.319 [info] > git status -z -uall [78ms]
2023-07-05 02:03:27.370 [info] > git config --get commit.template [34ms]
2023-07-05 02:03:27.373 [info] > git for-each-ref --format=%(refname)%00%(upstream:short)%00%(objectname)%00%(upstream:track)%00%(upstream:remotename)%00%(upstream:remoteref) refs/heads/master refs/remotes/master [31ms]
2023-07-05 02:03:27.661 [info] > git status -z -uall [284ms]
2023-07-05 02:03:32.690 [info] > git config --get commit.template [15ms]
2023-07-05 02:03:32.691 [info] > git for-each-ref --format=%(refname)%00%(upstream:short)%00%(objectname)%00%(upstream:track)%00%(upstream:remotename)%00%(upstream:remoteref) refs/heads/master refs/remotes/master [12ms]
2023-07-05 02:03:32.801 [info] > git status -z -uall [106ms]
2023-07-05 02:03:37.817 [info] > git config --get commit.template [5ms]
2023-07-05 02:03:37.819 [info] > git for-each-ref --format=%(refname)%00%(upstream:short)%00%(objectname)%00%(upstream:track)%00%(upstream:remotename)%00%(upstream:remoteref) refs/heads/master refs/remotes/master [3ms]
2023-07-05 02:03:37.968 [info] > git status -z -uall [146ms]
2023-07-05 02:03:42.993 [info] > git config --get commit.template [7ms]
2023-07-05 02:03:42.995 [info] > git for-each-ref --format=%(refname)%00%(upstream:short)%00%(objectname)%00%(upstream:track)%00%(upstream:remotename)%00%(upstream:remoteref) refs/heads/master refs/remotes/master [5ms]
2023-07-05 02:03:43.085 [info] > git status -z -uall [87ms]
2023-07-05 02:03:48.101 [info] > git config --get commit.template [6ms]
2023-07-05 02:03:48.103 [info] > git for-each-ref --format=%(refname)%00%(upstream:short)%00%(objectname)%00%(upstream:track)%00%(upstream:remotename)%00%(upstream:remoteref) refs/heads/master refs/remotes/master [3ms]
2023-07-05 02:03:48.184 [info] > git status -z -uall [78ms]
2023-07-05 02:03:53.201 [info] > git config --get commit.template [6ms]
2023-07-05 02:03:53.202 [info] > git for-each-ref --format=%(refname)%00%(upstream:short)%00%(objectname)%00%(upstream:track)%00%(upstream:remotename)%00%(upstream:remoteref) refs/heads/master refs/remotes/master [2ms]
2023-07-05 02:03:53.284 [info] > git status -z -uall [78ms]
2023-07-05 02:03:58.299 [info] > git config --get commit.template [6ms]
2023-07-05 02:03:58.300 [info] > git for-each-ref --format=%(refname)%00%(upstream:short)%00%(objectname)%00%(upstream:track)%00%(upstream:remotename)%00%(upstream:remoteref) refs/heads/master refs/remotes/master [2ms]
2023-07-05 02:03:58.432 [info] > git show --textconv :flaskr/templates/login.html [24ms]
2023-07-05 02:03:58.436 [info] > git ls-files --stage -- /home/ec2-user/flaskr/templates/login.html [21ms]
2023-07-05 02:03:58.452 [info] > git cat-file -s 3cc5ee4685b2d20f1ae459b8b41bb1d7b33bcc0b [7ms]
2023-07-05 02:03:58.501 [info] > git status -z -uall [197ms]
2023-07-05 02:04:02.634 [info] > git show --textconv :flaskr/templates/home.html [13ms]
2023-07-05 02:04:02.636 [info] > git ls-files --stage -- /home/ec2-user/flaskr/templates/home.html [8ms]
2023-07-05 02:04:02.642 [info] > git cat-file -s cfd82d7c7398b1553d73ac59a08054f31d2f733c [2ms]
2023-07-05 02:04:03.518 [info] > git config --get commit.template [5ms]
2023-07-05 02:04:03.520 [info] > git for-each-ref --format=%(refname)%00%(upstream:short)%00%(objectname)%00%(upstream:track)%00%(upstream:remotename)%00%(upstream:remoteref) refs/heads/master refs/remotes/master [3ms]
2023-07-05 02:04:03.601 [info] > git status -z -uall [77ms]
2023-07-05 02:04:08.616 [info] > git config --get commit.template [6ms]
2023-07-05 02:04:08.618 [info] > git for-each-ref --format=%(refname)%00%(upstream:short)%00%(objectname)%00%(upstream:track)%00%(upstream:remotename)%00%(upstream:remoteref) refs/heads/master refs/remotes/master [3ms]
2023-07-05 02:04:08.704 [info] > git status -z -uall [83ms]
2023-07-05 02:04:13.729 [info] > git config --get commit.template [5ms]
2023-07-05 02:04:13.734 [info] > git for-each-ref --format=%(refname)%00%(upstream:short)%00%(objectname)%00%(upstream:track)%00%(upstream:remotename)%00%(upstream:remoteref) refs/heads/master refs/remotes/master [3ms]
2023-07-05 02:04:13.816 [info] > git status -z -uall [78ms]
2023-07-05 02:04:18.833 [info] > git config --get commit.template [5ms]
2023-07-05 02:04:18.835 [info] > git for-each-ref --format=%(refname)%00%(upstream:short)%00%(objectname)%00%(upstream:track)%00%(upstream:remotename)%00%(upstream:remoteref) refs/heads/master refs/remotes/master [3ms]
2023-07-05 02:04:18.917 [info] > git status -z -uall [78ms]
2023-07-05 02:04:23.933 [info] > git config --get commit.template [5ms]
2023-07-05 02:04:23.935 [info] > git for-each-ref --format=%(refname)%00%(upstream:short)%00%(objectname)%00%(upstream:track)%00%(upstream:remotename)%00%(upstream:remoteref) refs/heads/master refs/remotes/master [2ms]
2023-07-05 02:04:24.019 [info] > git status -z -uall [80ms]
2023-07-05 02:04:29.035 [info] > git config --get commit.template [5ms]
2023-07-05 02:04:29.037 [info] > git for-each-ref --format=%(refname)%00%(upstream:short)%00%(objectname)%00%(upstream:track)%00%(upstream:remotename)%00%(upstream:remoteref) refs/heads/master refs/remotes/master [2ms]
2023-07-05 02:04:29.118 [info] > git status -z -uall [76ms]
2023-07-05 02:04:30.389 [info] > git ls-files --stage -- /home/ec2-user/flaskr/forms.py [10ms]
2023-07-05 02:04:30.406 [info] > git show --textconv :flaskr/forms.py [40ms]
2023-07-05 02:04:30.414 [info] > git cat-file -s 3c843396a08fc83cb808801844511f45be798056 [9ms]
2023-07-05 02:04:34.134 [info] > git config --get commit.template [6ms]
2023-07-05 02:04:34.136 [info] > git for-each-ref --format=%(refname)%00%(upstream:short)%00%(objectname)%00%(upstream:track)%00%(upstream:remotename)%00%(upstream:remoteref) refs/heads/master refs/remotes/master [3ms]
2023-07-05 02:04:34.219 [info] > git status -z -uall [79ms]
2023-07-05 02:04:39.237 [info] > git config --get commit.template [6ms]
2023-07-05 02:04:39.239 [info] > git for-each-ref --format=%(refname)%00%(upstream:short)%00%(objectname)%00%(upstream:track)%00%(upstream:remotename)%00%(upstream:remoteref) refs/heads/master refs/remotes/master [3ms]
2023-07-05 02:04:39.322 [info] > git status -z -uall [79ms]
2023-07-05 02:04:44.345 [info] > git config --get commit.template [6ms]
2023-07-05 02:04:44.347 [info] > git for-each-ref --format=%(refname)%00%(upstream:short)%00%(objectname)%00%(upstream:track)%00%(upstream:remotename)%00%(upstream:remoteref) refs/heads/master refs/remotes/master [2ms]
2023-07-05 02:04:44.429 [info] > git status -z -uall [77ms]
2023-07-05 02:04:49.447 [info] > git config --get commit.template [6ms]
2023-07-05 02:04:49.449 [info] > git for-each-ref --format=%(refname)%00%(upstream:short)%00%(objectname)%00%(upstream:track)%00%(upstream:remotename)%00%(upstream:remoteref) refs/heads/master refs/remotes/master [3ms]
2023-07-05 02:04:49.530 [info] > git status -z -uall [78ms]
2023-07-05 02:04:54.548 [info] > git config --get commit.template [6ms]
2023-07-05 02:04:54.550 [info] > git for-each-ref --format=%(refname)%00%(upstream:short)%00%(objectname)%00%(upstream:track)%00%(upstream:remotename)%00%(upstream:remoteref) refs/heads/master refs/remotes/master [3ms]
2023-07-05 02:04:54.633 [info] > git status -z -uall [80ms]
2023-07-05 02:04:59.649 [info] > git config --get commit.template [6ms]
2023-07-05 02:04:59.651 [info] > git for-each-ref --format=%(refname)%00%(upstream:short)%00%(objectname)%00%(upstream:track)%00%(upstream:remotename)%00%(upstream:remoteref) refs/heads/master refs/remotes/master [3ms]
2023-07-05 02:04:59.734 [info] > git status -z -uall [78ms]
2023-07-05 02:05:04.751 [info] > git config --get commit.template [6ms]
2023-07-05 02:05:04.753 [info] > git for-each-ref --format=%(refname)%00%(upstream:short)%00%(objectname)%00%(upstream:track)%00%(upstream:remotename)%00%(upstream:remoteref) refs/heads/master refs/remotes/master [3ms]
2023-07-05 02:05:04.836 [info] > git status -z -uall [80ms]
2023-07-05 02:05:09.852 [info] > git config --get commit.template [5ms]
2023-07-05 02:05:09.854 [info] > git for-each-ref --format=%(refname)%00%(upstream:short)%00%(objectname)%00%(upstream:track)%00%(upstream:remotename)%00%(upstream:remoteref) refs/heads/master refs/remotes/master [3ms]
2023-07-05 02:05:09.936 [info] > git status -z -uall [79ms]
2023-07-05 02:05:14.956 [info] > git config --get commit.template [5ms]
2023-07-05 02:05:14.957 [info] > git for-each-ref --format=%(refname)%00%(upstream:short)%00%(objectname)%00%(upstream:track)%00%(upstream:remotename)%00%(upstream:remoteref) refs/heads/master refs/remotes/master [2ms]
2023-07-05 02:05:15.038 [info] > git status -z -uall [76ms]
2023-07-05 02:05:20.055 [info] > git config --get commit.template [7ms]
2023-07-05 02:05:20.058 [info] > git for-each-ref --format=%(refname)%00%(upstream:short)%00%(objectname)%00%(upstream:track)%00%(upstream:remotename)%00%(upstream:remoteref) refs/heads/master refs/remotes/master [4ms]
2023-07-05 02:05:20.142 [info] > git status -z -uall [80ms]
2023-07-05 02:05:25.179 [info] > git config --get commit.template [26ms]
2023-07-05 02:05:25.182 [info] > git for-each-ref --format=%(refname)%00%(upstream:short)%00%(objectname)%00%(upstream:track)%00%(upstream:remotename)%00%(upstream:remoteref) refs/heads/master refs/remotes/master [24ms]
2023-07-05 02:05:25.314 [info] > git status -z -uall [128ms]
2023-07-05 02:05:30.347 [info] > git config --get commit.template [14ms]
2023-07-05 02:05:30.349 [info] > git for-each-ref --format=%(refname)%00%(upstream:short)%00%(objectname)%00%(upstream:track)%00%(upstream:remotename)%00%(upstream:remoteref) refs/heads/master refs/remotes/master [4ms]
2023-07-05 02:05:30.451 [info] > git status -z -uall [98ms]
2023-07-05 02:05:35.468 [info] > git config --get commit.template [6ms]
2023-07-05 02:05:35.470 [info] > git for-each-ref --format=%(refname)%00%(upstream:short)%00%(objectname)%00%(upstream:track)%00%(upstream:remotename)%00%(upstream:remoteref) refs/heads/master refs/remotes/master [3ms]
2023-07-05 02:05:35.551 [info] > git status -z -uall [77ms]
2023-07-05 02:06:18.094 [info] > git config --get commit.template [5ms]
2023-07-05 02:06:18.095 [info] > git for-each-ref --format=%(refname)%00%(upstream:short)%00%(objectname)%00%(upstream:track)%00%(upstream:remotename)%00%(upstream:remoteref) refs/heads/master refs/remotes/master [2ms]
2023-07-05 02:06:18.176 [info] > git status -z -uall [77ms]
2023-07-05 02:06:23.192 [info] > git config --get commit.template [6ms]
2023-07-05 02:06:23.194 [info] > git for-each-ref --format=%(refname)%00%(upstream:short)%00%(objectname)%00%(upstream:track)%00%(upstream:remotename)%00%(upstream:remoteref) refs/heads/master refs/remotes/master [3ms]
2023-07-05 02:06:23.275 [info] > git status -z -uall [78ms]
2023-07-05 02:06:31.111 [info] > git config --get commit.template [10ms]
2023-07-05 02:06:31.114 [info] > git for-each-ref --format=%(refname)%00%(upstream:short)%00%(objectname)%00%(upstream:track)%00%(upstream:remotename)%00%(upstream:remoteref) refs/heads/master refs/remotes/master [9ms]
2023-07-05 02:06:31.427 [info] > git status -z -uall [309ms]
2023-07-05 02:06:36.489 [info] > git config --get commit.template [41ms]
2023-07-05 02:06:36.499 [info] > git for-each-ref --format=%(refname)%00%(upstream:short)%00%(objectname)%00%(upstream:track)%00%(upstream:remotename)%00%(upstream:remoteref) refs/heads/master refs/remotes/master [40ms]
2023-07-05 02:06:36.837 [info] > git status -z -uall [334ms]
2023-07-05 02:06:44.454 [info] > git config --get commit.template [45ms]
2023-07-05 02:06:44.456 [info] > git for-each-ref --format=%(refname)%00%(upstream:short)%00%(objectname)%00%(upstream:track)%00%(upstream:remotename)%00%(upstream:remoteref) refs/heads/master refs/remotes/master [37ms]
2023-07-05 02:06:44.816 [info] > git status -z -uall [355ms]
2023-07-05 02:06:49.887 [info] > git config --get commit.template [50ms]
2023-07-05 02:06:49.892 [info] > git for-each-ref --format=%(refname)%00%(upstream:short)%00%(objectname)%00%(upstream:track)%00%(upstream:remotename)%00%(upstream:remoteref) refs/heads/master refs/remotes/master [41ms]
2023-07-05 02:06:50.246 [info] > git status -z -uall [347ms]
2023-07-05 02:06:55.300 [info] > git config --get commit.template [16ms]
2023-07-05 02:06:55.301 [info] > git for-each-ref --format=%(refname)%00%(upstream:short)%00%(objectname)%00%(upstream:track)%00%(upstream:remotename)%00%(upstream:remoteref) refs/heads/master refs/remotes/master [13ms]
2023-07-05 02:06:55.594 [info] > git status -z -uall [289ms]
2023-07-05 02:07:00.634 [info] > git config --get commit.template [22ms]
2023-07-05 02:07:00.637 [info] > git for-each-ref --format=%(refname)%00%(upstream:short)%00%(objectname)%00%(upstream:track)%00%(upstream:remotename)%00%(upstream:remoteref) refs/heads/master refs/remotes/master [20ms]
2023-07-05 02:07:00.890 [info] > git status -z -uall [249ms]
2023-07-05 02:07:05.956 [info] > git config --get commit.template [13ms]
2023-07-05 02:07:05.959 [info] > git for-each-ref --format=%(refname)%00%(upstream:short)%00%(objectname)%00%(upstream:track)%00%(upstream:remotename)%00%(upstream:remoteref) refs/heads/master refs/remotes/master [12ms]
2023-07-05 02:07:06.145 [info] > git status -z -uall [182ms]
2023-07-05 02:07:11.163 [info] > git config --get commit.template [6ms]
2023-07-05 02:07:11.165 [info] > git for-each-ref --format=%(refname)%00%(upstream:short)%00%(objectname)%00%(upstream:track)%00%(upstream:remotename)%00%(upstream:remoteref) refs/heads/master refs/remotes/master [3ms]
2023-07-05 02:07:11.246 [info] > git status -z -uall [76ms]
2023-07-05 02:07:16.261 [info] > git config --get commit.template [6ms]
2023-07-05 02:07:16.263 [info] > git for-each-ref --format=%(refname)%00%(upstream:short)%00%(objectname)%00%(upstream:track)%00%(upstream:remotename)%00%(upstream:remoteref) refs/heads/master refs/remotes/master [3ms]
2023-07-05 02:07:16.346 [info] > git status -z -uall [76ms]
2023-07-05 02:07:21.363 [info] > git config --get commit.template [8ms]
2023-07-05 02:07:21.365 [info] > git for-each-ref --format=%(refname)%00%(upstream:short)%00%(objectname)%00%(upstream:track)%00%(upstream:remotename)%00%(upstream:remoteref) refs/heads/master refs/remotes/master [3ms]
2023-07-05 02:07:21.445 [info] > git status -z -uall [76ms]
2023-07-05 02:08:28.665 [info] > git config --get commit.template [42ms]
2023-07-05 02:08:28.669 [info] > git for-each-ref --format=%(refname)%00%(upstream:short)%00%(objectname)%00%(upstream:track)%00%(upstream:remotename)%00%(upstream:remoteref) refs/heads/master refs/remotes/master [46ms]
2023-07-05 02:08:28.961 [info] > git status -z -uall [287ms]
2023-07-05 02:08:43.985 [info] > git config --get commit.template [43ms]
2023-07-05 02:08:43.991 [info] > git for-each-ref --format=%(refname)%00%(upstream:short)%00%(objectname)%00%(upstream:track)%00%(upstream:remotename)%00%(upstream:remoteref) refs/heads/master refs/remotes/master [43ms]
2023-07-05 02:08:44.409 [info] > git status -z -uall [412ms]
2023-07-05 02:08:49.472 [info] > git config --get commit.template [35ms]
2023-07-05 02:08:49.475 [info] > git for-each-ref --format=%(refname)%00%(upstream:short)%00%(objectname)%00%(upstream:track)%00%(upstream:remotename)%00%(upstream:remoteref) refs/heads/master refs/remotes/master [34ms]
2023-07-05 02:08:49.979 [info] > git status -z -uall [496ms]
2023-07-05 02:08:55.054 [info] > git config --get commit.template [36ms]
2023-07-05 02:08:55.061 [info] > git for-each-ref --format=%(refname)%00%(upstream:short)%00%(objectname)%00%(upstream:track)%00%(upstream:remotename)%00%(upstream:remoteref) refs/heads/master refs/remotes/master [36ms]
2023-07-05 02:08:55.438 [info] > git status -z -uall [370ms]
2023-07-05 02:09:00.524 [info] > git config --get commit.template [34ms]
2023-07-05 02:09:00.527 [info] > git for-each-ref --format=%(refname)%00%(upstream:short)%00%(objectname)%00%(upstream:track)%00%(upstream:remotename)%00%(upstream:remoteref) refs/heads/master refs/remotes/master [33ms]
2023-07-05 02:09:00.977 [info] > git status -z -uall [442ms]
2023-07-05 02:09:06.056 [info] > git config --get commit.template [40ms]
2023-07-05 02:09:06.059 [info] > git for-each-ref --format=%(refname)%00%(upstream:short)%00%(objectname)%00%(upstream:track)%00%(upstream:remotename)%00%(upstream:remoteref) refs/heads/master refs/remotes/master [39ms]
2023-07-05 02:09:06.488 [info] > git status -z -uall [419ms]
2023-07-05 02:09:11.548 [info] > git config --get commit.template [31ms]
2023-07-05 02:09:11.551 [info] > git for-each-ref --format=%(refname)%00%(upstream:short)%00%(objectname)%00%(upstream:track)%00%(upstream:remotename)%00%(upstream:remoteref) refs/heads/master refs/remotes/master [32ms]
2023-07-05 02:09:12.007 [info] > git status -z -uall [443ms]
2023-07-05 02:09:17.102 [info] > git config --get commit.template [41ms]
2023-07-05 02:09:17.108 [info] > git for-each-ref --format=%(refname)%00%(upstream:short)%00%(objectname)%00%(upstream:track)%00%(upstream:remotename)%00%(upstream:remoteref) refs/heads/master refs/remotes/master [42ms]
2023-07-05 02:09:17.545 [info] > git status -z -uall [430ms]
2023-07-05 02:09:22.615 [info] > git config --get commit.template [39ms]
2023-07-05 02:09:22.618 [info] > git for-each-ref --format=%(refname)%00%(upstream:short)%00%(objectname)%00%(upstream:track)%00%(upstream:remotename)%00%(upstream:remoteref) refs/heads/master refs/remotes/master [39ms]
2023-07-05 02:09:23.600 [info] > git status -z -uall [962ms]
2023-07-05 02:09:28.796 [info] > git config --get commit.template [47ms]
2023-07-05 02:09:28.799 [info] > git for-each-ref --format=%(refname)%00%(upstream:short)%00%(objectname)%00%(upstream:track)%00%(upstream:remotename)%00%(upstream:remoteref) refs/heads/master refs/remotes/master [45ms]
2023-07-05 02:09:29.368 [info] > git status -z -uall [560ms]
2023-07-05 02:09:34.453 [info] > git config --get commit.template [38ms]
2023-07-05 02:09:34.458 [info] > git for-each-ref --format=%(refname)%00%(upstream:short)%00%(objectname)%00%(upstream:track)%00%(upstream:remotename)%00%(upstream:remoteref) refs/heads/master refs/remotes/master [39ms]
2023-07-05 02:09:35.030 [info] > git status -z -uall [565ms]
2023-07-05 02:09:40.117 [info] > git config --get commit.template [53ms]
2023-07-05 02:09:40.123 [info] > git for-each-ref --format=%(refname)%00%(upstream:short)%00%(objectname)%00%(upstream:track)%00%(upstream:remotename)%00%(upstream:remoteref) refs/heads/master refs/remotes/master [53ms]
2023-07-05 02:09:40.646 [info] > git status -z -uall [515ms]
2023-07-05 02:09:45.739 [info] > git config --get commit.template [45ms]
2023-07-05 02:09:45.747 [info] > git for-each-ref --format=%(refname)%00%(upstream:short)%00%(objectname)%00%(upstream:track)%00%(upstream:remotename)%00%(upstream:remoteref) refs/heads/master refs/remotes/master [48ms]
2023-07-05 02:09:46.198 [info] > git status -z -uall [444ms]
2023-07-05 02:09:51.284 [info] > git config --get commit.template [51ms]
2023-07-05 02:09:51.293 [info] > git for-each-ref --format=%(refname)%00%(upstream:short)%00%(objectname)%00%(upstream:track)%00%(upstream:remotename)%00%(upstream:remoteref) refs/heads/master refs/remotes/master [53ms]
2023-07-05 02:09:51.872 [info] > git status -z -uall [567ms]
2023-07-05 02:09:56.947 [info] > git config --get commit.template [41ms]
2023-07-05 02:09:56.949 [info] > git for-each-ref --format=%(refname)%00%(upstream:short)%00%(objectname)%00%(upstream:track)%00%(upstream:remotename)%00%(upstream:remoteref) refs/heads/master refs/remotes/master [41ms]
2023-07-05 02:09:57.546 [info] > git status -z -uall [588ms]
2023-07-05 02:10:02.629 [info] > git config --get commit.template [38ms]
2023-07-05 02:10:02.636 [info] > git for-each-ref --format=%(refname)%00%(upstream:short)%00%(objectname)%00%(upstream:track)%00%(upstream:remotename)%00%(upstream:remoteref) refs/heads/master refs/remotes/master [40ms]
2023-07-05 02:10:03.158 [info] > git status -z -uall [514ms]
2023-07-05 02:10:08.238 [info] > git config --get commit.template [38ms]
2023-07-05 02:10:08.242 [info] > git for-each-ref --format=%(refname)%00%(upstream:short)%00%(objectname)%00%(upstream:track)%00%(upstream:remotename)%00%(upstream:remoteref) refs/heads/master refs/remotes/master [37ms]
2023-07-05 02:10:08.694 [info] > git status -z -uall [446ms]
2023-07-05 02:10:13.815 [info] > git config --get commit.template [47ms]
2023-07-05 02:10:13.820 [info] > git for-each-ref --format=%(refname)%00%(upstream:short)%00%(objectname)%00%(upstream:track)%00%(upstream:remotename)%00%(upstream:remoteref) refs/heads/master refs/remotes/master [47ms]
2023-07-05 02:10:14.386 [info] > git status -z -uall [558ms]
2023-07-05 02:10:33.372 [info] > git config --get commit.template [44ms]
2023-07-05 02:10:33.378 [info] > git for-each-ref --format=%(refname)%00%(upstream:short)%00%(objectname)%00%(upstream:track)%00%(upstream:remotename)%00%(upstream:remoteref) refs/heads/master refs/remotes/master [49ms]
2023-07-05 02:10:33.984 [info] > git status -z -uall [597ms]
2023-07-05 02:10:39.045 [info] > git config --get commit.template [28ms]
2023-07-05 02:10:39.051 [info] > git for-each-ref --format=%(refname)%00%(upstream:short)%00%(objectname)%00%(upstream:track)%00%(upstream:remotename)%00%(upstream:remoteref) refs/heads/master refs/remotes/master [30ms]
2023-07-05 02:10:39.652 [info] > git status -z -uall [594ms]
2023-07-05 02:10:44.785 [info] > git config --get commit.template [53ms]
2023-07-05 02:10:44.787 [info] > git for-each-ref --format=%(refname)%00%(upstream:short)%00%(objectname)%00%(upstream:track)%00%(upstream:remotename)%00%(upstream:remoteref) refs/heads/master refs/remotes/master [47ms]
2023-07-05 02:10:45.459 [info] > git status -z -uall [664ms]
2023-07-05 02:10:50.531 [info] > git config --get commit.template [30ms]
2023-07-05 02:10:50.538 [info] > git for-each-ref --format=%(refname)%00%(upstream:short)%00%(objectname)%00%(upstream:track)%00%(upstream:remotename)%00%(upstream:remoteref) refs/heads/master refs/remotes/master [31ms]
2023-07-05 02:10:51.154 [info] > git status -z -uall [606ms]
2023-07-05 02:10:56.235 [info] > git config --get commit.template [37ms]
2023-07-05 02:10:56.245 [info] > git for-each-ref --format=%(refname)%00%(upstream:short)%00%(objectname)%00%(upstream:track)%00%(upstream:remotename)%00%(upstream:remoteref) refs/heads/master refs/remotes/master [41ms]
2023-07-05 02:10:56.800 [info] > git status -z -uall [543ms]
2023-07-05 02:11:01.893 [info] > git config --get commit.template [47ms]
2023-07-05 02:11:01.900 [info] > git for-each-ref --format=%(refname)%00%(upstream:short)%00%(objectname)%00%(upstream:track)%00%(upstream:remotename)%00%(upstream:remoteref) refs/heads/master refs/remotes/master [50ms]
2023-07-05 02:11:02.554 [info] > git status -z -uall [646ms]
2023-07-05 02:11:07.624 [info] > git config --get commit.template [42ms]
2023-07-05 02:11:07.631 [info] > git for-each-ref --format=%(refname)%00%(upstream:short)%00%(objectname)%00%(upstream:track)%00%(upstream:remotename)%00%(upstream:remoteref) refs/heads/master refs/remotes/master [43ms]
2023-07-05 02:11:08.214 [info] > git status -z -uall [573ms]
2023-07-05 02:11:16.285 [info] > git config --get commit.template [37ms]
2023-07-05 02:11:16.290 [info] > git for-each-ref --format=%(refname)%00%(upstream:short)%00%(objectname)%00%(upstream:track)%00%(upstream:remotename)%00%(upstream:remoteref) refs/heads/master refs/remotes/master [38ms]
2023-07-05 02:11:16.824 [info] > git status -z -uall [522ms]
2023-07-05 02:11:21.902 [info] > git config --get commit.template [31ms]
2023-07-05 02:11:21.909 [info] > git for-each-ref --format=%(refname)%00%(upstream:short)%00%(objectname)%00%(upstream:track)%00%(upstream:remotename)%00%(upstream:remoteref) refs/heads/master refs/remotes/master [35ms]
2023-07-05 02:11:22.457 [info] > git status -z -uall [541ms]
2023-07-05 02:11:27.555 [info] > git config --get commit.template [40ms]
2023-07-05 02:11:27.562 [info] > git for-each-ref --format=%(refname)%00%(upstream:short)%00%(objectname)%00%(upstream:track)%00%(upstream:remotename)%00%(upstream:remoteref) refs/heads/master refs/remotes/master [46ms]
2023-07-05 02:11:28.136 [info] > git status -z -uall [561ms]
2023-07-05 02:11:33.210 [info] > git config --get commit.template [42ms]
2023-07-05 02:11:33.216 [info] > git for-each-ref --format=%(refname)%00%(upstream:short)%00%(objectname)%00%(upstream:track)%00%(upstream:remotename)%00%(upstream:remoteref) refs/heads/master refs/remotes/master [43ms]
2023-07-05 02:11:33.685 [info] > git status -z -uall [461ms]
2023-07-05 02:11:38.790 [info] > git config --get commit.template [49ms]
2023-07-05 02:11:38.799 [info] > git for-each-ref --format=%(refname)%00%(upstream:short)%00%(objectname)%00%(upstream:track)%00%(upstream:remotename)%00%(upstream:remoteref) refs/heads/master refs/remotes/master [54ms]
2023-07-05 02:11:39.360 [info] > git status -z -uall [552ms]
2023-07-05 02:12:10.183 [info] > git config --get commit.template [55ms]
2023-07-05 02:12:10.191 [info] > git for-each-ref --format=%(refname)%00%(upstream:short)%00%(objectname)%00%(upstream:track)%00%(upstream:remotename)%00%(upstream:remoteref) refs/heads/master refs/remotes/master [63ms]
2023-07-05 02:12:10.725 [info] > git status -z -uall [522ms]
2023-07-05 02:12:16.565 [info] > git config --get commit.template [47ms]
2023-07-05 02:12:16.575 [info] > git for-each-ref --format=%(refname)%00%(upstream:short)%00%(objectname)%00%(upstream:track)%00%(upstream:remotename)%00%(upstream:remoteref) refs/heads/master refs/remotes/master [51ms]
2023-07-05 02:12:17.050 [info] > git status -z -uall [457ms]
2023-07-05 02:12:22.125 [info] > git config --get commit.template [36ms]
2023-07-05 02:12:22.133 [info] > git for-each-ref --format=%(refname)%00%(upstream:short)%00%(objectname)%00%(upstream:track)%00%(upstream:remotename)%00%(upstream:remoteref) refs/heads/master refs/remotes/master [41ms]
2023-07-05 02:12:22.685 [info] > git status -z -uall [544ms]
2023-07-05 02:12:27.798 [info] > git config --get commit.template [38ms]
2023-07-05 02:12:27.803 [info] > git for-each-ref --format=%(refname)%00%(upstream:short)%00%(objectname)%00%(upstream:track)%00%(upstream:remotename)%00%(upstream:remoteref) refs/heads/master refs/remotes/master [39ms]
2023-07-05 02:12:28.418 [info] > git status -z -uall [607ms]
2023-07-05 02:12:33.488 [info] > git config --get commit.template [30ms]
2023-07-05 02:12:33.495 [info] > git for-each-ref --format=%(refname)%00%(upstream:short)%00%(objectname)%00%(upstream:track)%00%(upstream:remotename)%00%(upstream:remoteref) refs/heads/master refs/remotes/master [31ms]
2023-07-05 02:12:34.046 [info] > git status -z -uall [540ms]
2023-07-05 02:12:39.124 [info] > git config --get commit.template [44ms]
2023-07-05 02:12:39.134 [info] > git for-each-ref --format=%(refname)%00%(upstream:short)%00%(objectname)%00%(upstream:track)%00%(upstream:remotename)%00%(upstream:remoteref) refs/heads/master refs/remotes/master [49ms]
2023-07-05 02:12:39.722 [info] > git status -z -uall [580ms]
2023-07-05 02:12:44.826 [info] > git config --get commit.template [45ms]
2023-07-05 02:12:44.833 [info] > git for-each-ref --format=%(refname)%00%(upstream:short)%00%(objectname)%00%(upstream:track)%00%(upstream:remotename)%00%(upstream:remoteref) refs/heads/master refs/remotes/master [48ms]
2023-07-05 02:12:45.409 [info] > git status -z -uall [567ms]
2023-07-05 02:12:50.499 [info] > git config --get commit.template [32ms]
2023-07-05 02:12:50.508 [info] > git for-each-ref --format=%(refname)%00%(upstream:short)%00%(objectname)%00%(upstream:track)%00%(upstream:remotename)%00%(upstream:remoteref) refs/heads/master refs/remotes/master [13ms]
2023-07-05 02:12:51.131 [info] > git status -z -uall [614ms]
2023-07-05 02:12:56.192 [info] > git config --get commit.template [36ms]
2023-07-05 02:12:56.202 [info] > git for-each-ref --format=%(refname)%00%(upstream:short)%00%(objectname)%00%(upstream:track)%00%(upstream:remotename)%00%(upstream:remoteref) refs/heads/master refs/remotes/master [33ms]
2023-07-05 02:12:56.791 [info] > git status -z -uall [580ms]
2023-07-05 02:13:01.895 [info] > git config --get commit.template [43ms]
2023-07-05 02:13:01.901 [info] > git for-each-ref --format=%(refname)%00%(upstream:short)%00%(objectname)%00%(upstream:track)%00%(upstream:remotename)%00%(upstream:remoteref) refs/heads/master refs/remotes/master [49ms]
2023-07-05 02:13:02.560 [info] > git status -z -uall [648ms]
2023-07-05 02:13:07.621 [info] > git config --get commit.template [34ms]
2023-07-05 02:13:07.631 [info] > git for-each-ref --format=%(refname)%00%(upstream:short)%00%(objectname)%00%(upstream:track)%00%(upstream:remotename)%00%(upstream:remoteref) refs/heads/master refs/remotes/master [39ms]
2023-07-05 02:13:08.263 [info] > git status -z -uall [599ms]
2023-07-05 02:13:10.160 [info] > git ls-files --stage -- /home/ec2-user/flaskr/templates/post_detail.html [40ms]
2023-07-05 02:13:10.196 [info] > git show --textconv :flaskr/templates/post_detail.html [116ms]
2023-07-05 02:13:10.219 [info] > git cat-file -s 1ac000a1a6a3bec1e7d1572ed5e83ee3c4b0b67f [24ms]
2023-07-05 02:14:08.223 [info] > git config --get commit.template [6994ms]
2023-07-05 02:14:11.609 [info] > git for-each-ref --format=%(refname)%00%(upstream:short)%00%(objectname)%00%(upstream:track)%00%(upstream:remotename)%00%(upstream:remoteref) refs/heads/master refs/remotes/master [1219ms]
