2023-07-04 06:01:19.825 [info] [Info  - 6:01:19 AM] (2700) Pylance language server 2023.6.40 (pyright 3f84540e) starting
2023-07-04 06:01:19.864 [info] [Info  - 6:01:19 AM] (2700) Server root directory: /home/ec2-user/.vscode-server/extensions/ms-python.vscode-pylance-2023.6.40/dist
2023-07-04 06:01:19.864 [info] [Info  - 6:01:19 AM] (2700) Starting service instance "ec2-user"
2023-07-04 06:01:20.006 [info] [Info  - 6:01:20 AM] (2700) Setting pythonPath for service "ec2-user": "/bin/python3"
2023-07-04 06:01:20.008 [info] [Warn  - 6:01:20 AM] (2700) stubPath /home/ec2-user/typings is not a valid directory.
2023-07-04 06:01:20.117 [info] [Info  - 6:01:20 AM] (2700) Assuming Python version 3.9
2023-07-04 06:01:20.404 [info] [Info  - 6:01:20 AM] (2700) Found 3 source files
2023-07-04 06:01:22.378 [info] [Info  - 6:01:22 AM] (2700) Background analysis(1) root directory: /home/ec2-user/.vscode-server/extensions/ms-python.vscode-pylance-2023.6.40/dist
2023-07-04 06:01:22.379 [info] [Info  - 6:01:22 AM] (2700) Background analysis(1) started
2023-07-04 06:01:23.166 [info] [Info  - 6:01:23 AM] (2700) Indexer background runner(2) root directory: /home/ec2-user/.vscode-server/extensions/ms-python.vscode-pylance-2023.6.40/dist (index)
2023-07-04 06:01:23.168 [info] [Info  - 6:01:23 AM] (2700) Indexing(2) started
2023-07-04 06:01:26.191 [info] [Info  - 6:01:26 AM] (2700) [IDX(2)] Long operation: scan packages /home/ec2-user (2961ms)
2023-07-04 06:01:26.191 [info] [Info  - 6:01:26 AM] (2700) scanned(2) 93 files over 1 exec env
2023-07-04 06:01:32.507 [info] [Info  - 6:01:32 AM] (2700) [IDX(2)] Long operation: index execution environment /home/ec2-user (5957ms)
2023-07-04 06:01:32.508 [info] [Info  - 6:01:32 AM] (2700) [IDX(2)] Long operation: index packages /home/ec2-user (6057ms)
2023-07-04 06:01:32.508 [info] [Info  - 6:01:32 AM] (2700) indexed(2) 68 files over 1 exec env
2023-07-04 06:01:32.559 [info] [Info  - 6:01:32 AM] (2700) Indexing finished(2).
2023-07-04 06:01:34.718 [info] [Info  - 6:01:34 AM] (2700) [BG(1)] Long operation: checking: /home/ec2-user/flaskr/models.py (10920ms)
2023-07-04 06:01:34.718 [info] [Info  - 6:01:34 AM] (2700) [BG(1)] Long operation: analyzing: /home/ec2-user/flaskr/models.py (12493ms)
2023-07-04 07:30:31.659 [info] [Info  - 7:30:31 AM] (2700) [BG(1)] Long operation: getSemanticTokens full at /home/ec2-user/flaskr/views.py (2284ms)
