2023-07-02 02:10:37.705 [info] Extension host with pid 2628 started
2023-07-02 02:10:37.734 [error] Error: EEXIST: file already exists, open '/home/ec2-user/.vscode-server/data/User/workspaceStorage/00ebf78945a301a83059ce8645495430/vscode.lock'
2023-07-02 02:10:37.778 [info] Lock '/home/ec2-user/.vscode-server/data/User/workspaceStorage/00ebf78945a301a83059ce8645495430/vscode.lock': Could not acquire lock, checking if the file is stale.
2023-07-02 02:10:37.816 [info] Lock '/home/ec2-user/.vscode-server/data/User/workspaceStorage/00ebf78945a301a83059ce8645495430/vscode.lock': The pid 3518 appears to be gone.
2023-07-02 02:10:37.816 [info] Lock '/home/ec2-user/.vscode-server/data/User/workspaceStorage/00ebf78945a301a83059ce8645495430/vscode.lock': Deleting a stale lock.
2023-07-02 02:10:37.923 [info] Lock '/home/ec2-user/.vscode-server/data/User/workspaceStorage/00ebf78945a301a83059ce8645495430/vscode.lock': Lock acquired.
2023-07-02 02:10:38.093 [info] ExtensionService#_doActivateExtension ms-python.python, startup: false, activationEvent: 'onLanguage:python'
2023-07-02 02:10:38.097 [info] ExtensionService#_doActivateExtension vscode.emmet, startup: false, activationEvent: 'onLanguage'
2023-07-02 02:10:39.194 [warning] Using default string since no string found in i18n bundle that has the key: You need to select a Python interpreter before you start debugging.

Tip: click on "Select Interpreter" in the status bar.
2023-07-02 02:10:39.194 [warning] Using default string since no string found in i18n bundle that has the key: The Python extension now includes Pylance to improve completions, code navigation, overall performance and much more! You can learn more about the update and learn how to change your language server [here](https://aka.ms/new-python-bundle).

Read Pylance's license [here](https://marketplace.visualstudio.com/items/ms-python.vscode-pylance/license).
2023-07-02 02:10:39.196 [warning] Using default string since no string found in i18n bundle that has the key: The Microsoft Python Language Server has reached end of life. Your language server has been set to the default for Python in VS Code, Pylance.

If you'd like to change your language server, you can learn about how to do so [here](https://devblogs.microsoft.com/python/python-in-visual-studio-code-may-2021-release/#configuring-your-language-server).

Read Pylance's license [here](https://marketplace.visualstudio.com/items/ms-python.vscode-pylance/license).
2023-07-02 02:10:39.637 [info] ExtensionService#_doActivateExtension vscode.git-base, startup: true, activationEvent: '*', root cause: vscode.git
2023-07-02 02:10:40.000 [info] ExtensionService#_doActivateExtension ms-python.vscode-pylance, startup: false, activationEvent: 'onLanguage:python'
2023-07-02 02:10:40.771 [info] ExtensionService#_doActivateExtension vscode.git, startup: true, activationEvent: '*'
2023-07-02 02:10:40.771 [info] ExtensionService#_doActivateExtension vscode.github, startup: true, activationEvent: '*'
2023-07-02 02:10:41.398 [info] Eager extensions activated
2023-07-02 02:10:41.398 [info] ExtensionService#_doActivateExtension vscode.debug-auto-launch, startup: false, activationEvent: 'onStartupFinished'
2023-07-02 02:10:41.399 [info] ExtensionService#_doActivateExtension vscode.merge-conflict, startup: false, activationEvent: 'onStartupFinished'
2023-07-02 02:11:32.019 [info] ExtensionService#_doActivateExtension vscode.npm, startup: false, activationEvent: 'onTerminalQuickFixRequest:ms-vscode.npm-command'
2023-07-02 02:12:25.350 [info] ExtensionService#_doActivateExtension vscode.html-language-features, startup: false, activationEvent: 'onLanguage:html'
2023-07-02 02:18:57.370 [error] [ms-python.python] provider FAILED
2023-07-02 02:18:57.371 [error] TypeError: Cannot read properties of undefined (reading 'data')
	at /home/ec2-user/.vscode-server/extensions/ms-python.vscode-pylance-2023.6.40/dist/extension.bundle.js:1:79127
	at _0x3889ff (/home/ec2-user/.vscode-server/extensions/ms-python.vscode-pylance-2023.6.40/dist/extension.bundle.js:1:88406)
	at async q.provideCompletionItems (/home/ec2-user/.vscode-server/bin/695af097c7bd098fbf017ce3ac85e09bbc5dda06/out/vs/workbench/api/node/extensionHostProcess.js:102:51239)
