2023-07-05 01:29:47.435 [info] Log level: Info
2023-07-05 01:29:47.435 [info] Validating found git in: "git"
2023-07-05 01:29:47.435 [info] Using git "2.40.1" from "git"
2023-07-05 01:29:47.435 [info] > git rev-parse --show-toplevel [97ms]
2023-07-05 01:29:47.435 [info] > git rev-parse --git-dir --git-common-dir [60ms]
2023-07-05 01:29:47.435 [info] Open repository: /home/ec2-user
2023-07-05 01:29:47.435 [info] > git config --get commit.template [6ms]
2023-07-05 01:29:47.435 [info] > git rev-parse --show-toplevel [23ms]
2023-07-05 01:29:47.435 [info] > git rev-parse --show-toplevel [108ms]
2023-07-05 01:29:47.435 [info] > git for-each-ref --format=%(refname)%00%(upstream:short)%00%(objectname)%00%(upstream:track)%00%(upstream:remotename)%00%(upstream:remoteref) refs/heads/master refs/remotes/master [109ms]
2023-07-05 01:29:47.435 [info] > git rev-parse --show-toplevel [29ms]
2023-07-05 01:29:47.435 [info] > git rev-parse --show-toplevel [14ms]
2023-07-05 01:29:47.435 [info] > git rev-parse --show-toplevel [73ms]
2023-07-05 01:29:47.436 [info] > git rev-parse --show-toplevel [23ms]
2023-07-05 01:29:47.436 [info] > git rev-parse --show-toplevel [4ms]
2023-07-05 01:29:47.436 [info] > git rev-parse --show-toplevel [5ms]
2023-07-05 01:29:47.436 [info] > git rev-parse --show-toplevel [21ms]
2023-07-05 01:29:47.449 [info] > git status -z -uall [276ms]
2023-07-05 01:29:47.476 [info] > git rev-parse --show-toplevel [41ms]
2023-07-05 01:29:47.499 [info] > git config --get commit.template [9ms]
2023-07-05 01:29:47.507 [info] > git for-each-ref --format=%(refname)%00%(upstream:short)%00%(objectname)%00%(upstream:track)%00%(upstream:remotename)%00%(upstream:remoteref) refs/heads/master refs/remotes/master [9ms]
2023-07-05 01:29:47.682 [info] > git ls-files --stage -- /home/ec2-user/flaskr/templates/login.html [7ms]
2023-07-05 01:29:47.692 [info] > git status -z -uall [174ms]
2023-07-05 01:29:47.693 [info] > git show --textconv :flaskr/templates/login.html [35ms]
2023-07-05 01:29:47.714 [info] > git cat-file -s 3cc5ee4685b2d20f1ae459b8b41bb1d7b33bcc0b [22ms]
2023-07-05 01:29:47.762 [info] > git check-ignore -v -z --stdin [50ms]
2023-07-05 01:29:51.070 [info] > git config --get commit.template [6ms]
2023-07-05 01:29:51.072 [info] > git for-each-ref --format=%(refname)%00%(upstream:short)%00%(objectname)%00%(upstream:track)%00%(upstream:remotename)%00%(upstream:remoteref) refs/heads/master refs/remotes/master [3ms]
2023-07-05 01:29:51.152 [info] > git status -z -uall [77ms]
2023-07-05 01:29:56.167 [info] > git config --get commit.template [5ms]
2023-07-05 01:29:56.169 [info] > git for-each-ref --format=%(refname)%00%(upstream:short)%00%(objectname)%00%(upstream:track)%00%(upstream:remotename)%00%(upstream:remoteref) refs/heads/master refs/remotes/master [3ms]
2023-07-05 01:29:56.251 [info] > git status -z -uall [79ms]
2023-07-05 01:30:42.819 [info] > git config --get commit.template [5ms]
2023-07-05 01:30:42.821 [info] > git for-each-ref --format=%(refname)%00%(upstream:short)%00%(objectname)%00%(upstream:track)%00%(upstream:remotename)%00%(upstream:remoteref) refs/heads/master refs/remotes/master [3ms]
2023-07-05 01:30:42.906 [info] > git status -z -uall [81ms]
2023-07-05 01:30:51.294 [info] > git config --get commit.template [7ms]
2023-07-05 01:30:51.296 [info] > git for-each-ref --format=%(refname)%00%(upstream:short)%00%(objectname)%00%(upstream:track)%00%(upstream:remotename)%00%(upstream:remoteref) refs/heads/master refs/remotes/master [4ms]
2023-07-05 01:30:51.378 [info] > git status -z -uall [79ms]
2023-07-05 01:30:56.393 [info] > git config --get commit.template [5ms]
2023-07-05 01:30:56.395 [info] > git for-each-ref --format=%(refname)%00%(upstream:short)%00%(objectname)%00%(upstream:track)%00%(upstream:remotename)%00%(upstream:remoteref) refs/heads/master refs/remotes/master [3ms]
2023-07-05 01:30:56.475 [info] > git status -z -uall [77ms]
2023-07-05 01:31:01.492 [info] > git config --get commit.template [5ms]
2023-07-05 01:31:01.494 [info] > git for-each-ref --format=%(refname)%00%(upstream:short)%00%(objectname)%00%(upstream:track)%00%(upstream:remotename)%00%(upstream:remoteref) refs/heads/master refs/remotes/master [3ms]
2023-07-05 01:31:01.579 [info] > git status -z -uall [82ms]
2023-07-05 01:31:06.596 [info] > git config --get commit.template [5ms]
2023-07-05 01:31:06.598 [info] > git for-each-ref --format=%(refname)%00%(upstream:short)%00%(objectname)%00%(upstream:track)%00%(upstream:remotename)%00%(upstream:remoteref) refs/heads/master refs/remotes/master [3ms]
2023-07-05 01:31:06.679 [info] > git status -z -uall [78ms]
2023-07-05 01:31:11.693 [info] > git config --get commit.template [5ms]
2023-07-05 01:31:11.695 [info] > git for-each-ref --format=%(refname)%00%(upstream:short)%00%(objectname)%00%(upstream:track)%00%(upstream:remotename)%00%(upstream:remoteref) refs/heads/master refs/remotes/master [3ms]
2023-07-05 01:31:11.776 [info] > git status -z -uall [78ms]
2023-07-05 01:31:16.791 [info] > git config --get commit.template [6ms]
2023-07-05 01:31:16.793 [info] > git for-each-ref --format=%(refname)%00%(upstream:short)%00%(objectname)%00%(upstream:track)%00%(upstream:remotename)%00%(upstream:remoteref) refs/heads/master refs/remotes/master [3ms]
2023-07-05 01:31:16.880 [info] > git status -z -uall [84ms]
2023-07-05 01:31:21.896 [info] > git config --get commit.template [5ms]
2023-07-05 01:31:21.898 [info] > git for-each-ref --format=%(refname)%00%(upstream:short)%00%(objectname)%00%(upstream:track)%00%(upstream:remotename)%00%(upstream:remoteref) refs/heads/master refs/remotes/master [3ms]
2023-07-05 01:31:21.982 [info] > git status -z -uall [80ms]
2023-07-05 01:31:26.997 [info] > git config --get commit.template [5ms]
2023-07-05 01:31:26.999 [info] > git for-each-ref --format=%(refname)%00%(upstream:short)%00%(objectname)%00%(upstream:track)%00%(upstream:remotename)%00%(upstream:remoteref) refs/heads/master refs/remotes/master [3ms]
2023-07-05 01:31:27.081 [info] > git status -z -uall [79ms]
2023-07-05 01:31:32.095 [info] > git config --get commit.template [5ms]
2023-07-05 01:31:32.097 [info] > git for-each-ref --format=%(refname)%00%(upstream:short)%00%(objectname)%00%(upstream:track)%00%(upstream:remotename)%00%(upstream:remoteref) refs/heads/master refs/remotes/master [3ms]
2023-07-05 01:31:32.185 [info] > git status -z -uall [79ms]
2023-07-05 01:31:37.199 [info] > git config --get commit.template [5ms]
2023-07-05 01:31:37.201 [info] > git for-each-ref --format=%(refname)%00%(upstream:short)%00%(objectname)%00%(upstream:track)%00%(upstream:remotename)%00%(upstream:remoteref) refs/heads/master refs/remotes/master [2ms]
2023-07-05 01:31:37.281 [info] > git status -z -uall [77ms]
2023-07-05 01:32:05.454 [info] > git config --get commit.template [5ms]
2023-07-05 01:32:05.456 [info] > git for-each-ref --format=%(refname)%00%(upstream:short)%00%(objectname)%00%(upstream:track)%00%(upstream:remotename)%00%(upstream:remoteref) refs/heads/master refs/remotes/master [3ms]
2023-07-05 01:32:05.538 [info] > git status -z -uall [79ms]
2023-07-05 01:32:10.553 [info] > git config --get commit.template [5ms]
2023-07-05 01:32:10.555 [info] > git for-each-ref --format=%(refname)%00%(upstream:short)%00%(objectname)%00%(upstream:track)%00%(upstream:remotename)%00%(upstream:remoteref) refs/heads/master refs/remotes/master [2ms]
2023-07-05 01:32:10.635 [info] > git status -z -uall [77ms]
2023-07-05 01:32:15.647 [info] > git config --get commit.template [5ms]
2023-07-05 01:32:15.649 [info] > git for-each-ref --format=%(refname)%00%(upstream:short)%00%(objectname)%00%(upstream:track)%00%(upstream:remotename)%00%(upstream:remoteref) refs/heads/master refs/remotes/master [2ms]
2023-07-05 01:32:15.742 [info] > git status -z -uall [89ms]
2023-07-05 01:32:20.758 [info] > git config --get commit.template [5ms]
2023-07-05 01:32:20.760 [info] > git for-each-ref --format=%(refname)%00%(upstream:short)%00%(objectname)%00%(upstream:track)%00%(upstream:remotename)%00%(upstream:remoteref) refs/heads/master refs/remotes/master [2ms]
2023-07-05 01:32:20.841 [info] > git status -z -uall [79ms]
2023-07-05 01:32:39.605 [info] > git config --get commit.template [6ms]
2023-07-05 01:32:39.607 [info] > git for-each-ref --format=%(refname)%00%(upstream:short)%00%(objectname)%00%(upstream:track)%00%(upstream:remotename)%00%(upstream:remoteref) refs/heads/master refs/remotes/master [3ms]
2023-07-05 01:32:39.689 [info] > git status -z -uall [78ms]
2023-07-05 01:32:44.705 [info] > git config --get commit.template [6ms]
2023-07-05 01:32:44.707 [info] > git for-each-ref --format=%(refname)%00%(upstream:short)%00%(objectname)%00%(upstream:track)%00%(upstream:remotename)%00%(upstream:remoteref) refs/heads/master refs/remotes/master [2ms]
2023-07-05 01:32:44.788 [info] > git status -z -uall [79ms]
2023-07-05 01:32:49.801 [info] > git config --get commit.template [5ms]
2023-07-05 01:32:49.803 [info] > git for-each-ref --format=%(refname)%00%(upstream:short)%00%(objectname)%00%(upstream:track)%00%(upstream:remotename)%00%(upstream:remoteref) refs/heads/master refs/remotes/master [3ms]
2023-07-05 01:32:49.884 [info] > git status -z -uall [77ms]
2023-07-05 01:32:54.897 [info] > git config --get commit.template [5ms]
2023-07-05 01:32:54.899 [info] > git for-each-ref --format=%(refname)%00%(upstream:short)%00%(objectname)%00%(upstream:track)%00%(upstream:remotename)%00%(upstream:remoteref) refs/heads/master refs/remotes/master [2ms]
2023-07-05 01:32:54.982 [info] > git status -z -uall [80ms]
2023-07-05 01:32:59.995 [info] > git config --get commit.template [5ms]
2023-07-05 01:32:59.997 [info] > git for-each-ref --format=%(refname)%00%(upstream:short)%00%(objectname)%00%(upstream:track)%00%(upstream:remotename)%00%(upstream:remoteref) refs/heads/master refs/remotes/master [2ms]
2023-07-05 01:33:00.081 [info] > git status -z -uall [81ms]
2023-07-05 01:33:05.096 [info] > git config --get commit.template [5ms]
2023-07-05 01:33:05.097 [info] > git for-each-ref --format=%(refname)%00%(upstream:short)%00%(objectname)%00%(upstream:track)%00%(upstream:remotename)%00%(upstream:remoteref) refs/heads/master refs/remotes/master [2ms]
2023-07-05 01:33:05.183 [info] > git status -z -uall [82ms]
2023-07-05 01:33:10.196 [info] > git config --get commit.template [5ms]
2023-07-05 01:33:10.198 [info] > git for-each-ref --format=%(refname)%00%(upstream:short)%00%(objectname)%00%(upstream:track)%00%(upstream:remotename)%00%(upstream:remoteref) refs/heads/master refs/remotes/master [3ms]
2023-07-05 01:33:10.277 [info] > git status -z -uall [76ms]
2023-07-05 01:33:15.289 [info] > git config --get commit.template [5ms]
2023-07-05 01:33:15.292 [info] > git for-each-ref --format=%(refname)%00%(upstream:short)%00%(objectname)%00%(upstream:track)%00%(upstream:remotename)%00%(upstream:remoteref) refs/heads/master refs/remotes/master [3ms]
2023-07-05 01:33:15.372 [info] > git status -z -uall [76ms]
2023-07-05 01:33:16.820 [info] > git check-ignore -v -z --stdin [7ms]
2023-07-05 01:33:20.388 [info] > git config --get commit.template [6ms]
2023-07-05 01:33:20.390 [info] > git for-each-ref --format=%(refname)%00%(upstream:short)%00%(objectname)%00%(upstream:track)%00%(upstream:remotename)%00%(upstream:remoteref) refs/heads/master refs/remotes/master [2ms]
2023-07-05 01:33:20.469 [info] > git status -z -uall [77ms]
2023-07-05 01:33:21.524 [info] > git ls-files --stage -- /home/ec2-user/nohup.out [6ms]
2023-07-05 01:33:21.530 [info] > git show --textconv :nohup.out [20ms]
2023-07-05 01:33:21.533 [info] > git cat-file -s 1edd0457f132dd8e330caed8473fb864a10a1cb5 [4ms]
2023-07-05 01:33:25.483 [info] > git config --get commit.template [5ms]
2023-07-05 01:33:25.485 [info] > git for-each-ref --format=%(refname)%00%(upstream:short)%00%(objectname)%00%(upstream:track)%00%(upstream:remotename)%00%(upstream:remoteref) refs/heads/master refs/remotes/master [3ms]
2023-07-05 01:33:25.565 [info] > git status -z -uall [77ms]
2023-07-05 01:33:30.579 [info] > git config --get commit.template [5ms]
2023-07-05 01:33:30.581 [info] > git for-each-ref --format=%(refname)%00%(upstream:short)%00%(objectname)%00%(upstream:track)%00%(upstream:remotename)%00%(upstream:remoteref) refs/heads/master refs/remotes/master [3ms]
2023-07-05 01:33:30.664 [info] > git status -z -uall [80ms]
2023-07-05 01:33:35.680 [info] > git config --get commit.template [6ms]
2023-07-05 01:33:35.682 [info] > git for-each-ref --format=%(refname)%00%(upstream:short)%00%(objectname)%00%(upstream:track)%00%(upstream:remotename)%00%(upstream:remoteref) refs/heads/master refs/remotes/master [4ms]
2023-07-05 01:33:35.764 [info] > git status -z -uall [79ms]
2023-07-05 01:33:40.779 [info] > git config --get commit.template [6ms]
2023-07-05 01:33:40.781 [info] > git for-each-ref --format=%(refname)%00%(upstream:short)%00%(objectname)%00%(upstream:track)%00%(upstream:remotename)%00%(upstream:remoteref) refs/heads/master refs/remotes/master [3ms]
2023-07-05 01:33:40.862 [info] > git status -z -uall [78ms]
2023-07-05 01:33:45.875 [info] > git config --get commit.template [5ms]
2023-07-05 01:33:45.877 [info] > git for-each-ref --format=%(refname)%00%(upstream:short)%00%(objectname)%00%(upstream:track)%00%(upstream:remotename)%00%(upstream:remoteref) refs/heads/master refs/remotes/master [3ms]
2023-07-05 01:33:45.958 [info] > git status -z -uall [78ms]
2023-07-05 01:33:48.347 [info] > git ls-files --stage -- /home/ec2-user/.python_history [7ms]
2023-07-05 01:33:48.351 [info] > git show --textconv :.python_history [20ms]
2023-07-05 01:33:48.354 [info] > git cat-file -s 1e555f081156590d1f24750e715478956774e85e [4ms]
2023-07-05 01:33:50.976 [info] > git config --get commit.template [7ms]
2023-07-05 01:33:50.978 [info] > git for-each-ref --format=%(refname)%00%(upstream:short)%00%(objectname)%00%(upstream:track)%00%(upstream:remotename)%00%(upstream:remoteref) refs/heads/master refs/remotes/master [3ms]
2023-07-05 01:33:51.063 [info] > git status -z -uall [80ms]
2023-07-05 01:33:51.254 [info] > git show --textconv :.wget-hsts [25ms]
2023-07-05 01:33:51.256 [info] > git ls-files --stage -- /home/ec2-user/.wget-hsts [8ms]
2023-07-05 01:33:51.272 [info] > git cat-file -s 9297d0b6385efd6e1c6ca902b2007bd671e485c0 [3ms]
2023-07-05 01:33:52.152 [info] > git show --textconv :nohup.out [32ms]
2023-07-05 01:33:52.159 [info] > git ls-files --stage -- /home/ec2-user/nohup.out [29ms]
2023-07-05 01:33:52.182 [info] > git cat-file -s 1edd0457f132dd8e330caed8473fb864a10a1cb5 [12ms]
2023-07-05 01:33:56.099 [info] > git for-each-ref --format=%(refname)%00%(upstream:short)%00%(objectname)%00%(upstream:track)%00%(upstream:remotename)%00%(upstream:remoteref) refs/heads/master refs/remotes/master [15ms]
2023-07-05 01:33:56.099 [info] > git config --get commit.template [22ms]
2023-07-05 01:33:56.180 [info] > git status -z -uall [76ms]
2023-07-05 01:34:01.195 [info] > git config --get commit.template [6ms]
2023-07-05 01:34:01.197 [info] > git for-each-ref --format=%(refname)%00%(upstream:short)%00%(objectname)%00%(upstream:track)%00%(upstream:remotename)%00%(upstream:remoteref) refs/heads/master refs/remotes/master [3ms]
2023-07-05 01:34:01.281 [info] > git status -z -uall [80ms]
2023-07-05 01:34:06.297 [info] > git config --get commit.template [6ms]
2023-07-05 01:34:06.299 [info] > git for-each-ref --format=%(refname)%00%(upstream:short)%00%(objectname)%00%(upstream:track)%00%(upstream:remotename)%00%(upstream:remoteref) refs/heads/master refs/remotes/master [3ms]
2023-07-05 01:34:06.380 [info] > git status -z -uall [77ms]
2023-07-05 01:34:11.398 [info] > git config --get commit.template [6ms]
2023-07-05 01:34:11.400 [info] > git for-each-ref --format=%(refname)%00%(upstream:short)%00%(objectname)%00%(upstream:track)%00%(upstream:remotename)%00%(upstream:remoteref) refs/heads/master refs/remotes/master [2ms]
2023-07-05 01:34:11.483 [info] > git status -z -uall [79ms]
2023-07-05 01:34:16.500 [info] > git config --get commit.template [7ms]
2023-07-05 01:34:16.502 [info] > git for-each-ref --format=%(refname)%00%(upstream:short)%00%(objectname)%00%(upstream:track)%00%(upstream:remotename)%00%(upstream:remoteref) refs/heads/master refs/remotes/master [3ms]
2023-07-05 01:34:16.583 [info] > git status -z -uall [76ms]
2023-07-05 01:34:21.599 [info] > git config --get commit.template [6ms]
2023-07-05 01:34:21.600 [info] > git for-each-ref --format=%(refname)%00%(upstream:short)%00%(objectname)%00%(upstream:track)%00%(upstream:remotename)%00%(upstream:remoteref) refs/heads/master refs/remotes/master [2ms]
2023-07-05 01:34:21.682 [info] > git status -z -uall [78ms]
2023-07-05 01:34:25.138 [info] > git show --textconv :.viminfo [9ms]
2023-07-05 01:34:25.145 [info] > git ls-files --stage -- /home/ec2-user/.viminfo [7ms]
2023-07-05 01:34:25.151 [info] > git cat-file -s b00d066e1d9a19209ed7ee1f4acd334bae161dbd [2ms]
2023-07-05 01:34:26.710 [info] > git for-each-ref --format=%(refname)%00%(upstream:short)%00%(objectname)%00%(upstream:track)%00%(upstream:remotename)%00%(upstream:remoteref) refs/heads/master refs/remotes/master [1ms]
2023-07-05 01:34:26.726 [info] > git config --get commit.template [26ms]
2023-07-05 01:34:26.939 [info] > git status -z -uall [205ms]
2023-07-05 01:34:29.148 [info] > git show --textconv :.sqlite_history [26ms]
2023-07-05 01:34:29.164 [info] > git ls-files --stage -- /home/ec2-user/.sqlite_history [28ms]
2023-07-05 01:34:29.193 [info] > git cat-file -s 856d08f02235c8609084ff11e92cb17430ea77b3 [6ms]
2023-07-05 01:34:30.825 [info] > git show --textconv :.python_history [9ms]
2023-07-05 01:34:30.831 [info] > git ls-files --stage -- /home/ec2-user/.python_history [7ms]
2023-07-05 01:34:30.837 [info] > git cat-file -s 1e555f081156590d1f24750e715478956774e85e [2ms]
2023-07-05 01:34:31.965 [info] > git config --get commit.template [6ms]
2023-07-05 01:34:31.978 [info] > git for-each-ref --format=%(refname)%00%(upstream:short)%00%(objectname)%00%(upstream:track)%00%(upstream:remotename)%00%(upstream:remoteref) refs/heads/master refs/remotes/master [14ms]
2023-07-05 01:34:32.157 [info] > git status -z -uall [171ms]
2023-07-05 01:34:35.867 [info] > git show --textconv :.lesshst [14ms]
2023-07-05 01:34:35.870 [info] > git ls-files --stage -- /home/ec2-user/.lesshst [9ms]
2023-07-05 01:34:35.877 [info] > git cat-file -s 4d1c30b7a5849ed583fdcd6367ab3e2377e84cb0 [2ms]
2023-07-05 01:34:37.175 [info] > git config --get commit.template [7ms]
2023-07-05 01:34:37.177 [info] > git for-each-ref --format=%(refname)%00%(upstream:short)%00%(objectname)%00%(upstream:track)%00%(upstream:remotename)%00%(upstream:remoteref) refs/heads/master refs/remotes/master [3ms]
2023-07-05 01:34:37.264 [info] > git status -z -uall [83ms]
2023-07-05 01:34:42.279 [info] > git config --get commit.template [6ms]
2023-07-05 01:34:42.281 [info] > git for-each-ref --format=%(refname)%00%(upstream:short)%00%(objectname)%00%(upstream:track)%00%(upstream:remotename)%00%(upstream:remoteref) refs/heads/master refs/remotes/master [2ms]
2023-07-05 01:34:42.368 [info] > git status -z -uall [82ms]
2023-07-05 01:34:42.427 [info] > git show --textconv :nohup.out [12ms]
2023-07-05 01:34:42.432 [info] > git ls-files --stage -- /home/ec2-user/nohup.out [9ms]
2023-07-05 01:34:42.438 [info] > git cat-file -s 1edd0457f132dd8e330caed8473fb864a10a1cb5 [2ms]
2023-07-05 01:34:43.665 [info] > git show --textconv :.bash_history [15ms]
2023-07-05 01:34:43.667 [info] > git ls-files --stage -- /home/ec2-user/.bash_history [9ms]
2023-07-05 01:34:43.673 [info] > git cat-file -s b6bb597d968a523679e893c99567f2c2d5546160 [2ms]
2023-07-05 01:34:47.382 [info] > git config --get commit.template [6ms]
2023-07-05 01:34:47.384 [info] > git for-each-ref --format=%(refname)%00%(upstream:short)%00%(objectname)%00%(upstream:track)%00%(upstream:remotename)%00%(upstream:remoteref) refs/heads/master refs/remotes/master [3ms]
2023-07-05 01:34:47.465 [info] > git status -z -uall [77ms]
2023-07-05 01:34:52.482 [info] > git config --get commit.template [6ms]
2023-07-05 01:34:52.484 [info] > git for-each-ref --format=%(refname)%00%(upstream:short)%00%(objectname)%00%(upstream:track)%00%(upstream:remotename)%00%(upstream:remoteref) refs/heads/master refs/remotes/master [3ms]
2023-07-05 01:34:52.565 [info] > git status -z -uall [78ms]
2023-07-05 01:34:57.588 [info] > git config --get commit.template [6ms]
2023-07-05 01:34:57.590 [info] > git for-each-ref --format=%(refname)%00%(upstream:short)%00%(objectname)%00%(upstream:track)%00%(upstream:remotename)%00%(upstream:remoteref) refs/heads/master refs/remotes/master [3ms]
2023-07-05 01:34:57.673 [info] > git status -z -uall [80ms]
2023-07-05 01:35:02.689 [info] > git config --get commit.template [6ms]
2023-07-05 01:35:02.691 [info] > git for-each-ref --format=%(refname)%00%(upstream:short)%00%(objectname)%00%(upstream:track)%00%(upstream:remotename)%00%(upstream:remoteref) refs/heads/master refs/remotes/master [2ms]
2023-07-05 01:35:02.772 [info] > git status -z -uall [77ms]
2023-07-05 01:35:07.787 [info] > git config --get commit.template [6ms]
2023-07-05 01:35:07.789 [info] > git for-each-ref --format=%(refname)%00%(upstream:short)%00%(objectname)%00%(upstream:track)%00%(upstream:remotename)%00%(upstream:remoteref) refs/heads/master refs/remotes/master [3ms]
2023-07-05 01:35:08.074 [info] > git status -z -uall [281ms]
2023-07-05 01:35:08.296 [info] > git show --textconv :.python_history [10ms]
2023-07-05 01:35:08.310 [info] > git ls-files --stage -- /home/ec2-user/.python_history [14ms]
2023-07-05 01:35:08.318 [info] > git cat-file -s 1e555f081156590d1f24750e715478956774e85e [3ms]
2023-07-05 01:35:11.497 [info] > git show --textconv :nohup.out [18ms]
2023-07-05 01:35:11.499 [info] > git ls-files --stage -- /home/ec2-user/nohup.out [9ms]
2023-07-05 01:35:11.505 [info] > git cat-file -s 1edd0457f132dd8e330caed8473fb864a10a1cb5 [2ms]
2023-07-05 01:35:13.088 [info] > git config --get commit.template [6ms]
2023-07-05 01:35:13.091 [info] > git for-each-ref --format=%(refname)%00%(upstream:short)%00%(objectname)%00%(upstream:track)%00%(upstream:remotename)%00%(upstream:remoteref) refs/heads/master refs/remotes/master [4ms]
2023-07-05 01:35:13.173 [info] > git status -z -uall [78ms]
2023-07-05 01:35:18.191 [info] > git config --get commit.template [6ms]
2023-07-05 01:35:18.193 [info] > git for-each-ref --format=%(refname)%00%(upstream:short)%00%(objectname)%00%(upstream:track)%00%(upstream:remotename)%00%(upstream:remoteref) refs/heads/master refs/remotes/master [5ms]
2023-07-05 01:35:18.273 [info] > git status -z -uall [77ms]
2023-07-05 01:35:23.289 [info] > git config --get commit.template [5ms]
2023-07-05 01:35:23.290 [info] > git for-each-ref --format=%(refname)%00%(upstream:short)%00%(objectname)%00%(upstream:track)%00%(upstream:remotename)%00%(upstream:remoteref) refs/heads/master refs/remotes/master [2ms]
2023-07-05 01:35:23.371 [info] > git status -z -uall [77ms]
2023-07-05 01:35:28.386 [info] > git config --get commit.template [5ms]
2023-07-05 01:35:28.387 [info] > git for-each-ref --format=%(refname)%00%(upstream:short)%00%(objectname)%00%(upstream:track)%00%(upstream:remotename)%00%(upstream:remoteref) refs/heads/master refs/remotes/master [2ms]
2023-07-05 01:35:28.470 [info] > git status -z -uall [79ms]
2023-07-05 01:35:33.501 [info] > git config --get commit.template [5ms]
2023-07-05 01:35:33.503 [info] > git for-each-ref --format=%(refname)%00%(upstream:short)%00%(objectname)%00%(upstream:track)%00%(upstream:remotename)%00%(upstream:remoteref) refs/heads/master refs/remotes/master [2ms]
2023-07-05 01:35:33.585 [info] > git status -z -uall [78ms]
2023-07-05 01:35:44.260 [info] > git config --get commit.template [6ms]
2023-07-05 01:35:44.262 [info] > git for-each-ref --format=%(refname)%00%(upstream:short)%00%(objectname)%00%(upstream:track)%00%(upstream:remotename)%00%(upstream:remoteref) refs/heads/master refs/remotes/master [3ms]
2023-07-05 01:35:44.349 [info] > git status -z -uall [83ms]
2023-07-05 01:35:49.366 [info] > git config --get commit.template [6ms]
2023-07-05 01:35:49.369 [info] > git for-each-ref --format=%(refname)%00%(upstream:short)%00%(objectname)%00%(upstream:track)%00%(upstream:remotename)%00%(upstream:remoteref) refs/heads/master refs/remotes/master [4ms]
2023-07-05 01:35:49.456 [info] > git status -z -uall [83ms]
2023-07-05 01:35:54.477 [info] > git config --get commit.template [6ms]
2023-07-05 01:35:54.480 [info] > git for-each-ref --format=%(refname)%00%(upstream:short)%00%(objectname)%00%(upstream:track)%00%(upstream:remotename)%00%(upstream:remoteref) refs/heads/master refs/remotes/master [3ms]
2023-07-05 01:35:54.563 [info] > git status -z -uall [79ms]
2023-07-05 01:35:59.580 [info] > git config --get commit.template [6ms]
2023-07-05 01:35:59.582 [info] > git for-each-ref --format=%(refname)%00%(upstream:short)%00%(objectname)%00%(upstream:track)%00%(upstream:remotename)%00%(upstream:remoteref) refs/heads/master refs/remotes/master [2ms]
2023-07-05 01:35:59.678 [info] > git status -z -uall [93ms]
2023-07-05 01:36:04.692 [info] > git config --get commit.template [7ms]
2023-07-05 01:36:04.694 [info] > git for-each-ref --format=%(refname)%00%(upstream:short)%00%(objectname)%00%(upstream:track)%00%(upstream:remotename)%00%(upstream:remoteref) refs/heads/master refs/remotes/master [2ms]
2023-07-05 01:36:04.778 [info] > git status -z -uall [80ms]
2023-07-05 01:36:14.118 [info] > git config --get commit.template [6ms]
2023-07-05 01:36:14.120 [info] > git for-each-ref --format=%(refname)%00%(upstream:short)%00%(objectname)%00%(upstream:track)%00%(upstream:remotename)%00%(upstream:remoteref) refs/heads/master refs/remotes/master [3ms]
2023-07-05 01:36:14.202 [info] > git status -z -uall [79ms]
2023-07-05 01:36:19.220 [info] > git config --get commit.template [6ms]
2023-07-05 01:36:19.222 [info] > git for-each-ref --format=%(refname)%00%(upstream:short)%00%(objectname)%00%(upstream:track)%00%(upstream:remotename)%00%(upstream:remoteref) refs/heads/master refs/remotes/master [2ms]
2023-07-05 01:36:19.305 [info] > git status -z -uall [79ms]
2023-07-05 01:36:24.322 [info] > git config --get commit.template [6ms]
2023-07-05 01:36:24.324 [info] > git for-each-ref --format=%(refname)%00%(upstream:short)%00%(objectname)%00%(upstream:track)%00%(upstream:remotename)%00%(upstream:remoteref) refs/heads/master refs/remotes/master [3ms]
2023-07-05 01:36:24.406 [info] > git status -z -uall [79ms]
2023-07-05 01:36:42.023 [info] > git config --get commit.template [5ms]
2023-07-05 01:36:42.026 [info] > git for-each-ref --format=%(refname)%00%(upstream:short)%00%(objectname)%00%(upstream:track)%00%(upstream:remotename)%00%(upstream:remoteref) refs/heads/master refs/remotes/master [2ms]
2023-07-05 01:36:42.112 [info] > git status -z -uall [83ms]
2023-07-05 01:36:42.686 [info] > git ls-files --stage -- /home/ec2-user/flaskr/models.py [7ms]
2023-07-05 01:36:42.709 [info] > git show --textconv :flaskr/models.py [53ms]
2023-07-05 01:36:42.722 [info] > git cat-file -s 54df20b648650f5ced274f01cb1cd75ddc260694 [14ms]
2023-07-05 01:36:47.128 [info] > git config --get commit.template [6ms]
2023-07-05 01:36:47.130 [info] > git for-each-ref --format=%(refname)%00%(upstream:short)%00%(objectname)%00%(upstream:track)%00%(upstream:remotename)%00%(upstream:remoteref) refs/heads/master refs/remotes/master [3ms]
2023-07-05 01:36:47.311 [info] > git status -z -uall [178ms]
2023-07-05 01:36:47.540 [info] > git show --textconv :flaskr/views.py [62ms]
2023-07-05 01:36:47.547 [info] > git ls-files --stage -- /home/ec2-user/flaskr/views.py [20ms]
2023-07-05 01:36:47.589 [info] > git cat-file -s 663ff092b50f10586e554f51a77881ec5bcfc8c3 [34ms]
2023-07-05 01:36:52.327 [info] > git config --get commit.template [6ms]
2023-07-05 01:36:52.330 [info] > git for-each-ref --format=%(refname)%00%(upstream:short)%00%(objectname)%00%(upstream:track)%00%(upstream:remotename)%00%(upstream:remoteref) refs/heads/master refs/remotes/master [4ms]
2023-07-05 01:36:52.413 [info] > git status -z -uall [80ms]
2023-07-05 01:36:53.204 [info] > git check-ignore -v -z --stdin [6ms]
2023-07-05 01:36:57.428 [info] > git config --get commit.template [6ms]
2023-07-05 01:36:57.430 [info] > git for-each-ref --format=%(refname)%00%(upstream:short)%00%(objectname)%00%(upstream:track)%00%(upstream:remotename)%00%(upstream:remoteref) refs/heads/master refs/remotes/master [2ms]
2023-07-05 01:36:57.515 [info] > git status -z -uall [81ms]
2023-07-05 01:36:59.760 [info] > git check-ignore -v -z --stdin [6ms]
2023-07-05 01:37:02.539 [info] > git config --get commit.template [6ms]
2023-07-05 01:37:02.542 [info] > git for-each-ref --format=%(refname)%00%(upstream:short)%00%(objectname)%00%(upstream:track)%00%(upstream:remotename)%00%(upstream:remoteref) refs/heads/master refs/remotes/master [4ms]
2023-07-05 01:37:02.623 [info] > git status -z -uall [77ms]
2023-07-05 01:37:07.637 [info] > git config --get commit.template [6ms]
2023-07-05 01:37:07.639 [info] > git for-each-ref --format=%(refname)%00%(upstream:short)%00%(objectname)%00%(upstream:track)%00%(upstream:remotename)%00%(upstream:remoteref) refs/heads/master refs/remotes/master [3ms]
2023-07-05 01:37:07.721 [info] > git status -z -uall [79ms]
2023-07-05 01:37:10.807 [info] > git show --textconv :flaskr/templates/user_search.html [13ms]
2023-07-05 01:37:10.811 [info] > git ls-files --stage -- /home/ec2-user/flaskr/templates/user_search.html [7ms]
2023-07-05 01:37:10.817 [info] > git cat-file -s 7d3e6c1b227bbaed50952b144c24ec5d3290e59d [2ms]
2023-07-05 01:37:12.740 [info] > git config --get commit.template [5ms]
2023-07-05 01:37:12.742 [info] > git for-each-ref --format=%(refname)%00%(upstream:short)%00%(objectname)%00%(upstream:track)%00%(upstream:remotename)%00%(upstream:remoteref) refs/heads/master refs/remotes/master [3ms]
2023-07-05 01:37:12.827 [info] > git status -z -uall [82ms]
2023-07-05 01:37:17.841 [info] > git config --get commit.template [6ms]
2023-07-05 01:37:17.843 [info] > git for-each-ref --format=%(refname)%00%(upstream:short)%00%(objectname)%00%(upstream:track)%00%(upstream:remotename)%00%(upstream:remoteref) refs/heads/master refs/remotes/master [3ms]
2023-07-05 01:37:17.925 [info] > git status -z -uall [77ms]
2023-07-05 01:37:22.948 [info] > git config --get commit.template [5ms]
2023-07-05 01:37:22.950 [info] > git for-each-ref --format=%(refname)%00%(upstream:short)%00%(objectname)%00%(upstream:track)%00%(upstream:remotename)%00%(upstream:remoteref) refs/heads/master refs/remotes/master [3ms]
2023-07-05 01:37:23.034 [info] > git status -z -uall [81ms]
2023-07-05 01:37:28.051 [info] > git config --get commit.template [6ms]
2023-07-05 01:37:28.053 [info] > git for-each-ref --format=%(refname)%00%(upstream:short)%00%(objectname)%00%(upstream:track)%00%(upstream:remotename)%00%(upstream:remoteref) refs/heads/master refs/remotes/master [3ms]
2023-07-05 01:37:28.148 [info] > git status -z -uall [92ms]
2023-07-05 01:37:33.163 [info] > git config --get commit.template [6ms]
2023-07-05 01:37:33.165 [info] > git for-each-ref --format=%(refname)%00%(upstream:short)%00%(objectname)%00%(upstream:track)%00%(upstream:remotename)%00%(upstream:remoteref) refs/heads/master refs/remotes/master [2ms]
2023-07-05 01:37:33.247 [info] > git status -z -uall [78ms]
2023-07-05 01:37:35.295 [info] > git ls-files --stage -- /home/ec2-user/flaskr/templates/base.html [5ms]
2023-07-05 01:37:35.300 [info] > git show --textconv :flaskr/templates/base.html [20ms]
2023-07-05 01:37:35.303 [info] > git cat-file -s bc8eec6f3270feb3fd5da9493c8d155ee3131d99 [3ms]
2023-07-05 01:37:38.270 [info] > git config --get commit.template [6ms]
2023-07-05 01:37:38.272 [info] > git for-each-ref --format=%(refname)%00%(upstream:short)%00%(objectname)%00%(upstream:track)%00%(upstream:remotename)%00%(upstream:remoteref) refs/heads/master refs/remotes/master [2ms]
2023-07-05 01:37:38.355 [info] > git status -z -uall [79ms]
2023-07-05 01:37:43.391 [info] > git config --get commit.template [10ms]
2023-07-05 01:37:43.394 [info] > git for-each-ref --format=%(refname)%00%(upstream:short)%00%(objectname)%00%(upstream:track)%00%(upstream:remotename)%00%(upstream:remoteref) refs/heads/master refs/remotes/master [4ms]
2023-07-05 01:37:43.477 [info] > git status -z -uall [79ms]
2023-07-05 01:37:48.492 [info] > git config --get commit.template [6ms]
2023-07-05 01:37:48.494 [info] > git for-each-ref --format=%(refname)%00%(upstream:short)%00%(objectname)%00%(upstream:track)%00%(upstream:remotename)%00%(upstream:remoteref) refs/heads/master refs/remotes/master [3ms]
2023-07-05 01:37:48.579 [info] > git status -z -uall [81ms]
2023-07-05 01:37:53.598 [info] > git config --get commit.template [6ms]
2023-07-05 01:37:53.600 [info] > git for-each-ref --format=%(refname)%00%(upstream:short)%00%(objectname)%00%(upstream:track)%00%(upstream:remotename)%00%(upstream:remoteref) refs/heads/master refs/remotes/master [3ms]
2023-07-05 01:37:53.683 [info] > git status -z -uall [79ms]
2023-07-05 01:37:58.698 [info] > git config --get commit.template [6ms]
2023-07-05 01:37:58.700 [info] > git for-each-ref --format=%(refname)%00%(upstream:short)%00%(objectname)%00%(upstream:track)%00%(upstream:remotename)%00%(upstream:remoteref) refs/heads/master refs/remotes/master [3ms]
2023-07-05 01:37:58.783 [info] > git status -z -uall [79ms]
2023-07-05 01:38:03.799 [info] > git config --get commit.template [7ms]
2023-07-05 01:38:03.800 [info] > git for-each-ref --format=%(refname)%00%(upstream:short)%00%(objectname)%00%(upstream:track)%00%(upstream:remotename)%00%(upstream:remoteref) refs/heads/master refs/remotes/master [2ms]
2023-07-05 01:38:03.882 [info] > git status -z -uall [78ms]
2023-07-05 01:38:08.896 [info] > git config --get commit.template [6ms]
2023-07-05 01:38:08.898 [info] > git for-each-ref --format=%(refname)%00%(upstream:short)%00%(objectname)%00%(upstream:track)%00%(upstream:remotename)%00%(upstream:remoteref) refs/heads/master refs/remotes/master [3ms]
2023-07-05 01:38:08.982 [info] > git status -z -uall [80ms]
2023-07-05 01:38:13.997 [info] > git config --get commit.template [6ms]
2023-07-05 01:38:13.999 [info] > git for-each-ref --format=%(refname)%00%(upstream:short)%00%(objectname)%00%(upstream:track)%00%(upstream:remotename)%00%(upstream:remoteref) refs/heads/master refs/remotes/master [3ms]
2023-07-05 01:38:14.088 [info] > git status -z -uall [85ms]
2023-07-05 01:38:19.103 [info] > git config --get commit.template [6ms]
2023-07-05 01:38:19.105 [info] > git for-each-ref --format=%(refname)%00%(upstream:short)%00%(objectname)%00%(upstream:track)%00%(upstream:remotename)%00%(upstream:remoteref) refs/heads/master refs/remotes/master [3ms]
2023-07-05 01:38:19.188 [info] > git status -z -uall [79ms]
2023-07-05 01:38:24.205 [info] > git config --get commit.template [6ms]
2023-07-05 01:38:24.207 [info] > git for-each-ref --format=%(refname)%00%(upstream:short)%00%(objectname)%00%(upstream:track)%00%(upstream:remotename)%00%(upstream:remoteref) refs/heads/master refs/remotes/master [2ms]
2023-07-05 01:38:24.292 [info] > git status -z -uall [81ms]
2023-07-05 01:38:29.309 [info] > git config --get commit.template [6ms]
2023-07-05 01:38:29.311 [info] > git for-each-ref --format=%(refname)%00%(upstream:short)%00%(objectname)%00%(upstream:track)%00%(upstream:remotename)%00%(upstream:remoteref) refs/heads/master refs/remotes/master [3ms]
2023-07-05 01:38:29.393 [info] > git status -z -uall [78ms]
2023-07-05 01:38:34.410 [info] > git config --get commit.template [6ms]
2023-07-05 01:38:34.412 [info] > git for-each-ref --format=%(refname)%00%(upstream:short)%00%(objectname)%00%(upstream:track)%00%(upstream:remotename)%00%(upstream:remoteref) refs/heads/master refs/remotes/master [3ms]
2023-07-05 01:38:34.534 [info] > git status -z -uall [118ms]
2023-07-05 01:38:39.554 [info] > git config --get commit.template [9ms]
2023-07-05 01:38:39.556 [info] > git for-each-ref --format=%(refname)%00%(upstream:short)%00%(objectname)%00%(upstream:track)%00%(upstream:remotename)%00%(upstream:remoteref) refs/heads/master refs/remotes/master [3ms]
2023-07-05 01:38:39.675 [info] > git status -z -uall [113ms]
2023-07-05 01:39:44.637 [info] > git config --get commit.template [27ms]
2023-07-05 01:39:44.640 [info] > git for-each-ref --format=%(refname)%00%(upstream:short)%00%(objectname)%00%(upstream:track)%00%(upstream:remotename)%00%(upstream:remoteref) refs/heads/master refs/remotes/master [25ms]
2023-07-05 01:39:44.762 [info] > git status -z -uall [118ms]
2023-07-05 01:39:45.125 [info] > git show --textconv :flaskr/templates/user_search.html [10ms]
2023-07-05 01:39:45.131 [info] > git ls-files --stage -- /home/ec2-user/flaskr/templates/user_search.html [6ms]
2023-07-05 01:39:45.137 [info] > git cat-file -s 7d3e6c1b227bbaed50952b144c24ec5d3290e59d [2ms]
2023-07-05 01:39:49.777 [info] > git config --get commit.template [6ms]
2023-07-05 01:39:49.779 [info] > git for-each-ref --format=%(refname)%00%(upstream:short)%00%(objectname)%00%(upstream:track)%00%(upstream:remotename)%00%(upstream:remoteref) refs/heads/master refs/remotes/master [2ms]
2023-07-05 01:39:49.861 [info] > git status -z -uall [78ms]
2023-07-05 01:39:54.875 [info] > git config --get commit.template [5ms]
2023-07-05 01:39:54.877 [info] > git for-each-ref --format=%(refname)%00%(upstream:short)%00%(objectname)%00%(upstream:track)%00%(upstream:remotename)%00%(upstream:remoteref) refs/heads/master refs/remotes/master [2ms]
2023-07-05 01:39:54.959 [info] > git status -z -uall [78ms]
2023-07-05 01:39:59.980 [info] > git config --get commit.template [5ms]
2023-07-05 01:39:59.982 [info] > git for-each-ref --format=%(refname)%00%(upstream:short)%00%(objectname)%00%(upstream:track)%00%(upstream:remotename)%00%(upstream:remoteref) refs/heads/master refs/remotes/master [2ms]
2023-07-05 01:40:00.068 [info] > git status -z -uall [81ms]
2023-07-05 01:40:05.084 [info] > git config --get commit.template [6ms]
2023-07-05 01:40:05.086 [info] > git for-each-ref --format=%(refname)%00%(upstream:short)%00%(objectname)%00%(upstream:track)%00%(upstream:remotename)%00%(upstream:remoteref) refs/heads/master refs/remotes/master [3ms]
2023-07-05 01:40:05.169 [info] > git status -z -uall [78ms]
2023-07-05 01:40:10.186 [info] > git config --get commit.template [5ms]
2023-07-05 01:40:10.188 [info] > git for-each-ref --format=%(refname)%00%(upstream:short)%00%(objectname)%00%(upstream:track)%00%(upstream:remotename)%00%(upstream:remoteref) refs/heads/master refs/remotes/master [3ms]
2023-07-05 01:40:10.272 [info] > git status -z -uall [80ms]
2023-07-05 01:40:15.288 [info] > git config --get commit.template [7ms]
2023-07-05 01:40:15.290 [info] > git for-each-ref --format=%(refname)%00%(upstream:short)%00%(objectname)%00%(upstream:track)%00%(upstream:remotename)%00%(upstream:remoteref) refs/heads/master refs/remotes/master [2ms]
2023-07-05 01:40:15.373 [info] > git status -z -uall [79ms]
2023-07-05 01:40:20.389 [info] > git config --get commit.template [6ms]
2023-07-05 01:40:20.391 [info] > git for-each-ref --format=%(refname)%00%(upstream:short)%00%(objectname)%00%(upstream:track)%00%(upstream:remotename)%00%(upstream:remoteref) refs/heads/master refs/remotes/master [3ms]
2023-07-05 01:40:20.471 [info] > git status -z -uall [77ms]
2023-07-05 01:40:25.486 [info] > git config --get commit.template [6ms]
2023-07-05 01:40:25.488 [info] > git for-each-ref --format=%(refname)%00%(upstream:short)%00%(objectname)%00%(upstream:track)%00%(upstream:remotename)%00%(upstream:remoteref) refs/heads/master refs/remotes/master [2ms]
2023-07-05 01:40:25.569 [info] > git status -z -uall [77ms]
2023-07-05 01:40:30.585 [info] > git config --get commit.template [7ms]
2023-07-05 01:40:30.586 [info] > git for-each-ref --format=%(refname)%00%(upstream:short)%00%(objectname)%00%(upstream:track)%00%(upstream:remotename)%00%(upstream:remoteref) refs/heads/master refs/remotes/master [2ms]
2023-07-05 01:40:30.668 [info] > git status -z -uall [78ms]
2023-07-05 01:40:35.682 [info] > git config --get commit.template [6ms]
2023-07-05 01:40:35.684 [info] > git for-each-ref --format=%(refname)%00%(upstream:short)%00%(objectname)%00%(upstream:track)%00%(upstream:remotename)%00%(upstream:remoteref) refs/heads/master refs/remotes/master [2ms]
2023-07-05 01:40:35.767 [info] > git status -z -uall [79ms]
2023-07-05 01:40:40.783 [info] > git config --get commit.template [6ms]
2023-07-05 01:40:40.785 [info] > git for-each-ref --format=%(refname)%00%(upstream:short)%00%(objectname)%00%(upstream:track)%00%(upstream:remotename)%00%(upstream:remoteref) refs/heads/master refs/remotes/master [3ms]
2023-07-05 01:40:40.873 [info] > git status -z -uall [85ms]
2023-07-05 01:40:45.897 [info] > git config --get commit.template [6ms]
2023-07-05 01:40:45.899 [info] > git for-each-ref --format=%(refname)%00%(upstream:short)%00%(objectname)%00%(upstream:track)%00%(upstream:remotename)%00%(upstream:remoteref) refs/heads/master refs/remotes/master [2ms]
2023-07-05 01:40:45.981 [info] > git status -z -uall [77ms]
2023-07-05 01:40:50.995 [info] > git config --get commit.template [6ms]
2023-07-05 01:40:50.997 [info] > git for-each-ref --format=%(refname)%00%(upstream:short)%00%(objectname)%00%(upstream:track)%00%(upstream:remotename)%00%(upstream:remoteref) refs/heads/master refs/remotes/master [2ms]
2023-07-05 01:40:51.081 [info] > git status -z -uall [79ms]
2023-07-05 01:40:56.097 [info] > git config --get commit.template [5ms]
2023-07-05 01:40:56.099 [info] > git for-each-ref --format=%(refname)%00%(upstream:short)%00%(objectname)%00%(upstream:track)%00%(upstream:remotename)%00%(upstream:remoteref) refs/heads/master refs/remotes/master [2ms]
2023-07-05 01:40:56.181 [info] > git status -z -uall [78ms]
2023-07-05 01:41:01.197 [info] > git config --get commit.template [6ms]
2023-07-05 01:41:01.199 [info] > git for-each-ref --format=%(refname)%00%(upstream:short)%00%(objectname)%00%(upstream:track)%00%(upstream:remotename)%00%(upstream:remoteref) refs/heads/master refs/remotes/master [3ms]
2023-07-05 01:41:01.280 [info] > git status -z -uall [78ms]
2023-07-05 01:41:06.295 [info] > git config --get commit.template [6ms]
2023-07-05 01:41:06.297 [info] > git for-each-ref --format=%(refname)%00%(upstream:short)%00%(objectname)%00%(upstream:track)%00%(upstream:remotename)%00%(upstream:remoteref) refs/heads/master refs/remotes/master [2ms]
2023-07-05 01:41:06.380 [info] > git status -z -uall [79ms]
2023-07-05 01:41:11.395 [info] > git config --get commit.template [5ms]
2023-07-05 01:41:11.397 [info] > git for-each-ref --format=%(refname)%00%(upstream:short)%00%(objectname)%00%(upstream:track)%00%(upstream:remotename)%00%(upstream:remoteref) refs/heads/master refs/remotes/master [2ms]
2023-07-05 01:41:11.480 [info] > git status -z -uall [78ms]
2023-07-05 01:41:16.494 [info] > git config --get commit.template [6ms]
2023-07-05 01:41:16.497 [info] > git for-each-ref --format=%(refname)%00%(upstream:short)%00%(objectname)%00%(upstream:track)%00%(upstream:remotename)%00%(upstream:remoteref) refs/heads/master refs/remotes/master [3ms]
2023-07-05 01:41:16.581 [info] > git status -z -uall [80ms]
2023-07-05 01:41:21.598 [info] > git config --get commit.template [7ms]
2023-07-05 01:41:21.599 [info] > git for-each-ref --format=%(refname)%00%(upstream:short)%00%(objectname)%00%(upstream:track)%00%(upstream:remotename)%00%(upstream:remoteref) refs/heads/master refs/remotes/master [2ms]
2023-07-05 01:41:21.680 [info] > git status -z -uall [77ms]
2023-07-05 01:41:26.694 [info] > git config --get commit.template [6ms]
2023-07-05 01:41:26.696 [info] > git for-each-ref --format=%(refname)%00%(upstream:short)%00%(objectname)%00%(upstream:track)%00%(upstream:remotename)%00%(upstream:remoteref) refs/heads/master refs/remotes/master [2ms]
2023-07-05 01:41:26.780 [info] > git status -z -uall [80ms]
2023-07-05 01:41:31.795 [info] > git config --get commit.template [5ms]
2023-07-05 01:41:31.796 [info] > git for-each-ref --format=%(refname)%00%(upstream:short)%00%(objectname)%00%(upstream:track)%00%(upstream:remotename)%00%(upstream:remoteref) refs/heads/master refs/remotes/master [2ms]
2023-07-05 01:41:31.878 [info] > git status -z -uall [77ms]
2023-07-05 01:41:36.893 [info] > git config --get commit.template [7ms]
2023-07-05 01:41:36.895 [info] > git for-each-ref --format=%(refname)%00%(upstream:short)%00%(objectname)%00%(upstream:track)%00%(upstream:remotename)%00%(upstream:remoteref) refs/heads/master refs/remotes/master [4ms]
2023-07-05 01:41:36.977 [info] > git status -z -uall [79ms]
2023-07-05 01:41:41.992 [info] > git config --get commit.template [6ms]
2023-07-05 01:41:41.994 [info] > git for-each-ref --format=%(refname)%00%(upstream:short)%00%(objectname)%00%(upstream:track)%00%(upstream:remotename)%00%(upstream:remoteref) refs/heads/master refs/remotes/master [2ms]
2023-07-05 01:41:42.077 [info] > git status -z -uall [79ms]
2023-07-05 01:41:47.093 [info] > git config --get commit.template [5ms]
2023-07-05 01:41:47.095 [info] > git for-each-ref --format=%(refname)%00%(upstream:short)%00%(objectname)%00%(upstream:track)%00%(upstream:remotename)%00%(upstream:remoteref) refs/heads/master refs/remotes/master [2ms]
2023-07-05 01:41:47.178 [info] > git status -z -uall [80ms]
2023-07-05 01:41:52.193 [info] > git config --get commit.template [5ms]
2023-07-05 01:41:52.195 [info] > git for-each-ref --format=%(refname)%00%(upstream:short)%00%(objectname)%00%(upstream:track)%00%(upstream:remotename)%00%(upstream:remoteref) refs/heads/master refs/remotes/master [2ms]
2023-07-05 01:41:52.277 [info] > git status -z -uall [78ms]
2023-07-05 01:41:57.293 [info] > git config --get commit.template [6ms]
2023-07-05 01:41:57.295 [info] > git for-each-ref --format=%(refname)%00%(upstream:short)%00%(objectname)%00%(upstream:track)%00%(upstream:remotename)%00%(upstream:remoteref) refs/heads/master refs/remotes/master [3ms]
2023-07-05 01:41:57.380 [info] > git status -z -uall [81ms]
2023-07-05 01:42:02.398 [info] > git config --get commit.template [6ms]
2023-07-05 01:42:02.400 [info] > git for-each-ref --format=%(refname)%00%(upstream:short)%00%(objectname)%00%(upstream:track)%00%(upstream:remotename)%00%(upstream:remoteref) refs/heads/master refs/remotes/master [5ms]
2023-07-05 01:42:02.482 [info] > git status -z -uall [78ms]
2023-07-05 01:42:09.649 [info] > git config --get commit.template [6ms]
2023-07-05 01:42:09.651 [info] > git for-each-ref --format=%(refname)%00%(upstream:short)%00%(objectname)%00%(upstream:track)%00%(upstream:remotename)%00%(upstream:remoteref) refs/heads/master refs/remotes/master [3ms]
2023-07-05 01:42:09.731 [info] > git status -z -uall [77ms]
2023-07-05 01:42:14.747 [info] > git config --get commit.template [6ms]
2023-07-05 01:42:14.749 [info] > git for-each-ref --format=%(refname)%00%(upstream:short)%00%(objectname)%00%(upstream:track)%00%(upstream:remotename)%00%(upstream:remoteref) refs/heads/master refs/remotes/master [3ms]
2023-07-05 01:42:14.830 [info] > git status -z -uall [78ms]
2023-07-05 01:42:19.847 [info] > git config --get commit.template [7ms]
2023-07-05 01:42:19.849 [info] > git for-each-ref --format=%(refname)%00%(upstream:short)%00%(objectname)%00%(upstream:track)%00%(upstream:remotename)%00%(upstream:remoteref) refs/heads/master refs/remotes/master [2ms]
2023-07-05 01:42:19.928 [info] > git status -z -uall [76ms]
2023-07-05 01:42:24.944 [info] > git config --get commit.template [7ms]
2023-07-05 01:42:24.946 [info] > git for-each-ref --format=%(refname)%00%(upstream:short)%00%(objectname)%00%(upstream:track)%00%(upstream:remotename)%00%(upstream:remoteref) refs/heads/master refs/remotes/master [2ms]
2023-07-05 01:42:25.029 [info] > git status -z -uall [79ms]
2023-07-05 01:43:33.426 [info] > git config --get commit.template [7ms]
2023-07-05 01:43:33.428 [info] > git for-each-ref --format=%(refname)%00%(upstream:short)%00%(objectname)%00%(upstream:track)%00%(upstream:remotename)%00%(upstream:remoteref) refs/heads/master refs/remotes/master [3ms]
2023-07-05 01:43:33.511 [info] > git status -z -uall [78ms]
2023-07-05 01:43:38.525 [info] > git config --get commit.template [6ms]
2023-07-05 01:43:38.527 [info] > git for-each-ref --format=%(refname)%00%(upstream:short)%00%(objectname)%00%(upstream:track)%00%(upstream:remotename)%00%(upstream:remoteref) refs/heads/master refs/remotes/master [3ms]
2023-07-05 01:43:38.609 [info] > git status -z -uall [79ms]
2023-07-05 01:43:43.626 [info] > git config --get commit.template [6ms]
2023-07-05 01:43:43.628 [info] > git for-each-ref --format=%(refname)%00%(upstream:short)%00%(objectname)%00%(upstream:track)%00%(upstream:remotename)%00%(upstream:remoteref) refs/heads/master refs/remotes/master [4ms]
2023-07-05 01:43:43.714 [info] > git status -z -uall [80ms]
2023-07-05 01:43:48.728 [info] > git config --get commit.template [6ms]
2023-07-05 01:43:48.730 [info] > git for-each-ref --format=%(refname)%00%(upstream:short)%00%(objectname)%00%(upstream:track)%00%(upstream:remotename)%00%(upstream:remoteref) refs/heads/master refs/remotes/master [2ms]
2023-07-05 01:43:48.814 [info] > git status -z -uall [80ms]
2023-07-05 01:43:53.828 [info] > git config --get commit.template [6ms]
2023-07-05 01:43:53.830 [info] > git for-each-ref --format=%(refname)%00%(upstream:short)%00%(objectname)%00%(upstream:track)%00%(upstream:remotename)%00%(upstream:remoteref) refs/heads/master refs/remotes/master [3ms]
2023-07-05 01:43:53.947 [info] > git status -z -uall [114ms]
2023-07-05 01:43:58.975 [info] > git config --get commit.template [6ms]
2023-07-05 01:43:58.977 [info] > git for-each-ref --format=%(refname)%00%(upstream:short)%00%(objectname)%00%(upstream:track)%00%(upstream:remotename)%00%(upstream:remoteref) refs/heads/master refs/remotes/master [2ms]
2023-07-05 01:43:59.107 [info] > git status -z -uall [120ms]
2023-07-05 01:44:17.640 [info] > git config --get commit.template [6ms]
2023-07-05 01:44:17.642 [info] > git for-each-ref --format=%(refname)%00%(upstream:short)%00%(objectname)%00%(upstream:track)%00%(upstream:remotename)%00%(upstream:remoteref) refs/heads/master refs/remotes/master [2ms]
2023-07-05 01:44:17.725 [info] > git status -z -uall [78ms]
2023-07-05 01:44:22.740 [info] > git config --get commit.template [6ms]
2023-07-05 01:44:22.743 [info] > git for-each-ref --format=%(refname)%00%(upstream:short)%00%(objectname)%00%(upstream:track)%00%(upstream:remotename)%00%(upstream:remoteref) refs/heads/master refs/remotes/master [3ms]
2023-07-05 01:44:22.828 [info] > git status -z -uall [80ms]
2023-07-05 01:44:27.846 [info] > git config --get commit.template [7ms]
2023-07-05 01:44:27.848 [info] > git for-each-ref --format=%(refname)%00%(upstream:short)%00%(objectname)%00%(upstream:track)%00%(upstream:remotename)%00%(upstream:remoteref) refs/heads/master refs/remotes/master [3ms]
2023-07-05 01:44:27.934 [info] > git status -z -uall [80ms]
2023-07-05 01:44:32.949 [info] > git config --get commit.template [7ms]
2023-07-05 01:44:32.951 [info] > git for-each-ref --format=%(refname)%00%(upstream:short)%00%(objectname)%00%(upstream:track)%00%(upstream:remotename)%00%(upstream:remoteref) refs/heads/master refs/remotes/master [4ms]
2023-07-05 01:44:33.035 [info] > git status -z -uall [79ms]
2023-07-05 01:44:38.050 [info] > git config --get commit.template [6ms]
2023-07-05 01:44:38.052 [info] > git for-each-ref --format=%(refname)%00%(upstream:short)%00%(objectname)%00%(upstream:track)%00%(upstream:remotename)%00%(upstream:remoteref) refs/heads/master refs/remotes/master [2ms]
2023-07-05 01:44:38.135 [info] > git status -z -uall [79ms]
2023-07-05 01:44:43.152 [info] > git config --get commit.template [6ms]
2023-07-05 01:44:43.154 [info] > git for-each-ref --format=%(refname)%00%(upstream:short)%00%(objectname)%00%(upstream:track)%00%(upstream:remotename)%00%(upstream:remoteref) refs/heads/master refs/remotes/master [3ms]
2023-07-05 01:44:43.244 [info] > git status -z -uall [86ms]
2023-07-05 01:44:48.260 [info] > git config --get commit.template [5ms]
2023-07-05 01:44:48.262 [info] > git for-each-ref --format=%(refname)%00%(upstream:short)%00%(objectname)%00%(upstream:track)%00%(upstream:remotename)%00%(upstream:remoteref) refs/heads/master refs/remotes/master [2ms]
2023-07-05 01:44:48.346 [info] > git status -z -uall [81ms]
2023-07-05 01:44:53.362 [info] > git config --get commit.template [6ms]
2023-07-05 01:44:53.364 [info] > git for-each-ref --format=%(refname)%00%(upstream:short)%00%(objectname)%00%(upstream:track)%00%(upstream:remotename)%00%(upstream:remoteref) refs/heads/master refs/remotes/master [3ms]
2023-07-05 01:44:53.449 [info] > git status -z -uall [81ms]
2023-07-05 01:45:09.228 [info] > git config --get commit.template [6ms]
2023-07-05 01:45:09.230 [info] > git for-each-ref --format=%(refname)%00%(upstream:short)%00%(objectname)%00%(upstream:track)%00%(upstream:remotename)%00%(upstream:remoteref) refs/heads/master refs/remotes/master [3ms]
2023-07-05 01:45:09.316 [info] > git status -z -uall [82ms]
2023-07-05 01:45:09.897 [info] > git show --textconv :flaskr/views.py [14ms]
2023-07-05 01:45:09.899 [info] > git ls-files --stage -- /home/ec2-user/flaskr/views.py [10ms]
2023-07-05 01:45:09.905 [info] > git cat-file -s 663ff092b50f10586e554f51a77881ec5bcfc8c3 [1ms]
2023-07-05 01:45:14.338 [info] > git config --get commit.template [5ms]
2023-07-05 01:45:14.340 [info] > git for-each-ref --format=%(refname)%00%(upstream:short)%00%(objectname)%00%(upstream:track)%00%(upstream:remotename)%00%(upstream:remoteref) refs/heads/master refs/remotes/master [2ms]
2023-07-05 01:45:14.424 [info] > git status -z -uall [79ms]
2023-07-05 01:45:19.437 [info] > git config --get commit.template [6ms]
2023-07-05 01:45:19.439 [info] > git for-each-ref --format=%(refname)%00%(upstream:short)%00%(objectname)%00%(upstream:track)%00%(upstream:remotename)%00%(upstream:remoteref) refs/heads/master refs/remotes/master [2ms]
2023-07-05 01:45:19.523 [info] > git status -z -uall [79ms]
2023-07-05 01:45:24.539 [info] > git config --get commit.template [6ms]
2023-07-05 01:45:24.541 [info] > git for-each-ref --format=%(refname)%00%(upstream:short)%00%(objectname)%00%(upstream:track)%00%(upstream:remotename)%00%(upstream:remoteref) refs/heads/master refs/remotes/master [3ms]
2023-07-05 01:45:24.625 [info] > git status -z -uall [81ms]
2023-07-05 01:45:29.641 [info] > git config --get commit.template [5ms]
2023-07-05 01:45:29.642 [info] > git for-each-ref --format=%(refname)%00%(upstream:short)%00%(objectname)%00%(upstream:track)%00%(upstream:remotename)%00%(upstream:remoteref) refs/heads/master refs/remotes/master [2ms]
2023-07-05 01:45:29.724 [info] > git status -z -uall [77ms]
2023-07-05 01:45:34.740 [info] > git config --get commit.template [6ms]
2023-07-05 01:45:34.742 [info] > git for-each-ref --format=%(refname)%00%(upstream:short)%00%(objectname)%00%(upstream:track)%00%(upstream:remotename)%00%(upstream:remoteref) refs/heads/master refs/remotes/master [3ms]
2023-07-05 01:45:34.823 [info] > git status -z -uall [78ms]
2023-07-05 01:45:39.839 [info] > git config --get commit.template [6ms]
2023-07-05 01:45:39.841 [info] > git for-each-ref --format=%(refname)%00%(upstream:short)%00%(objectname)%00%(upstream:track)%00%(upstream:remotename)%00%(upstream:remoteref) refs/heads/master refs/remotes/master [2ms]
2023-07-05 01:45:39.923 [info] > git status -z -uall [78ms]
2023-07-05 01:45:44.938 [info] > git config --get commit.template [6ms]
2023-07-05 01:45:44.940 [info] > git for-each-ref --format=%(refname)%00%(upstream:short)%00%(objectname)%00%(upstream:track)%00%(upstream:remotename)%00%(upstream:remoteref) refs/heads/master refs/remotes/master [2ms]
2023-07-05 01:45:45.026 [info] > git status -z -uall [82ms]
2023-07-05 01:46:06.924 [info] > git config --get commit.template [6ms]
2023-07-05 01:46:06.926 [info] > git for-each-ref --format=%(refname)%00%(upstream:short)%00%(objectname)%00%(upstream:track)%00%(upstream:remotename)%00%(upstream:remoteref) refs/heads/master refs/remotes/master [3ms]
2023-07-05 01:46:07.009 [info] > git status -z -uall [80ms]
2023-07-05 01:46:12.024 [info] > git config --get commit.template [6ms]
2023-07-05 01:46:12.026 [info] > git for-each-ref --format=%(refname)%00%(upstream:short)%00%(objectname)%00%(upstream:track)%00%(upstream:remotename)%00%(upstream:remoteref) refs/heads/master refs/remotes/master [3ms]
2023-07-05 01:46:12.108 [info] > git status -z -uall [79ms]
2023-07-05 01:46:14.410 [info] > git check-ignore -v -z --stdin [6ms]
2023-07-05 01:46:17.124 [info] > git config --get commit.template [6ms]
2023-07-05 01:46:17.126 [info] > git for-each-ref --format=%(refname)%00%(upstream:short)%00%(objectname)%00%(upstream:track)%00%(upstream:remotename)%00%(upstream:remoteref) refs/heads/master refs/remotes/master [2ms]
2023-07-05 01:46:17.213 [info] > git status -z -uall [83ms]
2023-07-05 01:46:22.234 [info] > git config --get commit.template [6ms]
2023-07-05 01:46:22.236 [info] > git for-each-ref --format=%(refname)%00%(upstream:short)%00%(objectname)%00%(upstream:track)%00%(upstream:remotename)%00%(upstream:remoteref) refs/heads/master refs/remotes/master [3ms]
2023-07-05 01:46:22.322 [info] > git status -z -uall [83ms]
2023-07-05 01:46:27.338 [info] > git config --get commit.template [6ms]
2023-07-05 01:46:27.340 [info] > git for-each-ref --format=%(refname)%00%(upstream:short)%00%(objectname)%00%(upstream:track)%00%(upstream:remotename)%00%(upstream:remoteref) refs/heads/master refs/remotes/master [3ms]
2023-07-05 01:46:27.421 [info] > git status -z -uall [78ms]
2023-07-05 01:46:32.438 [info] > git config --get commit.template [6ms]
2023-07-05 01:46:32.440 [info] > git for-each-ref --format=%(refname)%00%(upstream:short)%00%(objectname)%00%(upstream:track)%00%(upstream:remotename)%00%(upstream:remoteref) refs/heads/master refs/remotes/master [3ms]
2023-07-05 01:46:32.524 [info] > git status -z -uall [77ms]
2023-07-05 01:46:37.538 [info] > git config --get commit.template [5ms]
2023-07-05 01:46:37.539 [info] > git for-each-ref --format=%(refname)%00%(upstream:short)%00%(objectname)%00%(upstream:track)%00%(upstream:remotename)%00%(upstream:remoteref) refs/heads/master refs/remotes/master [2ms]
2023-07-05 01:46:37.625 [info] > git status -z -uall [82ms]
2023-07-05 01:46:42.644 [info] > git config --get commit.template [6ms]
2023-07-05 01:46:42.647 [info] > git for-each-ref --format=%(refname)%00%(upstream:short)%00%(objectname)%00%(upstream:track)%00%(upstream:remotename)%00%(upstream:remoteref) refs/heads/master refs/remotes/master [4ms]
2023-07-05 01:46:42.729 [info] > git status -z -uall [79ms]
2023-07-05 01:46:47.745 [info] > git config --get commit.template [6ms]
2023-07-05 01:46:47.747 [info] > git for-each-ref --format=%(refname)%00%(upstream:short)%00%(objectname)%00%(upstream:track)%00%(upstream:remotename)%00%(upstream:remoteref) refs/heads/master refs/remotes/master [2ms]
2023-07-05 01:46:47.830 [info] > git status -z -uall [79ms]
2023-07-05 01:46:52.846 [info] > git config --get commit.template [6ms]
2023-07-05 01:46:52.848 [info] > git for-each-ref --format=%(refname)%00%(upstream:short)%00%(objectname)%00%(upstream:track)%00%(upstream:remotename)%00%(upstream:remoteref) refs/heads/master refs/remotes/master [2ms]
2023-07-05 01:46:52.936 [info] > git status -z -uall [81ms]
2023-07-05 01:46:57.952 [info] > git config --get commit.template [6ms]
2023-07-05 01:46:57.954 [info] > git for-each-ref --format=%(refname)%00%(upstream:short)%00%(objectname)%00%(upstream:track)%00%(upstream:remotename)%00%(upstream:remoteref) refs/heads/master refs/remotes/master [3ms]
2023-07-05 01:46:58.038 [info] > git status -z -uall [80ms]
2023-07-05 01:47:03.052 [info] > git config --get commit.template [6ms]
2023-07-05 01:47:03.054 [info] > git for-each-ref --format=%(refname)%00%(upstream:short)%00%(objectname)%00%(upstream:track)%00%(upstream:remotename)%00%(upstream:remoteref) refs/heads/master refs/remotes/master [3ms]
2023-07-05 01:47:03.136 [info] > git status -z -uall [79ms]
2023-07-05 01:47:08.151 [info] > git config --get commit.template [6ms]
2023-07-05 01:47:08.153 [info] > git for-each-ref --format=%(refname)%00%(upstream:short)%00%(objectname)%00%(upstream:track)%00%(upstream:remotename)%00%(upstream:remoteref) refs/heads/master refs/remotes/master [3ms]
2023-07-05 01:47:08.234 [info] > git status -z -uall [78ms]
2023-07-05 01:47:13.250 [info] > git config --get commit.template [6ms]
2023-07-05 01:47:13.253 [info] > git for-each-ref --format=%(refname)%00%(upstream:short)%00%(objectname)%00%(upstream:track)%00%(upstream:remotename)%00%(upstream:remoteref) refs/heads/master refs/remotes/master [3ms]
2023-07-05 01:47:13.336 [info] > git status -z -uall [79ms]
2023-07-05 01:47:18.351 [info] > git config --get commit.template [6ms]
2023-07-05 01:47:18.353 [info] > git for-each-ref --format=%(refname)%00%(upstream:short)%00%(objectname)%00%(upstream:track)%00%(upstream:remotename)%00%(upstream:remoteref) refs/heads/master refs/remotes/master [3ms]
2023-07-05 01:47:18.505 [info] > git status -z -uall [149ms]
2023-07-05 01:47:23.522 [info] > git config --get commit.template [6ms]
2023-07-05 01:47:23.524 [info] > git for-each-ref --format=%(refname)%00%(upstream:short)%00%(objectname)%00%(upstream:track)%00%(upstream:remotename)%00%(upstream:remoteref) refs/heads/master refs/remotes/master [3ms]
2023-07-05 01:47:23.608 [info] > git status -z -uall [80ms]
2023-07-05 01:47:28.623 [info] > git config --get commit.template [6ms]
2023-07-05 01:47:28.625 [info] > git for-each-ref --format=%(refname)%00%(upstream:short)%00%(objectname)%00%(upstream:track)%00%(upstream:remotename)%00%(upstream:remoteref) refs/heads/master refs/remotes/master [2ms]
2023-07-05 01:47:28.712 [info] > git status -z -uall [82ms]
2023-07-05 01:47:33.726 [info] > git config --get commit.template [6ms]
2023-07-05 01:47:33.728 [info] > git for-each-ref --format=%(refname)%00%(upstream:short)%00%(objectname)%00%(upstream:track)%00%(upstream:remotename)%00%(upstream:remoteref) refs/heads/master refs/remotes/master [3ms]
2023-07-05 01:47:33.811 [info] > git status -z -uall [78ms]
2023-07-05 01:47:38.828 [info] > git config --get commit.template [6ms]
2023-07-05 01:47:38.830 [info] > git for-each-ref --format=%(refname)%00%(upstream:short)%00%(objectname)%00%(upstream:track)%00%(upstream:remotename)%00%(upstream:remoteref) refs/heads/master refs/remotes/master [3ms]
2023-07-05 01:47:38.914 [info] > git status -z -uall [80ms]
2023-07-05 01:47:43.930 [info] > git config --get commit.template [6ms]
2023-07-05 01:47:43.932 [info] > git for-each-ref --format=%(refname)%00%(upstream:short)%00%(objectname)%00%(upstream:track)%00%(upstream:remotename)%00%(upstream:remoteref) refs/heads/master refs/remotes/master [3ms]
2023-07-05 01:47:44.013 [info] > git status -z -uall [78ms]
2023-07-05 01:47:49.029 [info] > git config --get commit.template [6ms]
2023-07-05 01:47:49.031 [info] > git for-each-ref --format=%(refname)%00%(upstream:short)%00%(objectname)%00%(upstream:track)%00%(upstream:remotename)%00%(upstream:remoteref) refs/heads/master refs/remotes/master [3ms]
2023-07-05 01:47:49.114 [info] > git status -z -uall [79ms]
2023-07-05 01:47:54.181 [info] > git config --get commit.template [16ms]
2023-07-05 01:47:54.188 [info] > git for-each-ref --format=%(refname)%00%(upstream:short)%00%(objectname)%00%(upstream:track)%00%(upstream:remotename)%00%(upstream:remoteref) refs/heads/master refs/remotes/master [8ms]
2023-07-05 01:47:54.445 [info] > git status -z -uall [252ms]
2023-07-05 01:47:59.460 [info] > git config --get commit.template [6ms]
2023-07-05 01:47:59.462 [info] > git for-each-ref --format=%(refname)%00%(upstream:short)%00%(objectname)%00%(upstream:track)%00%(upstream:remotename)%00%(upstream:remoteref) refs/heads/master refs/remotes/master [3ms]
2023-07-05 01:47:59.546 [info] > git status -z -uall [81ms]
2023-07-05 01:48:04.564 [info] > git config --get commit.template [9ms]
2023-07-05 01:48:04.569 [info] > git for-each-ref --format=%(refname)%00%(upstream:short)%00%(objectname)%00%(upstream:track)%00%(upstream:remotename)%00%(upstream:remoteref) refs/heads/master refs/remotes/master [5ms]
2023-07-05 01:48:04.651 [info] > git status -z -uall [78ms]
2023-07-05 01:48:09.667 [info] > git config --get commit.template [7ms]
2023-07-05 01:48:09.670 [info] > git for-each-ref --format=%(refname)%00%(upstream:short)%00%(objectname)%00%(upstream:track)%00%(upstream:remotename)%00%(upstream:remoteref) refs/heads/master refs/remotes/master [4ms]
2023-07-05 01:48:09.767 [info] > git status -z -uall [93ms]
2023-07-05 01:48:14.821 [info] > git config --get commit.template [43ms]
2023-07-05 01:48:14.828 [info] > git for-each-ref --format=%(refname)%00%(upstream:short)%00%(objectname)%00%(upstream:track)%00%(upstream:remotename)%00%(upstream:remoteref) refs/heads/master refs/remotes/master [44ms]
2023-07-05 01:48:15.020 [info] > git status -z -uall [187ms]
2023-07-05 01:48:20.043 [info] > git config --get commit.template [7ms]
2023-07-05 01:48:20.046 [info] > git for-each-ref --format=%(refname)%00%(upstream:short)%00%(objectname)%00%(upstream:track)%00%(upstream:remotename)%00%(upstream:remoteref) refs/heads/master refs/remotes/master [3ms]
2023-07-05 01:48:20.147 [info] > git status -z -uall [97ms]
2023-07-05 01:48:25.165 [info] > git config --get commit.template [8ms]
2023-07-05 01:48:25.167 [info] > git for-each-ref --format=%(refname)%00%(upstream:short)%00%(objectname)%00%(upstream:track)%00%(upstream:remotename)%00%(upstream:remoteref) refs/heads/master refs/remotes/master [3ms]
2023-07-05 01:48:25.273 [info] > git status -z -uall [102ms]
2023-07-05 01:48:30.290 [info] > git config --get commit.template [6ms]
2023-07-05 01:48:30.292 [info] > git for-each-ref --format=%(refname)%00%(upstream:short)%00%(objectname)%00%(upstream:track)%00%(upstream:remotename)%00%(upstream:remoteref) refs/heads/master refs/remotes/master [3ms]
2023-07-05 01:48:30.384 [info] > git status -z -uall [89ms]
2023-07-05 01:48:35.403 [info] > git config --get commit.template [7ms]
2023-07-05 01:48:35.405 [info] > git for-each-ref --format=%(refname)%00%(upstream:short)%00%(objectname)%00%(upstream:track)%00%(upstream:remotename)%00%(upstream:remoteref) refs/heads/master refs/remotes/master [4ms]
2023-07-05 01:48:35.493 [info] > git status -z -uall [84ms]
2023-07-05 01:48:43.385 [info] > git config --get commit.template [5ms]
2023-07-05 01:48:43.387 [info] > git for-each-ref --format=%(refname)%00%(upstream:short)%00%(objectname)%00%(upstream:track)%00%(upstream:remotename)%00%(upstream:remoteref) refs/heads/master refs/remotes/master [2ms]
2023-07-05 01:48:43.472 [info] > git status -z -uall [80ms]
2023-07-05 01:48:48.487 [info] > git config --get commit.template [7ms]
2023-07-05 01:48:48.490 [info] > git for-each-ref --format=%(refname)%00%(upstream:short)%00%(objectname)%00%(upstream:track)%00%(upstream:remotename)%00%(upstream:remoteref) refs/heads/master refs/remotes/master [3ms]
2023-07-05 01:48:48.574 [info] > git status -z -uall [80ms]
2023-07-05 01:48:53.597 [info] > git config --get commit.template [13ms]
2023-07-05 01:48:53.598 [info] > git for-each-ref --format=%(refname)%00%(upstream:short)%00%(objectname)%00%(upstream:track)%00%(upstream:remotename)%00%(upstream:remoteref) refs/heads/master refs/remotes/master [10ms]
2023-07-05 01:48:53.697 [info] > git status -z -uall [95ms]
2023-07-05 01:48:58.728 [info] > git config --get commit.template [16ms]
2023-07-05 01:48:58.731 [info] > git for-each-ref --format=%(refname)%00%(upstream:short)%00%(objectname)%00%(upstream:track)%00%(upstream:remotename)%00%(upstream:remoteref) refs/heads/master refs/remotes/master [14ms]
2023-07-05 01:48:59.032 [info] > git status -z -uall [298ms]
2023-07-05 01:49:10.825 [info] > git config --get commit.template [1056ms]
2023-07-05 01:49:13.804 [info] > git for-each-ref --format=%(refname)%00%(upstream:short)%00%(objectname)%00%(upstream:track)%00%(upstream:remotename)%00%(upstream:remoteref) refs/heads/master refs/remotes/master [2418ms]
