*
* Visual Studio Code Server
*
* By using the software, you agree to
* the Visual Studio Code Server License Terms (https://aka.ms/vscode-server-license) and
* the Microsoft Privacy Statement (https://privacy.microsoft.com/en-US/privacystatement).
*
Server bound to 127.0.0.1:38963 (IPv4)
Extension host agent listening on 38963

[05:18:40] 




[05:18:40] Extension host agent started.
[05:18:40] [127.0.0.1][3830506e][ManagementConnection] New connection established.
[05:18:41] [127.0.0.1][3d8a3df6][ExtensionHostConnection] New connection established.
[05:18:41] [127.0.0.1][3d8a3df6][ExtensionHostConnection] <11729> Launched Extension Host Process.
[IPC Library: Pty Host]  WARN Shell integration cannot be enabled for executable "/bin/sh" and args [
  '-c',
  'wget --version > /dev/null\n' +
    'if [ $? -eq 0 ]\n' +
    'then\n' +
    "\twget --connect-timeout=7 --tries=1 --dns-timeout=7 -q --header='Metadata:true' -O - http://169.254.169.254/metadata/instance?api-version=2019-03-11\n" +
    'else\n' +
    '\tcurl --version > /dev/null\n' +
    '\tif [ $? -eq 0 ]\n' +
    '\tthen\n' +
    "\t\tcurl --connect-timeout 7 -s --header='Metadata:true' http://169.254.169.254/metadata/instance?api-version=2019-03-11\n" +
    '\tfi\n' +
    'fi\n' +
    'exit 0'
]
[IPC Library: Pty Host]  WARN Shell integration cannot be enabled for executable "/bin/sh" and args [
  '-c',
  'wget --version > /dev/null\n' +
    'if [ $? -eq 0 ]\n' +
    'then\n' +
    '\twget --connect-timeout=7 --tries=1 --dns-timeout=7 -q  -O - http://169.254.169.254/latest/meta-data/instance-id\n' +
    'else\n' +
    '\tcurl --version > /dev/null\n' +
    '\tif [ $? -eq 0 ]\n' +
    '\tthen\n' +
    '\t\tcurl --connect-timeout 7 -s  http://169.254.169.254/latest/meta-data/instance-id\n' +
    '\tfi\n' +
    'fi\n' +
    'exit 0'
]
[IPC Library: Pty Host]  WARN Shell integration cannot be enabled for executable "/bin/sh" and args [
  '-c',
  'wget --version > /dev/null\n' +
    'if [ $? -eq 0 ]\n' +
    'then\n' +
    '\twget --connect-timeout=7 --tries=1 --dns-timeout=7 -q  -O - http://169.254.169.254/metadata/v1/id\n' +
    'else\n' +
    '\tcurl --version > /dev/null\n' +
    '\tif [ $? -eq 0 ]\n' +
    '\tthen\n' +
    '\t\tcurl --connect-timeout 7 -s  http://169.254.169.254/metadata/v1/id\n' +
    '\tfi\n' +
    'fi\n' +
    'exit 0'
]
[IPC Library: Pty Host]  WARN Shell integration cannot be enabled for executable "/bin/sh" and args [
  '-c',
  'wget --version > /dev/null\n' +
    'if [ $? -eq 0 ]\n' +
    'then\n' +
    "\twget --connect-timeout=7 --tries=1 --dns-timeout=7 -q --header='Metadata-Flavor:Google' -O - http://metadata.google.internal/computeMetadata/v1/instance/id\n" +
    'else\n' +
    '\tcurl --version > /dev/null\n' +
    '\tif [ $? -eq 0 ]\n' +
    '\tthen\n' +
    "\t\tcurl --connect-timeout 7 -s --header='Metadata-Flavor:Google' http://metadata.google.internal/computeMetadata/v1/instance/id\n" +
    '\tfi\n' +
    'fi\n' +
    'exit 0'
]
[05:18:46] [127.0.0.1][3830506e][ManagementConnection] The client has disconnected gracefully, so the connection will be disposed.
[05:18:46] [127.0.0.1][3d8a3df6][ExtensionHostConnection] <11729> Extension Host Process exited with code: 0, signal: null.
Cancelling previous shutdown timeout
[05:18:46] Cancelling previous shutdown timeout
Last EH closed, waiting before shutting down
[05:18:46] Last EH closed, waiting before shutting down
Got delay-shutdown request while in shutdown timeout, delaying
[05:18:50] Got delay-shutdown request while in shutdown timeout, delaying
Cancelling previous shutdown timeout
[05:18:50] Cancelling previous shutdown timeout
[05:18:51] [127.0.0.1][44020702][ManagementConnection] New connection established.
[05:18:51] [127.0.0.1][48171bd5][ExtensionHostConnection] New connection established.
[05:18:51] [127.0.0.1][48171bd5][ExtensionHostConnection] <11833> Launched Extension Host Process.
[IPC Library: Pty Host]  WARN Shell integration cannot be enabled for executable "/bin/sh" and args [
  '-c',
  'wget --version > /dev/null\n' +
    'if [ $? -eq 0 ]\n' +
    'then\n' +
    "\twget --connect-timeout=7 --tries=1 --dns-timeout=7 -q --header='Metadata:true' -O - http://169.254.169.254/metadata/instance?api-version=2019-03-11\n" +
    'else\n' +
    '\tcurl --version > /dev/null\n' +
    '\tif [ $? -eq 0 ]\n' +
    '\tthen\n' +
    "\t\tcurl --connect-timeout 7 -s --header='Metadata:true' http://169.254.169.254/metadata/instance?api-version=2019-03-11\n" +
    '\tfi\n' +
    'fi\n' +
    'exit 0'
]
[IPC Library: Pty Host]  WARN Shell integration cannot be enabled for executable "/bin/sh" and args [
  '-c',
  'wget --version > /dev/null\n' +
    'if [ $? -eq 0 ]\n' +
    'then\n' +
    '\twget --connect-timeout=7 --tries=1 --dns-timeout=7 -q  -O - http://169.254.169.254/latest/meta-data/instance-id\n' +
    'else\n' +
    '\tcurl --version > /dev/null\n' +
    '\tif [ $? -eq 0 ]\n' +
    '\tthen\n' +
    '\t\tcurl --connect-timeout 7 -s  http://169.254.169.254/latest/meta-data/instance-id\n' +
    '\tfi\n' +
    'fi\n' +
    'exit 0'
]
[IPC Library: Pty Host]  WARN Shell integration cannot be enabled for executable "/bin/sh" and args [
  '-c',
  'wget --version > /dev/null\n' +
    'if [ $? -eq 0 ]\n' +
    'then\n' +
    '\twget --connect-timeout=7 --tries=1 --dns-timeout=7 -q  -O - http://169.254.169.254/metadata/v1/id\n' +
    'else\n' +
    '\tcurl --version > /dev/null\n' +
    '\tif [ $? -eq 0 ]\n' +
    '\tthen\n' +
    '\t\tcurl --connect-timeout 7 -s  http://169.254.169.254/metadata/v1/id\n' +
    '\tfi\n' +
    'fi\n' +
    'exit 0'
]
[IPC Library: Pty Host]  WARN Shell integration cannot be enabled for executable "/bin/sh" and args [
  '-c',
  'wget --version > /dev/null\n' +
    'if [ $? -eq 0 ]\n' +
    'then\n' +
    "\twget --connect-timeout=7 --tries=1 --dns-timeout=7 -q --header='Metadata-Flavor:Google' -O - http://metadata.google.internal/computeMetadata/v1/instance/id\n" +
    'else\n' +
    '\tcurl --version > /dev/null\n' +
    '\tif [ $? -eq 0 ]\n' +
    '\tthen\n' +
    "\t\tcurl --connect-timeout 7 -s --header='Metadata-Flavor:Google' http://metadata.google.internal/computeMetadata/v1/instance/id\n" +
    '\tfi\n' +
    'fi\n' +
    'exit 0'
]
rejected promise not handled within 1 second: CodeExpectedError: Could not find pty on pty host
stack trace: CodeExpectedError: Could not find pty on pty host
    at k.L (/home/ec2-user/.vscode-server/bin/695af097c7bd098fbf017ce3ac85e09bbc5dda06/out/vs/platform/terminal/node/ptyHostMain.js:28:6920)
    at k.updateTitle (/home/ec2-user/.vscode-server/bin/695af097c7bd098fbf017ce3ac85e09bbc5dda06/out/vs/platform/terminal/node/ptyHostMain.js:28:2627)
    at Object.call (/home/ec2-user/.vscode-server/bin/695af097c7bd098fbf017ce3ac85e09bbc5dda06/out/vs/platform/terminal/node/ptyHostMain.js:17:5058)
    at h.s (/home/ec2-user/.vscode-server/bin/695af097c7bd098fbf017ce3ac85e09bbc5dda06/out/vs/platform/terminal/node/ptyHostMain.js:15:5412)
    at h.q (/home/ec2-user/.vscode-server/bin/695af097c7bd098fbf017ce3ac85e09bbc5dda06/out/vs/platform/terminal/node/ptyHostMain.js:15:4915)
    at /home/ec2-user/.vscode-server/bin/695af097c7bd098fbf017ce3ac85e09bbc5dda06/out/vs/platform/terminal/node/ptyHostMain.js:15:4326
    at l.invoke (/home/ec2-user/.vscode-server/bin/695af097c7bd098fbf017ce3ac85e09bbc5dda06/out/vs/platform/terminal/node/ptyHostMain.js:11:145)
    at u.deliver (/home/ec2-user/.vscode-server/bin/695af097c7bd098fbf017ce3ac85e09bbc5dda06/out/vs/platform/terminal/node/ptyHostMain.js:11:2125)
    at s.fire (/home/ec2-user/.vscode-server/bin/695af097c7bd098fbf017ce3ac85e09bbc5dda06/out/vs/platform/terminal/node/ptyHostMain.js:11:1733)
    at process.z (/home/ec2-user/.vscode-server/bin/695af097c7bd098fbf017ce3ac85e09bbc5dda06/out/vs/platform/terminal/node/ptyHostMain.js:9:21144)
    at process.emit (node:events:513:28)
    at emit (node:internal/child_process:939:14)
    at processTicksAndRejections (node:internal/process/task_queues:84:21)
[05:18:53] Error [CodeExpectedError]: Could not find pty on pty host
    at k.L (/home/ec2-user/.vscode-server/bin/695af097c7bd098fbf017ce3ac85e09bbc5dda06/out/vs/platform/terminal/node/ptyHostMain.js:28:6920)
    at k.updateTitle (/home/ec2-user/.vscode-server/bin/695af097c7bd098fbf017ce3ac85e09bbc5dda06/out/vs/platform/terminal/node/ptyHostMain.js:28:2627)
    at Object.call (/home/ec2-user/.vscode-server/bin/695af097c7bd098fbf017ce3ac85e09bbc5dda06/out/vs/platform/terminal/node/ptyHostMain.js:17:5058)
    at h.s (/home/ec2-user/.vscode-server/bin/695af097c7bd098fbf017ce3ac85e09bbc5dda06/out/vs/platform/terminal/node/ptyHostMain.js:15:5412)
    at h.q (/home/ec2-user/.vscode-server/bin/695af097c7bd098fbf017ce3ac85e09bbc5dda06/out/vs/platform/terminal/node/ptyHostMain.js:15:4915)
    at /home/ec2-user/.vscode-server/bin/695af097c7bd098fbf017ce3ac85e09bbc5dda06/out/vs/platform/terminal/node/ptyHostMain.js:15:4326
    at l.invoke (/home/ec2-user/.vscode-server/bin/695af097c7bd098fbf017ce3ac85e09bbc5dda06/out/vs/platform/terminal/node/ptyHostMain.js:11:145)
    at u.deliver (/home/ec2-user/.vscode-server/bin/695af097c7bd098fbf017ce3ac85e09bbc5dda06/out/vs/platform/terminal/node/ptyHostMain.js:11:2125)
    at s.fire (/home/ec2-user/.vscode-server/bin/695af097c7bd098fbf017ce3ac85e09bbc5dda06/out/vs/platform/terminal/node/ptyHostMain.js:11:1733)
    at process.z (/home/ec2-user/.vscode-server/bin/695af097c7bd098fbf017ce3ac85e09bbc5dda06/out/vs/platform/terminal/node/ptyHostMain.js:9:21144)
    at process.emit (node:events:513:28)
    at emit (node:internal/child_process:939:14)
    at processTicksAndRejections (node:internal/process/task_queues:84:21)
New EH opened, aborting shutdown
[05:23:50] New EH opened, aborting shutdown
