2023-07-04 23:48:32.238 [info] Log level: Info
2023-07-04 23:48:32.238 [info] Validating found git in: "git"
2023-07-04 23:48:32.238 [info] Using git "2.40.1" from "git"
2023-07-04 23:48:32.238 [info] > git rev-parse --show-toplevel [118ms]
2023-07-04 23:48:32.238 [info] > git rev-parse --git-dir --git-common-dir [4ms]
2023-07-04 23:48:32.238 [info] Open repository: /home/ec2-user
2023-07-04 23:48:32.238 [info] > git rev-parse --show-toplevel [10ms]
2023-07-04 23:48:32.238 [info] > git config --get commit.template [11ms]
2023-07-04 23:48:32.238 [info] > git rev-parse --show-toplevel [13ms]
2023-07-04 23:48:32.238 [info] > git rev-parse --show-toplevel [30ms]
2023-07-04 23:48:32.238 [info] > git for-each-ref --format=%(refname)%00%(upstream:short)%00%(objectname)%00%(upstream:track)%00%(upstream:remotename)%00%(upstream:remoteref) refs/heads/master refs/remotes/master [51ms]
2023-07-04 23:48:32.238 [info] > git rev-parse --show-toplevel [12ms]
2023-07-04 23:48:32.238 [info] > git rev-parse --show-toplevel [19ms]
2023-07-04 23:48:32.238 [info] > git rev-parse --show-toplevel [86ms]
2023-07-04 23:48:32.238 [info] > git rev-parse --show-toplevel [8ms]
2023-07-04 23:48:32.238 [info] > git rev-parse --show-toplevel [3ms]
2023-07-04 23:48:32.238 [info] > git rev-parse --show-toplevel [6ms]
2023-07-04 23:48:32.238 [info] > git status -z -uall [279ms]
2023-07-04 23:48:32.238 [info] > git config --get commit.template [14ms]
2023-07-04 23:48:32.238 [info] > git for-each-ref --format=%(refname)%00%(upstream:short)%00%(objectname)%00%(upstream:track)%00%(upstream:remotename)%00%(upstream:remoteref) refs/heads/master refs/remotes/master [4ms]
2023-07-04 23:48:32.238 [info] > git status -z -uall [251ms]
2023-07-04 23:48:32.290 [info] > git check-ignore -v -z --stdin [21ms]
2023-07-04 23:48:33.609 [info] > git check-ignore -v -z --stdin [10ms]
2023-07-04 23:48:34.618 [info] > git config --get commit.template [7ms]
2023-07-04 23:48:34.620 [info] > git for-each-ref --format=%(refname)%00%(upstream:short)%00%(objectname)%00%(upstream:track)%00%(upstream:remotename)%00%(upstream:remoteref) refs/heads/master refs/remotes/master [3ms]
2023-07-04 23:48:34.707 [info] > git status -z -uall [84ms]
2023-07-04 23:48:35.656 [info] > git show --textconv :flaskr/models.py [24ms]
2023-07-04 23:48:35.658 [info] > git ls-files --stage -- /home/ec2-user/flaskr/models.py [21ms]
2023-07-04 23:48:35.667 [info] > git cat-file -s 55c43d396ff712f79c87a396b911288c2af5a5d4 [5ms]
2023-07-04 23:48:36.475 [info] > git show --textconv :flaskr/views.py [14ms]
2023-07-04 23:48:36.478 [info] > git ls-files --stage -- /home/ec2-user/flaskr/views.py [8ms]
2023-07-04 23:48:36.483 [info] > git cat-file -s ae6f2cd433522cf724dce5e60f78eb1677c41034 [2ms]
2023-07-04 23:48:39.757 [info] > git config --get commit.template [9ms]
2023-07-04 23:48:39.761 [info] > git for-each-ref --format=%(refname)%00%(upstream:short)%00%(objectname)%00%(upstream:track)%00%(upstream:remotename)%00%(upstream:remoteref) refs/heads/master refs/remotes/master [7ms]
2023-07-04 23:48:40.136 [info] > git status -z -uall [361ms]
2023-07-04 23:48:47.921 [info] > git config --get commit.template [31ms]
2023-07-04 23:48:47.947 [info] > git for-each-ref --format=%(refname)%00%(upstream:short)%00%(objectname)%00%(upstream:track)%00%(upstream:remotename)%00%(upstream:remoteref) refs/heads/master refs/remotes/master [27ms]
2023-07-04 23:48:48.261 [info] > git status -z -uall [301ms]
2023-07-04 23:48:50.743 [info] > git check-ignore -v -z --stdin [24ms]
2023-07-04 23:48:52.598 [info] > git show --textconv :flaskr/templates/home.html [19ms]
2023-07-04 23:48:52.604 [info] > git ls-files --stage -- /home/ec2-user/flaskr/templates/home.html [15ms]
2023-07-04 23:48:52.619 [info] > git cat-file -s c26559154f8dc873bdef981975d25c14a9289031 [11ms]
2023-07-04 23:48:53.322 [info] > git config --get commit.template [6ms]
2023-07-04 23:48:53.324 [info] > git for-each-ref --format=%(refname)%00%(upstream:short)%00%(objectname)%00%(upstream:track)%00%(upstream:remotename)%00%(upstream:remoteref) refs/heads/master refs/remotes/master [3ms]
2023-07-04 23:48:53.412 [info] > git status -z -uall [84ms]
2023-07-04 23:48:58.440 [info] > git config --get commit.template [7ms]
2023-07-04 23:48:58.442 [info] > git for-each-ref --format=%(refname)%00%(upstream:short)%00%(objectname)%00%(upstream:track)%00%(upstream:remotename)%00%(upstream:remoteref) refs/heads/master refs/remotes/master [3ms]
2023-07-04 23:48:58.526 [info] > git status -z -uall [80ms]
2023-07-04 23:49:03.550 [info] > git config --get commit.template [7ms]
2023-07-04 23:49:03.552 [info] > git for-each-ref --format=%(refname)%00%(upstream:short)%00%(objectname)%00%(upstream:track)%00%(upstream:remotename)%00%(upstream:remoteref) refs/heads/master refs/remotes/master [3ms]
2023-07-04 23:49:03.669 [info] > git status -z -uall [113ms]
2023-07-04 23:49:08.791 [info] > git config --get commit.template [13ms]
2023-07-04 23:49:08.793 [info] > git for-each-ref --format=%(refname)%00%(upstream:short)%00%(objectname)%00%(upstream:track)%00%(upstream:remotename)%00%(upstream:remoteref) refs/heads/master refs/remotes/master [10ms]
2023-07-04 23:49:08.878 [info] > git status -z -uall [80ms]
2023-07-04 23:49:13.940 [info] > git config --get commit.template [8ms]
2023-07-04 23:49:13.942 [info] > git for-each-ref --format=%(refname)%00%(upstream:short)%00%(objectname)%00%(upstream:track)%00%(upstream:remotename)%00%(upstream:remoteref) refs/heads/master refs/remotes/master [3ms]
2023-07-04 23:49:14.034 [info] > git status -z -uall [86ms]
2023-07-04 23:49:19.061 [info] > git config --get commit.template [6ms]
2023-07-04 23:49:19.063 [info] > git for-each-ref --format=%(refname)%00%(upstream:short)%00%(objectname)%00%(upstream:track)%00%(upstream:remotename)%00%(upstream:remoteref) refs/heads/master refs/remotes/master [4ms]
2023-07-04 23:49:19.202 [info] > git status -z -uall [135ms]
2023-07-04 23:49:24.231 [info] > git config --get commit.template [6ms]
2023-07-04 23:49:24.233 [info] > git for-each-ref --format=%(refname)%00%(upstream:short)%00%(objectname)%00%(upstream:track)%00%(upstream:remotename)%00%(upstream:remoteref) refs/heads/master refs/remotes/master [2ms]
2023-07-04 23:49:24.315 [info] > git status -z -uall [78ms]
2023-07-04 23:49:29.340 [info] > git config --get commit.template [6ms]
2023-07-04 23:49:29.342 [info] > git for-each-ref --format=%(refname)%00%(upstream:short)%00%(objectname)%00%(upstream:track)%00%(upstream:remotename)%00%(upstream:remoteref) refs/heads/master refs/remotes/master [3ms]
2023-07-04 23:49:29.424 [info] > git status -z -uall [78ms]
2023-07-04 23:50:28.397 [info] > git config --get commit.template [6ms]
2023-07-04 23:50:28.400 [info] > git for-each-ref --format=%(refname)%00%(upstream:short)%00%(objectname)%00%(upstream:track)%00%(upstream:remotename)%00%(upstream:remoteref) refs/heads/master refs/remotes/master [3ms]
2023-07-04 23:50:28.484 [info] > git status -z -uall [80ms]
2023-07-04 23:50:41.643 [info] > git config --get commit.template [7ms]
2023-07-04 23:50:41.645 [info] > git for-each-ref --format=%(refname)%00%(upstream:short)%00%(objectname)%00%(upstream:track)%00%(upstream:remotename)%00%(upstream:remoteref) refs/heads/master refs/remotes/master [3ms]
2023-07-04 23:50:41.728 [info] > git status -z -uall [78ms]
2023-07-04 23:50:46.778 [info] > git config --get commit.template [12ms]
2023-07-04 23:50:46.792 [info] > git for-each-ref --format=%(refname)%00%(upstream:short)%00%(objectname)%00%(upstream:track)%00%(upstream:remotename)%00%(upstream:remoteref) refs/heads/master refs/remotes/master [4ms]
2023-07-04 23:50:46.892 [info] > git ls-files --stage -- /home/ec2-user/flaskr/forms.py [7ms]
2023-07-04 23:50:46.907 [info] > git show --textconv :flaskr/forms.py [41ms]
2023-07-04 23:50:46.910 [info] > git cat-file -s 3c843396a08fc83cb808801844511f45be798056 [8ms]
2023-07-04 23:50:46.965 [info] > git status -z -uall [168ms]
2023-07-04 23:50:52.010 [info] > git config --get commit.template [6ms]
2023-07-04 23:50:52.012 [info] > git for-each-ref --format=%(refname)%00%(upstream:short)%00%(objectname)%00%(upstream:track)%00%(upstream:remotename)%00%(upstream:remoteref) refs/heads/master refs/remotes/master [2ms]
2023-07-04 23:50:52.096 [info] > git status -z -uall [79ms]
2023-07-04 23:50:52.780 [info] > git show --textconv :flaskr/models.py [21ms]
2023-07-04 23:50:52.797 [info] > git ls-files --stage -- /home/ec2-user/flaskr/models.py [20ms]
2023-07-04 23:50:52.835 [info] > git cat-file -s 55c43d396ff712f79c87a396b911288c2af5a5d4 [13ms]
2023-07-04 23:50:57.135 [info] > git config --get commit.template [7ms]
2023-07-04 23:50:57.138 [info] > git for-each-ref --format=%(refname)%00%(upstream:short)%00%(objectname)%00%(upstream:track)%00%(upstream:remotename)%00%(upstream:remoteref) refs/heads/master refs/remotes/master [4ms]
2023-07-04 23:50:57.223 [info] > git status -z -uall [80ms]
2023-07-04 23:51:02.254 [info] > git config --get commit.template [7ms]
2023-07-04 23:51:02.256 [info] > git for-each-ref --format=%(refname)%00%(upstream:short)%00%(objectname)%00%(upstream:track)%00%(upstream:remotename)%00%(upstream:remoteref) refs/heads/master refs/remotes/master [2ms]
2023-07-04 23:51:02.339 [info] > git status -z -uall [78ms]
2023-07-04 23:51:08.546 [info] > git config --get commit.template [6ms]
2023-07-04 23:51:08.548 [info] > git for-each-ref --format=%(refname)%00%(upstream:short)%00%(objectname)%00%(upstream:track)%00%(upstream:remotename)%00%(upstream:remoteref) refs/heads/master refs/remotes/master [2ms]
2023-07-04 23:51:08.634 [info] > git status -z -uall [81ms]
2023-07-04 23:51:13.663 [info] > git config --get commit.template [6ms]
2023-07-04 23:51:13.665 [info] > git for-each-ref --format=%(refname)%00%(upstream:short)%00%(objectname)%00%(upstream:track)%00%(upstream:remotename)%00%(upstream:remoteref) refs/heads/master refs/remotes/master [3ms]
2023-07-04 23:51:13.748 [info] > git status -z -uall [80ms]
2023-07-04 23:51:17.970 [info] > git show --textconv :flaskr/forms.py [10ms]
2023-07-04 23:51:17.976 [info] > git ls-files --stage -- /home/ec2-user/flaskr/forms.py [7ms]
2023-07-04 23:51:17.982 [info] > git cat-file -s 3c843396a08fc83cb808801844511f45be798056 [2ms]
2023-07-04 23:51:18.770 [info] > git config --get commit.template [6ms]
2023-07-04 23:51:18.772 [info] > git for-each-ref --format=%(refname)%00%(upstream:short)%00%(objectname)%00%(upstream:track)%00%(upstream:remotename)%00%(upstream:remoteref) refs/heads/master refs/remotes/master [2ms]
2023-07-04 23:51:18.855 [info] > git status -z -uall [79ms]
2023-07-04 23:51:23.888 [info] > git config --get commit.template [6ms]
2023-07-04 23:51:23.890 [info] > git for-each-ref --format=%(refname)%00%(upstream:short)%00%(objectname)%00%(upstream:track)%00%(upstream:remotename)%00%(upstream:remoteref) refs/heads/master refs/remotes/master [2ms]
2023-07-04 23:51:23.976 [info] > git status -z -uall [82ms]
2023-07-04 23:51:26.480 [info] > git show --textconv :flaskr/views.py [13ms]
2023-07-04 23:51:26.495 [info] > git ls-files --stage -- /home/ec2-user/flaskr/views.py [16ms]
2023-07-04 23:51:26.527 [info] > git cat-file -s ae6f2cd433522cf724dce5e60f78eb1677c41034 [22ms]
2023-07-04 23:51:29.000 [info] > git config --get commit.template [6ms]
2023-07-04 23:51:29.002 [info] > git for-each-ref --format=%(refname)%00%(upstream:short)%00%(objectname)%00%(upstream:track)%00%(upstream:remotename)%00%(upstream:remoteref) refs/heads/master refs/remotes/master [3ms]
2023-07-04 23:51:29.091 [info] > git status -z -uall [85ms]
2023-07-04 23:51:34.168 [info] > git config --get commit.template [59ms]
2023-07-04 23:51:34.188 [info] > git for-each-ref --format=%(refname)%00%(upstream:short)%00%(objectname)%00%(upstream:track)%00%(upstream:remotename)%00%(upstream:remoteref) refs/heads/master refs/remotes/master [28ms]
2023-07-04 23:51:34.321 [info] > git status -z -uall [111ms]
2023-07-04 23:51:34.992 [info] > git show --textconv :flaskr/templates/register.html [14ms]
2023-07-04 23:51:34.994 [info] > git ls-files --stage -- /home/ec2-user/flaskr/templates/register.html [8ms]
2023-07-04 23:51:35.001 [info] > git cat-file -s 4bde6dae61f4e2d1e7bbb773a04ddbba6f30c2b4 [2ms]
2023-07-04 23:51:37.818 [info] > git show --textconv :flaskr/templates/user_search.html [14ms]
2023-07-04 23:51:37.821 [info] > git ls-files --stage -- /home/ec2-user/flaskr/templates/user_search.html [7ms]
2023-07-04 23:51:37.827 [info] > git cat-file -s 7d3e6c1b227bbaed50952b144c24ec5d3290e59d [2ms]
2023-07-04 23:51:39.349 [info] > git config --get commit.template [6ms]
2023-07-04 23:51:39.351 [info] > git for-each-ref --format=%(refname)%00%(upstream:short)%00%(objectname)%00%(upstream:track)%00%(upstream:remotename)%00%(upstream:remoteref) refs/heads/master refs/remotes/master [3ms]
2023-07-04 23:51:39.432 [info] > git status -z -uall [77ms]
2023-07-04 23:51:44.458 [info] > git config --get commit.template [6ms]
2023-07-04 23:51:44.460 [info] > git for-each-ref --format=%(refname)%00%(upstream:short)%00%(objectname)%00%(upstream:track)%00%(upstream:remotename)%00%(upstream:remoteref) refs/heads/master refs/remotes/master [3ms]
2023-07-04 23:51:44.547 [info] > git status -z -uall [83ms]
2023-07-04 23:51:45.167 [info] > git show --textconv :flaskr/templates/setting.html [10ms]
2023-07-04 23:51:45.173 [info] > git ls-files --stage -- /home/ec2-user/flaskr/templates/setting.html [6ms]
2023-07-04 23:51:45.180 [info] > git cat-file -s 7c1db617718c6ff1c9f44db91dc74def0a68f1ec [2ms]
2023-07-04 23:51:48.463 [info] > git show --textconv :flaskr/templates/register.html [10ms]
2023-07-04 23:51:48.470 [info] > git ls-files --stage -- /home/ec2-user/flaskr/templates/register.html [6ms]
2023-07-04 23:51:48.476 [info] > git cat-file -s 4bde6dae61f4e2d1e7bbb773a04ddbba6f30c2b4 [2ms]
2023-07-04 23:51:49.569 [info] > git config --get commit.template [6ms]
2023-07-04 23:51:49.571 [info] > git for-each-ref --format=%(refname)%00%(upstream:short)%00%(objectname)%00%(upstream:track)%00%(upstream:remotename)%00%(upstream:remoteref) refs/heads/master refs/remotes/master [3ms]
2023-07-04 23:51:49.654 [info] > git status -z -uall [79ms]
2023-07-04 23:51:54.244 [info] > git show --textconv :flaskr/models.py [9ms]
2023-07-04 23:51:54.258 [info] > git ls-files --stage -- /home/ec2-user/flaskr/models.py [14ms]
2023-07-04 23:51:54.272 [info] > git cat-file -s 55c43d396ff712f79c87a396b911288c2af5a5d4 [3ms]
2023-07-04 23:51:55.187 [info] > git for-each-ref --format=%(refname)%00%(upstream:short)%00%(objectname)%00%(upstream:track)%00%(upstream:remotename)%00%(upstream:remoteref) refs/heads/master refs/remotes/master [10ms]
2023-07-04 23:51:55.188 [info] > git config --get commit.template [39ms]
2023-07-04 23:51:55.354 [info] > git status -z -uall [162ms]
2023-07-04 23:52:00.393 [info] > git config --get commit.template [8ms]
2023-07-04 23:52:00.395 [info] > git for-each-ref --format=%(refname)%00%(upstream:short)%00%(objectname)%00%(upstream:track)%00%(upstream:remotename)%00%(upstream:remoteref) refs/heads/master refs/remotes/master [2ms]
2023-07-04 23:52:00.479 [info] > git status -z -uall [80ms]
2023-07-04 23:52:05.500 [info] > git config --get commit.template [6ms]
2023-07-04 23:52:05.502 [info] > git for-each-ref --format=%(refname)%00%(upstream:short)%00%(objectname)%00%(upstream:track)%00%(upstream:remotename)%00%(upstream:remoteref) refs/heads/master refs/remotes/master [3ms]
2023-07-04 23:52:05.586 [info] > git status -z -uall [80ms]
2023-07-04 23:52:10.613 [info] > git config --get commit.template [12ms]
2023-07-04 23:52:10.615 [info] > git for-each-ref --format=%(refname)%00%(upstream:short)%00%(objectname)%00%(upstream:track)%00%(upstream:remotename)%00%(upstream:remoteref) refs/heads/master refs/remotes/master [9ms]
2023-07-04 23:52:10.699 [info] > git status -z -uall [80ms]
2023-07-04 23:52:15.724 [info] > git config --get commit.template [6ms]
2023-07-04 23:52:15.726 [info] > git for-each-ref --format=%(refname)%00%(upstream:short)%00%(objectname)%00%(upstream:track)%00%(upstream:remotename)%00%(upstream:remoteref) refs/heads/master refs/remotes/master [2ms]
2023-07-04 23:52:15.808 [info] > git status -z -uall [79ms]
2023-07-04 23:52:17.014 [info] > git show --textconv :flaskr/forms.py [9ms]
2023-07-04 23:52:17.020 [info] > git ls-files --stage -- /home/ec2-user/flaskr/forms.py [6ms]
2023-07-04 23:52:17.026 [info] > git cat-file -s 3c843396a08fc83cb808801844511f45be798056 [2ms]
2023-07-04 23:52:20.832 [info] > git config --get commit.template [6ms]
2023-07-04 23:52:20.834 [info] > git for-each-ref --format=%(refname)%00%(upstream:short)%00%(objectname)%00%(upstream:track)%00%(upstream:remotename)%00%(upstream:remoteref) refs/heads/master refs/remotes/master [2ms]
2023-07-04 23:52:21.055 [info] > git status -z -uall [217ms]
2023-07-04 23:52:26.079 [info] > git config --get commit.template [6ms]
2023-07-04 23:52:26.081 [info] > git for-each-ref --format=%(refname)%00%(upstream:short)%00%(objectname)%00%(upstream:track)%00%(upstream:remotename)%00%(upstream:remoteref) refs/heads/master refs/remotes/master [2ms]
2023-07-04 23:52:26.163 [info] > git status -z -uall [78ms]
2023-07-04 23:52:31.185 [info] > git config --get commit.template [6ms]
2023-07-04 23:52:31.186 [info] > git for-each-ref --format=%(refname)%00%(upstream:short)%00%(objectname)%00%(upstream:track)%00%(upstream:remotename)%00%(upstream:remoteref) refs/heads/master refs/remotes/master [2ms]
2023-07-04 23:52:31.268 [info] > git status -z -uall [78ms]
2023-07-04 23:52:36.288 [info] > git config --get commit.template [6ms]
2023-07-04 23:52:36.290 [info] > git for-each-ref --format=%(refname)%00%(upstream:short)%00%(objectname)%00%(upstream:track)%00%(upstream:remotename)%00%(upstream:remoteref) refs/heads/master refs/remotes/master [3ms]
2023-07-04 23:52:36.371 [info] > git status -z -uall [77ms]
2023-07-04 23:52:41.397 [info] > git config --get commit.template [7ms]
2023-07-04 23:52:41.399 [info] > git for-each-ref --format=%(refname)%00%(upstream:short)%00%(objectname)%00%(upstream:track)%00%(upstream:remotename)%00%(upstream:remoteref) refs/heads/master refs/remotes/master [3ms]
2023-07-04 23:52:41.514 [info] > git status -z -uall [110ms]
2023-07-04 23:52:46.538 [info] > git config --get commit.template [6ms]
2023-07-04 23:52:46.540 [info] > git for-each-ref --format=%(refname)%00%(upstream:short)%00%(objectname)%00%(upstream:track)%00%(upstream:remotename)%00%(upstream:remoteref) refs/heads/master refs/remotes/master [2ms]
2023-07-04 23:52:46.623 [info] > git status -z -uall [78ms]
2023-07-04 23:52:51.652 [info] > git config --get commit.template [6ms]
2023-07-04 23:52:51.654 [info] > git for-each-ref --format=%(refname)%00%(upstream:short)%00%(objectname)%00%(upstream:track)%00%(upstream:remotename)%00%(upstream:remoteref) refs/heads/master refs/remotes/master [3ms]
2023-07-04 23:52:51.736 [info] > git status -z -uall [78ms]
2023-07-04 23:52:55.379 [info] > git show --textconv :flaskr/templates/setting.html [9ms]
2023-07-04 23:52:55.385 [info] > git ls-files --stage -- /home/ec2-user/flaskr/templates/setting.html [6ms]
2023-07-04 23:52:55.392 [info] > git cat-file -s 7c1db617718c6ff1c9f44db91dc74def0a68f1ec [1ms]
2023-07-04 23:52:56.760 [info] > git config --get commit.template [7ms]
2023-07-04 23:52:56.762 [info] > git for-each-ref --format=%(refname)%00%(upstream:short)%00%(objectname)%00%(upstream:track)%00%(upstream:remotename)%00%(upstream:remoteref) refs/heads/master refs/remotes/master [4ms]
2023-07-04 23:52:56.843 [info] > git status -z -uall [77ms]
2023-07-04 23:53:01.885 [info] > git config --get commit.template [7ms]
2023-07-04 23:53:01.887 [info] > git for-each-ref --format=%(refname)%00%(upstream:short)%00%(objectname)%00%(upstream:track)%00%(upstream:remotename)%00%(upstream:remoteref) refs/heads/master refs/remotes/master [3ms]
2023-07-04 23:53:01.971 [info] > git status -z -uall [79ms]
2023-07-04 23:53:06.996 [info] > git config --get commit.template [7ms]
2023-07-04 23:53:06.998 [info] > git for-each-ref --format=%(refname)%00%(upstream:short)%00%(objectname)%00%(upstream:track)%00%(upstream:remotename)%00%(upstream:remoteref) refs/heads/master refs/remotes/master [3ms]
2023-07-04 23:53:07.081 [info] > git status -z -uall [78ms]
2023-07-04 23:53:07.898 [info] > git show --textconv :flaskr/forms.py [10ms]
2023-07-04 23:53:07.904 [info] > git ls-files --stage -- /home/ec2-user/flaskr/forms.py [7ms]
2023-07-04 23:53:07.911 [info] > git cat-file -s 3c843396a08fc83cb808801844511f45be798056 [2ms]
2023-07-04 23:53:12.102 [info] > git config --get commit.template [6ms]
2023-07-04 23:53:12.104 [info] > git for-each-ref --format=%(refname)%00%(upstream:short)%00%(objectname)%00%(upstream:track)%00%(upstream:remotename)%00%(upstream:remoteref) refs/heads/master refs/remotes/master [2ms]
2023-07-04 23:53:12.187 [info] > git status -z -uall [79ms]
2023-07-04 23:53:17.211 [info] > git config --get commit.template [7ms]
2023-07-04 23:53:17.213 [info] > git for-each-ref --format=%(refname)%00%(upstream:short)%00%(objectname)%00%(upstream:track)%00%(upstream:remotename)%00%(upstream:remoteref) refs/heads/master refs/remotes/master [3ms]
2023-07-04 23:53:17.295 [info] > git status -z -uall [78ms]
2023-07-04 23:53:20.998 [info] > git show --textconv :flaskr/models.py [17ms]
2023-07-04 23:53:21.002 [info] > git ls-files --stage -- /home/ec2-user/flaskr/models.py [13ms]
2023-07-04 23:53:21.012 [info] > git cat-file -s 55c43d396ff712f79c87a396b911288c2af5a5d4 [2ms]
2023-07-04 23:53:22.318 [info] > git config --get commit.template [6ms]
2023-07-04 23:53:22.320 [info] > git for-each-ref --format=%(refname)%00%(upstream:short)%00%(objectname)%00%(upstream:track)%00%(upstream:remotename)%00%(upstream:remoteref) refs/heads/master refs/remotes/master [3ms]
2023-07-04 23:53:22.404 [info] > git status -z -uall [78ms]
2023-07-04 23:53:27.427 [info] > git config --get commit.template [7ms]
2023-07-04 23:53:27.429 [info] > git for-each-ref --format=%(refname)%00%(upstream:short)%00%(objectname)%00%(upstream:track)%00%(upstream:remotename)%00%(upstream:remoteref) refs/heads/master refs/remotes/master [2ms]
2023-07-04 23:53:27.511 [info] > git status -z -uall [79ms]
2023-07-04 23:53:32.534 [info] > git config --get commit.template [6ms]
2023-07-04 23:53:32.536 [info] > git for-each-ref --format=%(refname)%00%(upstream:short)%00%(objectname)%00%(upstream:track)%00%(upstream:remotename)%00%(upstream:remoteref) refs/heads/master refs/remotes/master [2ms]
2023-07-04 23:53:32.619 [info] > git status -z -uall [77ms]
2023-07-04 23:53:37.641 [info] > git config --get commit.template [6ms]
2023-07-04 23:53:37.643 [info] > git for-each-ref --format=%(refname)%00%(upstream:short)%00%(objectname)%00%(upstream:track)%00%(upstream:remotename)%00%(upstream:remoteref) refs/heads/master refs/remotes/master [3ms]
2023-07-04 23:53:37.726 [info] > git status -z -uall [79ms]
2023-07-04 23:53:42.751 [info] > git config --get commit.template [7ms]
2023-07-04 23:53:42.753 [info] > git for-each-ref --format=%(refname)%00%(upstream:short)%00%(objectname)%00%(upstream:track)%00%(upstream:remotename)%00%(upstream:remoteref) refs/heads/master refs/remotes/master [3ms]
2023-07-04 23:53:42.842 [info] > git status -z -uall [85ms]
2023-07-04 23:53:47.879 [info] > git config --get commit.template [6ms]
2023-07-04 23:53:47.881 [info] > git for-each-ref --format=%(refname)%00%(upstream:short)%00%(objectname)%00%(upstream:track)%00%(upstream:remotename)%00%(upstream:remoteref) refs/heads/master refs/remotes/master [3ms]
2023-07-04 23:53:47.962 [info] > git status -z -uall [77ms]
2023-07-04 23:53:52.986 [info] > git config --get commit.template [6ms]
2023-07-04 23:53:52.988 [info] > git for-each-ref --format=%(refname)%00%(upstream:short)%00%(objectname)%00%(upstream:track)%00%(upstream:remotename)%00%(upstream:remoteref) refs/heads/master refs/remotes/master [3ms]
2023-07-04 23:53:53.190 [info] > git status -z -uall [197ms]
2023-07-04 23:53:58.222 [info] > git config --get commit.template [8ms]
2023-07-04 23:53:58.224 [info] > git for-each-ref --format=%(refname)%00%(upstream:short)%00%(objectname)%00%(upstream:track)%00%(upstream:remotename)%00%(upstream:remoteref) refs/heads/master refs/remotes/master [3ms]
2023-07-04 23:53:58.306 [info] > git status -z -uall [78ms]
2023-07-04 23:54:03.329 [info] > git config --get commit.template [6ms]
2023-07-04 23:54:03.330 [info] > git for-each-ref --format=%(refname)%00%(upstream:short)%00%(objectname)%00%(upstream:track)%00%(upstream:remotename)%00%(upstream:remoteref) refs/heads/master refs/remotes/master [2ms]
2023-07-04 23:54:03.413 [info] > git status -z -uall [78ms]
2023-07-04 23:54:08.444 [info] > git config --get commit.template [6ms]
2023-07-04 23:54:08.447 [info] > git for-each-ref --format=%(refname)%00%(upstream:short)%00%(objectname)%00%(upstream:track)%00%(upstream:remotename)%00%(upstream:remoteref) refs/heads/master refs/remotes/master [4ms]
2023-07-04 23:54:08.531 [info] > git status -z -uall [80ms]
2023-07-04 23:54:13.553 [info] > git config --get commit.template [6ms]
2023-07-04 23:54:13.555 [info] > git for-each-ref --format=%(refname)%00%(upstream:short)%00%(objectname)%00%(upstream:track)%00%(upstream:remotename)%00%(upstream:remoteref) refs/heads/master refs/remotes/master [3ms]
2023-07-04 23:54:13.635 [info] > git status -z -uall [76ms]
2023-07-04 23:54:18.659 [info] > git config --get commit.template [6ms]
2023-07-04 23:54:18.661 [info] > git for-each-ref --format=%(refname)%00%(upstream:short)%00%(objectname)%00%(upstream:track)%00%(upstream:remotename)%00%(upstream:remoteref) refs/heads/master refs/remotes/master [2ms]
2023-07-04 23:54:18.743 [info] > git status -z -uall [78ms]
2023-07-04 23:54:21.967 [info] > git show --textconv :flaskr/views.py [17ms]
2023-07-04 23:54:21.969 [info] > git ls-files --stage -- /home/ec2-user/flaskr/views.py [10ms]
2023-07-04 23:54:21.976 [info] > git cat-file -s ae6f2cd433522cf724dce5e60f78eb1677c41034 [1ms]
2023-07-04 23:54:23.769 [info] > git config --get commit.template [11ms]
2023-07-04 23:54:23.771 [info] > git for-each-ref --format=%(refname)%00%(upstream:short)%00%(objectname)%00%(upstream:track)%00%(upstream:remotename)%00%(upstream:remoteref) refs/heads/master refs/remotes/master [3ms]
2023-07-04 23:54:23.868 [info] > git status -z -uall [93ms]
2023-07-04 23:54:28.893 [info] > git config --get commit.template [7ms]
2023-07-04 23:54:28.895 [info] > git for-each-ref --format=%(refname)%00%(upstream:short)%00%(objectname)%00%(upstream:track)%00%(upstream:remotename)%00%(upstream:remoteref) refs/heads/master refs/remotes/master [3ms]
2023-07-04 23:54:28.978 [info] > git status -z -uall [78ms]
2023-07-04 23:54:33.780 [info] > git show --textconv :flaskr/forms.py [13ms]
2023-07-04 23:54:33.785 [info] > git ls-files --stage -- /home/ec2-user/flaskr/forms.py [8ms]
2023-07-04 23:54:33.793 [info] > git cat-file -s 3c843396a08fc83cb808801844511f45be798056 [2ms]
2023-07-04 23:54:34.003 [info] > git config --get commit.template [7ms]
2023-07-04 23:54:34.005 [info] > git for-each-ref --format=%(refname)%00%(upstream:short)%00%(objectname)%00%(upstream:track)%00%(upstream:remotename)%00%(upstream:remoteref) refs/heads/master refs/remotes/master [3ms]
2023-07-04 23:54:34.095 [info] > git status -z -uall [85ms]
2023-07-04 23:54:36.280 [info] > git show --textconv :flaskr/templates/user_search.html [10ms]
2023-07-04 23:54:36.286 [info] > git ls-files --stage -- /home/ec2-user/flaskr/templates/user_search.html [7ms]
2023-07-04 23:54:36.292 [info] > git cat-file -s 7d3e6c1b227bbaed50952b144c24ec5d3290e59d [2ms]
2023-07-04 23:54:39.117 [info] > git config --get commit.template [7ms]
2023-07-04 23:54:39.119 [info] > git for-each-ref --format=%(refname)%00%(upstream:short)%00%(objectname)%00%(upstream:track)%00%(upstream:remotename)%00%(upstream:remoteref) refs/heads/master refs/remotes/master [3ms]
2023-07-04 23:54:39.201 [info] > git status -z -uall [78ms]
2023-07-04 23:54:43.077 [info] > git show --textconv :flaskr/templates/setting.html [9ms]
2023-07-04 23:54:43.083 [info] > git ls-files --stage -- /home/ec2-user/flaskr/templates/setting.html [6ms]
2023-07-04 23:54:43.089 [info] > git cat-file -s 7c1db617718c6ff1c9f44db91dc74def0a68f1ec [2ms]
2023-07-04 23:54:44.224 [info] > git config --get commit.template [6ms]
2023-07-04 23:54:44.226 [info] > git for-each-ref --format=%(refname)%00%(upstream:short)%00%(objectname)%00%(upstream:track)%00%(upstream:remotename)%00%(upstream:remoteref) refs/heads/master refs/remotes/master [3ms]
2023-07-04 23:54:44.309 [info] > git status -z -uall [79ms]
2023-07-04 23:54:49.330 [info] > git config --get commit.template [6ms]
2023-07-04 23:54:49.332 [info] > git for-each-ref --format=%(refname)%00%(upstream:short)%00%(objectname)%00%(upstream:track)%00%(upstream:remotename)%00%(upstream:remoteref) refs/heads/master refs/remotes/master [3ms]
2023-07-04 23:54:49.411 [info] > git status -z -uall [76ms]
2023-07-04 23:54:54.433 [info] > git config --get commit.template [6ms]
2023-07-04 23:54:54.434 [info] > git for-each-ref --format=%(refname)%00%(upstream:short)%00%(objectname)%00%(upstream:track)%00%(upstream:remotename)%00%(upstream:remoteref) refs/heads/master refs/remotes/master [2ms]
2023-07-04 23:54:54.515 [info] > git status -z -uall [77ms]
2023-07-04 23:54:59.541 [info] > git config --get commit.template [6ms]
2023-07-04 23:54:59.543 [info] > git for-each-ref --format=%(refname)%00%(upstream:short)%00%(objectname)%00%(upstream:track)%00%(upstream:remotename)%00%(upstream:remoteref) refs/heads/master refs/remotes/master [5ms]
2023-07-04 23:54:59.624 [info] > git status -z -uall [76ms]
2023-07-04 23:55:00.306 [info] > git show --textconv :flaskr/forms.py [11ms]
2023-07-04 23:55:00.312 [info] > git ls-files --stage -- /home/ec2-user/flaskr/forms.py [7ms]
2023-07-04 23:55:00.319 [info] > git cat-file -s 3c843396a08fc83cb808801844511f45be798056 [2ms]
2023-07-04 23:55:04.646 [info] > git config --get commit.template [6ms]
2023-07-04 23:55:04.648 [info] > git for-each-ref --format=%(refname)%00%(upstream:short)%00%(objectname)%00%(upstream:track)%00%(upstream:remotename)%00%(upstream:remoteref) refs/heads/master refs/remotes/master [2ms]
2023-07-04 23:55:04.731 [info] > git status -z -uall [79ms]
2023-07-04 23:55:09.755 [info] > git config --get commit.template [7ms]
2023-07-04 23:55:09.757 [info] > git for-each-ref --format=%(refname)%00%(upstream:short)%00%(objectname)%00%(upstream:track)%00%(upstream:remotename)%00%(upstream:remoteref) refs/heads/master refs/remotes/master [3ms]
2023-07-04 23:55:09.840 [info] > git status -z -uall [79ms]
2023-07-04 23:55:15.243 [info] > git config --get commit.template [7ms]
2023-07-04 23:55:15.245 [info] > git for-each-ref --format=%(refname)%00%(upstream:short)%00%(objectname)%00%(upstream:track)%00%(upstream:remotename)%00%(upstream:remoteref) refs/heads/master refs/remotes/master [3ms]
2023-07-04 23:55:15.329 [info] > git status -z -uall [79ms]
2023-07-04 23:55:20.353 [info] > git config --get commit.template [7ms]
2023-07-04 23:55:20.355 [info] > git for-each-ref --format=%(refname)%00%(upstream:short)%00%(objectname)%00%(upstream:track)%00%(upstream:remotename)%00%(upstream:remoteref) refs/heads/master refs/remotes/master [3ms]
2023-07-04 23:55:20.437 [info] > git status -z -uall [78ms]
2023-07-04 23:56:12.445 [info] > git config --get commit.template [6ms]
2023-07-04 23:56:12.447 [info] > git for-each-ref --format=%(refname)%00%(upstream:short)%00%(objectname)%00%(upstream:track)%00%(upstream:remotename)%00%(upstream:remoteref) refs/heads/master refs/remotes/master [2ms]
2023-07-04 23:56:12.529 [info] > git status -z -uall [77ms]
2023-07-04 23:56:17.551 [info] > git config --get commit.template [6ms]
2023-07-04 23:56:17.553 [info] > git for-each-ref --format=%(refname)%00%(upstream:short)%00%(objectname)%00%(upstream:track)%00%(upstream:remotename)%00%(upstream:remoteref) refs/heads/master refs/remotes/master [2ms]
2023-07-04 23:56:17.634 [info] > git status -z -uall [77ms]
2023-07-04 23:56:22.657 [info] > git config --get commit.template [6ms]
2023-07-04 23:56:22.660 [info] > git for-each-ref --format=%(refname)%00%(upstream:short)%00%(objectname)%00%(upstream:track)%00%(upstream:remotename)%00%(upstream:remoteref) refs/heads/master refs/remotes/master [3ms]
2023-07-04 23:56:22.740 [info] > git status -z -uall [77ms]
2023-07-04 23:56:27.765 [info] > git config --get commit.template [6ms]
2023-07-04 23:56:27.766 [info] > git for-each-ref --format=%(refname)%00%(upstream:short)%00%(objectname)%00%(upstream:track)%00%(upstream:remotename)%00%(upstream:remoteref) refs/heads/master refs/remotes/master [2ms]
2023-07-04 23:56:27.848 [info] > git status -z -uall [78ms]
2023-07-04 23:56:32.872 [info] > git config --get commit.template [6ms]
2023-07-04 23:56:32.873 [info] > git for-each-ref --format=%(refname)%00%(upstream:short)%00%(objectname)%00%(upstream:track)%00%(upstream:remotename)%00%(upstream:remoteref) refs/heads/master refs/remotes/master [2ms]
2023-07-04 23:56:32.954 [info] > git status -z -uall [77ms]
2023-07-04 23:56:37.977 [info] > git config --get commit.template [6ms]
2023-07-04 23:56:37.979 [info] > git for-each-ref --format=%(refname)%00%(upstream:short)%00%(objectname)%00%(upstream:track)%00%(upstream:remotename)%00%(upstream:remoteref) refs/heads/master refs/remotes/master [3ms]
2023-07-04 23:56:38.061 [info] > git status -z -uall [78ms]
2023-07-04 23:56:43.085 [info] > git config --get commit.template [6ms]
2023-07-04 23:56:43.087 [info] > git for-each-ref --format=%(refname)%00%(upstream:short)%00%(objectname)%00%(upstream:track)%00%(upstream:remotename)%00%(upstream:remoteref) refs/heads/master refs/remotes/master [2ms]
2023-07-04 23:56:43.170 [info] > git status -z -uall [78ms]
2023-07-04 23:56:48.193 [info] > git config --get commit.template [6ms]
2023-07-04 23:56:48.196 [info] > git for-each-ref --format=%(refname)%00%(upstream:short)%00%(objectname)%00%(upstream:track)%00%(upstream:remotename)%00%(upstream:remoteref) refs/heads/master refs/remotes/master [2ms]
2023-07-04 23:56:48.279 [info] > git status -z -uall [77ms]
2023-07-04 23:56:53.304 [info] > git config --get commit.template [6ms]
2023-07-04 23:56:53.307 [info] > git for-each-ref --format=%(refname)%00%(upstream:short)%00%(objectname)%00%(upstream:track)%00%(upstream:remotename)%00%(upstream:remoteref) refs/heads/master refs/remotes/master [4ms]
2023-07-04 23:56:53.488 [info] > git status -z -uall [177ms]
2023-07-04 23:56:58.510 [info] > git config --get commit.template [6ms]
2023-07-04 23:56:58.512 [info] > git for-each-ref --format=%(refname)%00%(upstream:short)%00%(objectname)%00%(upstream:track)%00%(upstream:remotename)%00%(upstream:remoteref) refs/heads/master refs/remotes/master [2ms]
2023-07-04 23:56:58.597 [info] > git status -z -uall [81ms]
2023-07-04 23:57:03.620 [info] > git config --get commit.template [7ms]
2023-07-04 23:57:03.622 [info] > git for-each-ref --format=%(refname)%00%(upstream:short)%00%(objectname)%00%(upstream:track)%00%(upstream:remotename)%00%(upstream:remoteref) refs/heads/master refs/remotes/master [3ms]
2023-07-04 23:57:03.706 [info] > git status -z -uall [78ms]
2023-07-04 23:57:08.730 [info] > git config --get commit.template [6ms]
2023-07-04 23:57:08.732 [info] > git for-each-ref --format=%(refname)%00%(upstream:short)%00%(objectname)%00%(upstream:track)%00%(upstream:remotename)%00%(upstream:remoteref) refs/heads/master refs/remotes/master [2ms]
2023-07-04 23:57:08.818 [info] > git status -z -uall [82ms]
2023-07-04 23:57:13.840 [info] > git config --get commit.template [6ms]
2023-07-04 23:57:13.842 [info] > git for-each-ref --format=%(refname)%00%(upstream:short)%00%(objectname)%00%(upstream:track)%00%(upstream:remotename)%00%(upstream:remoteref) refs/heads/master refs/remotes/master [3ms]
2023-07-04 23:57:13.923 [info] > git status -z -uall [77ms]
2023-07-04 23:57:18.945 [info] > git config --get commit.template [6ms]
2023-07-04 23:57:18.947 [info] > git for-each-ref --format=%(refname)%00%(upstream:short)%00%(objectname)%00%(upstream:track)%00%(upstream:remotename)%00%(upstream:remoteref) refs/heads/master refs/remotes/master [3ms]
2023-07-04 23:57:19.029 [info] > git status -z -uall [78ms]
2023-07-04 23:57:24.060 [info] > git config --get commit.template [6ms]
2023-07-04 23:57:24.062 [info] > git for-each-ref --format=%(refname)%00%(upstream:short)%00%(objectname)%00%(upstream:track)%00%(upstream:remotename)%00%(upstream:remoteref) refs/heads/master refs/remotes/master [2ms]
2023-07-04 23:57:24.146 [info] > git status -z -uall [80ms]
2023-07-04 23:57:29.169 [info] > git config --get commit.template [6ms]
2023-07-04 23:57:29.171 [info] > git for-each-ref --format=%(refname)%00%(upstream:short)%00%(objectname)%00%(upstream:track)%00%(upstream:remotename)%00%(upstream:remoteref) refs/heads/master refs/remotes/master [3ms]
2023-07-04 23:57:29.253 [info] > git status -z -uall [78ms]
2023-07-04 23:57:34.278 [info] > git config --get commit.template [6ms]
2023-07-04 23:57:34.280 [info] > git for-each-ref --format=%(refname)%00%(upstream:short)%00%(objectname)%00%(upstream:track)%00%(upstream:remotename)%00%(upstream:remoteref) refs/heads/master refs/remotes/master [3ms]
2023-07-04 23:57:34.364 [info] > git status -z -uall [79ms]
2023-07-04 23:57:39.389 [info] > git config --get commit.template [6ms]
2023-07-04 23:57:39.391 [info] > git for-each-ref --format=%(refname)%00%(upstream:short)%00%(objectname)%00%(upstream:track)%00%(upstream:remotename)%00%(upstream:remoteref) refs/heads/master refs/remotes/master [3ms]
2023-07-04 23:57:39.473 [info] > git status -z -uall [78ms]
2023-07-04 23:57:44.497 [info] > git config --get commit.template [5ms]
2023-07-04 23:57:44.498 [info] > git for-each-ref --format=%(refname)%00%(upstream:short)%00%(objectname)%00%(upstream:track)%00%(upstream:remotename)%00%(upstream:remoteref) refs/heads/master refs/remotes/master [2ms]
2023-07-04 23:57:44.579 [info] > git status -z -uall [77ms]
2023-07-04 23:57:49.604 [info] > git config --get commit.template [6ms]
2023-07-04 23:57:49.606 [info] > git for-each-ref --format=%(refname)%00%(upstream:short)%00%(objectname)%00%(upstream:track)%00%(upstream:remotename)%00%(upstream:remoteref) refs/heads/master refs/remotes/master [2ms]
2023-07-04 23:57:49.688 [info] > git status -z -uall [78ms]
2023-07-04 23:57:54.710 [info] > git config --get commit.template [7ms]
2023-07-04 23:57:54.712 [info] > git for-each-ref --format=%(refname)%00%(upstream:short)%00%(objectname)%00%(upstream:track)%00%(upstream:remotename)%00%(upstream:remoteref) refs/heads/master refs/remotes/master [3ms]
2023-07-04 23:57:54.794 [info] > git status -z -uall [78ms]
2023-07-04 23:57:59.817 [info] > git config --get commit.template [6ms]
2023-07-04 23:57:59.819 [info] > git for-each-ref --format=%(refname)%00%(upstream:short)%00%(objectname)%00%(upstream:track)%00%(upstream:remotename)%00%(upstream:remoteref) refs/heads/master refs/remotes/master [2ms]
2023-07-04 23:57:59.903 [info] > git status -z -uall [79ms]
2023-07-04 23:58:04.925 [info] > git config --get commit.template [6ms]
2023-07-04 23:58:04.927 [info] > git for-each-ref --format=%(refname)%00%(upstream:short)%00%(objectname)%00%(upstream:track)%00%(upstream:remotename)%00%(upstream:remoteref) refs/heads/master refs/remotes/master [2ms]
2023-07-04 23:58:05.011 [info] > git status -z -uall [79ms]
2023-07-04 23:58:10.036 [info] > git config --get commit.template [7ms]
2023-07-04 23:58:10.038 [info] > git for-each-ref --format=%(refname)%00%(upstream:short)%00%(objectname)%00%(upstream:track)%00%(upstream:remotename)%00%(upstream:remoteref) refs/heads/master refs/remotes/master [3ms]
2023-07-04 23:58:10.121 [info] > git status -z -uall [79ms]
2023-07-04 23:58:15.142 [info] > git config --get commit.template [6ms]
2023-07-04 23:58:15.144 [info] > git for-each-ref --format=%(refname)%00%(upstream:short)%00%(objectname)%00%(upstream:track)%00%(upstream:remotename)%00%(upstream:remoteref) refs/heads/master refs/remotes/master [2ms]
2023-07-04 23:58:15.227 [info] > git status -z -uall [79ms]
2023-07-04 23:58:20.249 [info] > git config --get commit.template [6ms]
2023-07-04 23:58:20.251 [info] > git for-each-ref --format=%(refname)%00%(upstream:short)%00%(objectname)%00%(upstream:track)%00%(upstream:remotename)%00%(upstream:remoteref) refs/heads/master refs/remotes/master [2ms]
2023-07-04 23:58:20.334 [info] > git status -z -uall [78ms]
2023-07-04 23:58:25.358 [info] > git config --get commit.template [6ms]
2023-07-04 23:58:25.360 [info] > git for-each-ref --format=%(refname)%00%(upstream:short)%00%(objectname)%00%(upstream:track)%00%(upstream:remotename)%00%(upstream:remoteref) refs/heads/master refs/remotes/master [2ms]
2023-07-04 23:58:25.445 [info] > git status -z -uall [81ms]
2023-07-04 23:58:30.478 [info] > git config --get commit.template [8ms]
2023-07-04 23:58:30.480 [info] > git for-each-ref --format=%(refname)%00%(upstream:short)%00%(objectname)%00%(upstream:track)%00%(upstream:remotename)%00%(upstream:remoteref) refs/heads/master refs/remotes/master [3ms]
2023-07-04 23:58:30.561 [info] > git status -z -uall [77ms]
2023-07-04 23:58:35.602 [info] > git config --get commit.template [5ms]
2023-07-04 23:58:35.603 [info] > git for-each-ref --format=%(refname)%00%(upstream:short)%00%(objectname)%00%(upstream:track)%00%(upstream:remotename)%00%(upstream:remoteref) refs/heads/master refs/remotes/master [2ms]
2023-07-04 23:58:35.686 [info] > git status -z -uall [78ms]
2023-07-04 23:58:40.707 [info] > git config --get commit.template [6ms]
2023-07-04 23:58:40.709 [info] > git for-each-ref --format=%(refname)%00%(upstream:short)%00%(objectname)%00%(upstream:track)%00%(upstream:remotename)%00%(upstream:remoteref) refs/heads/master refs/remotes/master [3ms]
2023-07-04 23:58:40.792 [info] > git status -z -uall [79ms]
2023-07-04 23:58:45.858 [info] > git config --get commit.template [48ms]
2023-07-04 23:58:45.916 [info] > git for-each-ref --format=%(refname)%00%(upstream:short)%00%(objectname)%00%(upstream:track)%00%(upstream:remotename)%00%(upstream:remoteref) refs/heads/master refs/remotes/master [100ms]
2023-07-04 23:58:46.002 [info] > git status -z -uall [80ms]
2023-07-04 23:58:51.023 [info] > git config --get commit.template [6ms]
2023-07-04 23:58:51.025 [info] > git for-each-ref --format=%(refname)%00%(upstream:short)%00%(objectname)%00%(upstream:track)%00%(upstream:remotename)%00%(upstream:remoteref) refs/heads/master refs/remotes/master [2ms]
2023-07-04 23:58:51.108 [info] > git status -z -uall [79ms]
2023-07-04 23:58:56.129 [info] > git config --get commit.template [6ms]
2023-07-04 23:58:56.131 [info] > git for-each-ref --format=%(refname)%00%(upstream:short)%00%(objectname)%00%(upstream:track)%00%(upstream:remotename)%00%(upstream:remoteref) refs/heads/master refs/remotes/master [2ms]
2023-07-04 23:58:56.214 [info] > git status -z -uall [79ms]
2023-07-04 23:58:59.482 [info] > git show --textconv :flaskr/templates/home.html [9ms]
2023-07-04 23:58:59.488 [info] > git ls-files --stage -- /home/ec2-user/flaskr/templates/home.html [6ms]
2023-07-04 23:58:59.494 [info] > git cat-file -s c26559154f8dc873bdef981975d25c14a9289031 [2ms]
2023-07-04 23:59:01.240 [info] > git config --get commit.template [6ms]
2023-07-04 23:59:01.242 [info] > git for-each-ref --format=%(refname)%00%(upstream:short)%00%(objectname)%00%(upstream:track)%00%(upstream:remotename)%00%(upstream:remoteref) refs/heads/master refs/remotes/master [3ms]
2023-07-04 23:59:01.328 [info] > git status -z -uall [82ms]
2023-07-04 23:59:06.351 [info] > git config --get commit.template [6ms]
2023-07-04 23:59:06.353 [info] > git for-each-ref --format=%(refname)%00%(upstream:short)%00%(objectname)%00%(upstream:track)%00%(upstream:remotename)%00%(upstream:remoteref) refs/heads/master refs/remotes/master [3ms]
2023-07-04 23:59:06.436 [info] > git status -z -uall [79ms]
2023-07-04 23:59:11.457 [info] > git config --get commit.template [6ms]
2023-07-04 23:59:11.459 [info] > git for-each-ref --format=%(refname)%00%(upstream:short)%00%(objectname)%00%(upstream:track)%00%(upstream:remotename)%00%(upstream:remoteref) refs/heads/master refs/remotes/master [2ms]
2023-07-04 23:59:11.540 [info] > git status -z -uall [77ms]
2023-07-04 23:59:16.564 [info] > git config --get commit.template [6ms]
2023-07-04 23:59:16.566 [info] > git for-each-ref --format=%(refname)%00%(upstream:short)%00%(objectname)%00%(upstream:track)%00%(upstream:remotename)%00%(upstream:remoteref) refs/heads/master refs/remotes/master [2ms]
2023-07-04 23:59:16.649 [info] > git status -z -uall [78ms]
2023-07-04 23:59:21.669 [info] > git config --get commit.template [6ms]
2023-07-04 23:59:21.671 [info] > git for-each-ref --format=%(refname)%00%(upstream:short)%00%(objectname)%00%(upstream:track)%00%(upstream:remotename)%00%(upstream:remoteref) refs/heads/master refs/remotes/master [2ms]
2023-07-04 23:59:21.752 [info] > git status -z -uall [76ms]
2023-07-05 00:01:29.318 [info] > git config --get commit.template [6ms]
2023-07-05 00:01:29.320 [info] > git for-each-ref --format=%(refname)%00%(upstream:short)%00%(objectname)%00%(upstream:track)%00%(upstream:remotename)%00%(upstream:remoteref) refs/heads/master refs/remotes/master [2ms]
2023-07-05 00:01:29.403 [info] > git status -z -uall [79ms]
2023-07-05 00:01:30.487 [info] > git check-ignore -v -z --stdin [6ms]
2023-07-05 00:01:31.832 [info] > git check-ignore -v -z --stdin [7ms]
2023-07-05 00:01:34.430 [info] > git config --get commit.template [6ms]
2023-07-05 00:01:34.432 [info] > git for-each-ref --format=%(refname)%00%(upstream:short)%00%(objectname)%00%(upstream:track)%00%(upstream:remotename)%00%(upstream:remoteref) refs/heads/master refs/remotes/master [2ms]
2023-07-05 00:01:34.516 [info] > git status -z -uall [80ms]
2023-07-05 00:01:35.237 [info] > git check-ignore -v -z --stdin [6ms]
2023-07-05 00:01:39.539 [info] > git config --get commit.template [7ms]
2023-07-05 00:01:39.542 [info] > git for-each-ref --format=%(refname)%00%(upstream:short)%00%(objectname)%00%(upstream:track)%00%(upstream:remotename)%00%(upstream:remoteref) refs/heads/master refs/remotes/master [3ms]
2023-07-05 00:01:39.623 [info] > git status -z -uall [77ms]
2023-07-05 00:01:48.039 [info] > git config --get commit.template [6ms]
2023-07-05 00:01:48.041 [info] > git for-each-ref --format=%(refname)%00%(upstream:short)%00%(objectname)%00%(upstream:track)%00%(upstream:remotename)%00%(upstream:remoteref) refs/heads/master refs/remotes/master [3ms]
2023-07-05 00:01:48.122 [info] > git status -z -uall [78ms]
2023-07-05 00:01:55.553 [info] > git config --get commit.template [7ms]
2023-07-05 00:01:55.555 [info] > git for-each-ref --format=%(refname)%00%(upstream:short)%00%(objectname)%00%(upstream:track)%00%(upstream:remotename)%00%(upstream:remoteref) refs/heads/master refs/remotes/master [2ms]
2023-07-05 00:01:55.650 [info] > git status -z -uall [90ms]
2023-07-05 00:02:18.074 [info] > git config --get commit.template [6ms]
2023-07-05 00:02:18.076 [info] > git for-each-ref --format=%(refname)%00%(upstream:short)%00%(objectname)%00%(upstream:track)%00%(upstream:remotename)%00%(upstream:remoteref) refs/heads/master refs/remotes/master [3ms]
2023-07-05 00:02:18.158 [info] > git status -z -uall [79ms]
2023-07-05 00:02:23.185 [info] > git config --get commit.template [8ms]
2023-07-05 00:02:23.187 [info] > git for-each-ref --format=%(refname)%00%(upstream:short)%00%(objectname)%00%(upstream:track)%00%(upstream:remotename)%00%(upstream:remoteref) refs/heads/master refs/remotes/master [4ms]
2023-07-05 00:02:23.271 [info] > git status -z -uall [80ms]
2023-07-05 00:02:26.441 [info] > git check-ignore -v -z --stdin [5ms]
2023-07-05 00:02:28.561 [info] > git config --get commit.template [6ms]
2023-07-05 00:02:28.564 [info] > git for-each-ref --format=%(refname)%00%(upstream:short)%00%(objectname)%00%(upstream:track)%00%(upstream:remotename)%00%(upstream:remoteref) refs/heads/master refs/remotes/master [3ms]
2023-07-05 00:02:28.642 [info] > git status -z -uall [74ms]
2023-07-05 00:02:33.667 [info] > git config --get commit.template [6ms]
2023-07-05 00:02:33.669 [info] > git for-each-ref --format=%(refname)%00%(upstream:short)%00%(objectname)%00%(upstream:track)%00%(upstream:remotename)%00%(upstream:remoteref) refs/heads/master refs/remotes/master [3ms]
2023-07-05 00:02:33.753 [info] > git status -z -uall [80ms]
2023-07-05 00:02:33.913 [info] > git show --textconv :flaskr/templates/create_post.html [10ms]
2023-07-05 00:02:33.920 [info] > git ls-files --stage -- /home/ec2-user/flaskr/templates/create_post.html [8ms]
2023-07-05 00:02:33.926 [info] > git cat-file -s 6cf0eefe7820d0cc126286ff0f8c56ffe2a0fbb5 [2ms]
2023-07-05 00:02:34.884 [info] > git show --textconv :flaskr/templates/login.html [20ms]
2023-07-05 00:02:34.885 [info] > git ls-files --stage -- /home/ec2-user/flaskr/templates/login.html [8ms]
2023-07-05 00:02:34.893 [info] > git cat-file -s 45ca3c6c0184983b866d4435324559ccb7eefcb0 [3ms]
2023-07-05 00:02:36.736 [info] > git show --textconv :flaskr/templates/home.html [14ms]
2023-07-05 00:02:36.738 [info] > git ls-files --stage -- /home/ec2-user/flaskr/templates/home.html [9ms]
2023-07-05 00:02:36.744 [info] > git cat-file -s c26559154f8dc873bdef981975d25c14a9289031 [2ms]
2023-07-05 00:03:05.524 [info] > git config --get commit.template [6ms]
2023-07-05 00:03:05.526 [info] > git for-each-ref --format=%(refname)%00%(upstream:short)%00%(objectname)%00%(upstream:track)%00%(upstream:remotename)%00%(upstream:remoteref) refs/heads/master refs/remotes/master [2ms]
2023-07-05 00:03:05.610 [info] > git status -z -uall [80ms]
2023-07-05 00:03:10.637 [info] > git config --get commit.template [7ms]
2023-07-05 00:03:10.639 [info] > git for-each-ref --format=%(refname)%00%(upstream:short)%00%(objectname)%00%(upstream:track)%00%(upstream:remotename)%00%(upstream:remoteref) refs/heads/master refs/remotes/master [3ms]
2023-07-05 00:03:10.719 [info] > git status -z -uall [77ms]
2023-07-05 00:03:15.742 [info] > git config --get commit.template [6ms]
2023-07-05 00:03:15.744 [info] > git for-each-ref --format=%(refname)%00%(upstream:short)%00%(objectname)%00%(upstream:track)%00%(upstream:remotename)%00%(upstream:remoteref) refs/heads/master refs/remotes/master [3ms]
2023-07-05 00:03:15.832 [info] > git status -z -uall [84ms]
2023-07-05 00:03:20.854 [info] > git config --get commit.template [6ms]
2023-07-05 00:03:20.856 [info] > git for-each-ref --format=%(refname)%00%(upstream:short)%00%(objectname)%00%(upstream:track)%00%(upstream:remotename)%00%(upstream:remoteref) refs/heads/master refs/remotes/master [2ms]
2023-07-05 00:03:20.941 [info] > git status -z -uall [81ms]
2023-07-05 00:03:25.964 [info] > git config --get commit.template [6ms]
2023-07-05 00:03:25.966 [info] > git for-each-ref --format=%(refname)%00%(upstream:short)%00%(objectname)%00%(upstream:track)%00%(upstream:remotename)%00%(upstream:remoteref) refs/heads/master refs/remotes/master [2ms]
2023-07-05 00:03:26.049 [info] > git status -z -uall [79ms]
2023-07-05 00:03:40.109 [info] > git config --get commit.template [6ms]
2023-07-05 00:03:40.110 [info] > git for-each-ref --format=%(refname)%00%(upstream:short)%00%(objectname)%00%(upstream:track)%00%(upstream:remotename)%00%(upstream:remoteref) refs/heads/master refs/remotes/master [2ms]
2023-07-05 00:03:40.193 [info] > git status -z -uall [79ms]
2023-07-05 00:03:45.221 [info] > git config --get commit.template [8ms]
2023-07-05 00:03:45.223 [info] > git for-each-ref --format=%(refname)%00%(upstream:short)%00%(objectname)%00%(upstream:track)%00%(upstream:remotename)%00%(upstream:remoteref) refs/heads/master refs/remotes/master [3ms]
2023-07-05 00:03:45.305 [info] > git status -z -uall [77ms]
2023-07-05 00:03:50.328 [info] > git config --get commit.template [6ms]
2023-07-05 00:03:50.330 [info] > git for-each-ref --format=%(refname)%00%(upstream:short)%00%(objectname)%00%(upstream:track)%00%(upstream:remotename)%00%(upstream:remoteref) refs/heads/master refs/remotes/master [2ms]
2023-07-05 00:03:50.413 [info] > git status -z -uall [79ms]
2023-07-05 00:03:55.444 [info] > git config --get commit.template [6ms]
2023-07-05 00:03:55.445 [info] > git for-each-ref --format=%(refname)%00%(upstream:short)%00%(objectname)%00%(upstream:track)%00%(upstream:remotename)%00%(upstream:remoteref) refs/heads/master refs/remotes/master [2ms]
2023-07-05 00:03:55.528 [info] > git status -z -uall [79ms]
2023-07-05 00:04:00.551 [info] > git config --get commit.template [6ms]
2023-07-05 00:04:00.553 [info] > git for-each-ref --format=%(refname)%00%(upstream:short)%00%(objectname)%00%(upstream:track)%00%(upstream:remotename)%00%(upstream:remoteref) refs/heads/master refs/remotes/master [3ms]
2023-07-05 00:04:00.637 [info] > git status -z -uall [80ms]
2023-07-05 00:04:05.659 [info] > git config --get commit.template [6ms]
2023-07-05 00:04:05.661 [info] > git for-each-ref --format=%(refname)%00%(upstream:short)%00%(objectname)%00%(upstream:track)%00%(upstream:remotename)%00%(upstream:remoteref) refs/heads/master refs/remotes/master [3ms]
2023-07-05 00:04:05.743 [info] > git status -z -uall [78ms]
2023-07-05 00:04:10.766 [info] > git config --get commit.template [6ms]
2023-07-05 00:04:10.768 [info] > git for-each-ref --format=%(refname)%00%(upstream:short)%00%(objectname)%00%(upstream:track)%00%(upstream:remotename)%00%(upstream:remoteref) refs/heads/master refs/remotes/master [2ms]
2023-07-05 00:04:10.850 [info] > git status -z -uall [78ms]
2023-07-05 00:04:15.872 [info] > git config --get commit.template [6ms]
2023-07-05 00:04:15.874 [info] > git for-each-ref --format=%(refname)%00%(upstream:short)%00%(objectname)%00%(upstream:track)%00%(upstream:remotename)%00%(upstream:remoteref) refs/heads/master refs/remotes/master [3ms]
2023-07-05 00:04:15.955 [info] > git status -z -uall [77ms]
2023-07-05 00:04:20.979 [info] > git config --get commit.template [6ms]
2023-07-05 00:04:20.981 [info] > git for-each-ref --format=%(refname)%00%(upstream:short)%00%(objectname)%00%(upstream:track)%00%(upstream:remotename)%00%(upstream:remoteref) refs/heads/master refs/remotes/master [3ms]
2023-07-05 00:04:21.066 [info] > git status -z -uall [78ms]
2023-07-05 00:04:26.088 [info] > git config --get commit.template [6ms]
2023-07-05 00:04:26.090 [info] > git for-each-ref --format=%(refname)%00%(upstream:short)%00%(objectname)%00%(upstream:track)%00%(upstream:remotename)%00%(upstream:remoteref) refs/heads/master refs/remotes/master [2ms]
2023-07-05 00:04:26.172 [info] > git status -z -uall [77ms]
2023-07-05 00:04:31.192 [info] > git config --get commit.template [6ms]
2023-07-05 00:04:31.194 [info] > git for-each-ref --format=%(refname)%00%(upstream:short)%00%(objectname)%00%(upstream:track)%00%(upstream:remotename)%00%(upstream:remoteref) refs/heads/master refs/remotes/master [2ms]
2023-07-05 00:04:31.276 [info] > git status -z -uall [78ms]
2023-07-05 00:06:13.573 [info] > git config --get commit.template [7ms]
2023-07-05 00:06:13.575 [info] > git for-each-ref --format=%(refname)%00%(upstream:short)%00%(objectname)%00%(upstream:track)%00%(upstream:remotename)%00%(upstream:remoteref) refs/heads/master refs/remotes/master [2ms]
2023-07-05 00:06:13.658 [info] > git status -z -uall [79ms]
2023-07-05 00:06:18.686 [info] > git config --get commit.template [6ms]
2023-07-05 00:06:18.688 [info] > git for-each-ref --format=%(refname)%00%(upstream:short)%00%(objectname)%00%(upstream:track)%00%(upstream:remotename)%00%(upstream:remoteref) refs/heads/master refs/remotes/master [3ms]
2023-07-05 00:06:18.770 [info] > git status -z -uall [78ms]
2023-07-05 00:06:23.794 [info] > git config --get commit.template [6ms]
2023-07-05 00:06:23.796 [info] > git for-each-ref --format=%(refname)%00%(upstream:short)%00%(objectname)%00%(upstream:track)%00%(upstream:remotename)%00%(upstream:remoteref) refs/heads/master refs/remotes/master [3ms]
2023-07-05 00:06:23.878 [info] > git status -z -uall [77ms]
2023-07-05 00:06:28.899 [info] > git config --get commit.template [6ms]
2023-07-05 00:06:28.901 [info] > git for-each-ref --format=%(refname)%00%(upstream:short)%00%(objectname)%00%(upstream:track)%00%(upstream:remotename)%00%(upstream:remoteref) refs/heads/master refs/remotes/master [3ms]
2023-07-05 00:06:28.983 [info] > git status -z -uall [77ms]
2023-07-05 00:06:34.013 [info] > git config --get commit.template [6ms]
2023-07-05 00:06:34.015 [info] > git for-each-ref --format=%(refname)%00%(upstream:short)%00%(objectname)%00%(upstream:track)%00%(upstream:remotename)%00%(upstream:remoteref) refs/heads/master refs/remotes/master [2ms]
2023-07-05 00:06:34.097 [info] > git status -z -uall [78ms]
2023-07-05 00:06:39.122 [info] > git config --get commit.template [6ms]
2023-07-05 00:06:39.124 [info] > git for-each-ref --format=%(refname)%00%(upstream:short)%00%(objectname)%00%(upstream:track)%00%(upstream:remotename)%00%(upstream:remoteref) refs/heads/master refs/remotes/master [3ms]
2023-07-05 00:06:39.205 [info] > git status -z -uall [78ms]
2023-07-05 00:06:44.228 [info] > git config --get commit.template [6ms]
2023-07-05 00:06:44.230 [info] > git for-each-ref --format=%(refname)%00%(upstream:short)%00%(objectname)%00%(upstream:track)%00%(upstream:remotename)%00%(upstream:remoteref) refs/heads/master refs/remotes/master [2ms]
2023-07-05 00:06:44.313 [info] > git status -z -uall [79ms]
2023-07-05 00:06:49.336 [info] > git config --get commit.template [6ms]
2023-07-05 00:06:49.338 [info] > git for-each-ref --format=%(refname)%00%(upstream:short)%00%(objectname)%00%(upstream:track)%00%(upstream:remotename)%00%(upstream:remoteref) refs/heads/master refs/remotes/master [2ms]
2023-07-05 00:06:49.420 [info] > git status -z -uall [78ms]
2023-07-05 00:06:54.475 [info] > git config --get commit.template [27ms]
2023-07-05 00:06:54.481 [info] > git for-each-ref --format=%(refname)%00%(upstream:short)%00%(objectname)%00%(upstream:track)%00%(upstream:remotename)%00%(upstream:remoteref) refs/heads/master refs/remotes/master [27ms]
2023-07-05 00:06:54.650 [info] > git status -z -uall [164ms]
2023-07-05 00:07:06.119 [info] > git config --get commit.template [6ms]
2023-07-05 00:07:06.121 [info] > git for-each-ref --format=%(refname)%00%(upstream:short)%00%(objectname)%00%(upstream:track)%00%(upstream:remotename)%00%(upstream:remoteref) refs/heads/master refs/remotes/master [3ms]
2023-07-05 00:07:06.214 [info] > git status -z -uall [89ms]
2023-07-05 00:07:11.238 [info] > git config --get commit.template [6ms]
2023-07-05 00:07:11.241 [info] > git for-each-ref --format=%(refname)%00%(upstream:short)%00%(objectname)%00%(upstream:track)%00%(upstream:remotename)%00%(upstream:remoteref) refs/heads/master refs/remotes/master [2ms]
2023-07-05 00:07:11.323 [info] > git status -z -uall [77ms]
2023-07-05 00:08:07.865 [info] > git config --get commit.template [6ms]
2023-07-05 00:08:07.867 [info] > git for-each-ref --format=%(refname)%00%(upstream:short)%00%(objectname)%00%(upstream:track)%00%(upstream:remotename)%00%(upstream:remoteref) refs/heads/master refs/remotes/master [3ms]
2023-07-05 00:08:07.949 [info] > git status -z -uall [78ms]
2023-07-05 00:08:12.975 [info] > git config --get commit.template [6ms]
2023-07-05 00:08:12.976 [info] > git for-each-ref --format=%(refname)%00%(upstream:short)%00%(objectname)%00%(upstream:track)%00%(upstream:remotename)%00%(upstream:remoteref) refs/heads/master refs/remotes/master [2ms]
2023-07-05 00:08:13.062 [info] > git status -z -uall [82ms]
2023-07-05 00:08:13.249 [info] > git ls-files --stage -- /home/ec2-user/flaskr/templates/user_search.html [11ms]
2023-07-05 00:08:13.255 [info] > git show --textconv :flaskr/templates/user_search.html [26ms]
2023-07-05 00:08:13.261 [info] > git cat-file -s 7d3e6c1b227bbaed50952b144c24ec5d3290e59d [5ms]
2023-07-05 00:08:17.503 [info] > git show --textconv :flaskr/templates/setting.html [10ms]
2023-07-05 00:08:17.509 [info] > git ls-files --stage -- /home/ec2-user/flaskr/templates/setting.html [7ms]
2023-07-05 00:08:17.521 [info] > git cat-file -s 7c1db617718c6ff1c9f44db91dc74def0a68f1ec [7ms]
2023-07-05 00:08:18.085 [info] > git config --get commit.template [6ms]
2023-07-05 00:08:18.087 [info] > git for-each-ref --format=%(refname)%00%(upstream:short)%00%(objectname)%00%(upstream:track)%00%(upstream:remotename)%00%(upstream:remoteref) refs/heads/master refs/remotes/master [2ms]
2023-07-05 00:08:18.173 [info] > git status -z -uall [81ms]
2023-07-05 00:08:19.926 [info] > git show --textconv :flaskr/templates/register.html [14ms]
2023-07-05 00:08:19.928 [info] > git ls-files --stage -- /home/ec2-user/flaskr/templates/register.html [9ms]
2023-07-05 00:08:19.934 [info] > git cat-file -s 4bde6dae61f4e2d1e7bbb773a04ddbba6f30c2b4 [2ms]
2023-07-05 00:08:23.196 [info] > git config --get commit.template [6ms]
2023-07-05 00:08:23.198 [info] > git for-each-ref --format=%(refname)%00%(upstream:short)%00%(objectname)%00%(upstream:track)%00%(upstream:remotename)%00%(upstream:remoteref) refs/heads/master refs/remotes/master [2ms]
2023-07-05 00:08:23.281 [info] > git status -z -uall [78ms]
2023-07-05 00:08:24.498 [info] > git show --textconv :flaskr/models.py [15ms]
2023-07-05 00:08:24.499 [info] > git ls-files --stage -- /home/ec2-user/flaskr/models.py [10ms]
2023-07-05 00:08:24.507 [info] > git cat-file -s 55c43d396ff712f79c87a396b911288c2af5a5d4 [2ms]
2023-07-05 00:08:28.305 [info] > git config --get commit.template [6ms]
2023-07-05 00:08:28.307 [info] > git for-each-ref --format=%(refname)%00%(upstream:short)%00%(objectname)%00%(upstream:track)%00%(upstream:remotename)%00%(upstream:remoteref) refs/heads/master refs/remotes/master [2ms]
2023-07-05 00:08:28.389 [info] > git status -z -uall [78ms]
2023-07-05 00:08:33.421 [info] > git config --get commit.template [6ms]
2023-07-05 00:08:33.423 [info] > git for-each-ref --format=%(refname)%00%(upstream:short)%00%(objectname)%00%(upstream:track)%00%(upstream:remotename)%00%(upstream:remoteref) refs/heads/master refs/remotes/master [3ms]
2023-07-05 00:08:33.506 [info] > git status -z -uall [79ms]
2023-07-05 00:08:53.318 [info] > git config --get commit.template [1ms]
2023-07-05 00:08:53.325 [info] > git for-each-ref --format=%(refname)%00%(upstream:short)%00%(objectname)%00%(upstream:track)%00%(upstream:remotename)%00%(upstream:remoteref) refs/heads/master refs/remotes/master [2ms]
2023-07-05 00:08:53.410 [info] > git status -z -uall [80ms]
2023-07-05 00:08:54.746 [info] > git check-ignore -v -z --stdin [7ms]
2023-07-05 00:08:58.431 [info] > git config --get commit.template [6ms]
2023-07-05 00:08:58.433 [info] > git for-each-ref --format=%(refname)%00%(upstream:short)%00%(objectname)%00%(upstream:track)%00%(upstream:remotename)%00%(upstream:remoteref) refs/heads/master refs/remotes/master [3ms]
2023-07-05 00:08:58.516 [info] > git status -z -uall [78ms]
2023-07-05 00:09:03.538 [info] > git config --get commit.template [6ms]
2023-07-05 00:09:03.540 [info] > git for-each-ref --format=%(refname)%00%(upstream:short)%00%(objectname)%00%(upstream:track)%00%(upstream:remotename)%00%(upstream:remoteref) refs/heads/master refs/remotes/master [2ms]
2023-07-05 00:09:03.622 [info] > git status -z -uall [78ms]
2023-07-05 00:09:08.646 [info] > git config --get commit.template [6ms]
2023-07-05 00:09:08.648 [info] > git for-each-ref --format=%(refname)%00%(upstream:short)%00%(objectname)%00%(upstream:track)%00%(upstream:remotename)%00%(upstream:remoteref) refs/heads/master refs/remotes/master [3ms]
2023-07-05 00:09:08.732 [info] > git status -z -uall [80ms]
2023-07-05 00:09:20.349 [info] > git config --get commit.template [6ms]
2023-07-05 00:09:20.351 [info] > git for-each-ref --format=%(refname)%00%(upstream:short)%00%(objectname)%00%(upstream:track)%00%(upstream:remotename)%00%(upstream:remoteref) refs/heads/master refs/remotes/master [3ms]
2023-07-05 00:09:20.464 [info] > git status -z -uall [109ms]
2023-07-05 00:09:25.496 [info] > git config --get commit.template [10ms]
2023-07-05 00:09:25.498 [info] > git for-each-ref --format=%(refname)%00%(upstream:short)%00%(objectname)%00%(upstream:track)%00%(upstream:remotename)%00%(upstream:remoteref) refs/heads/master refs/remotes/master [2ms]
2023-07-05 00:09:25.592 [info] > git status -z -uall [90ms]
2023-07-05 00:09:26.232 [info] > git show --textconv :flaskr/views.py [37ms]
2023-07-05 00:09:26.280 [info] > git ls-files --stage -- /home/ec2-user/flaskr/views.py [64ms]
2023-07-05 00:09:26.366 [info] > git cat-file -s ae6f2cd433522cf724dce5e60f78eb1677c41034 [66ms]
2023-07-05 00:09:29.826 [info] > git show --textconv :flaskr/forms.py [14ms]
2023-07-05 00:09:29.828 [info] > git ls-files --stage -- /home/ec2-user/flaskr/forms.py [9ms]
2023-07-05 00:09:29.834 [info] > git cat-file -s 3c843396a08fc83cb808801844511f45be798056 [2ms]
2023-07-05 00:09:30.616 [info] > git config --get commit.template [7ms]
2023-07-05 00:09:30.630 [info] > git for-each-ref --format=%(refname)%00%(upstream:short)%00%(objectname)%00%(upstream:track)%00%(upstream:remotename)%00%(upstream:remoteref) refs/heads/master refs/remotes/master [15ms]
2023-07-05 00:09:30.640 [info] > git show --textconv :flaskr/models.py [18ms]
2023-07-05 00:09:30.647 [info] > git ls-files --stage -- /home/ec2-user/flaskr/models.py [18ms]
2023-07-05 00:09:30.699 [info] > git cat-file -s 55c43d396ff712f79c87a396b911288c2af5a5d4 [14ms]
2023-07-05 00:09:30.732 [info] > git status -z -uall [92ms]
2023-07-05 00:09:35.755 [info] > git config --get commit.template [5ms]
2023-07-05 00:09:35.756 [info] > git for-each-ref --format=%(refname)%00%(upstream:short)%00%(objectname)%00%(upstream:track)%00%(upstream:remotename)%00%(upstream:remoteref) refs/heads/master refs/remotes/master [2ms]
2023-07-05 00:09:35.837 [info] > git status -z -uall [77ms]
2023-07-05 00:09:41.728 [info] > git config --get commit.template [7ms]
2023-07-05 00:09:41.736 [info] > git for-each-ref --format=%(refname)%00%(upstream:short)%00%(objectname)%00%(upstream:track)%00%(upstream:remotename)%00%(upstream:remoteref) refs/heads/master refs/remotes/master [9ms]
2023-07-05 00:09:41.819 [info] > git status -z -uall [79ms]
2023-07-05 00:09:46.844 [info] > git config --get commit.template [5ms]
2023-07-05 00:09:46.845 [info] > git for-each-ref --format=%(refname)%00%(upstream:short)%00%(objectname)%00%(upstream:track)%00%(upstream:remotename)%00%(upstream:remoteref) refs/heads/master refs/remotes/master [2ms]
2023-07-05 00:09:46.926 [info] > git status -z -uall [77ms]
2023-07-05 00:10:05.465 [info] > git config --get commit.template [6ms]
2023-07-05 00:10:05.467 [info] > git for-each-ref --format=%(refname)%00%(upstream:short)%00%(objectname)%00%(upstream:track)%00%(upstream:remotename)%00%(upstream:remoteref) refs/heads/master refs/remotes/master [3ms]
2023-07-05 00:10:05.550 [info] > git status -z -uall [79ms]
2023-07-05 00:10:10.674 [info] > git config --get commit.template [42ms]
2023-07-05 00:10:10.675 [info] > git for-each-ref --format=%(refname)%00%(upstream:short)%00%(objectname)%00%(upstream:track)%00%(upstream:remotename)%00%(upstream:remoteref) refs/heads/master refs/remotes/master [28ms]
2023-07-05 00:10:11.188 [info] > git status -z -uall [473ms]
2023-07-05 00:10:16.252 [info] > git config --get commit.template [8ms]
2023-07-05 00:10:16.253 [info] > git for-each-ref --format=%(refname)%00%(upstream:short)%00%(objectname)%00%(upstream:track)%00%(upstream:remotename)%00%(upstream:remoteref) refs/heads/master refs/remotes/master [3ms]
2023-07-05 00:10:16.365 [info] > git status -z -uall [107ms]
2023-07-05 00:10:21.390 [info] > git config --get commit.template [6ms]
2023-07-05 00:10:21.392 [info] > git for-each-ref --format=%(refname)%00%(upstream:short)%00%(objectname)%00%(upstream:track)%00%(upstream:remotename)%00%(upstream:remoteref) refs/heads/master refs/remotes/master [3ms]
2023-07-05 00:10:21.636 [info] > git status -z -uall [240ms]
2023-07-05 00:10:26.668 [info] > git config --get commit.template [17ms]
2023-07-05 00:10:26.674 [info] > git for-each-ref --format=%(refname)%00%(upstream:short)%00%(objectname)%00%(upstream:track)%00%(upstream:remotename)%00%(upstream:remoteref) refs/heads/master refs/remotes/master [18ms]
2023-07-05 00:10:26.797 [info] > git status -z -uall [118ms]
2023-07-05 00:10:31.821 [info] > git config --get commit.template [7ms]
2023-07-05 00:10:31.823 [info] > git for-each-ref --format=%(refname)%00%(upstream:short)%00%(objectname)%00%(upstream:track)%00%(upstream:remotename)%00%(upstream:remoteref) refs/heads/master refs/remotes/master [3ms]
2023-07-05 00:10:31.904 [info] > git status -z -uall [77ms]
2023-07-05 00:10:36.975 [info] > git config --get commit.template [48ms]
2023-07-05 00:10:36.981 [info] > git for-each-ref --format=%(refname)%00%(upstream:short)%00%(objectname)%00%(upstream:track)%00%(upstream:remotename)%00%(upstream:remoteref) refs/heads/master refs/remotes/master [29ms]
2023-07-05 00:10:37.320 [info] > git status -z -uall [334ms]
2023-07-05 00:11:37.349 [info] > git config --get commit.template [42ms]
2023-07-05 00:11:37.353 [info] > git for-each-ref --format=%(refname)%00%(upstream:short)%00%(objectname)%00%(upstream:track)%00%(upstream:remotename)%00%(upstream:remoteref) refs/heads/master refs/remotes/master [42ms]
2023-07-05 00:11:37.679 [info] > git status -z -uall [320ms]
2023-07-05 00:11:42.716 [info] > git config --get commit.template [13ms]
2023-07-05 00:11:42.718 [info] > git for-each-ref --format=%(refname)%00%(upstream:short)%00%(objectname)%00%(upstream:track)%00%(upstream:remotename)%00%(upstream:remoteref) refs/heads/master refs/remotes/master [11ms]
2023-07-05 00:11:42.996 [info] > git status -z -uall [274ms]
2023-07-05 00:11:48.047 [info] > git config --get commit.template [10ms]
2023-07-05 00:11:48.048 [info] > git for-each-ref --format=%(refname)%00%(upstream:short)%00%(objectname)%00%(upstream:track)%00%(upstream:remotename)%00%(upstream:remoteref) refs/heads/master refs/remotes/master [6ms]
2023-07-05 00:11:48.234 [info] > git status -z -uall [182ms]
2023-07-05 00:12:25.266 [info] > git config --get commit.template [57ms]
2023-07-05 00:12:25.271 [info] > git for-each-ref --format=%(refname)%00%(upstream:short)%00%(objectname)%00%(upstream:track)%00%(upstream:remotename)%00%(upstream:remoteref) refs/heads/master refs/remotes/master [56ms]
2023-07-05 00:12:25.654 [info] > git status -z -uall [378ms]
2023-07-05 00:12:30.759 [info] > git config --get commit.template [51ms]
2023-07-05 00:12:30.765 [info] > git for-each-ref --format=%(refname)%00%(upstream:short)%00%(objectname)%00%(upstream:track)%00%(upstream:remotename)%00%(upstream:remoteref) refs/heads/master refs/remotes/master [49ms]
2023-07-05 00:12:31.526 [info] > git status -z -uall [751ms]
