2023-07-04 23:48:29.116 [info] Extension host with pid 2819 started
2023-07-04 23:48:29.229 [info] Lock '/home/ec2-user/.vscode-server/data/User/workspaceStorage/b71dcbabd1538c389a56ef233850a195/vscode.lock': Lock acquired.
2023-07-04 23:48:29.372 [info] ExtensionService#_doActivateExtension vscode.git-base, startup: true, activationEvent: '*'
2023-07-04 23:48:29.542 [info] ExtensionService#_doActivateExtension vscode.github, startup: true, activationEvent: '*'
2023-07-04 23:48:29.720 [info] Eager extensions activated
2023-07-04 23:48:29.721 [info] ExtensionService#_doActivateExtension vscode.debug-auto-launch, startup: false, activationEvent: 'onStartupFinished'
2023-07-04 23:48:29.721 [info] ExtensionService#_doActivateExtension vscode.merge-conflict, startup: false, activationEvent: 'onStartupFinished'
2023-07-04 23:48:30.660 [info] ExtensionService#_doActivateExtension vscode.git, startup: false, activationEvent: 'api', root cause: vscode.github
2023-07-04 23:48:31.895 [warning] [Decorations] CAPPING events from decorations provider vscode.git 328
2023-07-04 23:48:32.222 [warning] [Decorations] CAPPING events from decorations provider vscode.git 328
2023-07-04 23:48:34.717 [warning] [Decorations] CAPPING events from decorations provider vscode.git 329
2023-07-04 23:48:35.044 [info] ExtensionService#_doActivateExtension ms-python.python, startup: false, activationEvent: 'onLanguage:python'
2023-07-04 23:48:35.044 [info] ExtensionService#_doActivateExtension vscode.emmet, startup: false, activationEvent: 'onLanguage'
2023-07-04 23:48:35.810 [info] ExtensionService#_doActivateExtension ms-python.vscode-pylance, startup: false, activationEvent: 'onLanguage:python'
2023-07-04 23:48:40.157 [warning] [Decorations] CAPPING events from decorations provider vscode.git 332
2023-07-04 23:48:48.289 [warning] [Decorations] CAPPING events from decorations provider vscode.git 332
2023-07-04 23:48:51.998 [info] ExtensionService#_doActivateExtension vscode.html-language-features, startup: false, activationEvent: 'onLanguage:html'
2023-07-04 23:48:53.424 [warning] [Decorations] CAPPING events from decorations provider vscode.git 333
2023-07-04 23:48:58.533 [warning] [Decorations] CAPPING events from decorations provider vscode.git 333
2023-07-04 23:49:03.768 [warning] [Decorations] CAPPING events from decorations provider vscode.git 333
2023-07-04 23:49:08.917 [warning] [Decorations] CAPPING events from decorations provider vscode.git 333
2023-07-04 23:49:14.044 [warning] [Decorations] CAPPING events from decorations provider vscode.git 333
2023-07-04 23:49:19.214 [warning] [Decorations] CAPPING events from decorations provider vscode.git 333
2023-07-04 23:49:24.324 [warning] [Decorations] CAPPING events from decorations provider vscode.git 333
2023-07-04 23:49:29.433 [warning] [Decorations] CAPPING events from decorations provider vscode.git 333
2023-07-04 23:50:28.504 [warning] [Decorations] CAPPING events from decorations provider vscode.git 333
2023-07-04 23:50:41.756 [warning] [Decorations] CAPPING events from decorations provider vscode.git 333
2023-07-04 23:50:46.989 [warning] [Decorations] CAPPING events from decorations provider vscode.git 333
2023-07-04 23:50:52.117 [warning] [Decorations] CAPPING events from decorations provider vscode.git 333
2023-07-04 23:50:57.237 [warning] [Decorations] CAPPING events from decorations provider vscode.git 333
2023-07-04 23:51:02.357 [warning] [Decorations] CAPPING events from decorations provider vscode.git 333
2023-07-04 23:51:08.649 [warning] [Decorations] CAPPING events from decorations provider vscode.git 333
2023-07-04 23:51:13.756 [warning] [Decorations] CAPPING events from decorations provider vscode.git 333
2023-07-04 23:51:18.873 [warning] [Decorations] CAPPING events from decorations provider vscode.git 335
2023-07-04 23:51:23.986 [warning] [Decorations] CAPPING events from decorations provider vscode.git 335
2023-07-04 23:51:29.101 [warning] [Decorations] CAPPING events from decorations provider vscode.git 335
2023-07-04 23:51:34.333 [warning] [Decorations] CAPPING events from decorations provider vscode.git 335
2023-07-04 23:51:39.442 [warning] [Decorations] CAPPING events from decorations provider vscode.git 335
2023-07-04 23:51:44.553 [warning] [Decorations] CAPPING events from decorations provider vscode.git 335
2023-07-04 23:51:49.663 [warning] [Decorations] CAPPING events from decorations provider vscode.git 335
2023-07-04 23:51:55.372 [warning] [Decorations] CAPPING events from decorations provider vscode.git 335
2023-07-04 23:52:00.486 [warning] [Decorations] CAPPING events from decorations provider vscode.git 335
2023-07-04 23:52:05.593 [warning] [Decorations] CAPPING events from decorations provider vscode.git 335
2023-07-04 23:52:10.709 [warning] [Decorations] CAPPING events from decorations provider vscode.git 335
2023-07-04 23:52:15.817 [warning] [Decorations] CAPPING events from decorations provider vscode.git 335
2023-07-04 23:52:21.065 [warning] [Decorations] CAPPING events from decorations provider vscode.git 335
2023-07-04 23:52:26.171 [warning] [Decorations] CAPPING events from decorations provider vscode.git 335
2023-07-04 23:52:31.274 [warning] [Decorations] CAPPING events from decorations provider vscode.git 335
2023-07-04 23:52:36.380 [warning] [Decorations] CAPPING events from decorations provider vscode.git 335
2023-07-04 23:52:41.523 [warning] [Decorations] CAPPING events from decorations provider vscode.git 335
2023-07-04 23:52:46.636 [warning] [Decorations] CAPPING events from decorations provider vscode.git 335
2023-07-04 23:52:51.742 [warning] [Decorations] CAPPING events from decorations provider vscode.git 335
2023-07-04 23:52:56.865 [warning] [Decorations] CAPPING events from decorations provider vscode.git 335
2023-07-04 23:53:01.980 [warning] [Decorations] CAPPING events from decorations provider vscode.git 335
2023-07-04 23:53:07.088 [warning] [Decorations] CAPPING events from decorations provider vscode.git 335
2023-07-04 23:53:12.197 [warning] [Decorations] CAPPING events from decorations provider vscode.git 335
2023-07-04 23:53:17.303 [warning] [Decorations] CAPPING events from decorations provider vscode.git 335
2023-07-04 23:53:22.411 [warning] [Decorations] CAPPING events from decorations provider vscode.git 335
2023-07-04 23:53:27.518 [warning] [Decorations] CAPPING events from decorations provider vscode.git 335
2023-07-04 23:53:32.625 [warning] [Decorations] CAPPING events from decorations provider vscode.git 335
2023-07-04 23:53:37.736 [warning] [Decorations] CAPPING events from decorations provider vscode.git 335
2023-07-04 23:53:42.849 [warning] [Decorations] CAPPING events from decorations provider vscode.git 335
2023-07-04 23:53:47.969 [warning] [Decorations] CAPPING events from decorations provider vscode.git 335
2023-07-04 23:53:53.199 [warning] [Decorations] CAPPING events from decorations provider vscode.git 335
2023-07-04 23:53:58.314 [warning] [Decorations] CAPPING events from decorations provider vscode.git 335
2023-07-04 23:54:03.429 [warning] [Decorations] CAPPING events from decorations provider vscode.git 335
2023-07-04 23:54:08.538 [warning] [Decorations] CAPPING events from decorations provider vscode.git 335
2023-07-04 23:54:13.643 [warning] [Decorations] CAPPING events from decorations provider vscode.git 335
2023-07-04 23:54:18.751 [warning] [Decorations] CAPPING events from decorations provider vscode.git 335
2023-07-04 23:54:23.878 [warning] [Decorations] CAPPING events from decorations provider vscode.git 335
2023-07-04 23:54:28.987 [warning] [Decorations] CAPPING events from decorations provider vscode.git 335
2023-07-04 23:54:34.102 [warning] [Decorations] CAPPING events from decorations provider vscode.git 335
2023-07-04 23:54:39.207 [warning] [Decorations] CAPPING events from decorations provider vscode.git 335
2023-07-04 23:54:44.316 [warning] [Decorations] CAPPING events from decorations provider vscode.git 335
2023-07-04 23:54:49.419 [warning] [Decorations] CAPPING events from decorations provider vscode.git 335
2023-07-04 23:54:54.525 [warning] [Decorations] CAPPING events from decorations provider vscode.git 335
2023-07-04 23:54:59.632 [warning] [Decorations] CAPPING events from decorations provider vscode.git 335
2023-07-04 23:55:04.740 [warning] [Decorations] CAPPING events from decorations provider vscode.git 335
2023-07-04 23:55:09.846 [warning] [Decorations] CAPPING events from decorations provider vscode.git 335
2023-07-04 23:55:15.338 [warning] [Decorations] CAPPING events from decorations provider vscode.git 335
2023-07-04 23:55:20.455 [warning] [Decorations] CAPPING events from decorations provider vscode.git 335
2023-07-04 23:56:12.538 [warning] [Decorations] CAPPING events from decorations provider vscode.git 335
2023-07-04 23:56:17.643 [warning] [Decorations] CAPPING events from decorations provider vscode.git 335
2023-07-04 23:56:22.749 [warning] [Decorations] CAPPING events from decorations provider vscode.git 335
2023-07-04 23:56:27.857 [warning] [Decorations] CAPPING events from decorations provider vscode.git 335
2023-07-04 23:56:32.963 [warning] [Decorations] CAPPING events from decorations provider vscode.git 335
2023-07-04 23:56:38.068 [warning] [Decorations] CAPPING events from decorations provider vscode.git 335
2023-07-04 23:56:43.179 [warning] [Decorations] CAPPING events from decorations provider vscode.git 335
2023-07-04 23:56:48.289 [warning] [Decorations] CAPPING events from decorations provider vscode.git 335
2023-07-04 23:56:53.496 [warning] [Decorations] CAPPING events from decorations provider vscode.git 335
2023-07-04 23:56:58.603 [warning] [Decorations] CAPPING events from decorations provider vscode.git 335
2023-07-04 23:57:03.713 [warning] [Decorations] CAPPING events from decorations provider vscode.git 335
2023-07-04 23:57:08.824 [warning] [Decorations] CAPPING events from decorations provider vscode.git 335
2023-07-04 23:57:13.931 [warning] [Decorations] CAPPING events from decorations provider vscode.git 335
2023-07-04 23:57:19.045 [warning] [Decorations] CAPPING events from decorations provider vscode.git 335
2023-07-04 23:57:24.153 [warning] [Decorations] CAPPING events from decorations provider vscode.git 335
2023-07-04 23:57:29.263 [warning] [Decorations] CAPPING events from decorations provider vscode.git 335
2023-07-04 23:57:34.370 [warning] [Decorations] CAPPING events from decorations provider vscode.git 335
2023-07-04 23:57:39.482 [warning] [Decorations] CAPPING events from decorations provider vscode.git 335
2023-07-04 23:57:44.589 [warning] [Decorations] CAPPING events from decorations provider vscode.git 335
2023-07-04 23:57:49.695 [warning] [Decorations] CAPPING events from decorations provider vscode.git 335
2023-07-04 23:57:54.801 [warning] [Decorations] CAPPING events from decorations provider vscode.git 335
2023-07-04 23:57:59.910 [warning] [Decorations] CAPPING events from decorations provider vscode.git 335
2023-07-04 23:58:05.021 [warning] [Decorations] CAPPING events from decorations provider vscode.git 335
2023-07-04 23:58:10.127 [warning] [Decorations] CAPPING events from decorations provider vscode.git 335
2023-07-04 23:58:15.235 [warning] [Decorations] CAPPING events from decorations provider vscode.git 335
2023-07-04 23:58:20.341 [warning] [Decorations] CAPPING events from decorations provider vscode.git 335
2023-07-04 23:58:25.461 [warning] [Decorations] CAPPING events from decorations provider vscode.git 335
2023-07-04 23:58:30.574 [warning] [Decorations] CAPPING events from decorations provider vscode.git 335
2023-07-04 23:58:35.693 [warning] [Decorations] CAPPING events from decorations provider vscode.git 335
2023-07-04 23:58:40.802 [warning] [Decorations] CAPPING events from decorations provider vscode.git 335
2023-07-04 23:58:46.008 [warning] [Decorations] CAPPING events from decorations provider vscode.git 335
2023-07-04 23:58:51.114 [warning] [Decorations] CAPPING events from decorations provider vscode.git 335
2023-07-04 23:58:56.223 [warning] [Decorations] CAPPING events from decorations provider vscode.git 335
2023-07-04 23:59:01.336 [warning] [Decorations] CAPPING events from decorations provider vscode.git 335
2023-07-04 23:59:06.444 [warning] [Decorations] CAPPING events from decorations provider vscode.git 335
2023-07-04 23:59:11.550 [warning] [Decorations] CAPPING events from decorations provider vscode.git 335
2023-07-04 23:59:16.655 [warning] [Decorations] CAPPING events from decorations provider vscode.git 335
2023-07-04 23:59:21.759 [warning] [Decorations] CAPPING events from decorations provider vscode.git 335
2023-07-05 00:01:29.413 [warning] [Decorations] CAPPING events from decorations provider vscode.git 335
2023-07-05 00:01:34.524 [warning] [Decorations] CAPPING events from decorations provider vscode.git 336
2023-07-05 00:01:39.639 [warning] [Decorations] CAPPING events from decorations provider vscode.git 336
2023-07-05 00:01:48.133 [warning] [Decorations] CAPPING events from decorations provider vscode.git 336
2023-07-05 00:01:55.660 [warning] [Decorations] CAPPING events from decorations provider vscode.git 335
2023-07-05 00:02:18.169 [warning] [Decorations] CAPPING events from decorations provider vscode.git 335
2023-07-05 00:02:23.280 [warning] [Decorations] CAPPING events from decorations provider vscode.git 335
2023-07-05 00:02:28.651 [warning] [Decorations] CAPPING events from decorations provider vscode.git 336
2023-07-05 00:02:33.762 [warning] [Decorations] CAPPING events from decorations provider vscode.git 336
2023-07-05 00:03:05.622 [warning] [Decorations] CAPPING events from decorations provider vscode.git 336
2023-07-05 00:03:10.728 [warning] [Decorations] CAPPING events from decorations provider vscode.git 336
2023-07-05 00:03:15.840 [warning] [Decorations] CAPPING events from decorations provider vscode.git 336
2023-07-05 00:03:20.950 [warning] [Decorations] CAPPING events from decorations provider vscode.git 336
2023-07-05 00:03:26.058 [warning] [Decorations] CAPPING events from decorations provider vscode.git 336
2023-07-05 00:03:40.205 [warning] [Decorations] CAPPING events from decorations provider vscode.git 336
2023-07-05 00:03:45.314 [warning] [Decorations] CAPPING events from decorations provider vscode.git 336
2023-07-05 00:03:50.430 [warning] [Decorations] CAPPING events from decorations provider vscode.git 336
2023-07-05 00:03:55.536 [warning] [Decorations] CAPPING events from decorations provider vscode.git 336
2023-07-05 00:04:00.645 [warning] [Decorations] CAPPING events from decorations provider vscode.git 336
2023-07-05 00:04:05.751 [warning] [Decorations] CAPPING events from decorations provider vscode.git 336
2023-07-05 00:04:10.856 [warning] [Decorations] CAPPING events from decorations provider vscode.git 336
2023-07-05 00:04:15.965 [warning] [Decorations] CAPPING events from decorations provider vscode.git 338
2023-07-05 00:04:21.074 [warning] [Decorations] CAPPING events from decorations provider vscode.git 338
2023-07-05 00:04:26.179 [warning] [Decorations] CAPPING events from decorations provider vscode.git 338
2023-07-05 00:04:31.283 [warning] [Decorations] CAPPING events from decorations provider vscode.git 338
2023-07-05 00:06:13.670 [warning] [Decorations] CAPPING events from decorations provider vscode.git 338
2023-07-05 00:06:18.778 [warning] [Decorations] CAPPING events from decorations provider vscode.git 338
2023-07-05 00:06:23.885 [warning] [Decorations] CAPPING events from decorations provider vscode.git 338
2023-07-05 00:06:28.998 [warning] [Decorations] CAPPING events from decorations provider vscode.git 338
2023-07-05 00:06:34.103 [warning] [Decorations] CAPPING events from decorations provider vscode.git 338
2023-07-05 00:06:39.214 [warning] [Decorations] CAPPING events from decorations provider vscode.git 338
2023-07-05 00:06:44.323 [warning] [Decorations] CAPPING events from decorations provider vscode.git 338
2023-07-05 00:06:49.434 [warning] [Decorations] CAPPING events from decorations provider vscode.git 338
2023-07-05 00:06:54.659 [warning] [Decorations] CAPPING events from decorations provider vscode.git 338
2023-07-05 00:07:06.225 [warning] [Decorations] CAPPING events from decorations provider vscode.git 338
2023-07-05 00:07:11.331 [warning] [Decorations] CAPPING events from decorations provider vscode.git 338
2023-07-05 00:08:07.959 [warning] [Decorations] CAPPING events from decorations provider vscode.git 338
2023-07-05 00:08:13.069 [warning] [Decorations] CAPPING events from decorations provider vscode.git 338
2023-07-05 00:08:18.181 [warning] [Decorations] CAPPING events from decorations provider vscode.git 338
2023-07-05 00:08:23.287 [warning] [Decorations] CAPPING events from decorations provider vscode.git 338
2023-07-05 00:08:28.406 [warning] [Decorations] CAPPING events from decorations provider vscode.git 338
2023-07-05 00:08:33.512 [warning] [Decorations] CAPPING events from decorations provider vscode.git 338
2023-07-05 00:08:53.417 [warning] [Decorations] CAPPING events from decorations provider vscode.git 338
2023-07-05 00:08:58.524 [warning] [Decorations] CAPPING events from decorations provider vscode.git 338
2023-07-05 00:09:03.630 [warning] [Decorations] CAPPING events from decorations provider vscode.git 338
2023-07-05 00:09:08.741 [warning] [Decorations] CAPPING events from decorations provider vscode.git 338
2023-07-05 00:09:20.475 [warning] [Decorations] CAPPING events from decorations provider vscode.git 337
2023-07-05 00:09:25.601 [warning] [Decorations] CAPPING events from decorations provider vscode.git 337
2023-07-05 00:09:30.741 [warning] [Decorations] CAPPING events from decorations provider vscode.git 337
2023-07-05 00:09:35.844 [warning] [Decorations] CAPPING events from decorations provider vscode.git 337
2023-07-05 00:09:41.825 [warning] [Decorations] CAPPING events from decorations provider vscode.git 337
2023-07-05 00:09:46.933 [warning] [Decorations] CAPPING events from decorations provider vscode.git 337
2023-07-05 00:10:05.571 [warning] [Decorations] CAPPING events from decorations provider vscode.git 337
2023-07-05 00:10:11.233 [warning] [Decorations] CAPPING events from decorations provider vscode.git 337
2023-07-05 00:10:16.374 [warning] [Decorations] CAPPING events from decorations provider vscode.git 337
2023-07-05 00:10:21.642 [warning] [Decorations] CAPPING events from decorations provider vscode.git 337
2023-07-05 00:10:26.804 [warning] [Decorations] CAPPING events from decorations provider vscode.git 337
2023-07-05 00:10:31.913 [warning] [Decorations] CAPPING events from decorations provider vscode.git 337
2023-07-05 00:10:37.336 [warning] [Decorations] CAPPING events from decorations provider vscode.git 337
2023-07-05 00:11:37.691 [warning] [Decorations] CAPPING events from decorations provider vscode.git 337
2023-07-05 00:11:43.024 [warning] [Decorations] CAPPING events from decorations provider vscode.git 337
2023-07-05 00:11:48.243 [warning] [Decorations] CAPPING events from decorations provider vscode.git 337
2023-07-05 00:12:25.667 [warning] [Decorations] CAPPING events from decorations provider vscode.git 337
2023-07-05 00:12:31.543 [warning] [Decorations] CAPPING events from decorations provider vscode.git 337
