2023-07-04 05:53:35.313 [info] Log level: Info
2023-07-04 05:53:35.313 [info] Validating found git in: "git"
2023-07-04 05:53:35.313 [info] Using git "2.40.1" from "git"
2023-07-04 05:53:35.313 [info] > git rev-parse --show-toplevel [76ms]
2023-07-04 05:53:35.313 [info] > git rev-parse --git-dir --git-common-dir [19ms]
2023-07-04 05:53:35.313 [info] Open repository: /home/ec2-user
2023-07-04 05:53:35.313 [info] > git rev-parse --show-toplevel [19ms]
2023-07-04 05:53:35.313 [info] > git rev-parse --show-toplevel [4ms]
2023-07-04 05:53:35.313 [info] > git config --get commit.template [26ms]
2023-07-04 05:53:35.313 [info] > git for-each-ref --format=%(refname)%00%(upstream:short)%00%(objectname)%00%(upstream:track)%00%(upstream:remotename)%00%(upstream:remoteref) refs/heads/master refs/remotes/master [144ms]
2023-07-04 05:53:35.313 [info] > git rev-parse --show-toplevel [167ms]
2023-07-04 05:53:35.313 [info] > git rev-parse --show-toplevel [18ms]
2023-07-04 05:53:35.313 [info] > git rev-parse --show-toplevel [12ms]
2023-07-04 05:53:35.313 [info] > git rev-parse --show-toplevel [64ms]
2023-07-04 05:53:35.313 [info] > git rev-parse --show-toplevel [5ms]
2023-07-04 05:53:35.313 [info] > git rev-parse --show-toplevel [6ms]
2023-07-04 05:53:35.313 [info] > git rev-parse --show-toplevel [18ms]
2023-07-04 05:53:35.313 [info] > git status -z -uall [286ms]
2023-07-04 05:53:35.313 [info] > git config --get commit.template [6ms]
2023-07-04 05:53:35.313 [info] > git for-each-ref --format=%(refname)%00%(upstream:short)%00%(objectname)%00%(upstream:track)%00%(upstream:remotename)%00%(upstream:remoteref) refs/heads/master refs/remotes/master [8ms]
2023-07-04 05:53:35.313 [info] > git status -z -uall [240ms]
2023-07-04 05:53:35.313 [info] > git check-ignore -v -z --stdin [37ms]
2023-07-04 05:53:38.332 [info] > git config --get commit.template [6ms]
2023-07-04 05:53:38.334 [info] > git for-each-ref --format=%(refname)%00%(upstream:short)%00%(objectname)%00%(upstream:track)%00%(upstream:remotename)%00%(upstream:remoteref) refs/heads/master refs/remotes/master [4ms]
2023-07-04 05:53:38.415 [info] > git status -z -uall [77ms]
2023-07-04 05:53:40.003 [info] > git show --textconv :.bash_history [15ms]
2023-07-04 05:53:40.005 [info] > git ls-files --stage -- /home/ec2-user/.bash_history [12ms]
2023-07-04 05:53:40.012 [info] > git cat-file -s 79c2b85a527c9e919d494dba864ed6f0de6e16f2 [3ms]
2023-07-04 05:53:43.055 [info] > git show --textconv :.lesshst [8ms]
2023-07-04 05:53:43.062 [info] > git ls-files --stage -- /home/ec2-user/.lesshst [8ms]
2023-07-04 05:53:43.431 [info] > git config --get commit.template [6ms]
2023-07-04 05:53:43.433 [info] > git for-each-ref --format=%(refname)%00%(upstream:short)%00%(objectname)%00%(upstream:track)%00%(upstream:remotename)%00%(upstream:remoteref) refs/heads/master refs/remotes/master [3ms]
2023-07-04 05:53:43.512 [info] > git status -z -uall [75ms]
2023-07-04 05:53:44.481 [info] > git check-ignore -v -z --stdin [7ms]
2023-07-04 05:53:46.462 [info] > git check-ignore -v -z --stdin [8ms]
2023-07-04 05:53:48.527 [info] > git config --get commit.template [5ms]
2023-07-04 05:53:48.529 [info] > git for-each-ref --format=%(refname)%00%(upstream:short)%00%(objectname)%00%(upstream:track)%00%(upstream:remotename)%00%(upstream:remoteref) refs/heads/master refs/remotes/master [3ms]
2023-07-04 05:53:48.609 [info] > git status -z -uall [77ms]
2023-07-04 05:53:51.609 [info] > git check-ignore -v -z --stdin [7ms]
2023-07-04 05:53:53.495 [info] > git show --textconv :.ssh/known_hosts [9ms]
2023-07-04 05:53:53.501 [info] > git ls-files --stage -- /home/ec2-user/.ssh/known_hosts [7ms]
2023-07-04 05:53:53.624 [info] > git config --get commit.template [5ms]
2023-07-04 05:53:53.626 [info] > git for-each-ref --format=%(refname)%00%(upstream:short)%00%(objectname)%00%(upstream:track)%00%(upstream:remotename)%00%(upstream:remoteref) refs/heads/master refs/remotes/master [2ms]
2023-07-04 05:53:53.709 [info] > git status -z -uall [79ms]
2023-07-04 05:53:55.155 [info] > git show --textconv :.ssh/known_hosts.old [8ms]
2023-07-04 05:53:55.160 [info] > git ls-files --stage -- /home/ec2-user/.ssh/known_hosts.old [6ms]
2023-07-04 05:53:58.726 [info] > git config --get commit.template [6ms]
2023-07-04 05:53:58.728 [info] > git for-each-ref --format=%(refname)%00%(upstream:short)%00%(objectname)%00%(upstream:track)%00%(upstream:remotename)%00%(upstream:remoteref) refs/heads/master refs/remotes/master [3ms]
2023-07-04 05:53:58.809 [info] > git status -z -uall [78ms]
2023-07-04 05:54:01.540 [info] > git check-ignore -v -z --stdin [10ms]
2023-07-04 05:54:03.831 [info] > git config --get commit.template [6ms]
2023-07-04 05:54:03.833 [info] > git for-each-ref --format=%(refname)%00%(upstream:short)%00%(objectname)%00%(upstream:track)%00%(upstream:remotename)%00%(upstream:remoteref) refs/heads/master refs/remotes/master [4ms]
2023-07-04 05:54:03.916 [info] > git status -z -uall [80ms]
2023-07-04 05:54:04.866 [info] > git show --textconv :.bash_history [9ms]
2023-07-04 05:54:04.873 [info] > git ls-files --stage -- /home/ec2-user/.bash_history [9ms]
2023-07-04 05:54:04.878 [info] > git cat-file -s 79c2b85a527c9e919d494dba864ed6f0de6e16f2 [2ms]
2023-07-04 05:54:08.932 [info] > git config --get commit.template [6ms]
2023-07-04 05:54:08.934 [info] > git for-each-ref --format=%(refname)%00%(upstream:short)%00%(objectname)%00%(upstream:track)%00%(upstream:remotename)%00%(upstream:remoteref) refs/heads/master refs/remotes/master [3ms]
2023-07-04 05:54:09.018 [info] > git status -z -uall [81ms]
2023-07-04 05:54:10.251 [info] > git check-ignore -v -z --stdin [9ms]
2023-07-04 05:54:14.048 [info] > git config --get commit.template [5ms]
2023-07-04 05:54:14.052 [info] > git for-each-ref --format=%(refname)%00%(upstream:short)%00%(objectname)%00%(upstream:track)%00%(upstream:remotename)%00%(upstream:remoteref) refs/heads/master refs/remotes/master [4ms]
2023-07-04 05:54:14.137 [info] > git status -z -uall [82ms]
2023-07-04 05:54:19.153 [info] > git config --get commit.template [6ms]
2023-07-04 05:54:19.155 [info] > git for-each-ref --format=%(refname)%00%(upstream:short)%00%(objectname)%00%(upstream:track)%00%(upstream:remotename)%00%(upstream:remoteref) refs/heads/master refs/remotes/master [3ms]
2023-07-04 05:54:19.239 [info] > git status -z -uall [81ms]
2023-07-04 05:54:24.254 [info] > git config --get commit.template [5ms]
2023-07-04 05:54:24.256 [info] > git for-each-ref --format=%(refname)%00%(upstream:short)%00%(objectname)%00%(upstream:track)%00%(upstream:remotename)%00%(upstream:remoteref) refs/heads/master refs/remotes/master [3ms]
2023-07-04 05:54:24.337 [info] > git status -z -uall [78ms]
2023-07-04 05:54:29.355 [info] > git config --get commit.template [6ms]
2023-07-04 05:54:29.358 [info] > git for-each-ref --format=%(refname)%00%(upstream:short)%00%(objectname)%00%(upstream:track)%00%(upstream:remotename)%00%(upstream:remoteref) refs/heads/master refs/remotes/master [4ms]
2023-07-04 05:54:29.491 [info] > git status -z -uall [130ms]
2023-07-04 05:55:22.542 [info] > git config --get commit.template [6ms]
2023-07-04 05:55:22.544 [info] > git for-each-ref --format=%(refname)%00%(upstream:short)%00%(objectname)%00%(upstream:track)%00%(upstream:remotename)%00%(upstream:remoteref) refs/heads/master refs/remotes/master [3ms]
2023-07-04 05:55:22.623 [info] > git status -z -uall [76ms]
2023-07-04 05:55:27.723 [info] > git config --get commit.template [15ms]
2023-07-04 05:55:27.725 [info] > git for-each-ref --format=%(refname)%00%(upstream:short)%00%(objectname)%00%(upstream:track)%00%(upstream:remotename)%00%(upstream:remoteref) refs/heads/master refs/remotes/master [5ms]
2023-07-04 05:55:27.812 [info] > git status -z -uall [83ms]
2023-07-04 05:55:27.982 [info] > git show --textconv :flaskr/views.py [20ms]
2023-07-04 05:55:27.983 [info] > git ls-files --stage -- /home/ec2-user/flaskr/views.py [15ms]
2023-07-04 05:55:27.992 [info] > git cat-file -s ae6f2cd433522cf724dce5e60f78eb1677c41034 [6ms]
2023-07-04 05:55:31.756 [info] > git check-ignore -v -z --stdin [52ms]
2023-07-04 05:55:32.880 [info] > git config --get commit.template [21ms]
2023-07-04 05:55:32.886 [info] > git for-each-ref --format=%(refname)%00%(upstream:short)%00%(objectname)%00%(upstream:track)%00%(upstream:remotename)%00%(upstream:remoteref) refs/heads/master refs/remotes/master [7ms]
2023-07-04 05:55:33.134 [info] > git status -z -uall [223ms]
2023-07-04 05:55:37.473 [info] > git ls-files --stage -- /home/ec2-user/flaskr/templates/create_post.html [9ms]
2023-07-04 05:55:37.494 [info] > git show --textconv :flaskr/templates/create_post.html [57ms]
2023-07-04 05:55:37.548 [info] > git cat-file -s 6cf0eefe7820d0cc126286ff0f8c56ffe2a0fbb5 [59ms]
2023-07-04 05:55:39.676 [info] > git show --textconv :flaskr/templates/base.html [34ms]
2023-07-04 05:55:39.682 [info] > git ls-files --stage -- /home/ec2-user/flaskr/templates/base.html [27ms]
2023-07-04 05:55:39.701 [info] > git cat-file -s a02d8a30ce5405e45e4c54823336c95b35c6013b [9ms]
2023-07-04 05:55:40.133 [info] > git config --get commit.template [24ms]
2023-07-04 05:55:40.138 [info] > git for-each-ref --format=%(refname)%00%(upstream:short)%00%(objectname)%00%(upstream:track)%00%(upstream:remotename)%00%(upstream:remoteref) refs/heads/master refs/remotes/master [7ms]
2023-07-04 05:55:40.358 [info] > git status -z -uall [209ms]
2023-07-04 05:55:42.437 [info] > git show --textconv :flaskr/templates/_helpers.html [14ms]
2023-07-04 05:55:42.440 [info] > git ls-files --stage -- /home/ec2-user/flaskr/templates/_helpers.html [8ms]
2023-07-04 05:55:42.446 [info] > git cat-file -s d390384c435311d9fb4706f2e3b9800e7b01d267 [2ms]
2023-07-04 05:55:45.389 [info] > git config --get commit.template [6ms]
2023-07-04 05:55:45.391 [info] > git for-each-ref --format=%(refname)%00%(upstream:short)%00%(objectname)%00%(upstream:track)%00%(upstream:remotename)%00%(upstream:remoteref) refs/heads/master refs/remotes/master [2ms]
2023-07-04 05:55:45.472 [info] > git status -z -uall [77ms]
2023-07-04 05:55:50.501 [info] > git config --get commit.template [13ms]
2023-07-04 05:55:50.503 [info] > git for-each-ref --format=%(refname)%00%(upstream:short)%00%(objectname)%00%(upstream:track)%00%(upstream:remotename)%00%(upstream:remoteref) refs/heads/master refs/remotes/master [9ms]
2023-07-04 05:55:50.584 [info] > git status -z -uall [77ms]
2023-07-04 05:55:55.603 [info] > git config --get commit.template [7ms]
2023-07-04 05:55:55.605 [info] > git for-each-ref --format=%(refname)%00%(upstream:short)%00%(objectname)%00%(upstream:track)%00%(upstream:remotename)%00%(upstream:remoteref) refs/heads/master refs/remotes/master [3ms]
2023-07-04 05:55:55.694 [info] > git status -z -uall [85ms]
2023-07-04 05:56:00.710 [info] > git config --get commit.template [6ms]
2023-07-04 05:56:00.712 [info] > git for-each-ref --format=%(refname)%00%(upstream:short)%00%(objectname)%00%(upstream:track)%00%(upstream:remotename)%00%(upstream:remoteref) refs/heads/master refs/remotes/master [2ms]
2023-07-04 05:56:00.794 [info] > git status -z -uall [77ms]
2023-07-04 05:56:05.406 [info] > git show --textconv :flaskr/templates/base.html [14ms]
2023-07-04 05:56:05.408 [info] > git ls-files --stage -- /home/ec2-user/flaskr/templates/base.html [8ms]
2023-07-04 05:56:05.414 [info] > git cat-file -s a02d8a30ce5405e45e4c54823336c95b35c6013b [2ms]
2023-07-04 05:56:05.811 [info] > git config --get commit.template [5ms]
2023-07-04 05:56:05.812 [info] > git for-each-ref --format=%(refname)%00%(upstream:short)%00%(objectname)%00%(upstream:track)%00%(upstream:remotename)%00%(upstream:remoteref) refs/heads/master refs/remotes/master [2ms]
2023-07-04 05:56:05.898 [info] > git status -z -uall [82ms]
2023-07-04 05:56:05.994 [info] > git show --textconv :flaskr/templates/create_post.html [14ms]
2023-07-04 05:56:05.995 [info] > git ls-files --stage -- /home/ec2-user/flaskr/templates/create_post.html [6ms]
2023-07-04 05:56:06.016 [info] > git cat-file -s 6cf0eefe7820d0cc126286ff0f8c56ffe2a0fbb5 [17ms]
2023-07-04 05:56:08.103 [info] > git show --textconv :flaskr/templates/forgot_password.html [9ms]
2023-07-04 05:56:08.109 [info] > git ls-files --stage -- /home/ec2-user/flaskr/templates/forgot_password.html [6ms]
2023-07-04 05:56:08.115 [info] > git cat-file -s f8a4bea6614d4a05c929ce719bc7f27fb11284f6 [2ms]
2023-07-04 05:56:10.916 [info] > git config --get commit.template [6ms]
2023-07-04 05:56:10.918 [info] > git for-each-ref --format=%(refname)%00%(upstream:short)%00%(objectname)%00%(upstream:track)%00%(upstream:remotename)%00%(upstream:remoteref) refs/heads/master refs/remotes/master [3ms]
2023-07-04 05:56:11.003 [info] > git status -z -uall [81ms]
2023-07-04 05:56:13.964 [info] > git show --textconv :flaskr/templates/create_post.html [13ms]
2023-07-04 05:56:13.966 [info] > git ls-files --stage -- /home/ec2-user/flaskr/templates/create_post.html [7ms]
2023-07-04 05:56:13.972 [info] > git cat-file -s 6cf0eefe7820d0cc126286ff0f8c56ffe2a0fbb5 [1ms]
2023-07-04 05:56:16.024 [info] > git config --get commit.template [6ms]
2023-07-04 05:56:16.026 [info] > git for-each-ref --format=%(refname)%00%(upstream:short)%00%(objectname)%00%(upstream:track)%00%(upstream:remotename)%00%(upstream:remoteref) refs/heads/master refs/remotes/master [2ms]
2023-07-04 05:56:16.110 [info] > git status -z -uall [80ms]
2023-07-04 05:56:21.126 [info] > git config --get commit.template [6ms]
2023-07-04 05:56:21.128 [info] > git for-each-ref --format=%(refname)%00%(upstream:short)%00%(objectname)%00%(upstream:track)%00%(upstream:remotename)%00%(upstream:remoteref) refs/heads/master refs/remotes/master [2ms]
2023-07-04 05:56:21.210 [info] > git status -z -uall [79ms]
2023-07-04 05:56:22.697 [info] > git show --textconv :flaskr/templates/home.html [9ms]
2023-07-04 05:56:22.703 [info] > git ls-files --stage -- /home/ec2-user/flaskr/templates/home.html [6ms]
2023-07-04 05:56:22.709 [info] > git cat-file -s c26559154f8dc873bdef981975d25c14a9289031 [2ms]
2023-07-04 05:56:26.226 [info] > git config --get commit.template [6ms]
2023-07-04 05:56:26.228 [info] > git for-each-ref --format=%(refname)%00%(upstream:short)%00%(objectname)%00%(upstream:track)%00%(upstream:remotename)%00%(upstream:remoteref) refs/heads/master refs/remotes/master [2ms]
2023-07-04 05:56:26.311 [info] > git status -z -uall [79ms]
2023-07-04 05:56:27.364 [info] > git show --textconv :flaskr/templates/login.html [14ms]
2023-07-04 05:56:27.366 [info] > git ls-files --stage -- /home/ec2-user/flaskr/templates/login.html [7ms]
2023-07-04 05:56:27.372 [info] > git cat-file -s 45ca3c6c0184983b866d4435324559ccb7eefcb0 [2ms]
2023-07-04 05:56:31.327 [info] > git config --get commit.template [6ms]
2023-07-04 05:56:31.329 [info] > git for-each-ref --format=%(refname)%00%(upstream:short)%00%(objectname)%00%(upstream:track)%00%(upstream:remotename)%00%(upstream:remoteref) refs/heads/master refs/remotes/master [3ms]
2023-07-04 05:56:31.412 [info] > git status -z -uall [80ms]
2023-07-04 05:56:34.485 [info] > git show --textconv :flaskr/templates/message.html [10ms]
2023-07-04 05:56:34.491 [info] > git ls-files --stage -- /home/ec2-user/flaskr/templates/message.html [7ms]
2023-07-04 05:56:34.498 [info] > git cat-file -s a9644406493d9c0abfe2922b1124d6e8fdab3b3c [2ms]
2023-07-04 05:56:36.427 [info] > git config --get commit.template [6ms]
2023-07-04 05:56:36.430 [info] > git for-each-ref --format=%(refname)%00%(upstream:short)%00%(objectname)%00%(upstream:track)%00%(upstream:remotename)%00%(upstream:remoteref) refs/heads/master refs/remotes/master [3ms]
2023-07-04 05:56:36.513 [info] > git status -z -uall [80ms]
2023-07-04 05:56:37.806 [info] > git show --textconv :flaskr/templates/post_detail.html [30ms]
2023-07-04 05:56:37.812 [info] > git ls-files --stage -- /home/ec2-user/flaskr/templates/post_detail.html [23ms]
2023-07-04 05:56:37.844 [info] > git cat-file -s 1ac000a1a6a3bec1e7d1572ed5e83ee3c4b0b67f [15ms]
2023-07-04 05:56:40.607 [info] > git show --textconv :flaskr/templates/register.html [9ms]
2023-07-04 05:56:40.613 [info] > git ls-files --stage -- /home/ec2-user/flaskr/templates/register.html [6ms]
2023-07-04 05:56:40.618 [info] > git cat-file -s 4bde6dae61f4e2d1e7bbb773a04ddbba6f30c2b4 [2ms]
2023-07-04 05:56:41.531 [info] > git config --get commit.template [7ms]
2023-07-04 05:56:41.533 [info] > git for-each-ref --format=%(refname)%00%(upstream:short)%00%(objectname)%00%(upstream:track)%00%(upstream:remotename)%00%(upstream:remoteref) refs/heads/master refs/remotes/master [2ms]
2023-07-04 05:56:41.618 [info] > git status -z -uall [80ms]
2023-07-04 05:56:43.665 [info] > git show --textconv :flaskr/templates/setting.html [9ms]
2023-07-04 05:56:43.671 [info] > git ls-files --stage -- /home/ec2-user/flaskr/templates/setting.html [7ms]
2023-07-04 05:56:43.677 [info] > git cat-file -s 7c1db617718c6ff1c9f44db91dc74def0a68f1ec [1ms]
2023-07-04 05:56:45.692 [info] > git show --textconv :flaskr/templates/user_search.html [10ms]
2023-07-04 05:56:45.698 [info] > git ls-files --stage -- /home/ec2-user/flaskr/templates/user_search.html [6ms]
2023-07-04 05:56:45.703 [info] > git cat-file -s 7d3e6c1b227bbaed50952b144c24ec5d3290e59d [2ms]
2023-07-04 05:56:46.634 [info] > git config --get commit.template [6ms]
2023-07-04 05:56:46.636 [info] > git for-each-ref --format=%(refname)%00%(upstream:short)%00%(objectname)%00%(upstream:track)%00%(upstream:remotename)%00%(upstream:remoteref) refs/heads/master refs/remotes/master [3ms]
2023-07-04 05:56:46.719 [info] > git status -z -uall [80ms]
2023-07-04 05:56:49.903 [info] > git show --textconv :flaskr/views.py [14ms]
2023-07-04 05:56:49.912 [info] > git ls-files --stage -- /home/ec2-user/flaskr/views.py [16ms]
2023-07-04 05:56:49.936 [info] > git cat-file -s ae6f2cd433522cf724dce5e60f78eb1677c41034 [13ms]
2023-07-04 05:56:50.482 [info] > git show --textconv :flaskr/models.py [36ms]
2023-07-04 05:56:50.510 [info] > git ls-files --stage -- /home/ec2-user/flaskr/models.py [28ms]
2023-07-04 05:56:50.539 [info] > git cat-file -s 55c43d396ff712f79c87a396b911288c2af5a5d4 [20ms]
2023-07-04 05:56:51.788 [info] > git config --get commit.template [23ms]
2023-07-04 05:56:51.813 [info] > git for-each-ref --format=%(refname)%00%(upstream:short)%00%(objectname)%00%(upstream:track)%00%(upstream:remotename)%00%(upstream:remoteref) refs/heads/master refs/remotes/master [26ms]
2023-07-04 05:56:52.044 [info] > git status -z -uall [215ms]
2023-07-04 05:56:57.090 [info] > git config --get commit.template [6ms]
2023-07-04 05:56:57.093 [info] > git for-each-ref --format=%(refname)%00%(upstream:short)%00%(objectname)%00%(upstream:track)%00%(upstream:remotename)%00%(upstream:remoteref) refs/heads/master refs/remotes/master [5ms]
2023-07-04 05:56:57.202 [info] > git status -z -uall [105ms]
2023-07-04 05:57:02.248 [info] > git config --get commit.template [14ms]
2023-07-04 05:57:02.264 [info] > git for-each-ref --format=%(refname)%00%(upstream:short)%00%(objectname)%00%(upstream:track)%00%(upstream:remotename)%00%(upstream:remoteref) refs/heads/master refs/remotes/master [17ms]
2023-07-04 05:57:02.513 [info] > git status -z -uall [234ms]
2023-07-04 05:57:07.694 [info] > git for-each-ref --format=%(refname)%00%(upstream:short)%00%(objectname)%00%(upstream:track)%00%(upstream:remotename)%00%(upstream:remoteref) refs/heads/master refs/remotes/master [103ms]
2023-07-04 05:57:07.699 [info] > git config --get commit.template [133ms]
2023-07-04 05:57:14.388 [info] > git status -z -uall [6625ms]
2023-07-04 05:57:19.580 [info] > git config --get commit.template [65ms]
2023-07-04 05:57:19.586 [info] > git for-each-ref --format=%(refname)%00%(upstream:short)%00%(objectname)%00%(upstream:track)%00%(upstream:remotename)%00%(upstream:remoteref) refs/heads/master refs/remotes/master [65ms]
2023-07-04 05:57:20.465 [info] > git status -z -uall [863ms]
2023-07-04 05:57:29.414 [info] > git config --get commit.template [1717ms]
2023-07-04 05:57:30.635 [info] > git for-each-ref --format=%(refname)%00%(upstream:short)%00%(objectname)%00%(upstream:track)%00%(upstream:remotename)%00%(upstream:remoteref) refs/heads/master refs/remotes/master [924ms]
2023-07-04 05:57:47.160 [info] > git status -z -uall [16464ms]
2023-07-04 05:57:53.934 [info] > git config --get commit.template [49ms]
2023-07-04 05:57:53.940 [info] > git for-each-ref --format=%(refname)%00%(upstream:short)%00%(objectname)%00%(upstream:track)%00%(upstream:remotename)%00%(upstream:remoteref) refs/heads/master refs/remotes/master [43ms]
2023-07-04 05:57:54.335 [info] > git status -z -uall [366ms]
