2023-07-02 03:25:43.101 [info] [Info  - 3:25:42 AM] (3501) Pylance language server 2023.6.40 (pyright 3f84540e) starting
2023-07-02 03:25:43.102 [info] [Info  - 3:25:43 AM] (3501) Server root directory: /home/ec2-user/.vscode-server/extensions/ms-python.vscode-pylance-2023.6.40/dist
2023-07-02 03:25:43.103 [info] [Info  - 3:25:43 AM] (3501) Starting service instance "ec2-user"
2023-07-02 03:25:43.359 [info] [Info  - 3:25:43 AM] (3501) Setting pythonPath for service "ec2-user": "/usr/bin/python3"
2023-07-02 03:25:43.373 [info] [Warn  - 3:25:43 AM] (3501) stubPath /home/ec2-user/typings is not a valid directory.
2023-07-02 03:25:43.457 [info] [Info  - 3:25:43 AM] (3501) Assuming Python version 3.9
2023-07-02 03:25:43.693 [info] [Info  - 3:25:43 AM] (3501) Found 5 source files
2023-07-02 03:25:45.395 [info] [Info  - 3:25:45 AM] (3501) Background analysis(1) root directory: /home/ec2-user/.vscode-server/extensions/ms-python.vscode-pylance-2023.6.40/dist
2023-07-02 03:25:45.396 [info] [Info  - 3:25:45 AM] (3501) Background analysis(1) started
2023-07-02 03:25:46.066 [info] [Info  - 3:25:46 AM] (3501) Indexer background runner(2) root directory: /home/ec2-user/.vscode-server/extensions/ms-python.vscode-pylance-2023.6.40/dist (index)
2023-07-02 03:25:46.066 [info] [Info  - 3:25:46 AM] (3501) Indexing(2) started
2023-07-02 03:25:48.982 [info] [Info  - 3:25:48 AM] (3501) [IDX(2)] Long operation: scan packages /home/ec2-user (2860ms)
2023-07-02 03:25:48.988 [info] [Info  - 3:25:48 AM] (3501) scanned(2) 93 files over 1 exec env
2023-07-02 03:25:49.454 [info] [Info  - 3:25:49 AM] (3501) indexed(2) 68 files over 1 exec env
2023-07-02 03:25:49.546 [info] [Info  - 3:25:49 AM] (3501) Indexing finished(2).
2023-07-02 03:25:54.399 [info] [Info  - 3:25:54 AM] (3501) [BG(1)] Long operation: checking: /home/ec2-user/flaskr/models.py (7707ms)
2023-07-02 03:25:54.399 [info] [Info  - 3:25:54 AM] (3501) [BG(1)] Long operation: analyzing: /home/ec2-user/flaskr/models.py (9014ms)
2023-07-02 03:35:07.735 [info] [Info  - 3:35:07 AM] (3501) [BG(1)] Long operation: parsing: /home/ec2-user/flaskr/views.py (2936ms)
2023-07-02 03:36:35.041 [info] [Info  - 3:36:32 AM] (3501) [BG(1)] Long operation: checking: /home/ec2-user/flaskr/models.py (25088ms)
2023-07-02 03:36:47.557 [info] [Info  - 3:36:46 AM] (3501) [BG(1)] Long operation: analyzing: /home/ec2-user/flaskr/models.py (26551ms)
2023-07-02 03:36:57.889 [info] [Info  - 3:36:55 AM] (3501) [BG(1)] Long operation: indexing: /home/ec2-user/flaskr/views.py (4381ms)
2023-07-02 03:36:58.810 [info] [Info  - 3:36:58 AM] (3501) [FG] Long operation: parsing: /home/ec2-user/flaskr/views.py (2193ms)
2023-07-02 03:37:00.241 [info] [Info  - 3:36:59 AM] (3501) [BG(1)] Long operation: getSemanticTokens delta previousResultId:1688268894867 at /home/ec2-user/flaskr/views.py (54507ms)
2023-07-02 03:37:27.252 [info] [Info  - 3:37:26 AM] (3501) [BG(1)] Long operation: checking: /home/ec2-user/flaskr/models.py (18617ms)
2023-07-02 03:37:29.085 [info] [Info  - 3:37:28 AM] (3501) [BG(1)] Long operation: analyzing: /home/ec2-user/flaskr/models.py (18757ms)
